[VERSION]: 4.13-beta-3
[INFO] Scanning for projects...
[INFO] 
[INFO] -------------------< com.github.javafaker:javafaker >-------------------
[INFO] Building Java Faker 0.15
[INFO] --------------------------------[ jar ]---------------------------------
[INFO] 
[INFO] --- maven-clean-plugin:2.5:clean (default-clean) @ javafaker ---
[INFO] Deleting /home/cgzhu/projects/gitslice/resources/facts/upgrade_jars_exp/_downloads/java-faker/target
[INFO] 
[INFO] --- maven-dependency-plugin:2.8:list (default-cli) @ javafaker ---
[INFO] 
[INFO] The following files have been resolved:
[INFO]    org.javassist:javassist:jar:3.21.0-GA:test
[INFO]    net.bytebuddy:byte-buddy-agent:jar:1.8.0:test
[INFO]    org.hamcrest:hamcrest-core:jar:1.3:test
[INFO]    commons-beanutils:commons-beanutils:jar:1.9.2:test
[INFO]    org.slf4j:slf4j-simple:jar:1.7.25:test
[INFO]    org.apache.commons:commons-lang3:jar:3.5:compile
[INFO]    commons-validator:commons-validator:jar:1.6:test
[INFO]    commons-digester:commons-digester:jar:1.8.1:test
[INFO]    commons-collections:commons-collections:jar:3.2.2:test
[INFO]    org.hamcrest:hamcrest-library:jar:1.3:test
[INFO]    org.mockito:mockito-core:jar:2.17.0:test
[INFO]    org.yaml:snakeyaml:jar:android:1.20:compile
[INFO]    com.google.guava:guava:jar:20.0:test
[INFO]    dk.brics.automaton:automaton:jar:1.11-8:compile
[INFO]    org.slf4j:slf4j-api:jar:1.7.25:test
[INFO]    commons-logging:commons-logging:jar:1.2:test
[INFO]    org.reflections:reflections:jar:0.9.11:test
[INFO]    org.objenesis:objenesis:jar:2.6:test
[INFO]    com.github.mifmif:generex:jar:1.0.2:compile
[INFO]    net.bytebuddy:byte-buddy:jar:1.8.0:test
[INFO]    junit:junit:jar:4.13-beta-3:test
[INFO] 
[INFO] 
[INFO] --- maven-enforcer-plugin:1.0:enforce (enforce-maven) @ javafaker ---
[INFO] 
[INFO] --- maven-resources-plugin:2.6:resources (default-resources) @ javafaker ---
[INFO] Using 'UTF-8' encoding to copy filtered resources.
[INFO] Copying 47 resources
[INFO] 
[INFO] --- maven-compiler-plugin:3.7.0:compile (default-compile) @ javafaker ---
[INFO] Changes detected - recompiling the module!
[INFO] Compiling 64 source files to /home/cgzhu/projects/gitslice/resources/facts/upgrade_jars_exp/_downloads/java-faker/target/classes
[INFO] /home/cgzhu/projects/gitslice/resources/facts/upgrade_jars_exp/_downloads/java-faker/src/main/java/com/github/javafaker/service/FakeValuesService.java: /home/cgzhu/projects/gitslice/resources/facts/upgrade_jars_exp/_downloads/java-faker/src/main/java/com/github/javafaker/service/FakeValuesService.java uses unchecked or unsafe operations.
[INFO] /home/cgzhu/projects/gitslice/resources/facts/upgrade_jars_exp/_downloads/java-faker/src/main/java/com/github/javafaker/service/FakeValuesService.java: Recompile with -Xlint:unchecked for details.
[INFO] 
[INFO] --- maven-resources-plugin:2.6:testResources (default-testResources) @ javafaker ---
[INFO] Using 'UTF-8' encoding to copy filtered resources.
[INFO] Copying 1 resource
[INFO] 
[INFO] --- maven-compiler-plugin:3.7.0:testCompile (default-testCompile) @ javafaker ---
[INFO] Changes detected - recompiling the module!
[INFO] Compiling 71 source files to /home/cgzhu/projects/gitslice/resources/facts/upgrade_jars_exp/_downloads/java-faker/target/test-classes
[INFO] /home/cgzhu/projects/gitslice/resources/facts/upgrade_jars_exp/_downloads/java-faker/src/test/java/com/github/javafaker/InternetTest.java: Some input files use or override a deprecated API.
[INFO] /home/cgzhu/projects/gitslice/resources/facts/upgrade_jars_exp/_downloads/java-faker/src/test/java/com/github/javafaker/InternetTest.java: Recompile with -Xlint:deprecation for details.
[INFO] 
[INFO] --- maven-surefire-plugin:2.12.4:test (default-test) @ javafaker ---
[INFO] Surefire report directory: /home/cgzhu/projects/gitslice/resources/facts/upgrade_jars_exp/_downloads/java-faker/target/surefire-reports

-------------------------------------------------------
 T E S T S
-------------------------------------------------------
Running com.github.javafaker.LebowskiTest
Tests run: 3, Failures: 0, Errors: 0, Skipped: 0, Time elapsed: 1.083 sec
Running com.github.javafaker.CommerceTest
Tests run: 8, Failures: 0, Errors: 0, Skipped: 0, Time elapsed: 0.514 sec
Running com.github.javafaker.SpaceTest
Tests run: 13, Failures: 0, Errors: 0, Skipped: 0, Time elapsed: 0.477 sec
Running com.github.javafaker.matchers.IsANumberTest
Tests run: 4, Failures: 0, Errors: 0, Skipped: 0, Time elapsed: 0.002 sec
Running com.github.javafaker.FriendsTest
Tests run: 3, Failures: 0, Errors: 0, Skipped: 0, Time elapsed: 0.102 sec
Running com.github.javafaker.InternetTest
Tests run: 26, Failures: 0, Errors: 0, Skipped: 0, Time elapsed: 5.105 sec
Running com.github.javafaker.HackerTest
Tests run: 5, Failures: 0, Errors: 0, Skipped: 0, Time elapsed: 0.184 sec
Running com.github.javafaker.AppTest
Tests run: 3, Failures: 0, Errors: 0, Skipped: 0, Time elapsed: 0.113 sec
Running com.github.javafaker.AvatarTest
Tests run: 1, Failures: 0, Errors: 0, Skipped: 0, Time elapsed: 0.038 sec
Running com.github.javafaker.FinanceTest
Tests run: 5, Failures: 0, Errors: 0, Skipped: 0, Time elapsed: 0.218 sec
Running com.github.javafaker.SuperheroTest
Tests run: 5, Failures: 0, Errors: 0, Skipped: 0, Time elapsed: 0.182 sec
Running com.github.javafaker.ColorTest
Tests run: 1, Failures: 0, Errors: 0, Skipped: 0, Time elapsed: 0.036 sec
Running com.github.javafaker.RickAndMortyTest
Tests run: 3, Failures: 0, Errors: 0, Skipped: 0, Time elapsed: 0.108 sec
Running com.github.javafaker.HarryPotterTest
Tests run: 4, Failures: 0, Errors: 0, Skipped: 0, Time elapsed: 0.144 sec
Running com.github.javafaker.TwinPeaksTest
Tests run: 3, Failures: 0, Errors: 0, Skipped: 0, Time elapsed: 0.108 sec
Running com.github.javafaker.FileTest
Tests run: 7, Failures: 0, Errors: 0, Skipped: 0, Time elapsed: 0.236 sec
Running com.github.javafaker.MusicTest
Tests run: 3, Failures: 0, Errors: 0, Skipped: 0, Time elapsed: 0.098 sec
Running com.github.javafaker.RockBandTest
Tests run: 1, Failures: 0, Errors: 0, Skipped: 0, Time elapsed: 0.031 sec
Running com.github.javafaker.CurrencyTest
Tests run: 2, Failures: 0, Errors: 0, Skipped: 0, Time elapsed: 0.062 sec
Running com.github.javafaker.idnumbers.SwedishIdNumberTest
Tests run: 2, Failures: 0, Errors: 0, Skipped: 0, Time elapsed: 0.009 sec
Running com.github.javafaker.EsportsTest
Tests run: 5, Failures: 0, Errors: 0, Skipped: 0, Time elapsed: 0.153 sec
Running com.github.javafaker.TeamTest
Tests run: 4, Failures: 0, Errors: 0, Skipped: 0, Time elapsed: 0.122 sec
Running com.github.javafaker.WeatherTest
Tests run: 5, Failures: 0, Errors: 0, Skipped: 0, Time elapsed: 0.157 sec
Running com.github.javafaker.StockTest
Tests run: 2, Failures: 0, Errors: 0, Skipped: 0, Time elapsed: 0.061 sec
Running com.github.javafaker.YodaTest
Tests run: 1, Failures: 0, Errors: 0, Skipped: 0, Time elapsed: 0.03 sec
Running com.github.javafaker.LordOfTheRingsTest
Tests run: 2, Failures: 0, Errors: 0, Skipped: 0, Time elapsed: 0.061 sec
Running com.github.javafaker.IdNumberTest
Tests run: 5, Failures: 0, Errors: 0, Skipped: 0, Time elapsed: 0.525 sec
Running com.github.javafaker.WitcherTest
Tests run: 6, Failures: 0, Errors: 0, Skipped: 0, Time elapsed: 0.187 sec
Running com.github.javafaker.CompanyTest
Tests run: 9, Failures: 0, Errors: 0, Skipped: 0, Time elapsed: 0.273 sec
Running com.github.javafaker.JobTest
Tests run: 5, Failures: 0, Errors: 0, Skipped: 0, Time elapsed: 0.152 sec
Running com.github.javafaker.ChuckNorrisTest
Tests run: 1, Failures: 0, Errors: 0, Skipped: 0, Time elapsed: 0.03 sec
Running com.github.javafaker.CodeTest
Tests run: 11, Failures: 0, Errors: 0, Skipped: 0, Time elapsed: 4.81 sec
Running com.github.javafaker.OptionsTest
Tests run: 5, Failures: 0, Errors: 0, Skipped: 0, Time elapsed: 0.16 sec
Running com.github.javafaker.SlackEmojiTest
Tests run: 9, Failures: 0, Errors: 0, Skipped: 0, Time elapsed: 0.277 sec
Running com.github.javafaker.ShakespeareTest
Tests run: 4, Failures: 0, Errors: 0, Skipped: 0, Time elapsed: 0.124 sec
Running com.github.javafaker.integration.UkLocalDirectivesTest
Tests run: 1, Failures: 0, Errors: 0, Skipped: 0, Time elapsed: 0.052 sec
Running com.github.javafaker.MatzTest
Tests run: 1, Failures: 0, Errors: 0, Skipped: 0, Time elapsed: 0.043 sec
Running com.github.javafaker.BoolTest
Tests run: 1, Failures: 0, Errors: 0, Skipped: 0, Time elapsed: 0.049 sec
Running com.github.javafaker.DateAndTimeTest
Tests run: 6, Failures: 0, Errors: 0, Skipped: 0, Time elapsed: 0.268 sec
Running com.github.javafaker.NumberTest
[main] INFO com.github.javafaker.NumberTest - Range -25 to 25 is 0.9166666666666666 percent unique.
[main] INFO com.github.javafaker.NumberTest - Range -50 to 50 is 0.84 percent unique.
[main] INFO com.github.javafaker.NumberTest - Range -75 to 75 is 0.8648648648648649 percent unique.
[main] INFO com.github.javafaker.NumberTest - Range -100 to 100 is 0.88 percent unique.
[main] INFO com.github.javafaker.NumberTest - Range -125 to 125 is 0.9032258064516129 percent unique.
[main] INFO com.github.javafaker.NumberTest - Range -150 to 150 is 0.8666666666666667 percent unique.
[main] INFO com.github.javafaker.NumberTest - Range -175 to 175 is 0.8735632183908046 percent unique.
[main] INFO com.github.javafaker.NumberTest - Range -200 to 200 is 0.92 percent unique.
[main] INFO com.github.javafaker.NumberTest - Range -225 to 225 is 0.9375 percent unique.
[main] INFO com.github.javafaker.NumberTest - Range -250 to 250 is 0.816 percent unique.
[main] INFO com.github.javafaker.NumberTest - Range -275 to 275 is 0.8759124087591241 percent unique.
[main] INFO com.github.javafaker.NumberTest - Range -300 to 300 is 0.9 percent unique.
[main] INFO com.github.javafaker.NumberTest - Range -325 to 325 is 0.8888888888888888 percent unique.
[main] INFO com.github.javafaker.NumberTest - Range -350 to 350 is 0.9085714285714286 percent unique.
[main] INFO com.github.javafaker.NumberTest - Range -375 to 375 is 0.8823529411764706 percent unique.
[main] INFO com.github.javafaker.NumberTest - Range -400 to 400 is 0.88 percent unique.
[main] INFO com.github.javafaker.NumberTest - Range -425 to 425 is 0.8867924528301887 percent unique.
[main] INFO com.github.javafaker.NumberTest - Range -450 to 450 is 0.8711111111111111 percent unique.
[main] INFO com.github.javafaker.NumberTest - Range -475 to 475 is 0.8860759493670886 percent unique.
[main] INFO com.github.javafaker.NumberTest - Range -500 to 500 is 0.876 percent unique.
[main] INFO com.github.javafaker.NumberTest - Range -525 to 525 is 0.8816793893129771 percent unique.
[main] INFO com.github.javafaker.NumberTest - Range -550 to 550 is 0.88 percent unique.
[main] INFO com.github.javafaker.NumberTest - Range -575 to 575 is 0.8780487804878049 percent unique.
[main] INFO com.github.javafaker.NumberTest - Range -600 to 600 is 0.85 percent unique.
[main] INFO com.github.javafaker.NumberTest - Range -625 to 625 is 0.8846153846153846 percent unique.
[main] INFO com.github.javafaker.NumberTest - Range -650 to 650 is 0.8953846153846153 percent unique.
[main] INFO com.github.javafaker.NumberTest - Range -675 to 675 is 0.884272997032641 percent unique.
[main] INFO com.github.javafaker.NumberTest - Range -700 to 700 is 0.9 percent unique.
[main] INFO com.github.javafaker.NumberTest - Range -725 to 725 is 0.8867403314917127 percent unique.
[main] INFO com.github.javafaker.NumberTest - Range -750 to 750 is 0.872 percent unique.
[main] INFO com.github.javafaker.NumberTest - Range -775 to 775 is 0.8682170542635659 percent unique.
[main] INFO com.github.javafaker.NumberTest - Range -800 to 800 is 0.9 percent unique.
[main] INFO com.github.javafaker.NumberTest - Range -825 to 825 is 0.9174757281553398 percent unique.
[main] INFO com.github.javafaker.NumberTest - Range -850 to 850 is 0.88 percent unique.
[main] INFO com.github.javafaker.NumberTest - Range -875 to 875 is 0.8993135011441648 percent unique.
[main] INFO com.github.javafaker.NumberTest - Range -900 to 900 is 0.9155555555555556 percent unique.
[main] INFO com.github.javafaker.NumberTest - Range -925 to 925 is 0.8874458874458875 percent unique.
[main] INFO com.github.javafaker.NumberTest - Range -950 to 950 is 0.8757894736842106 percent unique.
[main] INFO com.github.javafaker.NumberTest - Range -975 to 975 is 0.8767967145790554 percent unique.
[main] INFO com.github.javafaker.NumberTest - Range -25 to 25 is 0.9166666666666666 percent unique.
[main] INFO com.github.javafaker.NumberTest - Range -50 to 50 is 0.84 percent unique.
[main] INFO com.github.javafaker.NumberTest - Range -75 to 75 is 0.8648648648648649 percent unique.
[main] INFO com.github.javafaker.NumberTest - Range -100 to 100 is 0.9 percent unique.
[main] INFO com.github.javafaker.NumberTest - Range -125 to 125 is 0.8870967741935484 percent unique.
[main] INFO com.github.javafaker.NumberTest - Range -150 to 150 is 0.9066666666666666 percent unique.
[main] INFO com.github.javafaker.NumberTest - Range -175 to 175 is 0.8505747126436781 percent unique.
[main] INFO com.github.javafaker.NumberTest - Range -200 to 200 is 0.89 percent unique.
[main] INFO com.github.javafaker.NumberTest - Range -225 to 225 is 0.8839285714285714 percent unique.
[main] INFO com.github.javafaker.NumberTest - Range -250 to 250 is 0.888 percent unique.
[main] INFO com.github.javafaker.NumberTest - Range -275 to 275 is 0.8759124087591241 percent unique.
[main] INFO com.github.javafaker.NumberTest - Range -300 to 300 is 0.9 percent unique.
[main] INFO com.github.javafaker.NumberTest - Range -325 to 325 is 0.8641975308641975 percent unique.
[main] INFO com.github.javafaker.NumberTest - Range -350 to 350 is 0.92 percent unique.
[main] INFO com.github.javafaker.NumberTest - Range -375 to 375 is 0.9090909090909091 percent unique.
[main] INFO com.github.javafaker.NumberTest - Range -400 to 400 is 0.885 percent unique.
[main] INFO com.github.javafaker.NumberTest - Range -425 to 425 is 0.8915094339622641 percent unique.
[main] INFO com.github.javafaker.NumberTest - Range -450 to 450 is 0.8577777777777778 percent unique.
[main] INFO com.github.javafaker.NumberTest - Range -475 to 475 is 0.8776371308016878 percent unique.
[main] INFO com.github.javafaker.NumberTest - Range -500 to 500 is 0.864 percent unique.
[main] INFO com.github.javafaker.NumberTest - Range -525 to 525 is 0.8969465648854962 percent unique.
[main] INFO com.github.javafaker.NumberTest - Range -550 to 550 is 0.92 percent unique.
[main] INFO com.github.javafaker.NumberTest - Range -575 to 575 is 0.8954703832752613 percent unique.
[main] INFO com.github.javafaker.NumberTest - Range -600 to 600 is 0.8766666666666667 percent unique.
[main] INFO com.github.javafaker.NumberTest - Range -625 to 625 is 0.8782051282051282 percent unique.
[main] INFO com.github.javafaker.NumberTest - Range -650 to 650 is 0.88 percent unique.
[main] INFO com.github.javafaker.NumberTest - Range -675 to 675 is 0.8753709198813057 percent unique.
[main] INFO com.github.javafaker.NumberTest - Range -700 to 700 is 0.9085714285714286 percent unique.
[main] INFO com.github.javafaker.NumberTest - Range -725 to 725 is 0.8784530386740331 percent unique.
[main] INFO com.github.javafaker.NumberTest - Range -750 to 750 is 0.8666666666666667 percent unique.
[main] INFO com.github.javafaker.NumberTest - Range -775 to 775 is 0.9043927648578811 percent unique.
[main] INFO com.github.javafaker.NumberTest - Range -800 to 800 is 0.8975 percent unique.
[main] INFO com.github.javafaker.NumberTest - Range -825 to 825 is 0.8980582524271845 percent unique.
[main] INFO com.github.javafaker.NumberTest - Range -850 to 850 is 0.8752941176470588 percent unique.
[main] INFO com.github.javafaker.NumberTest - Range -875 to 875 is 0.8947368421052632 percent unique.
[main] INFO com.github.javafaker.NumberTest - Range -900 to 900 is 0.9044444444444445 percent unique.
[main] INFO com.github.javafaker.NumberTest - Range -925 to 925 is 0.8896103896103896 percent unique.
[main] INFO com.github.javafaker.NumberTest - Range -950 to 950 is 0.8736842105263158 percent unique.
[main] INFO com.github.javafaker.NumberTest - Range -975 to 975 is 0.8993839835728953 percent unique.
[main] INFO com.github.javafaker.NumberTest - Range -25 to 25 is 0.8333333333333334 percent unique.
[main] INFO com.github.javafaker.NumberTest - Range -50 to 50 is 0.92 percent unique.
[main] INFO com.github.javafaker.NumberTest - Range -75 to 75 is 0.8378378378378378 percent unique.
[main] INFO com.github.javafaker.NumberTest - Range -100 to 100 is 0.88 percent unique.
[main] INFO com.github.javafaker.NumberTest - Range -125 to 125 is 0.8709677419354839 percent unique.
[main] INFO com.github.javafaker.NumberTest - Range -150 to 150 is 0.8933333333333333 percent unique.
[main] INFO com.github.javafaker.NumberTest - Range -175 to 175 is 0.8620689655172413 percent unique.
[main] INFO com.github.javafaker.NumberTest - Range -200 to 200 is 0.9 percent unique.
[main] INFO com.github.javafaker.NumberTest - Range -225 to 225 is 0.8839285714285714 percent unique.
[main] INFO com.github.javafaker.NumberTest - Range -250 to 250 is 0.888 percent unique.
[main] INFO com.github.javafaker.NumberTest - Range -275 to 275 is 0.8832116788321168 percent unique.
[main] INFO com.github.javafaker.NumberTest - Range -300 to 300 is 0.8866666666666667 percent unique.
[main] INFO com.github.javafaker.NumberTest - Range -325 to 325 is 0.8518518518518519 percent unique.
[main] INFO com.github.javafaker.NumberTest - Range -350 to 350 is 0.9142857142857143 percent unique.
[main] INFO com.github.javafaker.NumberTest - Range -375 to 375 is 0.8770053475935828 percent unique.
[main] INFO com.github.javafaker.NumberTest - Range -400 to 400 is 0.905 percent unique.
[main] INFO com.github.javafaker.NumberTest - Range -425 to 425 is 0.8962264150943396 percent unique.
[main] INFO com.github.javafaker.NumberTest - Range -450 to 450 is 0.8755555555555555 percent unique.
[main] INFO com.github.javafaker.NumberTest - Range -475 to 475 is 0.8438818565400844 percent unique.
[main] INFO com.github.javafaker.NumberTest - Range -500 to 500 is 0.912 percent unique.
[main] INFO com.github.javafaker.NumberTest - Range -525 to 525 is 0.8778625954198473 percent unique.
[main] INFO com.github.javafaker.NumberTest - Range -550 to 550 is 0.88 percent unique.
[main] INFO com.github.javafaker.NumberTest - Range -575 to 575 is 0.8850174216027874 percent unique.
[main] INFO com.github.javafaker.NumberTest - Range -600 to 600 is 0.9 percent unique.
[main] INFO com.github.javafaker.NumberTest - Range -625 to 625 is 0.8974358974358975 percent unique.
[main] INFO com.github.javafaker.NumberTest - Range -650 to 650 is 0.8953846153846153 percent unique.
[main] INFO com.github.javafaker.NumberTest - Range -675 to 675 is 0.8813056379821959 percent unique.
[main] INFO com.github.javafaker.NumberTest - Range -700 to 700 is 0.8628571428571429 percent unique.
[main] INFO com.github.javafaker.NumberTest - Range -725 to 725 is 0.8397790055248618 percent unique.
[main] INFO com.github.javafaker.NumberTest - Range -750 to 750 is 0.8853333333333333 percent unique.
[main] INFO com.github.javafaker.NumberTest - Range -775 to 775 is 0.8914728682170543 percent unique.
[main] INFO com.github.javafaker.NumberTest - Range -800 to 800 is 0.9075 percent unique.
[main] INFO com.github.javafaker.NumberTest - Range -825 to 825 is 0.8810679611650486 percent unique.
[main] INFO com.github.javafaker.NumberTest - Range -850 to 850 is 0.9011764705882352 percent unique.
[main] INFO com.github.javafaker.NumberTest - Range -875 to 875 is 0.8878718535469108 percent unique.
[main] INFO com.github.javafaker.NumberTest - Range -900 to 900 is 0.8711111111111111 percent unique.
[main] INFO com.github.javafaker.NumberTest - Range -925 to 925 is 0.9025974025974026 percent unique.
[main] INFO com.github.javafaker.NumberTest - Range -950 to 950 is 0.8694736842105263 percent unique.
[main] INFO com.github.javafaker.NumberTest - Range -975 to 975 is 0.8891170431211499 percent unique.
Tests run: 14, Failures: 0, Errors: 0, Skipped: 0, Time elapsed: 0.91 sec
Running com.github.javafaker.RandomFakerTest
Tests run: 4, Failures: 0, Errors: 0, Skipped: 0, Time elapsed: 0.246 sec
Running com.github.javafaker.ZeldaTest
Tests run: 2, Failures: 0, Errors: 0, Skipped: 0, Time elapsed: 0.062 sec
Running com.github.javafaker.CatTest
Tests run: 3, Failures: 0, Errors: 0, Skipped: 0, Time elapsed: 0.093 sec
Running com.github.javafaker.AddressTest
Tests run: 14, Failures: 0, Errors: 0, Skipped: 0, Time elapsed: 0.582 sec
Running com.github.javafaker.ArtistTest
Tests run: 1, Failures: 0, Errors: 0, Skipped: 0, Time elapsed: 0.031 sec
Running com.github.javafaker.LoremTest
Tests run: 14, Failures: 0, Errors: 0, Skipped: 0, Time elapsed: 0.453 sec
Running com.github.javafaker.CryptoTest
Tests run: 4, Failures: 0, Errors: 0, Skipped: 0, Time elapsed: 0.13 sec
Running com.github.javafaker.FakerTest
Tests run: 27, Failures: 1, Errors: 0, Skipped: 0, Time elapsed: 1.042 sec <<< FAILURE!
expression(com.github.javafaker.FakerTest)  Time elapsed: 0.038 sec  <<< FAILURE!
java.lang.AssertionError: 
Expected: to match the regular expression [1-9]
     but: was "10"
	at org.hamcrest.MatcherAssert.assertThat(MatcherAssert.java:20)
	at org.junit.Assert.assertThat(Assert.java:966)
	at org.junit.Assert.assertThat(Assert.java:931)
	at com.github.javafaker.FakerTest.expression(FakerTest.java:132)
	at sun.reflect.NativeMethodAccessorImpl.invoke0(Native Method)
	at sun.reflect.NativeMethodAccessorImpl.invoke(NativeMethodAccessorImpl.java:62)
	at sun.reflect.DelegatingMethodAccessorImpl.invoke(DelegatingMethodAccessorImpl.java:43)
	at java.lang.reflect.Method.invoke(Method.java:498)
	at org.junit.runners.model.FrameworkMethod$1.runReflectiveCall(FrameworkMethod.java:59)
	at org.junit.internal.runners.model.ReflectiveCallable.run(ReflectiveCallable.java:12)
	at org.junit.runners.model.FrameworkMethod.invokeExplosively(FrameworkMethod.java:56)
	at org.junit.internal.runners.statements.InvokeMethod.evaluate(InvokeMethod.java:17)
	at org.junit.internal.runners.statements.RunBefores.evaluate(RunBefores.java:26)
	at org.junit.runners.ParentRunner$3.evaluate(ParentRunner.java:305)
	at org.junit.runners.BlockJUnit4ClassRunner$1.evaluate(BlockJUnit4ClassRunner.java:100)
	at org.junit.runners.ParentRunner.runLeaf(ParentRunner.java:365)
	at org.junit.runners.BlockJUnit4ClassRunner.runChild(BlockJUnit4ClassRunner.java:103)
	at org.junit.runners.BlockJUnit4ClassRunner.runChild(BlockJUnit4ClassRunner.java:63)
	at org.junit.runners.ParentRunner$4.run(ParentRunner.java:330)
	at org.junit.runners.ParentRunner$1.schedule(ParentRunner.java:78)
	at org.junit.runners.ParentRunner.runChildren(ParentRunner.java:328)
	at org.junit.runners.ParentRunner.access$100(ParentRunner.java:65)
	at org.junit.runners.ParentRunner$2.evaluate(ParentRunner.java:292)
	at org.junit.runners.ParentRunner$3.evaluate(ParentRunner.java:305)
	at org.junit.runners.ParentRunner.run(ParentRunner.java:412)
	at org.apache.maven.surefire.junit4.JUnit4Provider.execute(JUnit4Provider.java:252)
	at org.apache.maven.surefire.junit4.JUnit4Provider.executeTestSet(JUnit4Provider.java:141)
	at org.apache.maven.surefire.junit4.JUnit4Provider.invoke(JUnit4Provider.java:112)
	at sun.reflect.NativeMethodAccessorImpl.invoke0(Native Method)
	at sun.reflect.NativeMethodAccessorImpl.invoke(NativeMethodAccessorImpl.java:62)
	at sun.reflect.DelegatingMethodAccessorImpl.invoke(DelegatingMethodAccessorImpl.java:43)
	at java.lang.reflect.Method.invoke(Method.java:498)
	at org.apache.maven.surefire.util.ReflectionUtils.invokeMethodWithArray(ReflectionUtils.java:189)
	at org.apache.maven.surefire.booter.ProviderFactory$ProviderProxy.invoke(ProviderFactory.java:165)
	at org.apache.maven.surefire.booter.ProviderFactory.invokeProvider(ProviderFactory.java:85)
	at org.apache.maven.surefire.booter.ForkedBooter.runSuitesInProcess(ForkedBooter.java:115)
	at org.apache.maven.surefire.booter.ForkedBooter.main(ForkedBooter.java:75)

Running com.github.javafaker.PokemonTest
Tests run: 2, Failures: 0, Errors: 0, Skipped: 0, Time elapsed: 0.061 sec
Running com.github.javafaker.service.FakeValuesServiceTest
Tests run: 22, Failures: 0, Errors: 0, Skipped: 0, Time elapsed: 1.579 sec
Running com.github.javafaker.service.RandomServiceTest
Tests run: 8, Failures: 0, Errors: 0, Skipped: 0, Time elapsed: 0.293 sec
Running com.github.javafaker.EducatorTest
Tests run: 4, Failures: 0, Errors: 0, Skipped: 0, Time elapsed: 0.131 sec
Running com.github.javafaker.BeerTest
Tests run: 5, Failures: 0, Errors: 0, Skipped: 0, Time elapsed: 0.16 sec
Running com.github.javafaker.DemographicTest
Tests run: 5, Failures: 0, Errors: 0, Skipped: 0, Time elapsed: 0.156 sec
Running com.github.javafaker.AncientTest
Tests run: 4, Failures: 0, Errors: 0, Skipped: 0, Time elapsed: 0.125 sec
Running com.github.javafaker.HipsterTest
Tests run: 1, Failures: 0, Errors: 0, Skipped: 0, Time elapsed: 0.033 sec
Running com.github.javafaker.FoodTest
Tests run: 3, Failures: 0, Errors: 0, Skipped: 0, Time elapsed: 0.099 sec
Running com.github.javafaker.NameTest
Tests run: 9, Failures: 0, Errors: 0, Skipped: 0, Time elapsed: 0.286 sec
Running com.github.javafaker.GameOfThronesTest
Tests run: 5, Failures: 0, Errors: 0, Skipped: 0, Time elapsed: 0.157 sec
Running com.github.javafaker.UniversityTest
Tests run: 3, Failures: 0, Errors: 0, Skipped: 0, Time elapsed: 0.097 sec
Running com.github.javafaker.BookTest
Tests run: 4, Failures: 0, Errors: 0, Skipped: 0, Time elapsed: 0.125 sec
Running com.github.javafaker.PhoneNumberTest
Tests run: 5, Failures: 0, Errors: 0, Skipped: 0, Time elapsed: 0.309 sec

Results :

Failed tests:   expression(com.github.javafaker.FakerTest): (..)

Tests run: 348, Failures: 1, Errors: 0, Skipped: 0

[INFO] ------------------------------------------------------------------------
[INFO] BUILD FAILURE
[INFO] ------------------------------------------------------------------------
[INFO] Total time: 26.774 s
[INFO] Finished at: 2019-08-20T16:15:18+08:00
[INFO] ------------------------------------------------------------------------
[ERROR] Failed to execute goal org.apache.maven.plugins:maven-surefire-plugin:2.12.4:test (default-test) on project javafaker: There are test failures.
[ERROR] 
[ERROR] Please refer to /home/cgzhu/projects/gitslice/resources/facts/upgrade_jars_exp/_downloads/java-faker/target/surefire-reports for the individual test results.
[ERROR] -> [Help 1]
[ERROR] 
[ERROR] To see the full stack trace of the errors, re-run Maven with the -e switch.
[ERROR] Re-run Maven using the -X switch to enable full debug logging.
[ERROR] 
[ERROR] For more information about the errors and possible solutions, please read the following articles:
[ERROR] [Help 1] http://cwiki.apache.org/confluence/display/MAVEN/MojoFailureException
[INFO] Build failures were ignored.
