[VERSION]: 3.2.10
[INFO] Scanning for projects...
[INFO] 
[INFO] ------------------------< org.mybatis:mybatis >-------------------------
[INFO] Building mybatis 3.4.6
[INFO] --------------------------------[ jar ]---------------------------------
[INFO] 
[INFO] --- maven-clean-plugin:3.0.0:clean (default-clean) @ mybatis ---
[INFO] Deleting /home/cgzhu/projects/gitslice/resources/facts/upgrade_jars_exp/_downloads/mybatis-3/target
[INFO] 
[INFO] --- maven-dependency-plugin:3.0.1:list (default-cli) @ mybatis ---
[INFO] 
[INFO] The following files have been resolved:
[INFO]    ognl:ognl:jar:3.2.10:compile (optional) 
[INFO]    org.javassist:javassist:jar:3.22.0-GA:compile (optional) 
[INFO]    org.slf4j:slf4j-api:jar:1.7.25:compile (optional) 
[INFO]    org.slf4j:slf4j-log4j12:jar:1.7.25:compile (optional) 
[INFO]    log4j:log4j:jar:1.2.17:compile (optional) 
[INFO]    org.apache.logging.log4j:log4j-core:jar:2.3:compile (optional) 
[INFO]    org.apache.logging.log4j:log4j-api:jar:2.3:compile (optional) 
[INFO]    commons-logging:commons-logging:jar:1.2:compile (optional) 
[INFO]    cglib:cglib:jar:3.2.5:compile (optional) 
[INFO]    org.ow2.asm:asm:jar:5.2:compile (optional) 
[INFO]    org.apache.ant:ant:jar:1.9.6:compile (optional) 
[INFO]    org.apache.ant:ant-launcher:jar:1.9.6:compile (optional) 
[INFO]    org.junit.vintage:junit-vintage-engine:jar:4.12.2:test
[INFO]    org.junit.platform:junit-platform-engine:jar:1.0.2:test
[INFO]    org.junit.platform:junit-platform-commons:jar:1.0.2:test
[INFO]    org.opentest4j:opentest4j:jar:1.0.0:test
[INFO]    junit:junit:jar:4.12:test
[INFO]    org.hamcrest:hamcrest-core:jar:1.3:test
[INFO]    org.hsqldb:hsqldb:jar:2.3.5:test
[INFO]    org.apache.derby:derby:jar:10.12.1.1:test
[INFO]    org.mockito:mockito-core:jar:2.12.0:test
[INFO]    net.bytebuddy:byte-buddy:jar:1.7.9:test
[INFO]    net.bytebuddy:byte-buddy-agent:jar:1.7.9:test
[INFO]    org.objenesis:objenesis:jar:2.6:test
[INFO]    commons-dbcp:commons-dbcp:jar:1.4:test
[INFO]    commons-pool:commons-pool:jar:1.5.4:test
[INFO]    org.jboss.spec.javax.transaction:jboss-transaction-api_1.2_spec:jar:1.0.1.Final:test
[INFO]    org.apache.velocity:velocity:jar:1.7:test
[INFO]    commons-collections:commons-collections:jar:3.2.1:test
[INFO]    commons-lang:commons-lang:jar:2.4:test
[INFO]    org.postgresql:postgresql:jar:42.1.4.jre6:test
[INFO]    org.assertj:assertj-core:jar:1.7.1:test
[INFO]    eu.codearte.catch-exception:catch-exception:jar:1.4.4:test
[INFO]    ru.yandex.qatools.embed:postgresql-embedded:jar:2.5:test
[INFO]    de.flapdoodle.embed:de.flapdoodle.embed.process:jar:2.0.1:test
[INFO]    commons-io:commons-io:jar:2.4:test
[INFO]    org.apache.commons:commons-lang3:jar:3.1:test
[INFO]    net.java.dev.jna:jna:jar:4.0.0:test
[INFO]    net.java.dev.jna:jna-platform:jar:4.0.0:test
[INFO]    org.apache.commons:commons-compress:jar:1.10:test
[INFO] 
[INFO] 
[INFO] --- maven-enforcer-plugin:1.4.1:enforce (enforce-java) @ mybatis ---
[INFO] 
[INFO] --- jacoco-maven-plugin:0.7.9:prepare-agent (prepare-agent) @ mybatis ---
[INFO] argLine set to -javaagent:/home/cgzhu/.m2/repository/org/jacoco/org.jacoco.agent/0.7.9/org.jacoco.agent-0.7.9-runtime.jar=destfile=/home/cgzhu/projects/gitslice/resources/facts/upgrade_jars_exp/_downloads/mybatis-3/target/jacoco.exec,excludes=org.apache.ibatis.ognl.*:org.apache.ibatis.javassist.*
[INFO] 
[INFO] --- maven-resources-plugin:3.0.2:resources (default-resources) @ mybatis ---
[INFO] Using 'UTF-8' encoding to copy filtered resources.
[INFO] Copying 2 resources to META-INF
[INFO] Copying 2 resources
[INFO] 
[INFO] --- maven-compiler-plugin:3.6.1:compile (default-compile) @ mybatis ---
[INFO] Compiling 379 source files to /home/cgzhu/projects/gitslice/resources/facts/upgrade_jars_exp/_downloads/mybatis-3/target/classes
[INFO] /home/cgzhu/projects/gitslice/resources/facts/upgrade_jars_exp/_downloads/mybatis-3/src/main/java/org/apache/ibatis/scripting/xmltags/OgnlCache.java: /home/cgzhu/projects/gitslice/resources/facts/upgrade_jars_exp/_downloads/mybatis-3/src/main/java/org/apache/ibatis/scripting/xmltags/OgnlCache.java uses or overrides a deprecated API.
[INFO] /home/cgzhu/projects/gitslice/resources/facts/upgrade_jars_exp/_downloads/mybatis-3/src/main/java/org/apache/ibatis/scripting/xmltags/OgnlCache.java: Recompile with -Xlint:deprecation for details.
[INFO] /home/cgzhu/projects/gitslice/resources/facts/upgrade_jars_exp/_downloads/mybatis-3/src/main/java/org/apache/ibatis/reflection/MetaObject.java: Some input files use unchecked or unsafe operations.
[INFO] /home/cgzhu/projects/gitslice/resources/facts/upgrade_jars_exp/_downloads/mybatis-3/src/main/java/org/apache/ibatis/reflection/MetaObject.java: Recompile with -Xlint:unchecked for details.
[INFO] 
[INFO] --- license-maven-plugin:3.0:format (default) @ mybatis ---
[INFO] Updating license headers...
[INFO] Updating license header in: /home/cgzhu/projects/gitslice/resources/facts/upgrade_jars_exp/_downloads/mybatis-3/pom.xml
[INFO] 
[INFO] --- animal-sniffer-maven-plugin:1.16:check (check-java-1.6-compat) @ mybatis ---
[INFO] Checking unresolved references to org.codehaus.mojo.signature:java16:1.1
[INFO] 
[INFO] --- maven-bundle-plugin:3.3.0:manifest (bundle-manifest) @ mybatis ---
[INFO] 
[INFO] --- maven-resources-plugin:3.0.2:testResources (default-testResources) @ mybatis ---
[INFO] Using 'UTF-8' encoding to copy filtered resources.
[INFO] Copying 461 resources
[INFO] 
[INFO] --- maven-compiler-plugin:3.6.1:testCompile (default-testCompile) @ mybatis ---
[INFO] Compiling 748 source files to /home/cgzhu/projects/gitslice/resources/facts/upgrade_jars_exp/_downloads/mybatis-3/target/test-classes
[INFO] /home/cgzhu/projects/gitslice/resources/facts/upgrade_jars_exp/_downloads/mybatis-3/src/test/java/org/apache/ibatis/jdbc/SelectBuilderTest.java: Some input files use or override a deprecated API.
[INFO] /home/cgzhu/projects/gitslice/resources/facts/upgrade_jars_exp/_downloads/mybatis-3/src/test/java/org/apache/ibatis/jdbc/SelectBuilderTest.java: Recompile with -Xlint:deprecation for details.
[INFO] /home/cgzhu/projects/gitslice/resources/facts/upgrade_jars_exp/_downloads/mybatis-3/src/test/java/org/apache/ibatis/domain/misc/RichType.java: Some input files use unchecked or unsafe operations.
[INFO] /home/cgzhu/projects/gitslice/resources/facts/upgrade_jars_exp/_downloads/mybatis-3/src/test/java/org/apache/ibatis/domain/misc/RichType.java: Recompile with -Xlint:unchecked for details.
[INFO] 
[INFO] --- maven-surefire-plugin:2.20:test (default-test) @ mybatis ---
[INFO] 
[INFO] -------------------------------------------------------
[INFO]  T E S T S
[INFO] -------------------------------------------------------
[INFO] Running org.apache.ibatis.logging.jdbc.ConnectionLoggerTest
[INFO] Tests run: 3, Failures: 0, Errors: 0, Skipped: 0, Time elapsed: 0.223 s - in org.apache.ibatis.logging.jdbc.ConnectionLoggerTest
[INFO] Running org.apache.ibatis.logging.jdbc.ResultSetLoggerTest
[INFO] Tests run: 2, Failures: 0, Errors: 0, Skipped: 0, Time elapsed: 0.036 s - in org.apache.ibatis.logging.jdbc.ResultSetLoggerTest
[INFO] Running org.apache.ibatis.logging.jdbc.StatementLoggerTest
[INFO] Tests run: 3, Failures: 0, Errors: 0, Skipped: 0, Time elapsed: 0 s - in org.apache.ibatis.logging.jdbc.StatementLoggerTest
[INFO] Running org.apache.ibatis.logging.jdbc.PreparedStatementLoggerTest
[INFO] Tests run: 4, Failures: 0, Errors: 0, Skipped: 0, Time elapsed: 0.018 s - in org.apache.ibatis.logging.jdbc.PreparedStatementLoggerTest
[INFO] Running org.apache.ibatis.logging.jdbc.BaseJdbcLoggerTest
[INFO] Tests run: 2, Failures: 0, Errors: 0, Skipped: 0, Time elapsed: 0.036 s - in org.apache.ibatis.logging.jdbc.BaseJdbcLoggerTest
[INFO] Running org.apache.ibatis.logging.LogFactoryTest
ERROR StatusLogger No log4j2 configuration file found. Using default configuration: logging only errors to the console.
01:37:52.782 [main] ERROR java.lang.Object - Error message.
01:37:52.783 [main] ERROR java.lang.Object - Error with Exception.
java.lang.Exception: Test exception.
	at org.apache.ibatis.logging.LogFactoryTest.logSomething(LogFactoryTest.java:106) [test-classes/:?]
	at org.apache.ibatis.logging.LogFactoryTest.shouldUseLog4J2(LogFactoryTest.java:55) [test-classes/:?]
	at sun.reflect.NativeMethodAccessorImpl.invoke0(Native Method) ~[?:1.8.0_151]
	at sun.reflect.NativeMethodAccessorImpl.invoke(NativeMethodAccessorImpl.java:62) ~[?:1.8.0_151]
	at sun.reflect.DelegatingMethodAccessorImpl.invoke(DelegatingMethodAccessorImpl.java:43) ~[?:1.8.0_151]
	at java.lang.reflect.Method.invoke(Method.java:498) ~[?:1.8.0_151]
	at org.junit.runners.model.FrameworkMethod$1.runReflectiveCall(FrameworkMethod.java:50) [junit-4.12.jar:4.12]
	at org.junit.internal.runners.model.ReflectiveCallable.run(ReflectiveCallable.java:12) [junit-4.12.jar:4.12]
	at org.junit.runners.model.FrameworkMethod.invokeExplosively(FrameworkMethod.java:47) [junit-4.12.jar:4.12]
	at org.junit.internal.runners.statements.InvokeMethod.evaluate(InvokeMethod.java:17) [junit-4.12.jar:4.12]
	at org.junit.runners.ParentRunner.runLeaf(ParentRunner.java:325) [junit-4.12.jar:4.12]
	at org.junit.runners.BlockJUnit4ClassRunner.runChild(BlockJUnit4ClassRunner.java:78) [junit-4.12.jar:4.12]
	at org.junit.runners.BlockJUnit4ClassRunner.runChild(BlockJUnit4ClassRunner.java:57) [junit-4.12.jar:4.12]
	at org.junit.runners.ParentRunner$3.run(ParentRunner.java:290) [junit-4.12.jar:4.12]
	at org.junit.runners.ParentRunner$1.schedule(ParentRunner.java:71) [junit-4.12.jar:4.12]
	at org.junit.runners.ParentRunner.runChildren(ParentRunner.java:288) [junit-4.12.jar:4.12]
	at org.junit.runners.ParentRunner.access$000(ParentRunner.java:58) [junit-4.12.jar:4.12]
	at org.junit.runners.ParentRunner$2.evaluate(ParentRunner.java:268) [junit-4.12.jar:4.12]
	at org.junit.runners.ParentRunner.run(ParentRunner.java:363) [junit-4.12.jar:4.12]
	at org.junit.runners.Suite.runChild(Suite.java:128) [junit-4.12.jar:4.12]
	at org.junit.runners.Suite.runChild(Suite.java:27) [junit-4.12.jar:4.12]
	at org.junit.runners.ParentRunner$3.run(ParentRunner.java:290) [junit-4.12.jar:4.12]
	at org.junit.runners.ParentRunner$1.schedule(ParentRunner.java:71) [junit-4.12.jar:4.12]
	at org.junit.runners.ParentRunner.runChildren(ParentRunner.java:288) [junit-4.12.jar:4.12]
	at org.junit.runners.ParentRunner.access$000(ParentRunner.java:58) [junit-4.12.jar:4.12]
	at org.junit.runners.ParentRunner$2.evaluate(ParentRunner.java:268) [junit-4.12.jar:4.12]
	at org.junit.runners.ParentRunner.run(ParentRunner.java:363) [junit-4.12.jar:4.12]
	at org.apache.maven.surefire.junitcore.JUnitCore.run(JUnitCore.java:55) [surefire-junit47-2.20.jar:2.20]
	at org.apache.maven.surefire.junitcore.JUnitCoreWrapper.createRequestAndRun(JUnitCoreWrapper.java:137) [surefire-junit47-2.20.jar:2.20]
	at org.apache.maven.surefire.junitcore.JUnitCoreWrapper.executeEager(JUnitCoreWrapper.java:107) [surefire-junit47-2.20.jar:2.20]
	at org.apache.maven.surefire.junitcore.JUnitCoreWrapper.execute(JUnitCoreWrapper.java:83) [surefire-junit47-2.20.jar:2.20]
	at org.apache.maven.surefire.junitcore.JUnitCoreWrapper.execute(JUnitCoreWrapper.java:75) [surefire-junit47-2.20.jar:2.20]
	at org.apache.maven.surefire.junitcore.JUnitCoreProvider.invoke(JUnitCoreProvider.java:157) [surefire-junit47-2.20.jar:2.20]
	at org.apache.maven.surefire.booter.ForkedBooter.invokeProviderInSameClassLoader(ForkedBooter.java:386) [surefire-booter-2.20.jar:2.20]
	at org.apache.maven.surefire.booter.ForkedBooter.runSuitesInProcess(ForkedBooter.java:323) [surefire-booter-2.20.jar:2.20]
	at org.apache.maven.surefire.booter.ForkedBooter.main(ForkedBooter.java:143) [surefire-booter-2.20.jar:2.20]
Logging initialized using 'class org.apache.ibatis.logging.stdout.StdOutImpl' adapter.
Warning message.
Debug message.
Error message.
Error with Exception.
java.lang.Exception: Test exception.
	at org.apache.ibatis.logging.LogFactoryTest.logSomething(LogFactoryTest.java:106)
	at org.apache.ibatis.logging.LogFactoryTest.shouldUseStdOut(LogFactoryTest.java:79)
	at sun.reflect.NativeMethodAccessorImpl.invoke0(Native Method)
	at sun.reflect.NativeMethodAccessorImpl.invoke(NativeMethodAccessorImpl.java:62)
	at sun.reflect.DelegatingMethodAccessorImpl.invoke(DelegatingMethodAccessorImpl.java:43)
	at java.lang.reflect.Method.invoke(Method.java:498)
	at org.junit.runners.model.FrameworkMethod$1.runReflectiveCall(FrameworkMethod.java:50)
	at org.junit.internal.runners.model.ReflectiveCallable.run(ReflectiveCallable.java:12)
	at org.junit.runners.model.FrameworkMethod.invokeExplosively(FrameworkMethod.java:47)
	at org.junit.internal.runners.statements.InvokeMethod.evaluate(InvokeMethod.java:17)
	at org.junit.runners.ParentRunner.runLeaf(ParentRunner.java:325)
	at org.junit.runners.BlockJUnit4ClassRunner.runChild(BlockJUnit4ClassRunner.java:78)
	at org.junit.runners.BlockJUnit4ClassRunner.runChild(BlockJUnit4ClassRunner.java:57)
	at org.junit.runners.ParentRunner$3.run(ParentRunner.java:290)
	at org.junit.runners.ParentRunner$1.schedule(ParentRunner.java:71)
	at org.junit.runners.ParentRunner.runChildren(ParentRunner.java:288)
	at org.junit.runners.ParentRunner.access$000(ParentRunner.java:58)
	at org.junit.runners.ParentRunner$2.evaluate(ParentRunner.java:268)
	at org.junit.runners.ParentRunner.run(ParentRunner.java:363)
	at org.junit.runners.Suite.runChild(Suite.java:128)
	at org.junit.runners.Suite.runChild(Suite.java:27)
	at org.junit.runners.ParentRunner$3.run(ParentRunner.java:290)
	at org.junit.runners.ParentRunner$1.schedule(ParentRunner.java:71)
	at org.junit.runners.ParentRunner.runChildren(ParentRunner.java:288)
	at org.junit.runners.ParentRunner.access$000(ParentRunner.java:58)
	at org.junit.runners.ParentRunner$2.evaluate(ParentRunner.java:268)
	at org.junit.runners.ParentRunner.run(ParentRunner.java:363)
	at org.apache.maven.surefire.junitcore.JUnitCore.run(JUnitCore.java:55)
	at org.apache.maven.surefire.junitcore.JUnitCoreWrapper.createRequestAndRun(JUnitCoreWrapper.java:137)
	at org.apache.maven.surefire.junitcore.JUnitCoreWrapper.executeEager(JUnitCoreWrapper.java:107)
	at org.apache.maven.surefire.junitcore.JUnitCoreWrapper.execute(JUnitCoreWrapper.java:83)
	at org.apache.maven.surefire.junitcore.JUnitCoreWrapper.execute(JUnitCoreWrapper.java:75)
	at org.apache.maven.surefire.junitcore.JUnitCoreProvider.invoke(JUnitCoreProvider.java:157)
	at org.apache.maven.surefire.booter.ForkedBooter.invokeProviderInSameClassLoader(ForkedBooter.java:386)
	at org.apache.maven.surefire.booter.ForkedBooter.runSuitesInProcess(ForkedBooter.java:323)
	at org.apache.maven.surefire.booter.ForkedBooter.main(ForkedBooter.java:143)
ERROR [main] - Error message.
ERROR [main] - Error with Exception.
java.lang.Exception: Test exception.
	at org.apache.ibatis.logging.LogFactoryTest.logSomething(LogFactoryTest.java:106)
	at org.apache.ibatis.logging.LogFactoryTest.shouldUseLog4J(LogFactoryTest.java:47)
	at sun.reflect.NativeMethodAccessorImpl.invoke0(Native Method)
	at sun.reflect.NativeMethodAccessorImpl.invoke(NativeMethodAccessorImpl.java:62)
	at sun.reflect.DelegatingMethodAccessorImpl.invoke(DelegatingMethodAccessorImpl.java:43)
	at java.lang.reflect.Method.invoke(Method.java:498)
	at org.junit.runners.model.FrameworkMethod$1.runReflectiveCall(FrameworkMethod.java:50)
	at org.junit.internal.runners.model.ReflectiveCallable.run(ReflectiveCallable.java:12)
	at org.junit.runners.model.FrameworkMethod.invokeExplosively(FrameworkMethod.java:47)
	at org.junit.internal.runners.statements.InvokeMethod.evaluate(InvokeMethod.java:17)
	at org.junit.runners.ParentRunner.runLeaf(ParentRunner.java:325)
	at org.junit.runners.BlockJUnit4ClassRunner.runChild(BlockJUnit4ClassRunner.java:78)
	at org.junit.runners.BlockJUnit4ClassRunner.runChild(BlockJUnit4ClassRunner.java:57)
	at org.junit.runners.ParentRunner$3.run(ParentRunner.java:290)
	at org.junit.runners.ParentRunner$1.schedule(ParentRunner.java:71)
	at org.junit.runners.ParentRunner.runChildren(ParentRunner.java:288)
	at org.junit.runners.ParentRunner.access$000(ParentRunner.java:58)
	at org.junit.runners.ParentRunner$2.evaluate(ParentRunner.java:268)
	at org.junit.runners.ParentRunner.run(ParentRunner.java:363)
	at org.junit.runners.Suite.runChild(Suite.java:128)
	at org.junit.runners.Suite.runChild(Suite.java:27)
	at org.junit.runners.ParentRunner$3.run(ParentRunner.java:290)
	at org.junit.runners.ParentRunner$1.schedule(ParentRunner.java:71)
	at org.junit.runners.ParentRunner.runChildren(ParentRunner.java:288)
	at org.junit.runners.ParentRunner.access$000(ParentRunner.java:58)
	at org.junit.runners.ParentRunner$2.evaluate(ParentRunner.java:268)
	at org.junit.runners.ParentRunner.run(ParentRunner.java:363)
	at org.apache.maven.surefire.junitcore.JUnitCore.run(JUnitCore.java:55)
	at org.apache.maven.surefire.junitcore.JUnitCoreWrapper.createRequestAndRun(JUnitCoreWrapper.java:137)
	at org.apache.maven.surefire.junitcore.JUnitCoreWrapper.executeEager(JUnitCoreWrapper.java:107)
	at org.apache.maven.surefire.junitcore.JUnitCoreWrapper.execute(JUnitCoreWrapper.java:83)
	at org.apache.maven.surefire.junitcore.JUnitCoreWrapper.execute(JUnitCoreWrapper.java:75)
	at org.apache.maven.surefire.junitcore.JUnitCoreProvider.invoke(JUnitCoreProvider.java:157)
	at org.apache.maven.surefire.booter.ForkedBooter.invokeProviderInSameClassLoader(ForkedBooter.java:386)
	at org.apache.maven.surefire.booter.ForkedBooter.runSuitesInProcess(ForkedBooter.java:323)
	at org.apache.maven.surefire.booter.ForkedBooter.main(ForkedBooter.java:143)
ERROR [main] - Error message.
ERROR [main] - Error with Exception.
java.lang.Exception: Test exception.
	at org.apache.ibatis.logging.LogFactoryTest.logSomething(LogFactoryTest.java:106)
	at org.apache.ibatis.logging.LogFactoryTest.shouldUseSlf4j(LogFactoryTest.java:71)
	at sun.reflect.NativeMethodAccessorImpl.invoke0(Native Method)
	at sun.reflect.NativeMethodAccessorImpl.invoke(NativeMethodAccessorImpl.java:62)
	at sun.reflect.DelegatingMethodAccessorImpl.invoke(DelegatingMethodAccessorImpl.java:43)
	at java.lang.reflect.Method.invoke(Method.java:498)
	at org.junit.runners.model.FrameworkMethod$1.runReflectiveCall(FrameworkMethod.java:50)
	at org.junit.internal.runners.model.ReflectiveCallable.run(ReflectiveCallable.java:12)
	at org.junit.runners.model.FrameworkMethod.invokeExplosively(FrameworkMethod.java:47)
	at org.junit.internal.runners.statements.InvokeMethod.evaluate(InvokeMethod.java:17)
	at org.junit.runners.ParentRunner.runLeaf(ParentRunner.java:325)
	at org.junit.runners.BlockJUnit4ClassRunner.runChild(BlockJUnit4ClassRunner.java:78)
	at org.junit.runners.BlockJUnit4ClassRunner.runChild(BlockJUnit4ClassRunner.java:57)
	at org.junit.runners.ParentRunner$3.run(ParentRunner.java:290)
	at org.junit.runners.ParentRunner$1.schedule(ParentRunner.java:71)
	at org.junit.runners.ParentRunner.runChildren(ParentRunner.java:288)
	at org.junit.runners.ParentRunner.access$000(ParentRunner.java:58)
	at org.junit.runners.ParentRunner$2.evaluate(ParentRunner.java:268)
	at org.junit.runners.ParentRunner.run(ParentRunner.java:363)
	at org.junit.runners.Suite.runChild(Suite.java:128)
	at org.junit.runners.Suite.runChild(Suite.java:27)
	at org.junit.runners.ParentRunner$3.run(ParentRunner.java:290)
	at org.junit.runners.ParentRunner$1.schedule(ParentRunner.java:71)
	at org.junit.runners.ParentRunner.runChildren(ParentRunner.java:288)
	at org.junit.runners.ParentRunner.access$000(ParentRunner.java:58)
	at org.junit.runners.ParentRunner$2.evaluate(ParentRunner.java:268)
	at org.junit.runners.ParentRunner.run(ParentRunner.java:363)
	at org.apache.maven.surefire.junitcore.JUnitCore.run(JUnitCore.java:55)
	at org.apache.maven.surefire.junitcore.JUnitCoreWrapper.createRequestAndRun(JUnitCoreWrapper.java:137)
	at org.apache.maven.surefire.junitcore.JUnitCoreWrapper.executeEager(JUnitCoreWrapper.java:107)
	at org.apache.maven.surefire.junitcore.JUnitCoreWrapper.execute(JUnitCoreWrapper.java:83)
	at org.apache.maven.surefire.junitcore.JUnitCoreWrapper.execute(JUnitCoreWrapper.java:75)
	at org.apache.maven.surefire.junitcore.JUnitCoreProvider.invoke(JUnitCoreProvider.java:157)
	at org.apache.maven.surefire.booter.ForkedBooter.invokeProviderInSameClassLoader(ForkedBooter.java:386)
	at org.apache.maven.surefire.booter.ForkedBooter.runSuitesInProcess(ForkedBooter.java:323)
	at org.apache.maven.surefire.booter.ForkedBooter.main(ForkedBooter.java:143)
Aug 16, 2019 1:37:52 AM org.apache.ibatis.logging.jdk14.Jdk14LoggingImpl warn
WARNING: Warning message.
Aug 16, 2019 1:37:52 AM org.apache.ibatis.logging.jdk14.Jdk14LoggingImpl error
SEVERE: Error message.
Aug 16, 2019 1:37:52 AM org.apache.ibatis.logging.jdk14.Jdk14LoggingImpl error
SEVERE: Error with Exception.
java.lang.Exception: Test exception.
	at org.apache.ibatis.logging.LogFactoryTest.logSomething(LogFactoryTest.java:106)
	at org.apache.ibatis.logging.LogFactoryTest.shouldUseJdKLogging(LogFactoryTest.java:63)
	at sun.reflect.NativeMethodAccessorImpl.invoke0(Native Method)
	at sun.reflect.NativeMethodAccessorImpl.invoke(NativeMethodAccessorImpl.java:62)
	at sun.reflect.DelegatingMethodAccessorImpl.invoke(DelegatingMethodAccessorImpl.java:43)
	at java.lang.reflect.Method.invoke(Method.java:498)
	at org.junit.runners.model.FrameworkMethod$1.runReflectiveCall(FrameworkMethod.java:50)
	at org.junit.internal.runners.model.ReflectiveCallable.run(ReflectiveCallable.java:12)
	at org.junit.runners.model.FrameworkMethod.invokeExplosively(FrameworkMethod.java:47)
	at org.junit.internal.runners.statements.InvokeMethod.evaluate(InvokeMethod.java:17)
	at org.junit.runners.ParentRunner.runLeaf(ParentRunner.java:325)
	at org.junit.runners.BlockJUnit4ClassRunner.runChild(BlockJUnit4ClassRunner.java:78)
	at org.junit.runners.BlockJUnit4ClassRunner.runChild(BlockJUnit4ClassRunner.java:57)
	at org.junit.runners.ParentRunner$3.run(ParentRunner.java:290)
	at org.junit.runners.ParentRunner$1.schedule(ParentRunner.java:71)
	at org.junit.runners.ParentRunner.runChildren(ParentRunner.java:288)
	at org.junit.runners.ParentRunner.access$000(ParentRunner.java:58)
	at org.junit.runners.ParentRunner$2.evaluate(ParentRunner.java:268)
	at org.junit.runners.ParentRunner.run(ParentRunner.java:363)
	at org.junit.runners.Suite.runChild(Suite.java:128)
	at org.junit.runners.Suite.runChild(Suite.java:27)
	at org.junit.runners.ParentRunner$3.run(ParentRunner.java:290)
	at org.junit.runners.ParentRunner$1.schedule(ParentRunner.java:71)
	at org.junit.runners.ParentRunner.runChildren(ParentRunner.java:288)
	at org.junit.runners.ParentRunner.access$000(ParentRunner.java:58)
	at org.junit.runners.ParentRunner$2.evaluate(ParentRunner.java:268)
	at org.junit.runners.ParentRunner.run(ParentRunner.java:363)
	at org.apache.maven.surefire.junitcore.JUnitCore.run(JUnitCore.java:55)
	at org.apache.maven.surefire.junitcore.JUnitCoreWrapper.createRequestAndRun(JUnitCoreWrapper.java:137)
	at org.apache.maven.surefire.junitcore.JUnitCoreWrapper.executeEager(JUnitCoreWrapper.java:107)
	at org.apache.maven.surefire.junitcore.JUnitCoreWrapper.execute(JUnitCoreWrapper.java:83)
	at org.apache.maven.surefire.junitcore.JUnitCoreWrapper.execute(JUnitCoreWrapper.java:75)
	at org.apache.maven.surefire.junitcore.JUnitCoreProvider.invoke(JUnitCoreProvider.java:157)
	at org.apache.maven.surefire.booter.ForkedBooter.invokeProviderInSameClassLoader(ForkedBooter.java:386)
	at org.apache.maven.surefire.booter.ForkedBooter.runSuitesInProcess(ForkedBooter.java:323)
	at org.apache.maven.surefire.booter.ForkedBooter.main(ForkedBooter.java:143)

ERROR [main] - Error message.
ERROR [main] - Error with Exception.
java.lang.Exception: Test exception.
	at org.apache.ibatis.logging.LogFactoryTest.logSomething(LogFactoryTest.java:106)
	at org.apache.ibatis.logging.LogFactoryTest.shouldUseCommonsLogging(LogFactoryTest.java:39)
	at sun.reflect.NativeMethodAccessorImpl.invoke0(Native Method)
	at sun.reflect.NativeMethodAccessorImpl.invoke(NativeMethodAccessorImpl.java:62)
	at sun.reflect.DelegatingMethodAccessorImpl.invoke(DelegatingMethodAccessorImpl.java:43)
	at java.lang.reflect.Method.invoke(Method.java:498)
	at org.junit.runners.model.FrameworkMethod$1.runReflectiveCall(FrameworkMethod.java:50)
	at org.junit.internal.runners.model.ReflectiveCallable.run(ReflectiveCallable.java:12)
	at org.junit.runners.model.FrameworkMethod.invokeExplosively(FrameworkMethod.java:47)
	at org.junit.internal.runners.statements.InvokeMethod.evaluate(InvokeMethod.java:17)
	at org.junit.runners.ParentRunner.runLeaf(ParentRunner.java:325)
	at org.junit.runners.BlockJUnit4ClassRunner.runChild(BlockJUnit4ClassRunner.java:78)
	at org.junit.runners.BlockJUnit4ClassRunner.runChild(BlockJUnit4ClassRunner.java:57)
	at org.junit.runners.ParentRunner$3.run(ParentRunner.java:290)
	at org.junit.runners.ParentRunner$1.schedule(ParentRunner.java:71)
	at org.junit.runners.ParentRunner.runChildren(ParentRunner.java:288)
	at org.junit.runners.ParentRunner.access$000(ParentRunner.java:58)
	at org.junit.runners.ParentRunner$2.evaluate(ParentRunner.java:268)
	at org.junit.runners.ParentRunner.run(ParentRunner.java:363)
	at org.junit.runners.Suite.runChild(Suite.java:128)
	at org.junit.runners.Suite.runChild(Suite.java:27)
	at org.junit.runners.ParentRunner$3.run(ParentRunner.java:290)
	at org.junit.runners.ParentRunner$1.schedule(ParentRunner.java:71)
	at org.junit.runners.ParentRunner.runChildren(ParentRunner.java:288)
	at org.junit.runners.ParentRunner.access$000(ParentRunner.java:58)
	at org.junit.runners.ParentRunner$2.evaluate(ParentRunner.java:268)
	at org.junit.runners.ParentRunner.run(ParentRunner.java:363)
	at org.apache.maven.surefire.junitcore.JUnitCore.run(JUnitCore.java:55)
	at org.apache.maven.surefire.junitcore.JUnitCoreWrapper.createRequestAndRun(JUnitCoreWrapper.java:137)
	at org.apache.maven.surefire.junitcore.JUnitCoreWrapper.executeEager(JUnitCoreWrapper.java:107)
	at org.apache.maven.surefire.junitcore.JUnitCoreWrapper.execute(JUnitCoreWrapper.java:83)
	at org.apache.maven.surefire.junitcore.JUnitCoreWrapper.execute(JUnitCoreWrapper.java:75)
	at org.apache.maven.surefire.junitcore.JUnitCoreProvider.invoke(JUnitCoreProvider.java:157)
	at org.apache.maven.surefire.booter.ForkedBooter.invokeProviderInSameClassLoader(ForkedBooter.java:386)
	at org.apache.maven.surefire.booter.ForkedBooter.runSuitesInProcess(ForkedBooter.java:323)
	at org.apache.maven.surefire.booter.ForkedBooter.main(ForkedBooter.java:143)
[INFO] Tests run: 8, Failures: 0, Errors: 0, Skipped: 0, Time elapsed: 0.333 s - in org.apache.ibatis.logging.LogFactoryTest
[INFO] Running org.apache.ibatis.scripting.defaults.DefaultParameterHandlerTest
[INFO] Tests run: 1, Failures: 0, Errors: 0, Skipped: 0, Time elapsed: 0.037 s - in org.apache.ibatis.scripting.defaults.DefaultParameterHandlerTest
[INFO] Running org.apache.ibatis.scripting.LanguageDriverRegistryTest
[INFO] Tests run: 8, Failures: 0, Errors: 0, Skipped: 0, Time elapsed: 0.248 s - in org.apache.ibatis.scripting.LanguageDriverRegistryTest
[INFO] Running org.apache.ibatis.executor.ResultExtractorTest
[INFO] Tests run: 6, Failures: 0, Errors: 0, Skipped: 0, Time elapsed: 10.531 s - in org.apache.ibatis.executor.ResultExtractorTest
[INFO] Running org.apache.ibatis.executor.CachingSimpleExecutorTest
[INFO] Tests run: 19, Failures: 0, Errors: 0, Skipped: 0, Time elapsed: 3.465 s - in org.apache.ibatis.executor.CachingSimpleExecutorTest
[INFO] Running org.apache.ibatis.executor.ReuseExecutorTest
[INFO] Tests run: 19, Failures: 0, Errors: 0, Skipped: 0, Time elapsed: 0.263 s - in org.apache.ibatis.executor.ReuseExecutorTest
[INFO] Running org.apache.ibatis.executor.ErrorContextTest
[INFO] Tests run: 1, Failures: 0, Errors: 0, Skipped: 0, Time elapsed: 3.067 s - in org.apache.ibatis.executor.ErrorContextTest
[INFO] Running org.apache.ibatis.executor.CachingBatchExecutorTest
[INFO] Tests run: 19, Failures: 0, Errors: 0, Skipped: 0, Time elapsed: 3.44 s - in org.apache.ibatis.executor.CachingBatchExecutorTest
[INFO] Running org.apache.ibatis.executor.BatchExecutorTest
[INFO] Tests run: 19, Failures: 0, Errors: 0, Skipped: 0, Time elapsed: 3.656 s - in org.apache.ibatis.executor.BatchExecutorTest
[INFO] Running org.apache.ibatis.executor.BaseExecutorTest
[INFO] Tests run: 18, Failures: 0, Errors: 0, Skipped: 0, Time elapsed: 0.455 s - in org.apache.ibatis.executor.BaseExecutorTest
[INFO] Running org.apache.ibatis.executor.resultset.DefaultResultSetHandlerTest
[INFO] Tests run: 2, Failures: 0, Errors: 0, Skipped: 0, Time elapsed: 3.592 s - in org.apache.ibatis.executor.resultset.DefaultResultSetHandlerTest
[INFO] Running org.apache.ibatis.executor.CachingReuseExecutorTest
[INFO] Tests run: 19, Failures: 0, Errors: 0, Skipped: 0, Time elapsed: 0.266 s - in org.apache.ibatis.executor.CachingReuseExecutorTest
[INFO] Running org.apache.ibatis.executor.statement.BaseStatementHandlerTest
[INFO] Tests run: 9, Failures: 0, Errors: 0, Skipped: 0, Time elapsed: 0.012 s - in org.apache.ibatis.executor.statement.BaseStatementHandlerTest
[INFO] Running org.apache.ibatis.executor.loader.JavassistProxyTest
[INFO] Tests run: 15, Failures: 0, Errors: 0, Skipped: 0, Time elapsed: 0.941 s - in org.apache.ibatis.executor.loader.JavassistProxyTest
[INFO] Running org.apache.ibatis.executor.loader.CglibProxyTest
[INFO] Tests run: 15, Failures: 0, Errors: 0, Skipped: 0, Time elapsed: 0.605 s - in org.apache.ibatis.executor.loader.CglibProxyTest
[INFO] Running org.apache.ibatis.mapping.BoundSqlTest
[INFO] Tests run: 1, Failures: 0, Errors: 0, Skipped: 0, Time elapsed: 0 s - in org.apache.ibatis.mapping.BoundSqlTest
[INFO] Running org.apache.ibatis.mapping.CacheBuilderTest
[INFO] Tests run: 2, Failures: 0, Errors: 0, Skipped: 0, Time elapsed: 0.004 s - in org.apache.ibatis.mapping.CacheBuilderTest
[INFO] Running org.apache.ibatis.mapping.ResultMappingTest
[INFO] Tests run: 2, Failures: 0, Errors: 0, Skipped: 0, Time elapsed: 0.326 s - in org.apache.ibatis.mapping.ResultMappingTest
[INFO] Running org.apache.ibatis.submitted.overwritingproperties.FooMapperTest
[INFO] Tests run: 1, Failures: 0, Errors: 0, Skipped: 0, Time elapsed: 0.05 s - in org.apache.ibatis.submitted.overwritingproperties.FooMapperTest
[INFO] Running org.apache.ibatis.submitted.uuid_test.UUIDTest
[INFO] Tests run: 2, Failures: 0, Errors: 0, Skipped: 0, Time elapsed: 0.03 s - in org.apache.ibatis.submitted.uuid_test.UUIDTest
[INFO] Running org.apache.ibatis.submitted.propertiesinmapperfiles.PropertiesInMappersTest
[INFO] Tests run: 1, Failures: 0, Errors: 0, Skipped: 0, Time elapsed: 0.028 s - in org.apache.ibatis.submitted.propertiesinmapperfiles.PropertiesInMappersTest
[INFO] Running org.apache.ibatis.submitted.cglib_lazy_error.CglibNPETest
[ERROR] Tests run: 7, Failures: 0, Errors: 1, Skipped: 0, Time elapsed: 0.045 s <<< FAILURE! - in org.apache.ibatis.submitted.cglib_lazy_error.CglibNPETest
[ERROR] testSelectWithStringSQLInjection(org.apache.ibatis.submitted.cglib_lazy_error.CglibNPETest)  Time elapsed: 0.009 s  <<< ERROR!
org.apache.ibatis.exceptions.PersistenceException: 

### Error querying database.  Cause: java.lang.RuntimeException: MemberAccess implementation must be provided!
### Cause: java.lang.RuntimeException: MemberAccess implementation must be provided!
	at org.apache.ibatis.submitted.cglib_lazy_error.CglibNPETest.testSelectWithStringSQLInjection(CglibNPETest.java:153)
Caused by: java.lang.RuntimeException: MemberAccess implementation must be provided!
	at org.apache.ibatis.submitted.cglib_lazy_error.CglibNPETest.testSelectWithStringSQLInjection(CglibNPETest.java:153)

[INFO] Running org.apache.ibatis.submitted.cglib_lazy_error.CglibNPELazyTest
[INFO] Tests run: 5, Failures: 0, Errors: 0, Skipped: 0, Time elapsed: 0.029 s - in org.apache.ibatis.submitted.cglib_lazy_error.CglibNPELazyTest
[INFO] Running org.apache.ibatis.submitted.resultmapwithassociationstest.ResultMapWithAssociationsTest
[INFO] Tests run: 1, Failures: 0, Errors: 0, Skipped: 0, Time elapsed: 0.001 s - in org.apache.ibatis.submitted.resultmapwithassociationstest.ResultMapWithAssociationsTest
[INFO] Running org.apache.ibatis.submitted.include_property.IncludePropertyErrorTest
[INFO] Tests run: 1, Failures: 0, Errors: 0, Skipped: 0, Time elapsed: 0.031 s - in org.apache.ibatis.submitted.include_property.IncludePropertyErrorTest
[INFO] Running org.apache.ibatis.submitted.include_property.IncludePropertyTest
[ERROR] Tests run: 9, Failures: 0, Errors: 2, Skipped: 0, Time elapsed: 0.005 s <<< FAILURE! - in org.apache.ibatis.submitted.include_property.IncludePropertyTest
[ERROR] testRuntimeVar(org.apache.ibatis.submitted.include_property.IncludePropertyTest)  Time elapsed: 0 s  <<< ERROR!
org.apache.ibatis.exceptions.PersistenceException: 

### Error querying database.  Cause: java.lang.RuntimeException: MemberAccess implementation must be provided!
### Cause: java.lang.RuntimeException: MemberAccess implementation must be provided!
	at org.apache.ibatis.submitted.include_property.IncludePropertyTest.testRuntimeVar(IncludePropertyTest.java:134)
Caused by: java.lang.RuntimeException: MemberAccess implementation must be provided!
	at org.apache.ibatis.submitted.include_property.IncludePropertyTest.testRuntimeVar(IncludePropertyTest.java:134)

[ERROR] testParametersInAttribute(org.apache.ibatis.submitted.include_property.IncludePropertyTest)  Time elapsed: 0 s  <<< ERROR!
org.apache.ibatis.exceptions.PersistenceException: 

### Error querying database.  Cause: java.lang.RuntimeException: MemberAccess implementation must be provided!
### Cause: java.lang.RuntimeException: MemberAccess implementation must be provided!
	at org.apache.ibatis.submitted.include_property.IncludePropertyTest.testParametersInAttribute(IncludePropertyTest.java:156)
Caused by: java.lang.RuntimeException: MemberAccess implementation must be provided!
	at org.apache.ibatis.submitted.include_property.IncludePropertyTest.testParametersInAttribute(IncludePropertyTest.java:156)

[INFO] Running org.apache.ibatis.submitted.awful_table.AwfulTableTest
[INFO] Tests run: 1, Failures: 0, Errors: 0, Skipped: 0, Time elapsed: 0.048 s - in org.apache.ibatis.submitted.awful_table.AwfulTableTest
[INFO] Running org.apache.ibatis.submitted.primitives.PrimitivesTest
[INFO] Tests run: 1, Failures: 0, Errors: 0, Skipped: 0, Time elapsed: 0.001 s - in org.apache.ibatis.submitted.primitives.PrimitivesTest
[INFO] Running org.apache.ibatis.submitted.inline_association_with_dot.InlineCollectionWithDotTest
[INFO] Tests run: 2, Failures: 0, Errors: 0, Skipped: 0, Time elapsed: 0.064 s - in org.apache.ibatis.submitted.inline_association_with_dot.InlineCollectionWithDotTest
[INFO] Running org.apache.ibatis.submitted.empty_row.ReturnInstanceForEmptyRowTest
[INFO] Tests run: 9, Failures: 0, Errors: 0, Skipped: 0, Time elapsed: 0.027 s - in org.apache.ibatis.submitted.empty_row.ReturnInstanceForEmptyRowTest
[INFO] Running org.apache.ibatis.submitted.raw_sql_source.RawSqlSourceTest
[ERROR] Tests run: 3, Failures: 0, Errors: 2, Skipped: 0, Time elapsed: 0 s <<< FAILURE! - in org.apache.ibatis.submitted.raw_sql_source.RawSqlSourceTest
[ERROR] shouldUseDynamicSqlSourceForAnStatementWithXmlTags(org.apache.ibatis.submitted.raw_sql_source.RawSqlSourceTest)  Time elapsed: 0 s  <<< ERROR!
java.lang.RuntimeException: MemberAccess implementation must be provided!
	at org.apache.ibatis.submitted.raw_sql_source.RawSqlSourceTest.test(RawSqlSourceTest.java:75)
	at org.apache.ibatis.submitted.raw_sql_source.RawSqlSourceTest.shouldUseDynamicSqlSourceForAnStatementWithXmlTags(RawSqlSourceTest.java:68)

[ERROR] shouldUseDynamicSqlSourceForAnStatementWithInlineArguments(org.apache.ibatis.submitted.raw_sql_source.RawSqlSourceTest)  Time elapsed: 0 s  <<< ERROR!
java.lang.RuntimeException: MemberAccess implementation must be provided!
	at org.apache.ibatis.submitted.raw_sql_source.RawSqlSourceTest.test(RawSqlSourceTest.java:75)
	at org.apache.ibatis.submitted.raw_sql_source.RawSqlSourceTest.shouldUseDynamicSqlSourceForAnStatementWithInlineArguments(RawSqlSourceTest.java:63)

[INFO] Running org.apache.ibatis.submitted.result_handler_type.DefaultResultHandlerTypeTest
[INFO] Tests run: 3, Failures: 0, Errors: 0, Skipped: 0, Time elapsed: 0.036 s - in org.apache.ibatis.submitted.result_handler_type.DefaultResultHandlerTypeTest
[INFO] Running org.apache.ibatis.submitted.typehandler.TypeHandlerTest
[INFO] Tests run: 9, Failures: 0, Errors: 0, Skipped: 0, Time elapsed: 0.256 s - in org.apache.ibatis.submitted.typehandler.TypeHandlerTest
[INFO] Running org.apache.ibatis.submitted.valueinmap.ValueInMapTest
[ERROR] Tests run: 2, Failures: 0, Errors: 1, Skipped: 0, Time elapsed: 0.106 s <<< FAILURE! - in org.apache.ibatis.submitted.valueinmap.ValueInMapTest
[ERROR] shouldWorkWithAPropertyNamedValue(org.apache.ibatis.submitted.valueinmap.ValueInMapTest)  Time elapsed: 0 s  <<< ERROR!
org.apache.ibatis.exceptions.PersistenceException: 

### Error querying database.  Cause: java.lang.RuntimeException: MemberAccess implementation must be provided!
### Cause: java.lang.RuntimeException: MemberAccess implementation must be provided!
	at org.apache.ibatis.submitted.valueinmap.ValueInMapTest.shouldWorkWithAPropertyNamedValue(ValueInMapTest.java:66)
Caused by: java.lang.RuntimeException: MemberAccess implementation must be provided!
	at org.apache.ibatis.submitted.valueinmap.ValueInMapTest.shouldWorkWithAPropertyNamedValue(ValueInMapTest.java:66)

[INFO] Running org.apache.ibatis.submitted.language.LanguageTest
[ERROR] Tests run: 11, Failures: 0, Errors: 2, Skipped: 0, Time elapsed: 0.017 s <<< FAILURE! - in org.apache.ibatis.submitted.language.LanguageTest
[ERROR] testLangXmlTags(org.apache.ibatis.submitted.language.LanguageTest)  Time elapsed: 0 s  <<< ERROR!
org.apache.ibatis.exceptions.PersistenceException: 

### Error querying database.  Cause: java.lang.RuntimeException: MemberAccess implementation must be provided!
### Cause: java.lang.RuntimeException: MemberAccess implementation must be provided!
	at org.apache.ibatis.submitted.language.LanguageTest.testLangXmlTags(LanguageTest.java:198)
Caused by: java.lang.RuntimeException: MemberAccess implementation must be provided!
	at org.apache.ibatis.submitted.language.LanguageTest.testLangXmlTags(LanguageTest.java:198)

[ERROR] testLangXmlWithMapper(org.apache.ibatis.submitted.language.LanguageTest)  Time elapsed: 0 s  <<< ERROR!
org.apache.ibatis.exceptions.PersistenceException: 

### Error querying database.  Cause: java.lang.RuntimeException: MemberAccess implementation must be provided!
### Cause: java.lang.RuntimeException: MemberAccess implementation must be provided!
	at org.apache.ibatis.submitted.language.LanguageTest.testLangXmlWithMapper(LanguageTest.java:246)
Caused by: java.lang.RuntimeException: MemberAccess implementation must be provided!
	at org.apache.ibatis.submitted.language.LanguageTest.testLangXmlWithMapper(LanguageTest.java:246)

[INFO] Running org.apache.ibatis.submitted.duplicate_resource_loaded.DuplicateResourceTest
[INFO] Tests run: 1, Failures: 0, Errors: 0, Skipped: 0, Time elapsed: 2.96 s - in org.apache.ibatis.submitted.duplicate_resource_loaded.DuplicateResourceTest
[INFO] Running org.apache.ibatis.submitted.associationtest.AssociationTest
[INFO] Tests run: 3, Failures: 0, Errors: 0, Skipped: 0, Time elapsed: 0.004 s - in org.apache.ibatis.submitted.associationtest.AssociationTest
[INFO] Running org.apache.ibatis.submitted.lazy_properties.LazyPropertiesTest
[INFO] Tests run: 10, Failures: 0, Errors: 0, Skipped: 0, Time elapsed: 0.117 s - in org.apache.ibatis.submitted.lazy_properties.LazyPropertiesTest
[INFO] Running org.apache.ibatis.submitted.bringrags.SimpleObjectTest
[INFO] Tests run: 1, Failures: 0, Errors: 0, Skipped: 0, Time elapsed: 0.031 s - in org.apache.ibatis.submitted.bringrags.SimpleObjectTest
[INFO] Running org.apache.ibatis.submitted.enumtypehandler_on_annotation.EnumTypeHandlerUsingAnnotationTest
[INFO] Tests run: 3, Failures: 0, Errors: 0, Skipped: 0, Time elapsed: 0.02 s - in org.apache.ibatis.submitted.enumtypehandler_on_annotation.EnumTypeHandlerUsingAnnotationTest
[INFO] Running org.apache.ibatis.submitted.call_setters_on_nulls.CallSettersOnNullsTest
[INFO] Tests run: 5, Failures: 0, Errors: 0, Skipped: 0, Time elapsed: 0.006 s - in org.apache.ibatis.submitted.call_setters_on_nulls.CallSettersOnNullsTest
[INFO] Running org.apache.ibatis.submitted.call_setters_on_nulls.DoNotCallSettersOnNullsTest
[INFO] Tests run: 3, Failures: 0, Errors: 0, Skipped: 0, Time elapsed: 0.016 s - in org.apache.ibatis.submitted.call_setters_on_nulls.DoNotCallSettersOnNullsTest
[INFO] Running org.apache.ibatis.submitted.includes.IncludeTest
[INFO] Tests run: 2, Failures: 0, Errors: 0, Skipped: 0, Time elapsed: 0.013 s - in org.apache.ibatis.submitted.includes.IncludeTest
[INFO] Running org.apache.ibatis.submitted.cursor_simple.CursorSimpleTest
[INFO] Tests run: 11, Failures: 0, Errors: 0, Skipped: 0, Time elapsed: 0.009 s - in org.apache.ibatis.submitted.cursor_simple.CursorSimpleTest
[INFO] Running org.apache.ibatis.submitted.disallowdotsonnames.DisallowDotsOnNamesTest
[INFO] Tests run: 1, Failures: 0, Errors: 0, Skipped: 0, Time elapsed: 0.017 s - in org.apache.ibatis.submitted.disallowdotsonnames.DisallowDotsOnNamesTest
[INFO] Running org.apache.ibatis.submitted.stringlist.StringListTest
[INFO] Tests run: 1, Failures: 0, Errors: 0, Skipped: 0, Time elapsed: 0.015 s - in org.apache.ibatis.submitted.stringlist.StringListTest
[INFO] Running org.apache.ibatis.submitted.multiple_discriminator.MultipleDiscriminatorTest
[INFO] Tests run: 3, Failures: 0, Errors: 0, Skipped: 0, Time elapsed: 0.005 s - in org.apache.ibatis.submitted.multiple_discriminator.MultipleDiscriminatorTest
[INFO] Running org.apache.ibatis.submitted.selectkey.SelectKeyTest
[WARNING] Tests run: 21, Failures: 0, Errors: 0, Skipped: 2, Time elapsed: 0.242 s - in org.apache.ibatis.submitted.selectkey.SelectKeyTest
[INFO] Running org.apache.ibatis.submitted.maptypehandler.MapTypeHandlerTest
[INFO] Tests run: 2, Failures: 0, Errors: 0, Skipped: 0, Time elapsed: 0.001 s - in org.apache.ibatis.submitted.maptypehandler.MapTypeHandlerTest
[INFO] Running org.apache.ibatis.submitted.force_flush_on_select.ForceFlushOnSelectTest
[INFO] Tests run: 6, Failures: 0, Errors: 0, Skipped: 0, Time elapsed: 0.066 s - in org.apache.ibatis.submitted.force_flush_on_select.ForceFlushOnSelectTest
[INFO] Running org.apache.ibatis.submitted.dynsql.DynSqlTest
[ERROR] Tests run: 6, Failures: 0, Errors: 5, Skipped: 0, Time elapsed: 0.029 s <<< FAILURE! - in org.apache.ibatis.submitted.dynsql.DynSqlTest
[ERROR] testSelectSimple(org.apache.ibatis.submitted.dynsql.DynSqlTest)  Time elapsed: 0 s  <<< ERROR!
org.apache.ibatis.exceptions.PersistenceException: 

### Error querying database.  Cause: java.lang.RuntimeException: MemberAccess implementation must be provided!
### Cause: java.lang.RuntimeException: MemberAccess implementation must be provided!
	at org.apache.ibatis.submitted.dynsql.DynSqlTest.testSelectSimple(DynSqlTest.java:99)
Caused by: java.lang.RuntimeException: MemberAccess implementation must be provided!
	at org.apache.ibatis.submitted.dynsql.DynSqlTest.testSelectSimple(DynSqlTest.java:99)

[ERROR] testOgnlStaticMethodCall(org.apache.ibatis.submitted.dynsql.DynSqlTest)  Time elapsed: 0 s  <<< ERROR!
org.apache.ibatis.exceptions.PersistenceException: 

### Error querying database.  Cause: java.lang.RuntimeException: MemberAccess implementation must be provided!
### Cause: java.lang.RuntimeException: MemberAccess implementation must be provided!
	at org.apache.ibatis.submitted.dynsql.DynSqlTest.testOgnlStaticMethodCall(DynSqlTest.java:152)
Caused by: java.lang.RuntimeException: MemberAccess implementation must be provided!
	at org.apache.ibatis.submitted.dynsql.DynSqlTest.testOgnlStaticMethodCall(DynSqlTest.java:152)

[ERROR] testBindNull(org.apache.ibatis.submitted.dynsql.DynSqlTest)  Time elapsed: 0.001 s  <<< ERROR!
org.apache.ibatis.exceptions.PersistenceException: 

### Error querying database.  Cause: java.lang.RuntimeException: MemberAccess implementation must be provided!
### Cause: java.lang.RuntimeException: MemberAccess implementation must be provided!
	at org.apache.ibatis.submitted.dynsql.DynSqlTest.testBindNull(DynSqlTest.java:166)
Caused by: java.lang.RuntimeException: MemberAccess implementation must be provided!
	at org.apache.ibatis.submitted.dynsql.DynSqlTest.testBindNull(DynSqlTest.java:166)

[ERROR] testSelect(org.apache.ibatis.submitted.dynsql.DynSqlTest)  Time elapsed: 0 s  <<< ERROR!
org.apache.ibatis.exceptions.PersistenceException: 

### Error querying database.  Cause: java.lang.RuntimeException: MemberAccess implementation must be provided!
### Cause: java.lang.RuntimeException: MemberAccess implementation must be provided!
	at org.apache.ibatis.submitted.dynsql.DynSqlTest.testSelect(DynSqlTest.java:78)
Caused by: java.lang.RuntimeException: MemberAccess implementation must be provided!
	at org.apache.ibatis.submitted.dynsql.DynSqlTest.testSelect(DynSqlTest.java:78)

[ERROR] testSelectLike(org.apache.ibatis.submitted.dynsql.DynSqlTest)  Time elapsed: 0 s  <<< ERROR!
org.apache.ibatis.exceptions.PersistenceException: 

### Error querying database.  Cause: java.lang.RuntimeException: MemberAccess implementation must be provided!
### Cause: java.lang.RuntimeException: MemberAccess implementation must be provided!
	at org.apache.ibatis.submitted.dynsql.DynSqlTest.testSelectLike(DynSqlTest.java:112)
Caused by: java.lang.RuntimeException: MemberAccess implementation must be provided!
	at org.apache.ibatis.submitted.dynsql.DynSqlTest.testSelectLike(DynSqlTest.java:112)

[INFO] Running org.apache.ibatis.submitted.null_associations.FooMapperTest
[INFO] Tests run: 2, Failures: 0, Errors: 0, Skipped: 0, Time elapsed: 0 s - in org.apache.ibatis.submitted.null_associations.FooMapperTest
[INFO] Running org.apache.ibatis.submitted.lazyload_proxyfactory_comparison.CglibLazyTest
[INFO] Tests run: 6, Failures: 0, Errors: 0, Skipped: 0, Time elapsed: 0.081 s - in org.apache.ibatis.submitted.lazyload_proxyfactory_comparison.CglibLazyTest
[INFO] Running org.apache.ibatis.submitted.lazyload_proxyfactory_comparison.JavassistLazyTest
[WARNING] Tests run: 1, Failures: 0, Errors: 0, Skipped: 1, Time elapsed: 0 s - in org.apache.ibatis.submitted.lazyload_proxyfactory_comparison.JavassistLazyTest
[INFO] Running org.apache.ibatis.submitted.lazyload_proxyfactory_comparison.DefaultLazyTest
[INFO] Tests run: 6, Failures: 0, Errors: 0, Skipped: 0, Time elapsed: 0.056 s - in org.apache.ibatis.submitted.lazyload_proxyfactory_comparison.DefaultLazyTest
[INFO] Running org.apache.ibatis.submitted.empty_namespace.EmptyNamespaceTest
[INFO] Tests run: 1, Failures: 0, Errors: 0, Skipped: 0, Time elapsed: 0.015 s - in org.apache.ibatis.submitted.empty_namespace.EmptyNamespaceTest
[INFO] Running org.apache.ibatis.submitted.rounding.RoundingHandlersTest
[INFO] Tests run: 2, Failures: 0, Errors: 0, Skipped: 0, Time elapsed: 0.038 s - in org.apache.ibatis.submitted.rounding.RoundingHandlersTest
[INFO] Running org.apache.ibatis.submitted.missing_id_property.MissingIdPropertyTest
[INFO] Tests run: 1, Failures: 0, Errors: 0, Skipped: 0, Time elapsed: 0.011 s - in org.apache.ibatis.submitted.missing_id_property.MissingIdPropertyTest
[INFO] Running org.apache.ibatis.submitted.complex_type.ComplexTypeTest
[ERROR] Tests run: 1, Failures: 0, Errors: 1, Skipped: 0, Time elapsed: 0.011 s <<< FAILURE! - in org.apache.ibatis.submitted.complex_type.ComplexTypeTest
[ERROR] shouldUpdateProps(org.apache.ibatis.submitted.complex_type.ComplexTypeTest)  Time elapsed: 0.001 s  <<< ERROR!
org.apache.ibatis.exceptions.PersistenceException: 

### Error updating database.  Cause: java.lang.RuntimeException: MemberAccess implementation must be provided!
### Cause: java.lang.RuntimeException: MemberAccess implementation must be provided!
	at org.apache.ibatis.submitted.complex_type.ComplexTypeTest.shouldUpdateProps(ComplexTypeTest.java:71)
Caused by: java.lang.RuntimeException: MemberAccess implementation must be provided!
	at org.apache.ibatis.submitted.complex_type.ComplexTypeTest.shouldUpdateProps(ComplexTypeTest.java:71)

[INFO] Running org.apache.ibatis.submitted.ognl_enum.EnumWithOgnlTest
[ERROR] Tests run: 5, Failures: 0, Errors: 5, Skipped: 0, Time elapsed: 0.001 s <<< FAILURE! - in org.apache.ibatis.submitted.ognl_enum.EnumWithOgnlTest
[ERROR] testEnumWithOgnlDirectorNameAttribute(org.apache.ibatis.submitted.ognl_enum.EnumWithOgnlTest)  Time elapsed: 0.001 s  <<< ERROR!
org.apache.ibatis.exceptions.PersistenceException: 

### Error querying database.  Cause: java.lang.RuntimeException: MemberAccess implementation must be provided!
### Cause: java.lang.RuntimeException: MemberAccess implementation must be provided!
	at org.apache.ibatis.submitted.ognl_enum.EnumWithOgnlTest.testEnumWithOgnlDirectorNameAttribute(EnumWithOgnlTest.java:88)
Caused by: java.lang.RuntimeException: MemberAccess implementation must be provided!
	at org.apache.ibatis.submitted.ognl_enum.EnumWithOgnlTest.testEnumWithOgnlDirectorNameAttribute(EnumWithOgnlTest.java:88)

[ERROR] testEnumWithOgnl(org.apache.ibatis.submitted.ognl_enum.EnumWithOgnlTest)  Time elapsed: 0 s  <<< ERROR!
org.apache.ibatis.exceptions.PersistenceException: 

### Error querying database.  Cause: java.lang.RuntimeException: MemberAccess implementation must be provided!
### Cause: java.lang.RuntimeException: MemberAccess implementation must be provided!
	at org.apache.ibatis.submitted.ognl_enum.EnumWithOgnlTest.testEnumWithOgnl(EnumWithOgnlTest.java:70)
Caused by: java.lang.RuntimeException: MemberAccess implementation must be provided!
	at org.apache.ibatis.submitted.ognl_enum.EnumWithOgnlTest.testEnumWithOgnl(EnumWithOgnlTest.java:70)

[ERROR] testEnumWithOgnlDirector(org.apache.ibatis.submitted.ognl_enum.EnumWithOgnlTest)  Time elapsed: 0 s  <<< ERROR!
org.apache.ibatis.exceptions.PersistenceException: 

### Error querying database.  Cause: java.lang.RuntimeException: MemberAccess implementation must be provided!
### Cause: java.lang.RuntimeException: MemberAccess implementation must be provided!
	at org.apache.ibatis.submitted.ognl_enum.EnumWithOgnlTest.testEnumWithOgnlDirector(EnumWithOgnlTest.java:79)
Caused by: java.lang.RuntimeException: MemberAccess implementation must be provided!
	at org.apache.ibatis.submitted.ognl_enum.EnumWithOgnlTest.testEnumWithOgnlDirector(EnumWithOgnlTest.java:79)

[ERROR] testEnumWithOgnlDirectorWithInterface(org.apache.ibatis.submitted.ognl_enum.EnumWithOgnlTest)  Time elapsed: 0 s  <<< ERROR!
org.apache.ibatis.exceptions.PersistenceException: 

### Error querying database.  Cause: java.lang.RuntimeException: MemberAccess implementation must be provided!
### Cause: java.lang.RuntimeException: MemberAccess implementation must be provided!
	at org.apache.ibatis.submitted.ognl_enum.EnumWithOgnlTest.testEnumWithOgnlDirectorWithInterface(EnumWithOgnlTest.java:97)
Caused by: java.lang.RuntimeException: MemberAccess implementation must be provided!
	at org.apache.ibatis.submitted.ognl_enum.EnumWithOgnlTest.testEnumWithOgnlDirectorWithInterface(EnumWithOgnlTest.java:97)

[ERROR] testEnumWithOgnlDirectorNameAttributeWithInterface(org.apache.ibatis.submitted.ognl_enum.EnumWithOgnlTest)  Time elapsed: 0 s  <<< ERROR!
org.apache.ibatis.exceptions.PersistenceException: 

### Error querying database.  Cause: java.lang.RuntimeException: MemberAccess implementation must be provided!
### Cause: java.lang.RuntimeException: MemberAccess implementation must be provided!
	at org.apache.ibatis.submitted.ognl_enum.EnumWithOgnlTest.testEnumWithOgnlDirectorNameAttributeWithInterface(EnumWithOgnlTest.java:110)
Caused by: java.lang.RuntimeException: MemberAccess implementation must be provided!
	at org.apache.ibatis.submitted.ognl_enum.EnumWithOgnlTest.testEnumWithOgnlDirectorNameAttributeWithInterface(EnumWithOgnlTest.java:110)

[INFO] Running org.apache.ibatis.submitted.manyanno.ManyAnnoTest
[INFO] Tests run: 1, Failures: 0, Errors: 0, Skipped: 0, Time elapsed: 2.799 s - in org.apache.ibatis.submitted.manyanno.ManyAnnoTest
[INFO] Running org.apache.ibatis.submitted.lazy_immutable.ImmutablePOJOTest
[INFO] Tests run: 1, Failures: 0, Errors: 0, Skipped: 0, Time elapsed: 0 s - in org.apache.ibatis.submitted.lazy_immutable.ImmutablePOJOTest
[INFO] Running org.apache.ibatis.submitted.unknownobject.UnknownObjectTest
[INFO] Tests run: 1, Failures: 0, Errors: 0, Skipped: 0, Time elapsed: 0.003 s - in org.apache.ibatis.submitted.unknownobject.UnknownObjectTest
[INFO] Running org.apache.ibatis.submitted.integer_enum.IntegerEnumTest
[INFO] Tests run: 1, Failures: 0, Errors: 0, Skipped: 0, Time elapsed: 0.003 s - in org.apache.ibatis.submitted.integer_enum.IntegerEnumTest
[INFO] Running org.apache.ibatis.submitted.global_variables_defaults.XmlMapperTest
[INFO] Tests run: 2, Failures: 0, Errors: 0, Skipped: 0, Time elapsed: 0.023 s - in org.apache.ibatis.submitted.global_variables_defaults.XmlMapperTest
[INFO] Running org.apache.ibatis.submitted.global_variables_defaults.CustomizationTest
[ERROR] Tests run: 2, Failures: 0, Errors: 2, Skipped: 0, Time elapsed: 0.017 s <<< FAILURE! - in org.apache.ibatis.submitted.global_variables_defaults.CustomizationTest
[ERROR] applyDefaultValueWhenCustomizeDefaultValueSeparator(org.apache.ibatis.submitted.global_variables_defaults.CustomizationTest)  Time elapsed: 0.006 s  <<< ERROR!
org.apache.ibatis.exceptions.PersistenceException: 

### Error querying database.  Cause: java.lang.RuntimeException: MemberAccess implementation must be provided!
### Cause: java.lang.RuntimeException: MemberAccess implementation must be provided!
	at org.apache.ibatis.submitted.global_variables_defaults.CustomizationTest.applyDefaultValueWhenCustomizeDefaultValueSeparator(CustomizationTest.java:64)
Caused by: java.lang.RuntimeException: MemberAccess implementation must be provided!
	at org.apache.ibatis.submitted.global_variables_defaults.CustomizationTest.applyDefaultValueWhenCustomizeDefaultValueSeparator(CustomizationTest.java:64)

[ERROR] applyPropertyValueWhenCustomizeDefaultValueSeparator(org.apache.ibatis.submitted.global_variables_defaults.CustomizationTest)  Time elapsed: 0.011 s  <<< ERROR!
org.apache.ibatis.exceptions.PersistenceException: 

### Error querying database.  Cause: java.lang.RuntimeException: MemberAccess implementation must be provided!
### Cause: java.lang.RuntimeException: MemberAccess implementation must be provided!
	at org.apache.ibatis.submitted.global_variables_defaults.CustomizationTest.applyPropertyValueWhenCustomizeDefaultValueSeparator(CustomizationTest.java:101)
Caused by: java.lang.RuntimeException: MemberAccess implementation must be provided!
	at org.apache.ibatis.submitted.global_variables_defaults.CustomizationTest.applyPropertyValueWhenCustomizeDefaultValueSeparator(CustomizationTest.java:101)

[INFO] Running org.apache.ibatis.submitted.global_variables_defaults.AnnotationMapperTest
[INFO] Tests run: 2, Failures: 0, Errors: 0, Skipped: 0, Time elapsed: 0 s - in org.apache.ibatis.submitted.global_variables_defaults.AnnotationMapperTest
[INFO] Running org.apache.ibatis.submitted.global_variables_defaults.ConfigurationTest
[INFO] Tests run: 2, Failures: 0, Errors: 0, Skipped: 0, Time elapsed: 0.016 s - in org.apache.ibatis.submitted.global_variables_defaults.ConfigurationTest
[INFO] Running org.apache.ibatis.submitted.generictyperesolution.GenericTypeResolutionTest
[INFO] Tests run: 2, Failures: 0, Errors: 0, Skipped: 0, Time elapsed: 0.008 s - in org.apache.ibatis.submitted.generictyperesolution.GenericTypeResolutionTest
[INFO] Running org.apache.ibatis.submitted.extends_with_constructor.NpeExtendsTest
[INFO] Tests run: 4, Failures: 0, Errors: 0, Skipped: 0, Time elapsed: 0.03 s - in org.apache.ibatis.submitted.extends_with_constructor.NpeExtendsTest
[INFO] Running org.apache.ibatis.submitted.hashmaptypehandler.HashMapTypeHandlerTest
[INFO] Tests run: 4, Failures: 0, Errors: 0, Skipped: 0, Time elapsed: 0.015 s - in org.apache.ibatis.submitted.hashmaptypehandler.HashMapTypeHandlerTest
[INFO] Running org.apache.ibatis.submitted.initialized_collection_property.AuthorDAOTest
[WARNING] Tests run: 2, Failures: 0, Errors: 0, Skipped: 1, Time elapsed: 0.011 s - in org.apache.ibatis.submitted.initialized_collection_property.AuthorDAOTest
[INFO] Running org.apache.ibatis.submitted.parent_childs.ParentChildTest
[INFO] Tests run: 1, Failures: 0, Errors: 0, Skipped: 0, Time elapsed: 0.012 s - in org.apache.ibatis.submitted.parent_childs.ParentChildTest
[INFO] Running org.apache.ibatis.submitted.complex_property.ComponentTest
[INFO] Tests run: 1, Failures: 0, Errors: 0, Skipped: 0, Time elapsed: 0.01 s - in org.apache.ibatis.submitted.complex_property.ComponentTest
[INFO] Running org.apache.ibatis.submitted.no_param_type.NoParamTypeTest
[INFO] Tests run: 1, Failures: 0, Errors: 0, Skipped: 0, Time elapsed: 0 s - in org.apache.ibatis.submitted.no_param_type.NoParamTypeTest
[INFO] Running org.apache.ibatis.submitted.xml_external_ref.NonFullyQualifiedNamespaceTest
[INFO] Tests run: 1, Failures: 0, Errors: 0, Skipped: 0, Time elapsed: 0.015 s - in org.apache.ibatis.submitted.xml_external_ref.NonFullyQualifiedNamespaceTest
[INFO] Running org.apache.ibatis.submitted.xml_external_ref.ShortNameTest
[INFO] Tests run: 2, Failures: 0, Errors: 0, Skipped: 0, Time elapsed: 0.011 s - in org.apache.ibatis.submitted.xml_external_ref.ShortNameTest
[INFO] Running org.apache.ibatis.submitted.xml_external_ref.MultipleIncludeTest
[INFO] Tests run: 2, Failures: 0, Errors: 0, Skipped: 0, Time elapsed: 0.009 s - in org.apache.ibatis.submitted.xml_external_ref.MultipleIncludeTest
[INFO] Running org.apache.ibatis.submitted.xml_external_ref.MultipleCrossIncludeTest
[INFO] Tests run: 3, Failures: 0, Errors: 0, Skipped: 0, Time elapsed: 0.022 s - in org.apache.ibatis.submitted.xml_external_ref.MultipleCrossIncludeTest
[INFO] Running org.apache.ibatis.submitted.xml_external_ref.XmlExternalRefTest
[INFO] Tests run: 5, Failures: 0, Errors: 0, Skipped: 0, Time elapsed: 0.025 s - in org.apache.ibatis.submitted.xml_external_ref.XmlExternalRefTest
[INFO] Running org.apache.ibatis.submitted.xml_external_ref.ReverseIncludeTest
[INFO] Tests run: 2, Failures: 0, Errors: 0, Skipped: 0, Time elapsed: 0.007 s - in org.apache.ibatis.submitted.xml_external_ref.ReverseIncludeTest
[INFO] Running org.apache.ibatis.submitted.xml_external_ref.ResultMapReferenceTest
[INFO] Tests run: 2, Failures: 0, Errors: 0, Skipped: 0, Time elapsed: 0.009 s - in org.apache.ibatis.submitted.xml_external_ref.ResultMapReferenceTest
[INFO] Running org.apache.ibatis.submitted.xml_external_ref.ParameterMapReferenceTest
[INFO] Tests run: 2, Failures: 0, Errors: 0, Skipped: 0, Time elapsed: 0.011 s - in org.apache.ibatis.submitted.xml_external_ref.ParameterMapReferenceTest
[INFO] Running org.apache.ibatis.submitted.xml_external_ref.ResultMapExtendsTest
[INFO] Tests run: 2, Failures: 0, Errors: 0, Skipped: 0, Time elapsed: 0.009 s - in org.apache.ibatis.submitted.xml_external_ref.ResultMapExtendsTest
[INFO] Running org.apache.ibatis.submitted.xml_external_ref.MultipleReverseIncludeTest
[INFO] Tests run: 2, Failures: 0, Errors: 0, Skipped: 0, Time elapsed: 0.007 s - in org.apache.ibatis.submitted.xml_external_ref.MultipleReverseIncludeTest
[INFO] Running org.apache.ibatis.submitted.xml_external_ref.SameIdTest
[INFO] Tests run: 2, Failures: 0, Errors: 0, Skipped: 0, Time elapsed: 0.025 s - in org.apache.ibatis.submitted.xml_external_ref.SameIdTest
[INFO] Running org.apache.ibatis.submitted.extend.ExtendTest
[INFO] Tests run: 1, Failures: 0, Errors: 0, Skipped: 0, Time elapsed: 0 s - in org.apache.ibatis.submitted.extend.ExtendTest
[INFO] Running org.apache.ibatis.submitted.refid_resolution.RefidResolutionTest
[INFO] Tests run: 1, Failures: 0, Errors: 0, Skipped: 0, Time elapsed: 0.002 s - in org.apache.ibatis.submitted.refid_resolution.RefidResolutionTest
[INFO] Running org.apache.ibatis.submitted.refid_resolution.ExternalRefidResolutionTest
[INFO] Tests run: 1, Failures: 0, Errors: 0, Skipped: 0, Time elapsed: 0.003 s - in org.apache.ibatis.submitted.refid_resolution.ExternalRefidResolutionTest
[INFO] Running org.apache.ibatis.submitted.emptycollection.DaoTest
[INFO] Tests run: 3, Failures: 0, Errors: 0, Skipped: 0, Time elapsed: 0.019 s - in org.apache.ibatis.submitted.emptycollection.DaoTest
[INFO] Running org.apache.ibatis.submitted.generictypes.GenericTypesTest
[INFO] Tests run: 1, Failures: 0, Errors: 0, Skipped: 0, Time elapsed: 0.022 s - in org.apache.ibatis.submitted.generictypes.GenericTypesTest
[INFO] Running org.apache.ibatis.submitted.dynsql2.DynSqlTest
[ERROR] Tests run: 2, Failures: 0, Errors: 1, Skipped: 0, Time elapsed: 0.011 s <<< FAILURE! - in org.apache.ibatis.submitted.dynsql2.DynSqlTest
[ERROR] testDynamicSelectWithTypeHandler(org.apache.ibatis.submitted.dynsql2.DynSqlTest)  Time elapsed: 0 s  <<< ERROR!
org.apache.ibatis.exceptions.PersistenceException: 

### Error querying database.  Cause: java.lang.RuntimeException: MemberAccess implementation must be provided!
### Cause: java.lang.RuntimeException: MemberAccess implementation must be provided!
	at org.apache.ibatis.submitted.dynsql2.DynSqlTest.testDynamicSelectWithTypeHandler(DynSqlTest.java:88)
Caused by: java.lang.RuntimeException: MemberAccess implementation must be provided!
	at org.apache.ibatis.submitted.dynsql2.DynSqlTest.testDynamicSelectWithTypeHandler(DynSqlTest.java:88)

[INFO] Running org.apache.ibatis.submitted.count.CountTest
[INFO] Tests run: 1, Failures: 0, Errors: 0, Skipped: 0, Time elapsed: 0.001 s - in org.apache.ibatis.submitted.count.CountTest
[INFO] Running org.apache.ibatis.submitted.column_prefix.ColumnPrefixTest
[INFO] Tests run: 2, Failures: 0, Errors: 0, Skipped: 0, Time elapsed: 0.02 s - in org.apache.ibatis.submitted.column_prefix.ColumnPrefixTest
[INFO] Running org.apache.ibatis.submitted.column_prefix.ColumnPrefixAutoMappingTest
[INFO] Tests run: 3, Failures: 0, Errors: 0, Skipped: 0, Time elapsed: 0.049 s - in org.apache.ibatis.submitted.column_prefix.ColumnPrefixAutoMappingTest
[INFO] Running org.apache.ibatis.submitted.column_prefix.ColumnPrefixNestedQueryTest
[INFO] Tests run: 2, Failures: 0, Errors: 0, Skipped: 0, Time elapsed: 0.031 s - in org.apache.ibatis.submitted.column_prefix.ColumnPrefixNestedQueryTest
[INFO] Running org.apache.ibatis.submitted.multipleiterates.MultipleIteratesTest
[ERROR] Tests run: 1, Failures: 0, Errors: 1, Skipped: 0, Time elapsed: 0.004 s <<< FAILURE! - in org.apache.ibatis.submitted.multipleiterates.MultipleIteratesTest
[ERROR] shouldGetAUser(org.apache.ibatis.submitted.multipleiterates.MultipleIteratesTest)  Time elapsed: 0 s  <<< ERROR!
org.apache.ibatis.exceptions.PersistenceException: 

### Error updating database.  Cause: java.lang.RuntimeException: MemberAccess implementation must be provided!
### Cause: java.lang.RuntimeException: MemberAccess implementation must be provided!
	at org.apache.ibatis.submitted.multipleiterates.MultipleIteratesTest.shouldGetAUser(MultipleIteratesTest.java:62)
Caused by: java.lang.RuntimeException: MemberAccess implementation must be provided!
	at org.apache.ibatis.submitted.multipleiterates.MultipleIteratesTest.shouldGetAUser(MultipleIteratesTest.java:62)

[INFO] Running org.apache.ibatis.submitted.criterion.CriterionTest
[ERROR] Tests run: 1, Failures: 0, Errors: 1, Skipped: 0, Time elapsed: 0.014 s <<< FAILURE! - in org.apache.ibatis.submitted.criterion.CriterionTest
[ERROR] testSimpleSelect(org.apache.ibatis.submitted.criterion.CriterionTest)  Time elapsed: 0 s  <<< ERROR!
org.apache.ibatis.exceptions.PersistenceException: 

### Error querying database.  Cause: java.lang.RuntimeException: MemberAccess implementation must be provided!
### Cause: java.lang.RuntimeException: MemberAccess implementation must be provided!
	at org.apache.ibatis.submitted.criterion.CriterionTest.testSimpleSelect(CriterionTest.java:77)
Caused by: java.lang.RuntimeException: MemberAccess implementation must be provided!
	at org.apache.ibatis.submitted.criterion.CriterionTest.testSimpleSelect(CriterionTest.java:77)

[INFO] Running org.apache.ibatis.submitted.sptests.SPTest
[INFO] Tests run: 32, Failures: 0, Errors: 0, Skipped: 0, Time elapsed: 0.023 s - in org.apache.ibatis.submitted.sptests.SPTest
[INFO] Running org.apache.ibatis.submitted.result_handler.ResulthandlerTest
[INFO] Tests run: 2, Failures: 0, Errors: 0, Skipped: 0, Time elapsed: 0.005 s - in org.apache.ibatis.submitted.result_handler.ResulthandlerTest
[INFO] Running org.apache.ibatis.submitted.autodiscover.AutodiscoverTest
[INFO] Tests run: 3, Failures: 0, Errors: 0, Skipped: 0, Time elapsed: 0.012 s - in org.apache.ibatis.submitted.autodiscover.AutodiscoverTest
[INFO] Running org.apache.ibatis.submitted.mapper_type_parameter.MapperTypeParameterTest
[INFO] Tests run: 6, Failures: 0, Errors: 0, Skipped: 0, Time elapsed: 0.017 s - in org.apache.ibatis.submitted.mapper_type_parameter.MapperTypeParameterTest
[INFO] Running org.apache.ibatis.submitted.nestedresulthandler_multiple_association.NestedResultHandlerMultipleAssociationTest
[INFO] Tests run: 2, Failures: 0, Errors: 0, Skipped: 0, Time elapsed: 0.011 s - in org.apache.ibatis.submitted.nestedresulthandler_multiple_association.NestedResultHandlerMultipleAssociationTest
[INFO] Running org.apache.ibatis.submitted.typehandlerinjection.TypeHandlerInjectionTest
[INFO] Tests run: 1, Failures: 0, Errors: 0, Skipped: 0, Time elapsed: 0.006 s - in org.apache.ibatis.submitted.typehandlerinjection.TypeHandlerInjectionTest
[INFO] Running org.apache.ibatis.submitted.batch_test.BatchTest
[INFO] Tests run: 1, Failures: 0, Errors: 0, Skipped: 0, Time elapsed: 0.014 s - in org.apache.ibatis.submitted.batch_test.BatchTest
[INFO] Running org.apache.ibatis.submitted.foreach_map.ForEachMapTest
[ERROR] Tests run: 4, Failures: 0, Errors: 4, Skipped: 0, Time elapsed: 0.015 s <<< FAILURE! - in org.apache.ibatis.submitted.foreach_map.ForEachMapTest
[ERROR] shouldGetStringKeyStringValueEntries(org.apache.ibatis.submitted.foreach_map.ForEachMapTest)  Time elapsed: 0.001 s  <<< ERROR!
org.apache.ibatis.exceptions.PersistenceException: 

### Error updating database.  Cause: java.lang.RuntimeException: MemberAccess implementation must be provided!
### Cause: java.lang.RuntimeException: MemberAccess implementation must be provided!
	at org.apache.ibatis.submitted.foreach_map.ForEachMapTest.shouldGetStringKeyStringValueEntries(ForEachMapTest.java:71)
Caused by: java.lang.RuntimeException: MemberAccess implementation must be provided!
	at org.apache.ibatis.submitted.foreach_map.ForEachMapTest.shouldGetStringKeyStringValueEntries(ForEachMapTest.java:71)

[ERROR] shouldSubstituteIndexWithKey(org.apache.ibatis.submitted.foreach_map.ForEachMapTest)  Time elapsed: 0 s  <<< ERROR!
org.apache.ibatis.exceptions.PersistenceException: 

### Error querying database.  Cause: java.lang.RuntimeException: MemberAccess implementation must be provided!
### Cause: java.lang.RuntimeException: MemberAccess implementation must be provided!
	at org.apache.ibatis.submitted.foreach_map.ForEachMapTest.shouldSubstituteIndexWithKey(ForEachMapTest.java:107)
Caused by: java.lang.RuntimeException: MemberAccess implementation must be provided!
	at org.apache.ibatis.submitted.foreach_map.ForEachMapTest.shouldSubstituteIndexWithKey(ForEachMapTest.java:107)

[ERROR] shouldGetNestedBeanKeyValueEntries(org.apache.ibatis.submitted.foreach_map.ForEachMapTest)  Time elapsed: 0.001 s  <<< ERROR!
org.apache.ibatis.exceptions.PersistenceException: 

### Error updating database.  Cause: java.lang.RuntimeException: MemberAccess implementation must be provided!
### Cause: java.lang.RuntimeException: MemberAccess implementation must be provided!
	at org.apache.ibatis.submitted.foreach_map.ForEachMapTest.shouldGetNestedBeanKeyValueEntries(ForEachMapTest.java:95)
Caused by: java.lang.RuntimeException: MemberAccess implementation must be provided!
	at org.apache.ibatis.submitted.foreach_map.ForEachMapTest.shouldGetNestedBeanKeyValueEntries(ForEachMapTest.java:95)

[ERROR] shouldGetIntKeyBoolValueEntries(org.apache.ibatis.submitted.foreach_map.ForEachMapTest)  Time elapsed: 0 s  <<< ERROR!
org.apache.ibatis.exceptions.PersistenceException: 

### Error updating database.  Cause: java.lang.RuntimeException: MemberAccess implementation must be provided!
### Cause: java.lang.RuntimeException: MemberAccess implementation must be provided!
	at org.apache.ibatis.submitted.foreach_map.ForEachMapTest.shouldGetIntKeyBoolValueEntries(ForEachMapTest.java:83)
Caused by: java.lang.RuntimeException: MemberAccess implementation must be provided!
	at org.apache.ibatis.submitted.foreach_map.ForEachMapTest.shouldGetIntKeyBoolValueEntries(ForEachMapTest.java:83)

[INFO] Running org.apache.ibatis.submitted.permissions.PermissionsTest
[INFO] Tests run: 2, Failures: 0, Errors: 0, Skipped: 0, Time elapsed: 0.009 s - in org.apache.ibatis.submitted.permissions.PermissionsTest
[INFO] Running org.apache.ibatis.submitted.ancestor_ref.AncestorRefTest
[INFO] Tests run: 3, Failures: 0, Errors: 0, Skipped: 0, Time elapsed: 0.013 s - in org.apache.ibatis.submitted.ancestor_ref.AncestorRefTest
[INFO] Running org.apache.ibatis.submitted.extendresultmap.ExtendResultMapTest
[INFO] Tests run: 1, Failures: 0, Errors: 0, Skipped: 0, Time elapsed: 0.001 s - in org.apache.ibatis.submitted.extendresultmap.ExtendResultMapTest
[INFO] Running org.apache.ibatis.submitted.batch_keys.BatchKeysTest
[INFO] Tests run: 5, Failures: 0, Errors: 0, Skipped: 0, Time elapsed: 0.045 s - in org.apache.ibatis.submitted.batch_keys.BatchKeysTest
[INFO] Running org.apache.ibatis.submitted.primitive_array.PrimitiveArrayTest
[INFO] Tests run: 1, Failures: 0, Errors: 0, Skipped: 0, Time elapsed: 0.011 s - in org.apache.ibatis.submitted.primitive_array.PrimitiveArrayTest
[INFO] Running org.apache.ibatis.submitted.nestedresulthandler.NestedResultHandlerTest
[INFO] Tests run: 5, Failures: 0, Errors: 0, Skipped: 0, Time elapsed: 0.016 s - in org.apache.ibatis.submitted.nestedresulthandler.NestedResultHandlerTest
[INFO] Running org.apache.ibatis.submitted.multipleresultsetswithassociation.MultipleResultSetTest
[INFO] Tests run: 2, Failures: 0, Errors: 0, Skipped: 0, Time elapsed: 0.012 s - in org.apache.ibatis.submitted.multipleresultsetswithassociation.MultipleResultSetTest
[INFO] Running org.apache.ibatis.submitted.global_variables.BaseTest
[INFO] Tests run: 2, Failures: 0, Errors: 0, Skipped: 0, Time elapsed: 0.012 s - in org.apache.ibatis.submitted.global_variables.BaseTest
[INFO] Running org.apache.ibatis.submitted.blobtest.BlobTest
[INFO] Tests run: 2, Failures: 0, Errors: 0, Skipped: 0, Time elapsed: 0.014 s - in org.apache.ibatis.submitted.blobtest.BlobTest
[INFO] Running org.apache.ibatis.submitted.automapping.AutomappingTest
[INFO] Tests run: 10, Failures: 0, Errors: 0, Skipped: 0, Time elapsed: 0.015 s - in org.apache.ibatis.submitted.automapping.AutomappingTest
[INFO] Running org.apache.ibatis.submitted.flush_statement_npe.FlushStatementNpeTest
[INFO] Tests run: 3, Failures: 0, Errors: 0, Skipped: 0, Time elapsed: 0.007 s - in org.apache.ibatis.submitted.flush_statement_npe.FlushStatementNpeTest
[INFO] Running org.apache.ibatis.submitted.foreach.ForEachTest
[ERROR] Tests run: 7, Failures: 1, Errors: 6, Skipped: 0, Time elapsed: 0.021 s <<< FAILURE! - in org.apache.ibatis.submitted.foreach.ForEachTest
[ERROR] shouldRemoveIndexVariableInTheContext(org.apache.ibatis.submitted.foreach.ForEachTest)  Time elapsed: 0.001 s  <<< ERROR!
org.apache.ibatis.exceptions.PersistenceException: 

### Error querying database.  Cause: java.lang.RuntimeException: MemberAccess implementation must be provided!
### Cause: java.lang.RuntimeException: MemberAccess implementation must be provided!
	at org.apache.ibatis.submitted.foreach.ForEachTest.shouldRemoveIndexVariableInTheContext(ForEachTest.java:163)
Caused by: java.lang.RuntimeException: MemberAccess implementation must be provided!
	at org.apache.ibatis.submitted.foreach.ForEachTest.shouldRemoveIndexVariableInTheContext(ForEachTest.java:163)

[ERROR] nullItemInContext(org.apache.ibatis.submitted.foreach.ForEachTest)  Time elapsed: 0 s  <<< ERROR!
org.apache.ibatis.exceptions.PersistenceException: 

### Error querying database.  Cause: java.lang.RuntimeException: MemberAccess implementation must be provided!
### Cause: java.lang.RuntimeException: MemberAccess implementation must be provided!
	at org.apache.ibatis.submitted.foreach.ForEachTest.nullItemInContext(ForEachTest.java:126)
Caused by: java.lang.RuntimeException: MemberAccess implementation must be provided!
	at org.apache.ibatis.submitted.foreach.ForEachTest.nullItemInContext(ForEachTest.java:126)

[ERROR] shouldHandleComplexNullItem(org.apache.ibatis.submitted.foreach.ForEachTest)  Time elapsed: 0 s  <<< ERROR!
org.apache.ibatis.exceptions.PersistenceException: 

### Error querying database.  Cause: java.lang.RuntimeException: MemberAccess implementation must be provided!
### Cause: java.lang.RuntimeException: MemberAccess implementation must be provided!
	at org.apache.ibatis.submitted.foreach.ForEachTest.shouldHandleComplexNullItem(ForEachTest.java:90)
Caused by: java.lang.RuntimeException: MemberAccess implementation must be provided!
	at org.apache.ibatis.submitted.foreach.ForEachTest.shouldHandleComplexNullItem(ForEachTest.java:90)

[ERROR] shouldHandleMoreComplexNullItem(org.apache.ibatis.submitted.foreach.ForEachTest)  Time elapsed: 0 s  <<< ERROR!
org.apache.ibatis.exceptions.PersistenceException: 

### Error querying database.  Cause: java.lang.RuntimeException: MemberAccess implementation must be provided!
### Cause: java.lang.RuntimeException: MemberAccess implementation must be provided!
	at org.apache.ibatis.submitted.foreach.ForEachTest.shouldHandleMoreComplexNullItem(ForEachTest.java:109)
Caused by: java.lang.RuntimeException: MemberAccess implementation must be provided!
	at org.apache.ibatis.submitted.foreach.ForEachTest.shouldHandleMoreComplexNullItem(ForEachTest.java:109)

[ERROR] shouldGetAUser(org.apache.ibatis.submitted.foreach.ForEachTest)  Time elapsed: 0 s  <<< ERROR!
org.apache.ibatis.exceptions.PersistenceException: 

### Error querying database.  Cause: java.lang.RuntimeException: MemberAccess implementation must be provided!
### Cause: java.lang.RuntimeException: MemberAccess implementation must be provided!
	at org.apache.ibatis.submitted.foreach.ForEachTest.shouldGetAUser(ForEachTest.java:72)
Caused by: java.lang.RuntimeException: MemberAccess implementation must be provided!
	at org.apache.ibatis.submitted.foreach.ForEachTest.shouldGetAUser(ForEachTest.java:72)

[ERROR] shouldRemoveItemVariableInTheContext(org.apache.ibatis.submitted.foreach.ForEachTest)  Time elapsed: 0.001 s  <<< ERROR!
org.apache.ibatis.exceptions.PersistenceException: 

### Error querying database.  Cause: java.lang.RuntimeException: MemberAccess implementation must be provided!
### Cause: java.lang.RuntimeException: MemberAccess implementation must be provided!
	at org.apache.ibatis.submitted.foreach.ForEachTest.shouldRemoveItemVariableInTheContext(ForEachTest.java:151)
Caused by: java.lang.RuntimeException: MemberAccess implementation must be provided!
	at org.apache.ibatis.submitted.foreach.ForEachTest.shouldRemoveItemVariableInTheContext(ForEachTest.java:151)

[ERROR] shouldReportMissingPropertyName(org.apache.ibatis.submitted.foreach.ForEachTest)  Time elapsed: 0.007 s  <<< FAILURE!
java.lang.AssertionError: 

Expecting:
 <"
### Error updating database.  Cause: java.lang.RuntimeException: MemberAccess implementation must be provided!
### Cause: java.lang.RuntimeException: MemberAccess implementation must be provided!">
to contain:
 <"There is no getter for property named 'idd' in 'class org.apache.ibatis.submitted.foreach.User'"> 
	at org.apache.ibatis.submitted.foreach.ForEachTest.shouldReportMissingPropertyName(ForEachTest.java:140)

[INFO] Running org.apache.ibatis.submitted.primitive_result_type.PrimitiveResultTypeTest
[INFO] Tests run: 2, Failures: 0, Errors: 0, Skipped: 0, Time elapsed: 2.574 s - in org.apache.ibatis.submitted.primitive_result_type.PrimitiveResultTypeTest
[INFO] Running org.apache.ibatis.submitted.nested_query_cache.NestedQueryCacheTest
[INFO] Tests run: 2, Failures: 0, Errors: 0, Skipped: 0, Time elapsed: 0.029 s - in org.apache.ibatis.submitted.nested_query_cache.NestedQueryCacheTest
[INFO] Running org.apache.ibatis.submitted.nested.NestedForEachTest
[ERROR] Tests run: 5, Failures: 0, Errors: 5, Skipped: 0, Time elapsed: 0.014 s <<< FAILURE! - in org.apache.ibatis.submitted.nested.NestedForEachTest
[ERROR] testSimpleSelectWithPrimitives(org.apache.ibatis.submitted.nested.NestedForEachTest)  Time elapsed: 0 s  <<< ERROR!
org.apache.ibatis.exceptions.PersistenceException: 

### Error querying database.  Cause: java.lang.RuntimeException: MemberAccess implementation must be provided!
### Cause: java.lang.RuntimeException: MemberAccess implementation must be provided!
	at org.apache.ibatis.submitted.nested.NestedForEachTest.testSimpleSelectWithPrimitives(NestedForEachTest.java:94)
Caused by: java.lang.RuntimeException: MemberAccess implementation must be provided!
	at org.apache.ibatis.submitted.nested.NestedForEachTest.testSimpleSelectWithPrimitives(NestedForEachTest.java:94)

[ERROR] testSimpleSelect(org.apache.ibatis.submitted.nested.NestedForEachTest)  Time elapsed: 0.001 s  <<< ERROR!
org.apache.ibatis.exceptions.PersistenceException: 

### Error querying database.  Cause: java.lang.RuntimeException: MemberAccess implementation must be provided!
### Cause: java.lang.RuntimeException: MemberAccess implementation must be provided!
	at org.apache.ibatis.submitted.nested.NestedForEachTest.testSimpleSelect(NestedForEachTest.java:77)
Caused by: java.lang.RuntimeException: MemberAccess implementation must be provided!
	at org.apache.ibatis.submitted.nested.NestedForEachTest.testSimpleSelect(NestedForEachTest.java:77)

[ERROR] testSimpleSelectWithMapperAndPrimitives(org.apache.ibatis.submitted.nested.NestedForEachTest)  Time elapsed: 0.001 s  <<< ERROR!
org.apache.ibatis.exceptions.PersistenceException: 

### Error querying database.  Cause: java.lang.RuntimeException: MemberAccess implementation must be provided!
### Cause: java.lang.RuntimeException: MemberAccess implementation must be provided!
	at org.apache.ibatis.submitted.nested.NestedForEachTest.testSimpleSelectWithMapperAndPrimitives(NestedForEachTest.java:107)
Caused by: java.lang.RuntimeException: MemberAccess implementation must be provided!
	at org.apache.ibatis.submitted.nested.NestedForEachTest.testSimpleSelectWithMapperAndPrimitives(NestedForEachTest.java:107)

[ERROR] testNestedSelect(org.apache.ibatis.submitted.nested.NestedForEachTest)  Time elapsed: 0 s  <<< ERROR!
org.apache.ibatis.exceptions.PersistenceException: 

### Error querying database.  Cause: java.lang.RuntimeException: MemberAccess implementation must be provided!
### Cause: java.lang.RuntimeException: MemberAccess implementation must be provided!
	at org.apache.ibatis.submitted.nested.NestedForEachTest.testNestedSelect(NestedForEachTest.java:127)
Caused by: java.lang.RuntimeException: MemberAccess implementation must be provided!
	at org.apache.ibatis.submitted.nested.NestedForEachTest.testNestedSelect(NestedForEachTest.java:127)

[ERROR] testNestedSelect2(org.apache.ibatis.submitted.nested.NestedForEachTest)  Time elapsed: 0 s  <<< ERROR!
org.apache.ibatis.exceptions.PersistenceException: 

### Error querying database.  Cause: java.lang.RuntimeException: MemberAccess implementation must be provided!
### Cause: java.lang.RuntimeException: MemberAccess implementation must be provided!
	at org.apache.ibatis.submitted.nested.NestedForEachTest.testNestedSelect2(NestedForEachTest.java:153)
Caused by: java.lang.RuntimeException: MemberAccess implementation must be provided!
	at org.apache.ibatis.submitted.nested.NestedForEachTest.testNestedSelect2(NestedForEachTest.java:153)

[INFO] Running org.apache.ibatis.submitted.immutable_constructor.ImmutablePOJOTest
[INFO] Tests run: 2, Failures: 0, Errors: 0, Skipped: 0, Time elapsed: 0.008 s - in org.apache.ibatis.submitted.immutable_constructor.ImmutablePOJOTest
[INFO] Running org.apache.ibatis.submitted.array_result_type.ArrayResultTypeTest
[INFO] Tests run: 4, Failures: 0, Errors: 0, Skipped: 0, Time elapsed: 0.013 s - in org.apache.ibatis.submitted.array_result_type.ArrayResultTypeTest
[INFO] Running org.apache.ibatis.submitted.usesjava8.use_actual_param_name.UseActualParamNameTest
[ERROR] Tests run: 4, Failures: 0, Errors: 2, Skipped: 0, Time elapsed: 3.471 s <<< FAILURE! - in org.apache.ibatis.submitted.usesjava8.use_actual_param_name.UseActualParamNameTest
[ERROR] shouldListParamBeReferencedByActualNameIfAnotherParamExists(org.apache.ibatis.submitted.usesjava8.use_actual_param_name.UseActualParamNameTest)  Time elapsed: 0 s  <<< ERROR!
org.apache.ibatis.exceptions.PersistenceException: 

### Error querying database.  Cause: java.lang.RuntimeException: MemberAccess implementation must be provided!
### Cause: java.lang.RuntimeException: MemberAccess implementation must be provided!
	at org.apache.ibatis.submitted.usesjava8.use_actual_param_name.UseActualParamNameTest.shouldListParamBeReferencedByActualNameIfAnotherParamExists(UseActualParamNameTest.java:99)
Caused by: java.lang.RuntimeException: MemberAccess implementation must be provided!
	at org.apache.ibatis.submitted.usesjava8.use_actual_param_name.UseActualParamNameTest.shouldListParamBeReferencedByActualNameIfAnotherParamExists(UseActualParamNameTest.java:99)

[ERROR] shouldSoleListParamBeReferencedByImplicitName(org.apache.ibatis.submitted.usesjava8.use_actual_param_name.UseActualParamNameTest)  Time elapsed: 0.001 s  <<< ERROR!
org.apache.ibatis.exceptions.PersistenceException: 

### Error querying database.  Cause: java.lang.RuntimeException: MemberAccess implementation must be provided!
### Cause: java.lang.RuntimeException: MemberAccess implementation must be provided!
	at org.apache.ibatis.submitted.usesjava8.use_actual_param_name.UseActualParamNameTest.shouldSoleListParamBeReferencedByImplicitName(UseActualParamNameTest.java:87)
Caused by: java.lang.RuntimeException: MemberAccess implementation must be provided!
	at org.apache.ibatis.submitted.usesjava8.use_actual_param_name.UseActualParamNameTest.shouldSoleListParamBeReferencedByImplicitName(UseActualParamNameTest.java:87)

[INFO] Running org.apache.ibatis.submitted.usesjava8.postgres_genkeys.PostgresGeneratedKeysTest

[INFO] Tests run: 3, Failures: 0, Errors: 0, Skipped: 0, Time elapsed: 0.424 s - in org.apache.ibatis.submitted.usesjava8.postgres_genkeys.PostgresGeneratedKeysTest
[INFO] Running org.apache.ibatis.submitted.usesjava8.default_method.DefaultMethodTest
[INFO] Tests run: 3, Failures: 0, Errors: 0, Skipped: 0, Time elapsed: 0.017 s - in org.apache.ibatis.submitted.usesjava8.default_method.DefaultMethodTest
[INFO] Running org.apache.ibatis.submitted.collectionparameters.CollectionParametersTest
[ERROR] Tests run: 3, Failures: 0, Errors: 3, Skipped: 0, Time elapsed: 0 s <<< FAILURE! - in org.apache.ibatis.submitted.collectionparameters.CollectionParametersTest
[ERROR] shouldGetTwoUsersPassingAList(org.apache.ibatis.submitted.collectionparameters.CollectionParametersTest)  Time elapsed: 0 s  <<< ERROR!
org.apache.ibatis.exceptions.PersistenceException: 

### Error querying database.  Cause: java.lang.RuntimeException: MemberAccess implementation must be provided!
### Cause: java.lang.RuntimeException: MemberAccess implementation must be provided!
	at org.apache.ibatis.submitted.collectionparameters.CollectionParametersTest.shouldGetTwoUsersPassingAList(CollectionParametersTest.java:65)
Caused by: java.lang.RuntimeException: MemberAccess implementation must be provided!
	at org.apache.ibatis.submitted.collectionparameters.CollectionParametersTest.shouldGetTwoUsersPassingAList(CollectionParametersTest.java:65)

[ERROR] shouldGetTwoUsersPassingACollection(org.apache.ibatis.submitted.collectionparameters.CollectionParametersTest)  Time elapsed: 0 s  <<< ERROR!
org.apache.ibatis.exceptions.PersistenceException: 

### Error querying database.  Cause: java.lang.RuntimeException: MemberAccess implementation must be provided!
### Cause: java.lang.RuntimeException: MemberAccess implementation must be provided!
	at org.apache.ibatis.submitted.collectionparameters.CollectionParametersTest.shouldGetTwoUsersPassingACollection(CollectionParametersTest.java:95)
Caused by: java.lang.RuntimeException: MemberAccess implementation must be provided!
	at org.apache.ibatis.submitted.collectionparameters.CollectionParametersTest.shouldGetTwoUsersPassingACollection(CollectionParametersTest.java:95)

[ERROR] shouldGetTwoUsersPassingAnArray(org.apache.ibatis.submitted.collectionparameters.CollectionParametersTest)  Time elapsed: 0 s  <<< ERROR!
org.apache.ibatis.exceptions.PersistenceException: 

### Error querying database.  Cause: java.lang.RuntimeException: MemberAccess implementation must be provided!
### Cause: java.lang.RuntimeException: MemberAccess implementation must be provided!
	at org.apache.ibatis.submitted.collectionparameters.CollectionParametersTest.shouldGetTwoUsersPassingAnArray(CollectionParametersTest.java:80)
Caused by: java.lang.RuntimeException: MemberAccess implementation must be provided!
	at org.apache.ibatis.submitted.collectionparameters.CollectionParametersTest.shouldGetTwoUsersPassingAnArray(CollectionParametersTest.java:80)

[INFO] Running org.apache.ibatis.submitted.cache.CacheTest
[INFO] Tests run: 10, Failures: 0, Errors: 0, Skipped: 0, Time elapsed: 0.095 s - in org.apache.ibatis.submitted.cache.CacheTest
[INFO] Running org.apache.ibatis.submitted.serializecircular.SerializeCircularTest
[INFO] Tests run: 4, Failures: 0, Errors: 0, Skipped: 0, Time elapsed: 0.088 s - in org.apache.ibatis.submitted.serializecircular.SerializeCircularTest
[INFO] Running org.apache.ibatis.submitted.heavy_initial_load.HeavyInitialLoadTest
[ERROR] Tests run: 1, Failures: 1, Errors: 0, Skipped: 0, Time elapsed: 0.016 s <<< FAILURE! - in org.apache.ibatis.submitted.heavy_initial_load.HeavyInitialLoadTest
[ERROR] selectThingsConcurrently_mybatis_issue_224(org.apache.ibatis.submitted.heavy_initial_load.HeavyInitialLoadTest)  Time elapsed: 0.015 s  <<< FAILURE!
java.lang.AssertionError: 
There were exceptions: [org.apache.ibatis.exceptions.PersistenceException: 
### Error querying database.  Cause: java.lang.RuntimeException: MemberAccess implementation must be provided!
### Cause: java.lang.RuntimeException: MemberAccess implementation must be provided!, org.apache.ibatis.exceptions.PersistenceException: 
### Error querying database.  Cause: java.lang.RuntimeException: MemberAccess implementation must be provided!
### Cause: java.lang.RuntimeException: MemberAccess implementation must be provided!, org.apache.ibatis.exceptions.PersistenceException: 
### Error querying database.  Cause: java.lang.RuntimeException: MemberAccess implementation must be provided!
### Cause: java.lang.RuntimeException: MemberAccess implementation must be provided!, org.apache.ibatis.exceptions.PersistenceException: 
### Error querying database.  Cause: java.lang.RuntimeException: MemberAccess implementation must be provided!
### Cause: java.lang.RuntimeException: MemberAccess implementation must be provided!, org.apache.ibatis.exceptions.PersistenceException: 
### Error querying database.  Cause: java.lang.RuntimeException: MemberAccess implementation must be provided!
### Cause: java.lang.RuntimeException: MemberAccess implementation must be provided!]
	at org.apache.ibatis.submitted.heavy_initial_load.HeavyInitialLoadTest.selectThingsConcurrently_mybatis_issue_224(HeavyInitialLoadTest.java:95)

[INFO] Running org.apache.ibatis.submitted.custom_collection_handling.CustomCollectionHandlingTest
[INFO] Tests run: 2, Failures: 0, Errors: 0, Skipped: 0, Time elapsed: 0.047 s - in org.apache.ibatis.submitted.custom_collection_handling.CustomCollectionHandlingTest
[INFO] Running org.apache.ibatis.submitted.inheritance.InheritanceTest
[INFO] Tests run: 1, Failures: 0, Errors: 0, Skipped: 0, Time elapsed: 0.011 s - in org.apache.ibatis.submitted.inheritance.InheritanceTest
[INFO] Running org.apache.ibatis.submitted.enumtypehandler_on_map.EnumTypeHandlerTest
[INFO] Tests run: 2, Failures: 0, Errors: 0, Skipped: 0, Time elapsed: 0.01 s - in org.apache.ibatis.submitted.enumtypehandler_on_map.EnumTypeHandlerTest
[INFO] Running org.apache.ibatis.submitted.nonexistentvariables.NonExistentVariablesTest
[INFO] Tests run: 1, Failures: 0, Errors: 0, Skipped: 0, Time elapsed: 0.013 s - in org.apache.ibatis.submitted.nonexistentvariables.NonExistentVariablesTest
[INFO] Running org.apache.ibatis.submitted.mapper_extend.MapperExtendTest
[INFO] Tests run: 6, Failures: 0, Errors: 0, Skipped: 0, Time elapsed: 0.017 s - in org.apache.ibatis.submitted.mapper_extend.MapperExtendTest
[INFO] Running org.apache.ibatis.submitted.complex_column.ComplexColumnTest
[INFO] Tests run: 6, Failures: 0, Errors: 0, Skipped: 0, Time elapsed: 0.008 s - in org.apache.ibatis.submitted.complex_column.ComplexColumnTest
[INFO] Running org.apache.ibatis.submitted.quotedcolumnnames.QuotedColumnNamesTest
[INFO] Tests run: 2, Failures: 0, Errors: 0, Skipped: 0, Time elapsed: 0.011 s - in org.apache.ibatis.submitted.quotedcolumnnames.QuotedColumnNamesTest
[INFO] Running org.apache.ibatis.submitted.simplelistparameter.SimpleListParameterTest
[INFO] Tests run: 3, Failures: 0, Errors: 0, Skipped: 0, Time elapsed: 0.011 s - in org.apache.ibatis.submitted.simplelistparameter.SimpleListParameterTest
[INFO] Running org.apache.ibatis.submitted.results_id.ResultsIdTest
[INFO] Tests run: 4, Failures: 0, Errors: 0, Skipped: 0, Time elapsed: 0.001 s - in org.apache.ibatis.submitted.results_id.ResultsIdTest
[INFO] Running org.apache.ibatis.submitted.results_id.IdConflictTest
[INFO] Tests run: 1, Failures: 0, Errors: 0, Skipped: 0, Time elapsed: 0.006 s - in org.apache.ibatis.submitted.results_id.IdConflictTest
[INFO] Running org.apache.ibatis.submitted.call_setters_on_nulls_again.MyBatisTest
[INFO] Tests run: 1, Failures: 0, Errors: 0, Skipped: 0, Time elapsed: 0.015 s - in org.apache.ibatis.submitted.call_setters_on_nulls_again.MyBatisTest
[INFO] Running org.apache.ibatis.submitted.keygen.Jdbc3KeyGeneratorTest
[ERROR] Tests run: 2, Failures: 0, Errors: 1, Skipped: 1, Time elapsed: 0 s <<< FAILURE! - in org.apache.ibatis.submitted.keygen.Jdbc3KeyGeneratorTest
[ERROR] shouldInsertListAndRetrieveId(org.apache.ibatis.submitted.keygen.Jdbc3KeyGeneratorTest)  Time elapsed: 0 s  <<< ERROR!
org.apache.ibatis.exceptions.PersistenceException: 

### Error updating database.  Cause: java.lang.RuntimeException: MemberAccess implementation must be provided!
### Cause: java.lang.RuntimeException: MemberAccess implementation must be provided!
	at org.apache.ibatis.submitted.keygen.Jdbc3KeyGeneratorTest.shouldInsertListAndRetrieveId(Jdbc3KeyGeneratorTest.java:73)
Caused by: java.lang.RuntimeException: MemberAccess implementation must be provided!
	at org.apache.ibatis.submitted.keygen.Jdbc3KeyGeneratorTest.shouldInsertListAndRetrieveId(Jdbc3KeyGeneratorTest.java:73)

[INFO] Running org.apache.ibatis.submitted.map_class_name_conflict.MapperNameTest
[INFO] Tests run: 1, Failures: 0, Errors: 0, Skipped: 0, Time elapsed: 0.002 s - in org.apache.ibatis.submitted.map_class_name_conflict.MapperNameTest
[INFO] Running org.apache.ibatis.submitted.parametrizedlist.ParametrizedListTest
[INFO] Tests run: 4, Failures: 0, Errors: 0, Skipped: 0, Time elapsed: 0.025 s - in org.apache.ibatis.submitted.parametrizedlist.ParametrizedListTest
[INFO] Running org.apache.ibatis.submitted.named_constructor_args.InvalidNamedConstructorArgsTest
[INFO] Tests run: 3, Failures: 0, Errors: 0, Skipped: 0, Time elapsed: 0.006 s - in org.apache.ibatis.submitted.named_constructor_args.InvalidNamedConstructorArgsTest
[INFO] Running org.apache.ibatis.submitted.named_constructor_args.usesjava8.NamedConstructorArgsUseActualNameTest
[INFO] Tests run: 2, Failures: 0, Errors: 0, Skipped: 0, Time elapsed: 0.005 s - in org.apache.ibatis.submitted.named_constructor_args.usesjava8.NamedConstructorArgsUseActualNameTest
[INFO] Running org.apache.ibatis.submitted.named_constructor_args.NamedConstructorArgsTest
[INFO] Tests run: 2, Failures: 0, Errors: 0, Skipped: 0, Time elapsed: 0.009 s - in org.apache.ibatis.submitted.named_constructor_args.NamedConstructorArgsTest
[INFO] Running org.apache.ibatis.submitted.javassist.JavassistTest
[INFO] Tests run: 1, Failures: 0, Errors: 0, Skipped: 0, Time elapsed: 0.007 s - in org.apache.ibatis.submitted.javassist.JavassistTest
[INFO] Running org.apache.ibatis.submitted.nestedresulthandler_association.NestedResultHandlerAssociationTest
[INFO] Tests run: 2, Failures: 0, Errors: 0, Skipped: 0, Time elapsed: 0.001 s - in org.apache.ibatis.submitted.nestedresulthandler_association.NestedResultHandlerAssociationTest
[INFO] Running org.apache.ibatis.submitted.xml_references.EnumWithOgnlTest
[INFO] Tests run: 2, Failures: 0, Errors: 0, Skipped: 0, Time elapsed: 0.008 s - in org.apache.ibatis.submitted.xml_references.EnumWithOgnlTest
[INFO] Running org.apache.ibatis.submitted.parent_reference_3level.BlogTest
[INFO] Tests run: 4, Failures: 0, Errors: 0, Skipped: 0, Time elapsed: 0.027 s - in org.apache.ibatis.submitted.parent_reference_3level.BlogTest
[INFO] Running org.apache.ibatis.submitted.basetest.BaseTest
[INFO] Tests run: 2, Failures: 0, Errors: 0, Skipped: 0, Time elapsed: 0.009 s - in org.apache.ibatis.submitted.basetest.BaseTest
[INFO] Running org.apache.ibatis.submitted.encoding.EncodingTest
[INFO] Tests run: 2, Failures: 0, Errors: 0, Skipped: 0, Time elapsed: 0.008 s - in org.apache.ibatis.submitted.encoding.EncodingTest
[INFO] Running org.apache.ibatis.submitted.associationtype.AssociationTypeTest
[INFO] Tests run: 1, Failures: 0, Errors: 0, Skipped: 0, Time elapsed: 0.009 s - in org.apache.ibatis.submitted.associationtype.AssociationTypeTest
[INFO] Running org.apache.ibatis.submitted.enum_interface_type_handler.EnumInterfaceTypeHandlerTest
[INFO] Tests run: 2, Failures: 0, Errors: 0, Skipped: 0, Time elapsed: 0.011 s - in org.apache.ibatis.submitted.enum_interface_type_handler.EnumInterfaceTypeHandlerTest
[INFO] Running org.apache.ibatis.submitted.not_null_column.NotNullColumnTest
[INFO] Tests run: 8, Failures: 0, Errors: 0, Skipped: 0, Time elapsed: 0.003 s - in org.apache.ibatis.submitted.not_null_column.NotNullColumnTest
[INFO] Running org.apache.ibatis.submitted.duplicate_statements.DuplicateStatementsTest
[WARNING] Tests run: 5, Failures: 0, Errors: 0, Skipped: 2, Time elapsed: 0.026 s - in org.apache.ibatis.submitted.duplicate_statements.DuplicateStatementsTest
[INFO] Running org.apache.ibatis.submitted.substitution_in_annots.SubstitutionInAnnotsTest
[ERROR] Tests run: 4, Failures: 0, Errors: 4, Skipped: 0, Time elapsed: 0.011 s <<< FAILURE! - in org.apache.ibatis.submitted.substitution_in_annots.SubstitutionInAnnotsTest
[ERROR] testSubstitutionWithAnnotsParamAnnot(org.apache.ibatis.submitted.substitution_in_annots.SubstitutionInAnnotsTest)  Time elapsed: 0 s  <<< ERROR!
org.apache.ibatis.exceptions.PersistenceException: 

### Error querying database.  Cause: java.lang.RuntimeException: MemberAccess implementation must be provided!
### Cause: java.lang.RuntimeException: MemberAccess implementation must be provided!
	at org.apache.ibatis.submitted.substitution_in_annots.SubstitutionInAnnotsTest.testSubstitutionWithAnnotsParamAnnot(SubstitutionInAnnotsTest.java:101)
Caused by: java.lang.RuntimeException: MemberAccess implementation must be provided!
	at org.apache.ibatis.submitted.substitution_in_annots.SubstitutionInAnnotsTest.testSubstitutionWithAnnotsParamAnnot(SubstitutionInAnnotsTest.java:101)

[ERROR] testSubstitutionWithAnnotsParameter(org.apache.ibatis.submitted.substitution_in_annots.SubstitutionInAnnotsTest)  Time elapsed: 0 s  <<< ERROR!
org.apache.ibatis.exceptions.PersistenceException: 

### Error querying database.  Cause: java.lang.RuntimeException: MemberAccess implementation must be provided!
### Cause: java.lang.RuntimeException: MemberAccess implementation must be provided!
	at org.apache.ibatis.submitted.substitution_in_annots.SubstitutionInAnnotsTest.testSubstitutionWithAnnotsParameter(SubstitutionInAnnotsTest.java:90)
Caused by: java.lang.RuntimeException: MemberAccess implementation must be provided!
	at org.apache.ibatis.submitted.substitution_in_annots.SubstitutionInAnnotsTest.testSubstitutionWithAnnotsParameter(SubstitutionInAnnotsTest.java:90)

[ERROR] testSubstitutionWithXml(org.apache.ibatis.submitted.substitution_in_annots.SubstitutionInAnnotsTest)  Time elapsed: 0.001 s  <<< ERROR!
org.apache.ibatis.exceptions.PersistenceException: 

### Error querying database.  Cause: java.lang.RuntimeException: MemberAccess implementation must be provided!
### Cause: java.lang.RuntimeException: MemberAccess implementation must be provided!
	at org.apache.ibatis.submitted.substitution_in_annots.SubstitutionInAnnotsTest.testSubstitutionWithXml(SubstitutionInAnnotsTest.java:68)
Caused by: java.lang.RuntimeException: MemberAccess implementation must be provided!
	at org.apache.ibatis.submitted.substitution_in_annots.SubstitutionInAnnotsTest.testSubstitutionWithXml(SubstitutionInAnnotsTest.java:68)

[ERROR] testSubstitutionWithAnnotsValue(org.apache.ibatis.submitted.substitution_in_annots.SubstitutionInAnnotsTest)  Time elapsed: 0 s  <<< ERROR!
org.apache.ibatis.exceptions.PersistenceException: 

### Error querying database.  Cause: java.lang.RuntimeException: MemberAccess implementation must be provided!
### Cause: java.lang.RuntimeException: MemberAccess implementation must be provided!
	at org.apache.ibatis.submitted.substitution_in_annots.SubstitutionInAnnotsTest.testSubstitutionWithAnnotsValue(SubstitutionInAnnotsTest.java:79)
Caused by: java.lang.RuntimeException: MemberAccess implementation must be provided!
	at org.apache.ibatis.submitted.substitution_in_annots.SubstitutionInAnnotsTest.testSubstitutionWithAnnotsValue(SubstitutionInAnnotsTest.java:79)

[INFO] Running org.apache.ibatis.submitted.cacheorder.CacheOrderTest
[INFO] Tests run: 1, Failures: 0, Errors: 0, Skipped: 0, Time elapsed: 0.001 s - in org.apache.ibatis.submitted.cacheorder.CacheOrderTest
[INFO] Running org.apache.ibatis.submitted.dml_return_types.DmlMapperReturnTypesTest
[INFO] Tests run: 7, Failures: 0, Errors: 0, Skipped: 0, Time elapsed: 0.002 s - in org.apache.ibatis.submitted.dml_return_types.DmlMapperReturnTypesTest
[INFO] Running org.apache.ibatis.submitted.multidb.ProviderTest
[INFO] Tests run: 2, Failures: 0, Errors: 0, Skipped: 0, Time elapsed: 0.014 s - in org.apache.ibatis.submitted.multidb.ProviderTest
[INFO] Running org.apache.ibatis.submitted.multidb.MultiDbTest
[ERROR] Tests run: 6, Failures: 0, Errors: 3, Skipped: 0, Time elapsed: 0.007 s <<< FAILURE! - in org.apache.ibatis.submitted.multidb.MultiDbTest
[ERROR] shouldInsertInCommonWithSelectKey(org.apache.ibatis.submitted.multidb.MultiDbTest)  Time elapsed: 0 s  <<< ERROR!
org.apache.ibatis.exceptions.PersistenceException: 

### Error updating database.  Cause: org.apache.ibatis.executor.ExecutorException: Error selecting key or setting result to parameter object. Cause: java.lang.RuntimeException: MemberAccess implementation must be provided!
### Cause: org.apache.ibatis.executor.ExecutorException: Error selecting key or setting result to parameter object. Cause: java.lang.RuntimeException: MemberAccess implementation must be provided!
	at org.apache.ibatis.submitted.multidb.MultiDbTest.shouldInsertInCommonWithSelectKey(MultiDbTest.java:117)
Caused by: org.apache.ibatis.executor.ExecutorException: Error selecting key or setting result to parameter object. Cause: java.lang.RuntimeException: MemberAccess implementation must be provided!
	at org.apache.ibatis.submitted.multidb.MultiDbTest.shouldInsertInCommonWithSelectKey(MultiDbTest.java:117)
Caused by: java.lang.RuntimeException: MemberAccess implementation must be provided!
	at org.apache.ibatis.submitted.multidb.MultiDbTest.shouldInsertInCommonWithSelectKey(MultiDbTest.java:117)

[ERROR] shouldExecuteHsqlQueryWithDynamicIf(org.apache.ibatis.submitted.multidb.MultiDbTest)  Time elapsed: 0.001 s  <<< ERROR!
org.apache.ibatis.exceptions.PersistenceException: 

### Error querying database.  Cause: java.lang.RuntimeException: MemberAccess implementation must be provided!
### Cause: java.lang.RuntimeException: MemberAccess implementation must be provided!
	at org.apache.ibatis.submitted.multidb.MultiDbTest.shouldExecuteHsqlQueryWithDynamicIf(MultiDbTest.java:93)
Caused by: java.lang.RuntimeException: MemberAccess implementation must be provided!
	at org.apache.ibatis.submitted.multidb.MultiDbTest.shouldExecuteHsqlQueryWithDynamicIf(MultiDbTest.java:93)

[ERROR] shouldInsertInCommonWithSelectKey2(org.apache.ibatis.submitted.multidb.MultiDbTest)  Time elapsed: 0.001 s  <<< ERROR!
org.apache.ibatis.exceptions.PersistenceException: 

### Error updating database.  Cause: java.lang.RuntimeException: MemberAccess implementation must be provided!
### The error may exist in org/apache/ibatis/submitted/multidb/MultiDbMapper.xml
### The error may involve org.apache.ibatis.submitted.multidb.MultiDbMapper.insert2!selectKey
### The error occurred while handling results
### SQL: select max(id) + 1 from hsql
### Cause: java.lang.RuntimeException: MemberAccess implementation must be provided!
	at org.apache.ibatis.submitted.multidb.MultiDbTest.shouldInsertInCommonWithSelectKey2(MultiDbTest.java:130)
Caused by: java.lang.RuntimeException: MemberAccess implementation must be provided!
	at org.apache.ibatis.submitted.multidb.MultiDbTest.shouldInsertInCommonWithSelectKey2(MultiDbTest.java:130)

[INFO] Running org.apache.ibatis.submitted.camelcase.CamelCaseMappingTest
[INFO] Tests run: 2, Failures: 0, Errors: 0, Skipped: 0, Time elapsed: 0 s - in org.apache.ibatis.submitted.camelcase.CamelCaseMappingTest
[INFO] Running org.apache.ibatis.submitted.blocking_cache.BlockingCacheTest
[INFO] Tests run: 1, Failures: 0, Errors: 0, Skipped: 0, Time elapsed: 1.011 s - in org.apache.ibatis.submitted.blocking_cache.BlockingCacheTest
[INFO] Running org.apache.ibatis.submitted.ognlstatic.OgnlStaticTest
[ERROR] Tests run: 2, Failures: 0, Errors: 2, Skipped: 0, Time elapsed: 0.001 s <<< FAILURE! - in org.apache.ibatis.submitted.ognlstatic.OgnlStaticTest
[ERROR] shouldGetAUserStatic(org.apache.ibatis.submitted.ognlstatic.OgnlStaticTest)  Time elapsed: 0 s  <<< ERROR!
org.apache.ibatis.exceptions.PersistenceException: 

### Error querying database.  Cause: java.lang.RuntimeException: MemberAccess implementation must be provided!
### Cause: java.lang.RuntimeException: MemberAccess implementation must be provided!
	at org.apache.ibatis.submitted.ognlstatic.OgnlStaticTest.shouldGetAUserStatic(OgnlStaticTest.java:65)
Caused by: java.lang.RuntimeException: MemberAccess implementation must be provided!
	at org.apache.ibatis.submitted.ognlstatic.OgnlStaticTest.shouldGetAUserStatic(OgnlStaticTest.java:65)

[ERROR] shouldGetAUserWithIfNode(org.apache.ibatis.submitted.ognlstatic.OgnlStaticTest)  Time elapsed: 0 s  <<< ERROR!
org.apache.ibatis.exceptions.PersistenceException: 

### Error querying database.  Cause: java.lang.RuntimeException: MemberAccess implementation must be provided!
### Cause: java.lang.RuntimeException: MemberAccess implementation must be provided!
	at org.apache.ibatis.submitted.ognlstatic.OgnlStaticTest.shouldGetAUserWithIfNode(OgnlStaticTest.java:78)
Caused by: java.lang.RuntimeException: MemberAccess implementation must be provided!
	at org.apache.ibatis.submitted.ognlstatic.OgnlStaticTest.shouldGetAUserWithIfNode(OgnlStaticTest.java:78)

[INFO] Running org.apache.ibatis.submitted.lazy_deserialize.LazyDeserializeTest
Error executing: CREATE TABLE table_foo (
    id      INTEGER PRIMARY KEY,
    id_bar  INTEGER NOT NULL)
.  Cause: java.sql.SQLSyntaxErrorException: object name already exists: TABLE_FOO in statement [CREATE TABLE table_foo (
    id      INTEGER PRIMARY KEY,
    id_bar  INTEGER NOT NULL)
]
Error executing: CREATE TABLE table_bar (
    id      INTEGER PRIMARY KEY)
.  Cause: java.sql.SQLSyntaxErrorException: object name already exists: TABLE_BAR in statement [CREATE TABLE table_bar (
    id      INTEGER PRIMARY KEY)
]
Error executing: ALTER TABLE table_foo ADD CONSTRAINT bar_fk
FOREIGN KEY (id_bar) REFERENCES table_bar (id)
ON UPDATE CASCADE ON DELETE RESTRICT
.  Cause: java.sql.SQLSyntaxErrorException: object name already exists: BAR_FK in statement [ALTER TABLE table_foo ADD CONSTRAINT bar_fk
FOREIGN KEY (id_bar) REFERENCES table_bar (id)
ON UPDATE CASCADE ON DELETE RESTRICT
]
Error executing: INSERT INTO table_bar (id) VALUES (10)
.  Cause: java.sql.SQLIntegrityConstraintViolationException: integrity constraint violation: unique constraint or index violation; SYS_PK_10096 table: TABLE_BAR
Error executing: INSERT INTO table_foo (id, id_bar) VALUES (1, 10)
.  Cause: java.sql.SQLIntegrityConstraintViolationException: integrity constraint violation: unique constraint or index violation; SYS_PK_10092 table: TABLE_FOO
[INFO] Tests run: 2, Failures: 0, Errors: 0, Skipped: 0, Time elapsed: 0.019 s - in org.apache.ibatis.submitted.lazy_deserialize.LazyDeserializeTest
[INFO] Running org.apache.ibatis.submitted.cursor_nested.CursorNestedTest
[INFO] Tests run: 2, Failures: 0, Errors: 0, Skipped: 0, Time elapsed: 0.014 s - in org.apache.ibatis.submitted.cursor_nested.CursorNestedTest
[INFO] Running org.apache.ibatis.submitted.sqlprovider.SqlProviderTest
[INFO] Tests run: 29, Failures: 0, Errors: 0, Skipped: 0, Time elapsed: 0.029 s - in org.apache.ibatis.submitted.sqlprovider.SqlProviderTest
[INFO] Running org.apache.ibatis.submitted.column_forwarding.ColumnForwardingTest
[INFO] Tests run: 2, Failures: 0, Errors: 0, Skipped: 0, Time elapsed: 0.001 s - in org.apache.ibatis.submitted.column_forwarding.ColumnForwardingTest
[INFO] Running org.apache.ibatis.submitted.association_nested.FolderMapperTest
[INFO] Tests run: 1, Failures: 0, Errors: 0, Skipped: 0, Time elapsed: 0.01 s - in org.apache.ibatis.submitted.association_nested.FolderMapperTest
[INFO] Running org.apache.ibatis.datasource.jndi.JndiDataSourceFactoryTest
[INFO] Tests run: 1, Failures: 0, Errors: 0, Skipped: 0, Time elapsed: 0.001 s - in org.apache.ibatis.datasource.jndi.JndiDataSourceFactoryTest
[INFO] Running org.apache.ibatis.datasource.unpooled.UnpooledDataSourceTest
[WARNING] Tests run: 2, Failures: 0, Errors: 0, Skipped: 1, Time elapsed: 0.162 s - in org.apache.ibatis.datasource.unpooled.UnpooledDataSourceTest
[INFO] Running org.apache.ibatis.type.CharacterTypeHandlerTest
[INFO] Tests run: 8, Failures: 0, Errors: 0, Skipped: 0, Time elapsed: 0.01 s - in org.apache.ibatis.type.CharacterTypeHandlerTest
[INFO] Running org.apache.ibatis.type.BlobTypeHandlerTest
[INFO] Tests run: 7, Failures: 0, Errors: 0, Skipped: 0, Time elapsed: 0.004 s - in org.apache.ibatis.type.BlobTypeHandlerTest
[INFO] Running org.apache.ibatis.type.EnumOrdinalTypeHandlerTest
[INFO] Tests run: 8, Failures: 0, Errors: 0, Skipped: 0, Time elapsed: 0.011 s - in org.apache.ibatis.type.EnumOrdinalTypeHandlerTest
[INFO] Running org.apache.ibatis.type.NClobTypeHandlerTest
[INFO] Tests run: 7, Failures: 0, Errors: 0, Skipped: 0, Time elapsed: 0.002 s - in org.apache.ibatis.type.NClobTypeHandlerTest
[INFO] Running org.apache.ibatis.type.SimpleTypeRegistryTest
[INFO] Tests run: 3, Failures: 0, Errors: 0, Skipped: 0, Time elapsed: 0 s - in org.apache.ibatis.type.SimpleTypeRegistryTest
[INFO] Running org.apache.ibatis.type.LongTypeHandlerTest
[INFO] Tests run: 4, Failures: 0, Errors: 0, Skipped: 0, Time elapsed: 0.001 s - in org.apache.ibatis.type.LongTypeHandlerTest
[INFO] Running org.apache.ibatis.type.BooleanTypeHandlerTest
[INFO] Tests run: 4, Failures: 0, Errors: 0, Skipped: 0, Time elapsed: 0 s - in org.apache.ibatis.type.BooleanTypeHandlerTest
[INFO] Running org.apache.ibatis.type.FloatTypeHandlerTest
[INFO] Tests run: 4, Failures: 0, Errors: 0, Skipped: 0, Time elapsed: 0.023 s - in org.apache.ibatis.type.FloatTypeHandlerTest
[INFO] Running org.apache.ibatis.type.UnknownTypeHandlerTest
[INFO] Tests run: 10, Failures: 0, Errors: 0, Skipped: 0, Time elapsed: 0.005 s - in org.apache.ibatis.type.UnknownTypeHandlerTest
[INFO] Running org.apache.ibatis.type.GenericTypeSupportedInHierarchiesTestCase
[INFO] Tests run: 1, Failures: 0, Errors: 0, Skipped: 0, Time elapsed: 0.001 s - in org.apache.ibatis.type.GenericTypeSupportedInHierarchiesTestCase
[INFO] Running org.apache.ibatis.type.ClobTypeHandlerTest
[INFO] Tests run: 7, Failures: 0, Errors: 0, Skipped: 0, Time elapsed: 0.002 s - in org.apache.ibatis.type.ClobTypeHandlerTest
[INFO] Running org.apache.ibatis.type.TimeOnlyTypeHandlerTest
[INFO] Tests run: 7, Failures: 0, Errors: 0, Skipped: 0, Time elapsed: 0.001 s - in org.apache.ibatis.type.TimeOnlyTypeHandlerTest
[INFO] Running org.apache.ibatis.type.JdbcTypeTest
[INFO] Tests run: 2, Failures: 0, Errors: 0, Skipped: 0, Time elapsed: 0 s - in org.apache.ibatis.type.JdbcTypeTest
[INFO] Running org.apache.ibatis.type.ObjectTypeHandlerTest
[INFO] Tests run: 4, Failures: 0, Errors: 0, Skipped: 0, Time elapsed: 0.001 s - in org.apache.ibatis.type.ObjectTypeHandlerTest
[INFO] Running org.apache.ibatis.type.TypeHandlerRegistryTest
[INFO] Tests run: 8, Failures: 0, Errors: 0, Skipped: 0, Time elapsed: 0.005 s - in org.apache.ibatis.type.TypeHandlerRegistryTest
[INFO] Running org.apache.ibatis.type.DateTypeHandlerTest
[INFO] Tests run: 7, Failures: 0, Errors: 0, Skipped: 0, Time elapsed: 0.002 s - in org.apache.ibatis.type.DateTypeHandlerTest
[INFO] Running org.apache.ibatis.type.NStringTypeHandlerTest
[INFO] Tests run: 4, Failures: 0, Errors: 0, Skipped: 0, Time elapsed: 0.001 s - in org.apache.ibatis.type.NStringTypeHandlerTest
[INFO] Running org.apache.ibatis.type.BlobByteObjectArrayTypeHandlerTest
[INFO] Tests run: 7, Failures: 0, Errors: 0, Skipped: 0, Time elapsed: 0.004 s - in org.apache.ibatis.type.BlobByteObjectArrayTypeHandlerTest
[INFO] Running org.apache.ibatis.type.SqlTimetampTypeHandlerTest
[INFO] Tests run: 4, Failures: 0, Errors: 0, Skipped: 0, Time elapsed: 0.001 s - in org.apache.ibatis.type.SqlTimetampTypeHandlerTest
[INFO] Running org.apache.ibatis.type.StringTypeHandlerTest
[INFO] Tests run: 4, Failures: 0, Errors: 0, Skipped: 0, Time elapsed: 0.001 s - in org.apache.ibatis.type.StringTypeHandlerTest
[INFO] Running org.apache.ibatis.type.ByteTypeHandlerTest
[INFO] Tests run: 4, Failures: 0, Errors: 0, Skipped: 0, Time elapsed: 0.013 s - in org.apache.ibatis.type.ByteTypeHandlerTest
[INFO] Running org.apache.ibatis.type.usesjava8.YearTypeHandlerTest
[INFO] Tests run: 7, Failures: 0, Errors: 0, Skipped: 0, Time elapsed: 0.002 s - in org.apache.ibatis.type.usesjava8.YearTypeHandlerTest
[INFO] Running org.apache.ibatis.type.usesjava8.OffsetTimeTypeHandlerTest
[INFO] Tests run: 7, Failures: 0, Errors: 0, Skipped: 0, Time elapsed: 0.002 s - in org.apache.ibatis.type.usesjava8.OffsetTimeTypeHandlerTest
[INFO] Running org.apache.ibatis.type.usesjava8.InstantTypeHandlerTest
[INFO] Tests run: 7, Failures: 0, Errors: 0, Skipped: 0, Time elapsed: 0.001 s - in org.apache.ibatis.type.usesjava8.InstantTypeHandlerTest
[INFO] Running org.apache.ibatis.type.usesjava8.YearMonthTypeHandlerTest
[INFO] Tests run: 7, Failures: 0, Errors: 0, Skipped: 0, Time elapsed: 0.003 s - in org.apache.ibatis.type.usesjava8.YearMonthTypeHandlerTest
[INFO] Running org.apache.ibatis.type.usesjava8.LocalDateTimeTypeHandlerTest
[INFO] Tests run: 7, Failures: 0, Errors: 0, Skipped: 0, Time elapsed: 0.001 s - in org.apache.ibatis.type.usesjava8.LocalDateTimeTypeHandlerTest
[INFO] Running org.apache.ibatis.type.usesjava8.OffsetDateTimeTypeHandlerTest
[INFO] Tests run: 7, Failures: 0, Errors: 0, Skipped: 0, Time elapsed: 0.002 s - in org.apache.ibatis.type.usesjava8.OffsetDateTimeTypeHandlerTest
[INFO] Running org.apache.ibatis.type.usesjava8.Jsr310TypeHandlerRegistryTest
[INFO] Tests run: 1, Failures: 0, Errors: 0, Skipped: 0, Time elapsed: 0 s - in org.apache.ibatis.type.usesjava8.Jsr310TypeHandlerRegistryTest
[INFO] Running org.apache.ibatis.type.usesjava8.LocalTimeTypeHandlerTest
[INFO] Tests run: 7, Failures: 0, Errors: 0, Skipped: 0, Time elapsed: 0.001 s - in org.apache.ibatis.type.usesjava8.LocalTimeTypeHandlerTest
[INFO] Running org.apache.ibatis.type.usesjava8.MonthTypeHandlerTest
[INFO] Tests run: 7, Failures: 0, Errors: 0, Skipped: 0, Time elapsed: 0.003 s - in org.apache.ibatis.type.usesjava8.MonthTypeHandlerTest
[INFO] Running org.apache.ibatis.type.usesjava8.JapaneseDateTypeHandlerTest
[INFO] Tests run: 7, Failures: 0, Errors: 0, Skipped: 0, Time elapsed: 0.002 s - in org.apache.ibatis.type.usesjava8.JapaneseDateTypeHandlerTest
[INFO] Running org.apache.ibatis.type.usesjava8.ZonedDateTimeTypeHandlerTest
[INFO] Tests run: 7, Failures: 0, Errors: 0, Skipped: 0, Time elapsed: 0.001 s - in org.apache.ibatis.type.usesjava8.ZonedDateTimeTypeHandlerTest
[INFO] Running org.apache.ibatis.type.usesjava8.LocalDateTypeHandlerTest
[INFO] Tests run: 7, Failures: 0, Errors: 0, Skipped: 0, Time elapsed: 0.001 s - in org.apache.ibatis.type.usesjava8.LocalDateTypeHandlerTest
[INFO] Running org.apache.ibatis.type.ShortTypeHandlerTest
[INFO] Tests run: 4, Failures: 0, Errors: 0, Skipped: 0, Time elapsed: 0.001 s - in org.apache.ibatis.type.ShortTypeHandlerTest
[INFO] Running org.apache.ibatis.type.BigDecimalTypeHandlerTest
[INFO] Tests run: 4, Failures: 0, Errors: 0, Skipped: 0, Time elapsed: 0 s - in org.apache.ibatis.type.BigDecimalTypeHandlerTest
[INFO] Running org.apache.ibatis.type.DateOnlyTypeHandlerTest
[INFO] Tests run: 7, Failures: 0, Errors: 0, Skipped: 0, Time elapsed: 0.002 s - in org.apache.ibatis.type.DateOnlyTypeHandlerTest
[INFO] Running org.apache.ibatis.type.BigIntegerTypeHandlerTest
[INFO] Tests run: 7, Failures: 0, Errors: 0, Skipped: 0, Time elapsed: 0.001 s - in org.apache.ibatis.type.BigIntegerTypeHandlerTest
[INFO] Running org.apache.ibatis.type.SqlTimeTypeHandlerTest
[INFO] Tests run: 4, Failures: 0, Errors: 0, Skipped: 0, Time elapsed: 0.001 s - in org.apache.ibatis.type.SqlTimeTypeHandlerTest
[INFO] Running org.apache.ibatis.type.SqlDateTypeHandlerTest
[INFO] Tests run: 4, Failures: 0, Errors: 0, Skipped: 0, Time elapsed: 0.001 s - in org.apache.ibatis.type.SqlDateTypeHandlerTest
[INFO] Running org.apache.ibatis.type.IntegerTypeHandlerTest
[INFO] Tests run: 4, Failures: 0, Errors: 0, Skipped: 0, Time elapsed: 0 s - in org.apache.ibatis.type.IntegerTypeHandlerTest
[INFO] Running org.apache.ibatis.type.ByteArrayTypeHandlerTest
[INFO] Tests run: 4, Failures: 0, Errors: 0, Skipped: 0, Time elapsed: 0.001 s - in org.apache.ibatis.type.ByteArrayTypeHandlerTest
[INFO] Running org.apache.ibatis.type.DoubleTypeHandlerTest
[INFO] Tests run: 4, Failures: 0, Errors: 0, Skipped: 0, Time elapsed: 0.193 s - in org.apache.ibatis.type.DoubleTypeHandlerTest
[INFO] Running org.apache.ibatis.type.BlobInputStreamTypeHandlerTest
[INFO] Tests run: 8, Failures: 0, Errors: 0, Skipped: 0, Time elapsed: 0.029 s - in org.apache.ibatis.type.BlobInputStreamTypeHandlerTest
[INFO] Running org.apache.ibatis.type.ArrayTypeHandlerTest
[INFO] Tests run: 7, Failures: 0, Errors: 0, Skipped: 0, Time elapsed: 0.002 s - in org.apache.ibatis.type.ArrayTypeHandlerTest
[INFO] Running org.apache.ibatis.type.ByteObjectArrayTypeHandlerTest
[INFO] Tests run: 7, Failures: 0, Errors: 0, Skipped: 0, Time elapsed: 0.002 s - in org.apache.ibatis.type.ByteObjectArrayTypeHandlerTest
[INFO] Running org.apache.ibatis.type.TypeAliasRegistryTest
[INFO] Tests run: 6, Failures: 0, Errors: 0, Skipped: 0, Time elapsed: 0.001 s - in org.apache.ibatis.type.TypeAliasRegistryTest
[INFO] Running org.apache.ibatis.type.EnumTypeHandlerTest
[INFO] Tests run: 8, Failures: 0, Errors: 0, Skipped: 0, Time elapsed: 0.17 s - in org.apache.ibatis.type.EnumTypeHandlerTest
[INFO] Running org.apache.ibatis.type.ClobReaderTypeHandlerTest
[INFO] Tests run: 8, Failures: 0, Errors: 0, Skipped: 0, Time elapsed: 0.023 s - in org.apache.ibatis.type.ClobReaderTypeHandlerTest
[INFO] Running org.apache.ibatis.io.ClassLoaderWrapperTest
[INFO] Tests run: 9, Failures: 0, Errors: 0, Skipped: 0, Time elapsed: 0.001 s - in org.apache.ibatis.io.ClassLoaderWrapperTest
[INFO] Running org.apache.ibatis.io.VFSTest
[INFO] Tests run: 2, Failures: 0, Errors: 0, Skipped: 0, Time elapsed: 0 s - in org.apache.ibatis.io.VFSTest
[INFO] Running org.apache.ibatis.io.ExternalResourcesTest
[INFO] Tests run: 4, Failures: 0, Errors: 0, Skipped: 0, Time elapsed: 0.003 s - in org.apache.ibatis.io.ExternalResourcesTest
[INFO] Running org.apache.ibatis.io.ResourcesTest
[INFO] Tests run: 18, Failures: 0, Errors: 0, Skipped: 0, Time elapsed: 0.003 s - in org.apache.ibatis.io.ResourcesTest
[INFO] Running org.apache.ibatis.plugin.PluginTest
[INFO] Tests run: 2, Failures: 0, Errors: 0, Skipped: 0, Time elapsed: 5.853 s - in org.apache.ibatis.plugin.PluginTest
[INFO] Running org.apache.ibatis.binding.BindingTest
[ERROR] Tests run: 46, Failures: 0, Errors: 2, Skipped: 1, Time elapsed: 0.116 s <<< FAILURE! - in org.apache.ibatis.binding.BindingTest
[ERROR] shouldInsertAuthorWithSelectKeyAndDynamicParams(org.apache.ibatis.binding.BindingTest)  Time elapsed: 0.005 s  <<< ERROR!
org.apache.ibatis.exceptions.PersistenceException: 

### Error updating database.  Cause: java.lang.RuntimeException: MemberAccess implementation must be provided!
### The error may exist in org/apache/ibatis/binding/BoundAuthorMapper.xml
### The error may involve org.apache.ibatis.binding.BoundAuthorMapper.insertAuthorDynamic!selectKey
### The error occurred while handling results
### SQL: select CAST(RANDOM()*1000000 as INTEGER) a from SYSIBM.SYSDUMMY1
### Cause: java.lang.RuntimeException: MemberAccess implementation must be provided!
	at org.apache.ibatis.binding.BindingTest.shouldInsertAuthorWithSelectKeyAndDynamicParams(BindingTest.java:166)
Caused by: java.lang.RuntimeException: MemberAccess implementation must be provided!
	at org.apache.ibatis.binding.BindingTest.shouldInsertAuthorWithSelectKeyAndDynamicParams(BindingTest.java:166)

[ERROR] shouldSelectBlogWithAParamNamedValue(org.apache.ibatis.binding.BindingTest)  Time elapsed: 0 s  <<< ERROR!
org.apache.ibatis.exceptions.PersistenceException: 

### Error querying database.  Cause: java.lang.RuntimeException: MemberAccess implementation must be provided!
### Cause: java.lang.RuntimeException: MemberAccess implementation must be provided!
	at org.apache.ibatis.binding.BindingTest.shouldSelectBlogWithAParamNamedValue(BindingTest.java:657)
Caused by: java.lang.RuntimeException: MemberAccess implementation must be provided!
	at org.apache.ibatis.binding.BindingTest.shouldSelectBlogWithAParamNamedValue(BindingTest.java:657)

[INFO] Running org.apache.ibatis.binding.WrongMapperTest
[INFO] Tests run: 1, Failures: 0, Errors: 0, Skipped: 0, Time elapsed: 0 s - in org.apache.ibatis.binding.WrongMapperTest
[INFO] Running org.apache.ibatis.binding.WrongNamespacesTest
[INFO] Tests run: 2, Failures: 0, Errors: 0, Skipped: 0, Time elapsed: 0.201 s - in org.apache.ibatis.binding.WrongNamespacesTest
[INFO] Running org.apache.ibatis.binding.MapperMethodParamTest
[INFO] Tests run: 2, Failures: 0, Errors: 0, Skipped: 0, Time elapsed: 3.511 s - in org.apache.ibatis.binding.MapperMethodParamTest
[INFO] Running org.apache.ibatis.binding.FlushTest
[INFO] Tests run: 1, Failures: 0, Errors: 0, Skipped: 0, Time elapsed: 0.027 s - in org.apache.ibatis.binding.FlushTest
[INFO] Running org.apache.ibatis.cache.BaseCacheTest
[INFO] Tests run: 1, Failures: 0, Errors: 0, Skipped: 0, Time elapsed: 0 s - in org.apache.ibatis.cache.BaseCacheTest
[INFO] Running org.apache.ibatis.cache.PerpetualCacheTest
[INFO] Tests run: 4, Failures: 0, Errors: 0, Skipped: 0, Time elapsed: 0.067 s - in org.apache.ibatis.cache.PerpetualCacheTest
[INFO] Running org.apache.ibatis.cache.FifoCacheTest
[INFO] Tests run: 3, Failures: 0, Errors: 0, Skipped: 0, Time elapsed: 0 s - in org.apache.ibatis.cache.FifoCacheTest
[INFO] Running org.apache.ibatis.cache.SuperCacheTest
[INFO] Tests run: 1, Failures: 0, Errors: 0, Skipped: 0, Time elapsed: 0.647 s - in org.apache.ibatis.cache.SuperCacheTest
[INFO] Running org.apache.ibatis.cache.LruCacheTest
[INFO] Tests run: 3, Failures: 0, Errors: 0, Skipped: 0, Time elapsed: 0 s - in org.apache.ibatis.cache.LruCacheTest
[INFO] Running org.apache.ibatis.cache.WeakCacheTest
[INFO] Tests run: 4, Failures: 0, Errors: 0, Skipped: 0, Time elapsed: 0.342 s - in org.apache.ibatis.cache.WeakCacheTest
[INFO] Running org.apache.ibatis.cache.ScheduledCacheTest
[INFO] Tests run: 3, Failures: 0, Errors: 0, Skipped: 0, Time elapsed: 5.001 s - in org.apache.ibatis.cache.ScheduledCacheTest
[INFO] Running org.apache.ibatis.cache.SoftCacheTest
[INFO] Tests run: 4, Failures: 0, Errors: 0, Skipped: 0, Time elapsed: 4.862 s - in org.apache.ibatis.cache.SoftCacheTest
[INFO] Running org.apache.ibatis.cache.CacheKeyTest
[INFO] Tests run: 7, Failures: 0, Errors: 0, Skipped: 0, Time elapsed: 1.866 s - in org.apache.ibatis.cache.CacheKeyTest
[INFO] Running org.apache.ibatis.jdbc.SqlBuilderTest
[INFO] Tests run: 5, Failures: 0, Errors: 0, Skipped: 0, Time elapsed: 0.003 s - in org.apache.ibatis.jdbc.SqlBuilderTest
[INFO] Running org.apache.ibatis.jdbc.SqlRunnerTest
[INFO] Tests run: 6, Failures: 0, Errors: 0, Skipped: 0, Time elapsed: 2.439 s - in org.apache.ibatis.jdbc.SqlRunnerTest
[INFO] Running org.apache.ibatis.jdbc.SelectBuilderTest
[INFO] Tests run: 5, Failures: 0, Errors: 0, Skipped: 0, Time elapsed: 0.003 s - in org.apache.ibatis.jdbc.SelectBuilderTest
[INFO] Running org.apache.ibatis.jdbc.PooledDataSourceTest
[WARNING] Tests run: 4, Failures: 0, Errors: 0, Skipped: 1, Time elapsed: 0.004 s - in org.apache.ibatis.jdbc.PooledDataSourceTest
[INFO] Running org.apache.ibatis.jdbc.SQLTest
INSERT INTO TABLE_A
 (a, b)
VALUES (#{a}, #{b})
[INFO] Tests run: 23, Failures: 0, Errors: 0, Skipped: 0, Time elapsed: 0.006 s - in org.apache.ibatis.jdbc.SQLTest
[INFO] Running org.apache.ibatis.jdbc.NullTest
[INFO] Tests run: 1, Failures: 0, Errors: 0, Skipped: 0, Time elapsed: 0 s - in org.apache.ibatis.jdbc.NullTest
[INFO] Running org.apache.ibatis.jdbc.ScriptRunnerTest
-- @DELIMITER |
line 1;
line 2;


//  @DELIMITER  ;
line 3

-- //@deLimiTer $  blah
line 4

// //@DELIMITER %
line 5

-- @DELIMITER ||
line 1;
line 2;


//  @DELIMITER  ;
line 3

[WARNING] Tests run: 12, Failures: 0, Errors: 0, Skipped: 1, Time elapsed: 0.029 s - in org.apache.ibatis.jdbc.ScriptRunnerTest
[INFO] Running org.apache.ibatis.reflection.ReflectorTest
[INFO] Tests run: 14, Failures: 0, Errors: 0, Skipped: 0, Time elapsed: 0.009 s - in org.apache.ibatis.reflection.ReflectorTest
[INFO] Running org.apache.ibatis.reflection.ArrayUtilTest
[INFO] Tests run: 3, Failures: 0, Errors: 0, Skipped: 0, Time elapsed: 0.001 s - in org.apache.ibatis.reflection.ArrayUtilTest
[INFO] Running org.apache.ibatis.reflection.TypeParameterResolverTest
[INFO] Tests run: 33, Failures: 0, Errors: 0, Skipped: 0, Time elapsed: 0.007 s - in org.apache.ibatis.reflection.TypeParameterResolverTest
[INFO] Running org.apache.ibatis.reflection.MetaClassTest
[INFO] Tests run: 7, Failures: 0, Errors: 0, Skipped: 0, Time elapsed: 0.002 s - in org.apache.ibatis.reflection.MetaClassTest
[INFO] Running org.apache.ibatis.reflection.factory.DefaultObjectFactoryTest
[INFO] Tests run: 6, Failures: 0, Errors: 0, Skipped: 0, Time elapsed: 0.001 s - in org.apache.ibatis.reflection.factory.DefaultObjectFactoryTest
[INFO] Running org.apache.ibatis.reflection.MetaObjectTest
[INFO] Tests run: 25, Failures: 0, Errors: 0, Skipped: 0, Time elapsed: 0.007 s - in org.apache.ibatis.reflection.MetaObjectTest
[INFO] Running org.apache.ibatis.reflection.ExceptionUtilTest
[INFO] Tests run: 1, Failures: 0, Errors: 0, Skipped: 0, Time elapsed: 0.001 s - in org.apache.ibatis.reflection.ExceptionUtilTest
[INFO] Running org.apache.ibatis.builder.XmlConfigBuilderTest
[INFO] Tests run: 8, Failures: 0, Errors: 0, Skipped: 0, Time elapsed: 0.045 s - in org.apache.ibatis.builder.XmlConfigBuilderTest
[INFO] Running org.apache.ibatis.builder.ParameterExpressionTest
[INFO] Tests run: 13, Failures: 0, Errors: 0, Skipped: 0, Time elapsed: 0.002 s - in org.apache.ibatis.builder.ParameterExpressionTest
[INFO] Running org.apache.ibatis.builder.XmlMapperBuilderTest
[INFO] Tests run: 14, Failures: 0, Errors: 0, Skipped: 0, Time elapsed: 0.047 s - in org.apache.ibatis.builder.XmlMapperBuilderTest
[INFO] Running org.apache.ibatis.builder.xml.dynamic.DynamicSqlSourceTest
[ERROR] Tests run: 24, Failures: 0, Errors: 22, Skipped: 0, Time elapsed: 74.537 s <<< FAILURE! - in org.apache.ibatis.builder.xml.dynamic.DynamicSqlSourceTest
[ERROR] shouldTrimSETInsteadOfCOMMAForBothConditions(org.apache.ibatis.builder.xml.dynamic.DynamicSqlSourceTest)  Time elapsed: 3.467 s  <<< ERROR!
java.lang.RuntimeException: MemberAccess implementation must be provided!
	at org.apache.ibatis.builder.xml.dynamic.DynamicSqlSourceTest.shouldTrimSETInsteadOfCOMMAForBothConditions(DynamicSqlSourceTest.java:284)

[ERROR] shouldConditionallyDefault(org.apache.ibatis.builder.xml.dynamic.DynamicSqlSourceTest)  Time elapsed: 3.528 s  <<< ERROR!
java.lang.RuntimeException: MemberAccess implementation must be provided!
	at org.apache.ibatis.builder.xml.dynamic.DynamicSqlSourceTest.shouldConditionallyDefault(DynamicSqlSourceTest.java:101)

[ERROR] shouldConditionallyIncludeWhere(org.apache.ibatis.builder.xml.dynamic.DynamicSqlSourceTest)  Time elapsed: 3.101 s  <<< ERROR!
java.lang.RuntimeException: MemberAccess implementation must be provided!
	at org.apache.ibatis.builder.xml.dynamic.DynamicSqlSourceTest.shouldConditionallyIncludeWhere(DynamicSqlSourceTest.java:75)

[ERROR] shouldTrimNoWhereClause(org.apache.ibatis.builder.xml.dynamic.DynamicSqlSourceTest)  Time elapsed: 2.87 s  <<< ERROR!
java.lang.RuntimeException: MemberAccess implementation must be provided!
	at org.apache.ibatis.builder.xml.dynamic.DynamicSqlSourceTest.shouldTrimNoWhereClause(DynamicSqlSourceTest.java:269)

[ERROR] shouldTrimWHEREANDWithCRLFForFirstCondition(org.apache.ibatis.builder.xml.dynamic.DynamicSqlSourceTest)  Time elapsed: 3.385 s  <<< ERROR!
java.lang.RuntimeException: MemberAccess implementation must be provided!
	at org.apache.ibatis.builder.xml.dynamic.DynamicSqlSourceTest.shouldTrimWHEREANDWithCRLFForFirstCondition(DynamicSqlSourceTest.java:172)

[ERROR] shouldTrimWHEREORWithCRLFForFirstCondition(org.apache.ibatis.builder.xml.dynamic.DynamicSqlSourceTest)  Time elapsed: 3.015 s  <<< ERROR!
java.lang.RuntimeException: MemberAccess implementation must be provided!
	at org.apache.ibatis.builder.xml.dynamic.DynamicSqlSourceTest.shouldTrimWHEREORWithCRLFForFirstCondition(DynamicSqlSourceTest.java:211)

[ERROR] shouldTrimWHEREInsteadOfANDForFirstCondition(org.apache.ibatis.builder.xml.dynamic.DynamicSqlSourceTest)  Time elapsed: 3.536 s  <<< ERROR!
java.lang.RuntimeException: MemberAccess implementation must be provided!
	at org.apache.ibatis.builder.xml.dynamic.DynamicSqlSourceTest.shouldTrimWHEREInsteadOfANDForFirstCondition(DynamicSqlSourceTest.java:146)

[ERROR] shouldTrimWHEREInsteadOfANDForBothConditions(org.apache.ibatis.builder.xml.dynamic.DynamicSqlSourceTest)  Time elapsed: 3.453 s  <<< ERROR!
java.lang.RuntimeException: MemberAccess implementation must be provided!
	at org.apache.ibatis.builder.xml.dynamic.DynamicSqlSourceTest.shouldTrimWHEREInsteadOfANDForBothConditions(DynamicSqlSourceTest.java:254)

[ERROR] shouldTrimNoSetClause(org.apache.ibatis.builder.xml.dynamic.DynamicSqlSourceTest)  Time elapsed: 3.025 s  <<< ERROR!
java.lang.RuntimeException: MemberAccess implementation must be provided!
	at org.apache.ibatis.builder.xml.dynamic.DynamicSqlSourceTest.shouldTrimNoSetClause(DynamicSqlSourceTest.java:299)

[ERROR] shouldHandleOgnlExpression(org.apache.ibatis.builder.xml.dynamic.DynamicSqlSourceTest)  Time elapsed: 2.942 s  <<< ERROR!
java.lang.RuntimeException: MemberAccess implementation must be provided!
	at org.apache.ibatis.builder.xml.dynamic.DynamicSqlSourceTest.shouldHandleOgnlExpression(DynamicSqlSourceTest.java:327)

[ERROR] shouldTrimWHEREANDWithLFForFirstCondition(org.apache.ibatis.builder.xml.dynamic.DynamicSqlSourceTest)  Time elapsed: 3.2 s  <<< ERROR!
java.lang.RuntimeException: MemberAccess implementation must be provided!
	at org.apache.ibatis.builder.xml.dynamic.DynamicSqlSourceTest.shouldTrimWHEREANDWithLFForFirstCondition(DynamicSqlSourceTest.java:159)

[ERROR] shouldSkipForEachWhenCollectionIsEmpty(org.apache.ibatis.builder.xml.dynamic.DynamicSqlSourceTest)  Time elapsed: 3.46 s  <<< ERROR!
java.lang.RuntimeException: MemberAccess implementation must be provided!
	at org.apache.ibatis.builder.xml.dynamic.DynamicSqlSourceTest.shouldSkipForEachWhenCollectionIsEmpty(DynamicSqlSourceTest.java:340)

[ERROR] shouldTrimWHEREORWithLFForFirstCondition(org.apache.ibatis.builder.xml.dynamic.DynamicSqlSourceTest)  Time elapsed: 3.24 s  <<< ERROR!
java.lang.RuntimeException: MemberAccess implementation must be provided!
	at org.apache.ibatis.builder.xml.dynamic.DynamicSqlSourceTest.shouldTrimWHEREORWithLFForFirstCondition(DynamicSqlSourceTest.java:198)

[ERROR] shouldTrimWHEREANDWithTABForFirstCondition(org.apache.ibatis.builder.xml.dynamic.DynamicSqlSourceTest)  Time elapsed: 3.453 s  <<< ERROR!
java.lang.RuntimeException: MemberAccess implementation must be provided!
	at org.apache.ibatis.builder.xml.dynamic.DynamicSqlSourceTest.shouldTrimWHEREANDWithTABForFirstCondition(DynamicSqlSourceTest.java:185)

[ERROR] shouldIterateOnceForEachItemInCollection(org.apache.ibatis.builder.xml.dynamic.DynamicSqlSourceTest)  Time elapsed: 3.365 s  <<< ERROR!
java.lang.RuntimeException: MemberAccess implementation must be provided!
	at org.apache.ibatis.builder.xml.dynamic.DynamicSqlSourceTest.shouldIterateOnceForEachItemInCollection(DynamicSqlSourceTest.java:312)

[ERROR] shouldPerformStrictMatchOnForEachVariableSubstitution(org.apache.ibatis.builder.xml.dynamic.DynamicSqlSourceTest)  Time elapsed: 3.425 s  <<< ERROR!
java.lang.RuntimeException: MemberAccess implementation must be provided!
	at org.apache.ibatis.builder.xml.dynamic.DynamicSqlSourceTest.shouldPerformStrictMatchOnForEachVariableSubstitution(DynamicSqlSourceTest.java:359)

[ERROR] shouldTrimWHEREORWithTABForFirstCondition(org.apache.ibatis.builder.xml.dynamic.DynamicSqlSourceTest)  Time elapsed: 3.397 s  <<< ERROR!
java.lang.RuntimeException: MemberAccess implementation must be provided!
	at org.apache.ibatis.builder.xml.dynamic.DynamicSqlSourceTest.shouldTrimWHEREORWithTABForFirstCondition(DynamicSqlSourceTest.java:224)

[ERROR] shouldMapNullStringsToEmptyStrings(org.apache.ibatis.builder.xml.dynamic.DynamicSqlSourceTest)  Time elapsed: 0.001 s  <<< ERROR!
java.lang.RuntimeException: MemberAccess implementation must be provided!
	at org.apache.ibatis.builder.xml.dynamic.DynamicSqlSourceTest.shouldMapNullStringsToEmptyStrings(DynamicSqlSourceTest.java:386)

[ERROR] shouldConditionallyChooseFirst(org.apache.ibatis.builder.xml.dynamic.DynamicSqlSourceTest)  Time elapsed: 3.133 s  <<< ERROR!
java.lang.RuntimeException: MemberAccess implementation must be provided!
	at org.apache.ibatis.builder.xml.dynamic.DynamicSqlSourceTest.shouldConditionallyChooseFirst(DynamicSqlSourceTest.java:116)

[ERROR] shouldConditionallyExcludeWhere(org.apache.ibatis.builder.xml.dynamic.DynamicSqlSourceTest)  Time elapsed: 3.318 s  <<< ERROR!
java.lang.RuntimeException: MemberAccess implementation must be provided!
	at org.apache.ibatis.builder.xml.dynamic.DynamicSqlSourceTest.shouldConditionallyExcludeWhere(DynamicSqlSourceTest.java:86)

[ERROR] shouldTrimWHEREInsteadOfORForSecondCondition(org.apache.ibatis.builder.xml.dynamic.DynamicSqlSourceTest)  Time elapsed: 3.29 s  <<< ERROR!
java.lang.RuntimeException: MemberAccess implementation must be provided!
	at org.apache.ibatis.builder.xml.dynamic.DynamicSqlSourceTest.shouldTrimWHEREInsteadOfORForSecondCondition(DynamicSqlSourceTest.java:239)

[ERROR] shouldConditionallyChooseSecond(org.apache.ibatis.builder.xml.dynamic.DynamicSqlSourceTest)  Time elapsed: 3.158 s  <<< ERROR!
java.lang.RuntimeException: MemberAccess implementation must be provided!
	at org.apache.ibatis.builder.xml.dynamic.DynamicSqlSourceTest.shouldConditionallyChooseSecond(DynamicSqlSourceTest.java:131)

[INFO] Running org.apache.ibatis.builder.xml.dynamic.ExpressionEvaluatorTest
[ERROR] Tests run: 8, Failures: 0, Errors: 8, Skipped: 0, Time elapsed: 0 s <<< FAILURE! - in org.apache.ibatis.builder.xml.dynamic.ExpressionEvaluatorTest
[ERROR] shouldReturnFalseIfZeroWithScale(org.apache.ibatis.builder.xml.dynamic.ExpressionEvaluatorTest)  Time elapsed: 0 s  <<< ERROR!
java.lang.RuntimeException: MemberAccess implementation must be provided!
	at org.apache.ibatis.builder.xml.dynamic.ExpressionEvaluatorTest.shouldReturnFalseIfZeroWithScale(ExpressionEvaluatorTest.java:73)

[ERROR] shouldCompareStringsReturnFalse(org.apache.ibatis.builder.xml.dynamic.ExpressionEvaluatorTest)  Time elapsed: 0 s  <<< ERROR!
java.lang.RuntimeException: MemberAccess implementation must be provided!
	at org.apache.ibatis.builder.xml.dynamic.ExpressionEvaluatorTest.shouldCompareStringsReturnFalse(ExpressionEvaluatorTest.java:39)

[ERROR] shouldReturnTrueIfNotNull(org.apache.ibatis.builder.xml.dynamic.ExpressionEvaluatorTest)  Time elapsed: 0 s  <<< ERROR!
java.lang.RuntimeException: MemberAccess implementation must be provided!
	at org.apache.ibatis.builder.xml.dynamic.ExpressionEvaluatorTest.shouldReturnTrueIfNotNull(ExpressionEvaluatorTest.java:45)

[ERROR] shouldReturnTrueIfNotZero(org.apache.ibatis.builder.xml.dynamic.ExpressionEvaluatorTest)  Time elapsed: 0 s  <<< ERROR!
java.lang.RuntimeException: MemberAccess implementation must be provided!
	at org.apache.ibatis.builder.xml.dynamic.ExpressionEvaluatorTest.shouldReturnTrueIfNotZero(ExpressionEvaluatorTest.java:57)

[ERROR] shouldReturnFalseIfNull(org.apache.ibatis.builder.xml.dynamic.ExpressionEvaluatorTest)  Time elapsed: 0 s  <<< ERROR!
java.lang.RuntimeException: MemberAccess implementation must be provided!
	at org.apache.ibatis.builder.xml.dynamic.ExpressionEvaluatorTest.shouldReturnFalseIfNull(ExpressionEvaluatorTest.java:51)

[ERROR] shouldReturnFalseIfZero(org.apache.ibatis.builder.xml.dynamic.ExpressionEvaluatorTest)  Time elapsed: 0 s  <<< ERROR!
java.lang.RuntimeException: MemberAccess implementation must be provided!
	at org.apache.ibatis.builder.xml.dynamic.ExpressionEvaluatorTest.shouldReturnFalseIfZero(ExpressionEvaluatorTest.java:63)

[ERROR] shouldCompareStringsReturnTrue(org.apache.ibatis.builder.xml.dynamic.ExpressionEvaluatorTest)  Time elapsed: 0 s  <<< ERROR!
java.lang.RuntimeException: MemberAccess implementation must be provided!
	at org.apache.ibatis.builder.xml.dynamic.ExpressionEvaluatorTest.shouldCompareStringsReturnTrue(ExpressionEvaluatorTest.java:33)

[ERROR] shouldIterateOverIterable(org.apache.ibatis.builder.xml.dynamic.ExpressionEvaluatorTest)  Time elapsed: 0 s  <<< ERROR!
java.lang.RuntimeException: MemberAccess implementation must be provided!
	at org.apache.ibatis.builder.xml.dynamic.ExpressionEvaluatorTest.shouldIterateOverIterable(ExpressionEvaluatorTest.java:81)

[INFO] Running org.apache.ibatis.autoconstructor.AutoConstructorTest
[INFO] Tests run: 5, Failures: 0, Errors: 0, Skipped: 0, Time elapsed: 0 s - in org.apache.ibatis.autoconstructor.AutoConstructorTest
[INFO] Running org.apache.ibatis.transaction.managed.ManagedTransactionFactoryTest
[INFO] Tests run: 2, Failures: 0, Errors: 0, Skipped: 0, Time elapsed: 0 s - in org.apache.ibatis.transaction.managed.ManagedTransactionFactoryTest
[INFO] Running org.apache.ibatis.parsing.PropertyParserTest
[INFO] Tests run: 4, Failures: 0, Errors: 0, Skipped: 0, Time elapsed: 0 s - in org.apache.ibatis.parsing.PropertyParserTest
[INFO] Running org.apache.ibatis.parsing.GenericTokenParserTest
[WARNING] Tests run: 3, Failures: 0, Errors: 0, Skipped: 1, Time elapsed: 0 s - in org.apache.ibatis.parsing.GenericTokenParserTest
[INFO] Running org.apache.ibatis.parsing.XPathParserTest
[INFO] Tests run: 1, Failures: 0, Errors: 0, Skipped: 0, Time elapsed: 0.001 s - in org.apache.ibatis.parsing.XPathParserTest
[INFO] Running org.apache.ibatis.exceptions.GeneralExceptionsTest
[INFO] Tests run: 2, Failures: 0, Errors: 0, Skipped: 0, Time elapsed: 3.571 s - in org.apache.ibatis.exceptions.GeneralExceptionsTest
[INFO] Running org.apache.ibatis.session.AutoMappingUnknownColumnBehaviorTest
[ERROR] Tests run: 3, Failures: 0, Errors: 1, Skipped: 0, Time elapsed: 3.057 s <<< FAILURE! - in org.apache.ibatis.session.AutoMappingUnknownColumnBehaviorTest
[ERROR] warningCauseByUnknownPropertyType(org.apache.ibatis.session.AutoMappingUnknownColumnBehaviorTest)  Time elapsed: 0.004 s  <<< ERROR!
java.lang.NullPointerException
	at org.apache.ibatis.session.AutoMappingUnknownColumnBehaviorTest.warningCauseByUnknownPropertyType(AutoMappingUnknownColumnBehaviorTest.java:129)

[INFO] Running org.apache.ibatis.session.SqlSessionTest
[ERROR] Tests run: 58, Failures: 0, Errors: 10, Skipped: 0, Time elapsed: 3.133 s <<< FAILURE! - in org.apache.ibatis.session.SqlSessionTest
[ERROR] shouldFindPostByIDWithDynamicSql(org.apache.ibatis.session.SqlSessionTest)  Time elapsed: 0 s  <<< ERROR!
org.apache.ibatis.exceptions.PersistenceException: 

### Error querying database.  Cause: java.lang.RuntimeException: MemberAccess implementation must be provided!
### Cause: java.lang.RuntimeException: MemberAccess implementation must be provided!
	at org.apache.ibatis.session.SqlSessionTest.shouldFindPostByIDWithDynamicSql(SqlSessionTest.java:850)
Caused by: java.lang.RuntimeException: MemberAccess implementation must be provided!
	at org.apache.ibatis.session.SqlSessionTest.shouldFindPostByIDWithDynamicSql(SqlSessionTest.java:850)

[ERROR] shouldFindOddPostsInList(org.apache.ibatis.session.SqlSessionTest)  Time elapsed: 0.001 s  <<< ERROR!
org.apache.ibatis.exceptions.PersistenceException: 

### Error querying database.  Cause: java.lang.RuntimeException: MemberAccess implementation must be provided!
### Cause: java.lang.RuntimeException: MemberAccess implementation must be provided!
	at org.apache.ibatis.session.SqlSessionTest.shouldFindOddPostsInList(SqlSessionTest.java:945)
Caused by: java.lang.RuntimeException: MemberAccess implementation must be provided!
	at org.apache.ibatis.session.SqlSessionTest.shouldFindOddPostsInList(SqlSessionTest.java:945)

[ERROR] shouldFindPostsAllPostsWithDynamicSql(org.apache.ibatis.session.SqlSessionTest)  Time elapsed: 0.001 s  <<< ERROR!
org.apache.ibatis.exceptions.PersistenceException: 

### Error querying database.  Cause: java.lang.RuntimeException: MemberAccess implementation must be provided!
### Cause: java.lang.RuntimeException: MemberAccess implementation must be provided!
	at org.apache.ibatis.session.SqlSessionTest.shouldFindPostsAllPostsWithDynamicSql(SqlSessionTest.java:839)
Caused by: java.lang.RuntimeException: MemberAccess implementation must be provided!
	at org.apache.ibatis.session.SqlSessionTest.shouldFindPostsAllPostsWithDynamicSql(SqlSessionTest.java:839)

[ERROR] shouldFindPostsInSetOfIDsWithDynamicSql(org.apache.ibatis.session.SqlSessionTest)  Time elapsed: 0.001 s  <<< ERROR!
org.apache.ibatis.exceptions.PersistenceException: 

### Error querying database.  Cause: java.lang.RuntimeException: MemberAccess implementation must be provided!
### Cause: java.lang.RuntimeException: MemberAccess implementation must be provided!
	at org.apache.ibatis.session.SqlSessionTest.shouldFindPostsInSetOfIDsWithDynamicSql(SqlSessionTest.java:864)
Caused by: java.lang.RuntimeException: MemberAccess implementation must be provided!
	at org.apache.ibatis.session.SqlSessionTest.shouldFindPostsInSetOfIDsWithDynamicSql(SqlSessionTest.java:864)

[ERROR] shouldSelectOddPostsInKeysList(org.apache.ibatis.session.SqlSessionTest)  Time elapsed: 0.002 s  <<< ERROR!
org.apache.ibatis.exceptions.PersistenceException: 

### Error querying database.  Cause: java.lang.RuntimeException: MemberAccess implementation must be provided!
### Cause: java.lang.RuntimeException: MemberAccess implementation must be provided!
	at org.apache.ibatis.session.SqlSessionTest.shouldSelectOddPostsInKeysList(SqlSessionTest.java:967)
Caused by: java.lang.RuntimeException: MemberAccess implementation must be provided!
	at org.apache.ibatis.session.SqlSessionTest.shouldSelectOddPostsInKeysList(SqlSessionTest.java:967)

[ERROR] shouldFindPostsWithBlogIdUsingDynamicSql(org.apache.ibatis.session.SqlSessionTest)  Time elapsed: 0.001 s  <<< ERROR!
org.apache.ibatis.exceptions.PersistenceException: 

### Error querying database.  Cause: java.lang.RuntimeException: MemberAccess implementation must be provided!
### Cause: java.lang.RuntimeException: MemberAccess implementation must be provided!
	at org.apache.ibatis.session.SqlSessionTest.shouldFindPostsWithBlogIdUsingDynamicSql(SqlSessionTest.java:882)
Caused by: java.lang.RuntimeException: MemberAccess implementation must be provided!
	at org.apache.ibatis.session.SqlSessionTest.shouldFindPostsWithBlogIdUsingDynamicSql(SqlSessionTest.java:882)

[ERROR] shouldFindPostsInList(org.apache.ibatis.session.SqlSessionTest)  Time elapsed: 0.001 s  <<< ERROR!
org.apache.ibatis.exceptions.PersistenceException: 

### Error querying database.  Cause: java.lang.RuntimeException: MemberAccess implementation must be provided!
### Cause: java.lang.RuntimeException: MemberAccess implementation must be provided!
	at org.apache.ibatis.session.SqlSessionTest.shouldFindPostsInList(SqlSessionTest.java:929)
Caused by: java.lang.RuntimeException: MemberAccess implementation must be provided!
	at org.apache.ibatis.session.SqlSessionTest.shouldFindPostsInList(SqlSessionTest.java:929)

[ERROR] shouldUpdateAuthorIfNecessary(org.apache.ibatis.session.SqlSessionTest)  Time elapsed: 0.001 s  <<< ERROR!
org.apache.ibatis.exceptions.PersistenceException: 

### Error updating database.  Cause: java.lang.RuntimeException: MemberAccess implementation must be provided!
### Cause: java.lang.RuntimeException: MemberAccess implementation must be provided!
	at org.apache.ibatis.session.SqlSessionTest.shouldUpdateAuthorIfNecessary(SqlSessionTest.java:336)
Caused by: java.lang.RuntimeException: MemberAccess implementation must be provided!
	at org.apache.ibatis.session.SqlSessionTest.shouldUpdateAuthorIfNecessary(SqlSessionTest.java:336)

[ERROR] shouldFindPostsWithAuthorIdUsingDynamicSql(org.apache.ibatis.session.SqlSessionTest)  Time elapsed: 0.001 s  <<< ERROR!
org.apache.ibatis.exceptions.PersistenceException: 

### Error querying database.  Cause: java.lang.RuntimeException: MemberAccess implementation must be provided!
### Cause: java.lang.RuntimeException: MemberAccess implementation must be provided!
	at org.apache.ibatis.session.SqlSessionTest.shouldFindPostsWithAuthorIdUsingDynamicSql(SqlSessionTest.java:896)
Caused by: java.lang.RuntimeException: MemberAccess implementation must be provided!
	at org.apache.ibatis.session.SqlSessionTest.shouldFindPostsWithAuthorIdUsingDynamicSql(SqlSessionTest.java:896)

[ERROR] shouldFindPostsWithAuthorAndBlogIdUsingDynamicSql(org.apache.ibatis.session.SqlSessionTest)  Time elapsed: 0.001 s  <<< ERROR!
org.apache.ibatis.exceptions.PersistenceException: 

### Error querying database.  Cause: java.lang.RuntimeException: MemberAccess implementation must be provided!
### Cause: java.lang.RuntimeException: MemberAccess implementation must be provided!
	at org.apache.ibatis.session.SqlSessionTest.shouldFindPostsWithAuthorAndBlogIdUsingDynamicSql(SqlSessionTest.java:910)
Caused by: java.lang.RuntimeException: MemberAccess implementation must be provided!
	at org.apache.ibatis.session.SqlSessionTest.shouldFindPostsWithAuthorAndBlogIdUsingDynamicSql(SqlSessionTest.java:910)

[INFO] Running org.apache.ibatis.session.SqlSessionManagerTest
[INFO] Tests run: 4, Failures: 0, Errors: 0, Skipped: 0, Time elapsed: 0.021 s - in org.apache.ibatis.session.SqlSessionManagerTest
[INFO] 
[INFO] Results:
[INFO] 
[ERROR] Failures: 
[ERROR]   ForEachTest.shouldReportMissingPropertyName:140 
Expecting:
 <"
### Error updating database.  Cause: java.lang.RuntimeException: MemberAccess implementation must be provided!
### Cause: java.lang.RuntimeException: MemberAccess implementation must be provided!">
to contain:
 <"There is no getter for property named 'idd' in 'class org.apache.ibatis.submitted.foreach.User'"> 
[ERROR]   HeavyInitialLoadTest.selectThingsConcurrently_mybatis_issue_224:95 There were exceptions: [org.apache.ibatis.exceptions.PersistenceException: 
### Error querying database.  Cause: java.lang.RuntimeException: MemberAccess implementation must be provided!
### Cause: java.lang.RuntimeException: MemberAccess implementation must be provided!, org.apache.ibatis.exceptions.PersistenceException: 
### Error querying database.  Cause: java.lang.RuntimeException: MemberAccess implementation must be provided!
### Cause: java.lang.RuntimeException: MemberAccess implementation must be provided!, org.apache.ibatis.exceptions.PersistenceException: 
### Error querying database.  Cause: java.lang.RuntimeException: MemberAccess implementation must be provided!
### Cause: java.lang.RuntimeException: MemberAccess implementation must be provided!, org.apache.ibatis.exceptions.PersistenceException: 
### Error querying database.  Cause: java.lang.RuntimeException: MemberAccess implementation must be provided!
### Cause: java.lang.RuntimeException: MemberAccess implementation must be provided!, org.apache.ibatis.exceptions.PersistenceException: 
### Error querying database.  Cause: java.lang.RuntimeException: MemberAccess implementation must be provided!
### Cause: java.lang.RuntimeException: MemberAccess implementation must be provided!]
[ERROR] Errors: 
[ERROR]   BindingTest.shouldInsertAuthorWithSelectKeyAndDynamicParams:166 » Persistence ...
[ERROR]   BindingTest.shouldSelectBlogWithAParamNamedValue:657 » Persistence 
### Error ...
[ERROR]   DynamicSqlSourceTest.shouldConditionallyChooseFirst:116 » Runtime MemberAccess...
[ERROR]   DynamicSqlSourceTest.shouldConditionallyChooseSecond:131 » Runtime MemberAcces...
[ERROR]   DynamicSqlSourceTest.shouldConditionallyDefault:101 » Runtime MemberAccess imp...
[ERROR]   DynamicSqlSourceTest.shouldConditionallyExcludeWhere:86 » Runtime MemberAccess...
[ERROR]   DynamicSqlSourceTest.shouldConditionallyIncludeWhere:75 » Runtime MemberAccess...
[ERROR]   DynamicSqlSourceTest.shouldHandleOgnlExpression:327 » Runtime MemberAccess imp...
[ERROR]   DynamicSqlSourceTest.shouldIterateOnceForEachItemInCollection:312 » Runtime Me...
[ERROR]   DynamicSqlSourceTest.shouldMapNullStringsToEmptyStrings:386 » Runtime MemberAc...
[ERROR]   DynamicSqlSourceTest.shouldPerformStrictMatchOnForEachVariableSubstitution:359 » Runtime
[ERROR]   DynamicSqlSourceTest.shouldSkipForEachWhenCollectionIsEmpty:340 » Runtime Memb...
[ERROR]   DynamicSqlSourceTest.shouldTrimNoSetClause:299 » Runtime MemberAccess implemen...
[ERROR]   DynamicSqlSourceTest.shouldTrimNoWhereClause:269 » Runtime MemberAccess implem...
[ERROR]   DynamicSqlSourceTest.shouldTrimSETInsteadOfCOMMAForBothConditions:284 » Runtime
[ERROR]   DynamicSqlSourceTest.shouldTrimWHEREANDWithCRLFForFirstCondition:172 » Runtime
[ERROR]   DynamicSqlSourceTest.shouldTrimWHEREANDWithLFForFirstCondition:159 » Runtime M...
[ERROR]   DynamicSqlSourceTest.shouldTrimWHEREANDWithTABForFirstCondition:185 » Runtime ...
[ERROR]   DynamicSqlSourceTest.shouldTrimWHEREInsteadOfANDForBothConditions:254 » Runtime
[ERROR]   DynamicSqlSourceTest.shouldTrimWHEREInsteadOfANDForFirstCondition:146 » Runtime
[ERROR]   DynamicSqlSourceTest.shouldTrimWHEREInsteadOfORForSecondCondition:239 » Runtime
[ERROR]   DynamicSqlSourceTest.shouldTrimWHEREORWithCRLFForFirstCondition:211 » Runtime ...
[ERROR]   DynamicSqlSourceTest.shouldTrimWHEREORWithLFForFirstCondition:198 » Runtime Me...
[ERROR]   DynamicSqlSourceTest.shouldTrimWHEREORWithTABForFirstCondition:224 » Runtime M...
[ERROR]   ExpressionEvaluatorTest.shouldCompareStringsReturnFalse:39 » Runtime MemberAcc...
[ERROR]   ExpressionEvaluatorTest.shouldCompareStringsReturnTrue:33 » Runtime MemberAcce...
[ERROR]   ExpressionEvaluatorTest.shouldIterateOverIterable:81 » Runtime MemberAccess im...
[ERROR]   ExpressionEvaluatorTest.shouldReturnFalseIfNull:51 » Runtime MemberAccess impl...
[ERROR]   ExpressionEvaluatorTest.shouldReturnFalseIfZero:63 » Runtime MemberAccess impl...
[ERROR]   ExpressionEvaluatorTest.shouldReturnFalseIfZeroWithScale:73 » Runtime MemberAc...
[ERROR]   ExpressionEvaluatorTest.shouldReturnTrueIfNotNull:45 » Runtime MemberAccess im...
[ERROR]   ExpressionEvaluatorTest.shouldReturnTrueIfNotZero:57 » Runtime MemberAccess im...
[ERROR]   AutoMappingUnknownColumnBehaviorTest.warningCauseByUnknownPropertyType:129 NullPointer
[ERROR]   SqlSessionTest.shouldFindOddPostsInList:945 » Persistence 
### Error querying ...
[ERROR]   SqlSessionTest.shouldFindPostByIDWithDynamicSql:850 » Persistence 
### Error q...
[ERROR]   SqlSessionTest.shouldFindPostsAllPostsWithDynamicSql:839 » Persistence 
### Er...
[ERROR]   SqlSessionTest.shouldFindPostsInList:929 » Persistence 
### Error querying dat...
[ERROR]   SqlSessionTest.shouldFindPostsInSetOfIDsWithDynamicSql:864 » Persistence 
### ...
[ERROR]   SqlSessionTest.shouldFindPostsWithAuthorAndBlogIdUsingDynamicSql:910 » Persistence
[ERROR]   SqlSessionTest.shouldFindPostsWithAuthorIdUsingDynamicSql:896 » Persistence 
#...
[ERROR]   SqlSessionTest.shouldFindPostsWithBlogIdUsingDynamicSql:882 » Persistence 
###...
[ERROR]   SqlSessionTest.shouldSelectOddPostsInKeysList:967 » Persistence 
### Error que...
[ERROR]   SqlSessionTest.shouldUpdateAuthorIfNecessary:336 » Persistence 
### Error upda...
[ERROR]   CglibNPETest.testSelectWithStringSQLInjection:153 » Persistence 
### Error que...
[ERROR]   CollectionParametersTest.shouldGetTwoUsersPassingACollection:95 » Persistence ...
[ERROR]   CollectionParametersTest.shouldGetTwoUsersPassingAList:65 » Persistence 
### E...
[ERROR]   CollectionParametersTest.shouldGetTwoUsersPassingAnArray:80 » Persistence 
###...
[ERROR]   ComplexTypeTest.shouldUpdateProps:71 » Persistence 
### Error updating databas...
[ERROR]   CriterionTest.testSimpleSelect:77 » Persistence 
### Error querying database. ...
[ERROR]   DynSqlTest.testBindNull:166 » Persistence 
### Error querying database.  Cause...
[ERROR]   DynSqlTest.testOgnlStaticMethodCall:152 » Persistence 
### Error querying data...
[ERROR]   DynSqlTest.testSelect:78 » Persistence 
### Error querying database.  Cause: j...
[ERROR]   DynSqlTest.testSelectLike:112 » Persistence 
### Error querying database.  Cau...
[ERROR]   DynSqlTest.testSelectSimple:99 » Persistence 
### Error querying database.  Ca...
[ERROR]   DynSqlTest.testDynamicSelectWithTypeHandler:88 » Persistence 
### Error queryi...
[ERROR]   ForEachTest.nullItemInContext:126 » Persistence 
### Error querying database. ...
[ERROR]   ForEachTest.shouldGetAUser:72 » Persistence 
### Error querying database.  Cau...
[ERROR]   ForEachTest.shouldHandleComplexNullItem:90 » Persistence 
### Error querying d...
[ERROR]   ForEachTest.shouldHandleMoreComplexNullItem:109 » Persistence 
### Error query...
[ERROR]   ForEachTest.shouldRemoveIndexVariableInTheContext:163 » Persistence 
### Error...
[ERROR]   ForEachTest.shouldRemoveItemVariableInTheContext:151 » Persistence 
### Error ...
[ERROR]   ForEachMapTest.shouldGetIntKeyBoolValueEntries:83 » Persistence 
### Error upd...
[ERROR]   ForEachMapTest.shouldGetNestedBeanKeyValueEntries:95 » Persistence 
### Error ...
[ERROR]   ForEachMapTest.shouldGetStringKeyStringValueEntries:71 » Persistence 
### Erro...
[ERROR]   ForEachMapTest.shouldSubstituteIndexWithKey:107 » Persistence 
### Error query...
[ERROR]   CustomizationTest.applyDefaultValueWhenCustomizeDefaultValueSeparator:64 » Persistence
[ERROR]   CustomizationTest.applyPropertyValueWhenCustomizeDefaultValueSeparator:101 » Persistence
[ERROR]   IncludePropertyTest.testParametersInAttribute:156 » Persistence 
### Error que...
[ERROR]   IncludePropertyTest.testRuntimeVar:134 » Persistence 
### Error querying datab...
[ERROR]   Jdbc3KeyGeneratorTest.shouldInsertListAndRetrieveId:73 » Persistence 
### Erro...
[ERROR]   LanguageTest.testLangXmlTags:198 » Persistence 
### Error querying database.  ...
[ERROR]   LanguageTest.testLangXmlWithMapper:246 » Persistence 
### Error querying datab...
[ERROR]   MultiDbTest.shouldExecuteHsqlQueryWithDynamicIf:93 » Persistence 
### Error qu...
[ERROR]   MultiDbTest.shouldInsertInCommonWithSelectKey:117 » Persistence 
### Error upd...
[ERROR]   MultiDbTest.shouldInsertInCommonWithSelectKey2:130 » Persistence 
### Error up...
[ERROR]   MultipleIteratesTest.shouldGetAUser:62 » Persistence 
### Error updating datab...
[ERROR]   NestedForEachTest.testNestedSelect:127 » Persistence 
### Error querying datab...
[ERROR]   NestedForEachTest.testNestedSelect2:153 » Persistence 
### Error querying data...
[ERROR]   NestedForEachTest.testSimpleSelect:77 » Persistence 
### Error querying databa...
[ERROR]   NestedForEachTest.testSimpleSelectWithMapperAndPrimitives:107 » Persistence 
#...
[ERROR]   NestedForEachTest.testSimpleSelectWithPrimitives:94 » Persistence 
### Error q...
[ERROR]   EnumWithOgnlTest.testEnumWithOgnl:70 » Persistence 
### Error querying databas...
[ERROR]   EnumWithOgnlTest.testEnumWithOgnlDirector:79 » Persistence 
### Error querying...
[ERROR]   EnumWithOgnlTest.testEnumWithOgnlDirectorNameAttribute:88 » Persistence 
### E...
[ERROR]   EnumWithOgnlTest.testEnumWithOgnlDirectorNameAttributeWithInterface:110 » Persistence
[ERROR]   EnumWithOgnlTest.testEnumWithOgnlDirectorWithInterface:97 » Persistence 
### E...
[ERROR]   OgnlStaticTest.shouldGetAUserStatic:65 » Persistence 
### Error querying datab...
[ERROR]   OgnlStaticTest.shouldGetAUserWithIfNode:78 » Persistence 
### Error querying d...
[ERROR]   RawSqlSourceTest.shouldUseDynamicSqlSourceForAnStatementWithInlineArguments:63->test:75 » Runtime
[ERROR]   RawSqlSourceTest.shouldUseDynamicSqlSourceForAnStatementWithXmlTags:68->test:75 » Runtime
[ERROR]   SubstitutionInAnnotsTest.testSubstitutionWithAnnotsParamAnnot:101 » Persistence
[ERROR]   SubstitutionInAnnotsTest.testSubstitutionWithAnnotsParameter:90 » Persistence ...
[ERROR]   SubstitutionInAnnotsTest.testSubstitutionWithAnnotsValue:79 » Persistence 
###...
[ERROR]   SubstitutionInAnnotsTest.testSubstitutionWithXml:68 » Persistence 
### Error q...
[ERROR]   UseActualParamNameTest.shouldListParamBeReferencedByActualNameIfAnotherParamExists:99 » Persistence
[ERROR]   UseActualParamNameTest.shouldSoleListParamBeReferencedByImplicitName:87 » Persistence
[ERROR]   ValueInMapTest.shouldWorkWithAPropertyNamedValue:66 » Persistence 
### Error q...
[INFO] 
[ERROR] Tests run: 1402, Failures: 2, Errors: 97, Skipped: 12
[INFO] 
[INFO] ------------------------------------------------------------------------
[INFO] BUILD FAILURE
[INFO] ------------------------------------------------------------------------
[INFO] Total time: 03:00 min
[INFO] Finished at: 2019-08-16T01:40:31+08:00
[INFO] ------------------------------------------------------------------------
[ERROR] Failed to execute goal org.apache.maven.plugins:maven-surefire-plugin:2.20:test (default-test) on project mybatis: There are test failures.
[ERROR] 
[ERROR] Please refer to /home/cgzhu/projects/gitslice/resources/facts/upgrade_jars_exp/_downloads/mybatis-3/target/surefire-reports for the individual test results.
[ERROR] Please refer to dump files (if any exist) [date]-jvmRun[N].dump, [date].dumpstream and [date]-jvmRun[N].dumpstream.
[ERROR] -> [Help 1]
[ERROR] 
[ERROR] To see the full stack trace of the errors, re-run Maven with the -e switch.
[ERROR] Re-run Maven using the -X switch to enable full debug logging.
[ERROR] 
[ERROR] For more information about the errors and possible solutions, please read the following articles:
[ERROR] [Help 1] http://cwiki.apache.org/confluence/display/MAVEN/MojoFailureException
[INFO] Build failures were ignored.
