[VERSION]: 4.5.9
[INFO] Scanning for projects...
[INFO] Inspecting build with total of 1 modules...
[INFO] Installing Nexus Staging features:
[INFO]   ... total of 1 executions of maven-deploy-plugin replaced with nexus-staging-maven-plugin
[WARNING] The project com.microsoft.ews-java-api:ews-java-api:jar:2.0 uses prerequisites which is only intended for maven-plugin projects but not for non maven-plugin projects. For such purposes you should use the maven-enforcer-plugin. See https://maven.apache.org/enforcer/enforcer-rules/requireMavenVersion.html
[INFO] 
[INFO] --------------< com.microsoft.ews-java-api:ews-java-api >---------------
[INFO] Building Exchange Web Services Java API 2.0
[INFO] --------------------------------[ jar ]---------------------------------
[INFO] 
[INFO] --- maven-clean-plugin:2.5:clean (default-clean) @ ews-java-api ---
[INFO] Deleting /home/cgzhu/projects/gitslice/resources/facts/upgrade_jars_exp/_downloads/ews-java-api/target
[INFO] 
[INFO] --- maven-dependency-plugin:2.8:list (default-cli) @ ews-java-api ---
[INFO] 
[INFO] The following files have been resolved:
[INFO]    org.apache.commons:commons-lang3:jar:3.4:compile
[INFO]    org.apache.httpcomponents:httpcore:jar:4.4.1:compile
[INFO]    org.hamcrest:hamcrest-all:jar:1.3:test
[INFO]    joda-time:joda-time:jar:2.8:compile
[INFO]    org.hamcrest:hamcrest-core:jar:1.3:test
[INFO]    commons-codec:commons-codec:jar:1.9:compile
[INFO]    org.apache.httpcomponents:httpclient:jar:4.4.1:compile
[INFO]    ch.qos.logback:logback-core:jar:1.1.3:test
[INFO]    junit:junit:jar:4.12:test
[INFO]    org.slf4j:slf4j-api:jar:1.7.12:test
[INFO]    commons-logging:commons-logging:jar:1.2:compile
[INFO]    org.mockito:mockito-core:jar:1.10.19:test
[INFO]    org.slf4j:jcl-over-slf4j:jar:1.7.12:test
[INFO]    org.objenesis:objenesis:jar:2.1:test
[INFO]    ch.qos.logback:logback-classic:jar:1.1.3:test
[INFO] 
[INFO] 
[INFO] --- maven-resources-plugin:2.6:resources (default-resources) @ ews-java-api ---
[INFO] Using 'UTF-8' encoding to copy filtered resources.
[INFO] skip non existing resourceDirectory /home/cgzhu/projects/gitslice/resources/facts/upgrade_jars_exp/_downloads/ews-java-api/src/main/resources
[INFO] 
[INFO] --- maven-compiler-plugin:3.3:compile (default-compile) @ ews-java-api ---
[INFO] Changes detected - recompiling the module!
[INFO] Compiling 588 source files to /home/cgzhu/projects/gitslice/resources/facts/upgrade_jars_exp/_downloads/ews-java-api/target/classes
[INFO] /home/cgzhu/projects/gitslice/resources/facts/upgrade_jars_exp/_downloads/ews-java-api/src/main/java/microsoft/exchange/webservices/data/property/complex/ComplexProperty.java: Some input files use unchecked or unsafe operations.
[INFO] /home/cgzhu/projects/gitslice/resources/facts/upgrade_jars_exp/_downloads/ews-java-api/src/main/java/microsoft/exchange/webservices/data/property/complex/ComplexProperty.java: Recompile with -Xlint:unchecked for details.
[INFO] 
[INFO] --- maven-resources-plugin:2.6:testResources (default-testResources) @ ews-java-api ---
[INFO] Using 'UTF-8' encoding to copy filtered resources.
[INFO] Copying 1 resource
[INFO] 
[INFO] --- maven-compiler-plugin:3.3:testCompile (default-testCompile) @ ews-java-api ---
[INFO] Changes detected - recompiling the module!
[INFO] Compiling 31 source files to /home/cgzhu/projects/gitslice/resources/facts/upgrade_jars_exp/_downloads/ews-java-api/target/test-classes
[INFO] /home/cgzhu/projects/gitslice/resources/facts/upgrade_jars_exp/_downloads/ews-java-api/src/test/java/microsoft/exchange/webservices/data/sync/ChangeCollectionTest.java: Some input files use unchecked or unsafe operations.
[INFO] /home/cgzhu/projects/gitslice/resources/facts/upgrade_jars_exp/_downloads/ews-java-api/src/test/java/microsoft/exchange/webservices/data/sync/ChangeCollectionTest.java: Recompile with -Xlint:unchecked for details.
[INFO] 
[INFO] --- maven-surefire-plugin:2.12.4:test (default-test) @ ews-java-api ---
[INFO] Surefire report directory: /home/cgzhu/projects/gitslice/resources/facts/upgrade_jars_exp/_downloads/ews-java-api/target/surefire-reports

-------------------------------------------------------
 T E S T S
-------------------------------------------------------
Running microsoft.exchange.webservices.data.credential.WSSecurityBasedCredentialsTest
16:54:45,744 |-INFO in ch.qos.logback.classic.LoggerContext[default] - Could NOT find resource [logback.groovy]
16:54:45,744 |-INFO in ch.qos.logback.classic.LoggerContext[default] - Found resource [logback-test.xml] at [file:/home/cgzhu/projects/gitslice/resources/facts/upgrade_jars_exp/_downloads/ews-java-api/target/test-classes/logback-test.xml]
16:54:45,813 |-INFO in ReconfigureOnChangeFilter{invocationCounter=0} - Will scan for changes in [[/home/cgzhu/projects/gitslice/resources/facts/upgrade_jars_exp/_downloads/ews-java-api/target/test-classes/logback-test.xml]] every 60 seconds. 
16:54:45,813 |-INFO in ch.qos.logback.classic.joran.action.ConfigurationAction - Adding ReconfigureOnChangeFilter as a turbo filter
16:54:45,817 |-INFO in ch.qos.logback.core.joran.action.AppenderAction - About to instantiate appender of type [ch.qos.logback.core.ConsoleAppender]
16:54:45,819 |-INFO in ch.qos.logback.core.joran.action.AppenderAction - Naming appender as [STDOUT]
16:54:45,861 |-INFO in ch.qos.logback.classic.joran.action.RootLoggerAction - Setting level of ROOT logger to DEBUG
16:54:45,861 |-INFO in ch.qos.logback.core.joran.action.AppenderRefAction - Attaching appender named [STDOUT] to Logger[ROOT]
16:54:45,861 |-INFO in ch.qos.logback.classic.joran.action.ConfigurationAction - End of configuration.
16:54:45,862 |-INFO in ch.qos.logback.classic.joran.JoranConfigurator@271053e1 - Registering current configuration as safe fallback point
Tests run: 1, Failures: 0, Errors: 0, Skipped: 0, Time elapsed: 0.191 sec
Running microsoft.exchange.webservices.data.property.complex.UniqueBodyTest
Tests run: 5, Failures: 0, Errors: 0, Skipped: 0, Time elapsed: 0.125 sec
Running microsoft.exchange.webservices.data.property.complex.TimeChangeTest
Tests run: 8, Failures: 0, Errors: 0, Skipped: 0, Time elapsed: 0.01 sec
Running microsoft.exchange.webservices.data.property.complex.OlsonTimeZoneTest
Tests run: 1, Failures: 1, Errors: 0, Skipped: 0, Time elapsed: 0.025 sec <<< FAILURE!
testOlsonTimeZoneConversion(microsoft.exchange.webservices.data.property.complex.OlsonTimeZoneTest)  Time elapsed: 0.025 sec  <<< FAILURE!
java.lang.AssertionError
	at org.junit.Assert.fail(Assert.java:86)
	at org.junit.Assert.assertTrue(Assert.java:41)
	at org.junit.Assert.assertFalse(Assert.java:64)
	at org.junit.Assert.assertFalse(Assert.java:74)
	at microsoft.exchange.webservices.data.property.complex.OlsonTimeZoneTest.testOlsonTimeZoneConversion(OlsonTimeZoneTest.java:57)
	at sun.reflect.NativeMethodAccessorImpl.invoke0(Native Method)
	at sun.reflect.NativeMethodAccessorImpl.invoke(NativeMethodAccessorImpl.java:62)
	at sun.reflect.DelegatingMethodAccessorImpl.invoke(DelegatingMethodAccessorImpl.java:43)
	at java.lang.reflect.Method.invoke(Method.java:498)
	at org.junit.runners.model.FrameworkMethod$1.runReflectiveCall(FrameworkMethod.java:50)
	at org.junit.internal.runners.model.ReflectiveCallable.run(ReflectiveCallable.java:12)
	at org.junit.runners.model.FrameworkMethod.invokeExplosively(FrameworkMethod.java:47)
	at org.junit.internal.runners.statements.InvokeMethod.evaluate(InvokeMethod.java:17)
	at org.junit.runners.ParentRunner.runLeaf(ParentRunner.java:325)
	at org.junit.runners.BlockJUnit4ClassRunner.runChild(BlockJUnit4ClassRunner.java:78)
	at org.junit.runners.BlockJUnit4ClassRunner.runChild(BlockJUnit4ClassRunner.java:57)
	at org.junit.runners.ParentRunner$3.run(ParentRunner.java:290)
	at org.junit.runners.ParentRunner$1.schedule(ParentRunner.java:71)
	at org.junit.runners.ParentRunner.runChildren(ParentRunner.java:288)
	at org.junit.runners.ParentRunner.access$000(ParentRunner.java:58)
	at org.junit.runners.ParentRunner$2.evaluate(ParentRunner.java:268)
	at org.junit.runners.ParentRunner.run(ParentRunner.java:363)
	at org.apache.maven.surefire.junit4.JUnit4Provider.execute(JUnit4Provider.java:252)
	at org.apache.maven.surefire.junit4.JUnit4Provider.executeTestSet(JUnit4Provider.java:141)
	at org.apache.maven.surefire.junit4.JUnit4Provider.invoke(JUnit4Provider.java:112)
	at sun.reflect.NativeMethodAccessorImpl.invoke0(Native Method)
	at sun.reflect.NativeMethodAccessorImpl.invoke(NativeMethodAccessorImpl.java:62)
	at sun.reflect.DelegatingMethodAccessorImpl.invoke(DelegatingMethodAccessorImpl.java:43)
	at java.lang.reflect.Method.invoke(Method.java:498)
	at org.apache.maven.surefire.util.ReflectionUtils.invokeMethodWithArray(ReflectionUtils.java:189)
	at org.apache.maven.surefire.booter.ProviderFactory$ProviderProxy.invoke(ProviderFactory.java:165)
	at org.apache.maven.surefire.booter.ProviderFactory.invokeProvider(ProviderFactory.java:85)
	at org.apache.maven.surefire.booter.ForkedBooter.runSuitesInProcess(ForkedBooter.java:115)
	at org.apache.maven.surefire.booter.ForkedBooter.main(ForkedBooter.java:75)

Running microsoft.exchange.webservices.data.property.complex.TimeZoneTransitionCompareTest
Tests run: 7, Failures: 0, Errors: 0, Skipped: 0, Time elapsed: 0.017 sec
Running microsoft.exchange.webservices.data.property.complex.ExtendedPropertyCollectionTest
Tests run: 2, Failures: 0, Errors: 0, Skipped: 0, Time elapsed: 0.007 sec
Running microsoft.exchange.webservices.data.property.complex.RecurrenceReaderTest
Tests run: 2, Failures: 0, Errors: 0, Skipped: 0, Time elapsed: 0.003 sec
Running microsoft.exchange.webservices.data.property.complex.UserConfigurationDictionaryTest
Tests run: 3, Failures: 0, Errors: 0, Skipped: 0, Time elapsed: 0.258 sec
Running microsoft.exchange.webservices.data.property.complex.ComplexPropertyCollectionTest
Tests run: 2, Failures: 0, Errors: 0, Skipped: 0, Time elapsed: 0.001 sec
Running microsoft.exchange.webservices.data.property.complex.EmailAddressTest
Tests run: 1, Failures: 0, Errors: 0, Skipped: 0, Time elapsed: 0.001 sec
Running microsoft.exchange.webservices.data.property.definition.ByteArrayPropertyDefinitionTest
Tests run: 1, Failures: 0, Errors: 0, Skipped: 0, Time elapsed: 0.001 sec
Running microsoft.exchange.webservices.data.exception.MaximumRedirectionHopsExceededExceptionTest
Tests run: 3, Failures: 0, Errors: 0, Skipped: 0, Time elapsed: 0 sec
Running microsoft.exchange.webservices.data.exception.InvalidOrUnsupportedTimeZoneDefinitionExceptionTest
Tests run: 3, Failures: 0, Errors: 0, Skipped: 0, Time elapsed: 0.001 sec
Running microsoft.exchange.webservices.data.autodiscover.request.GetUserSettingsRequestTest
Tests run: 12, Failures: 0, Errors: 0, Skipped: 0, Time elapsed: 0.039 sec
Running microsoft.exchange.webservices.data.autodiscover.AutodiscoverDnsClientTest
Tests run: 4, Failures: 0, Errors: 0, Skipped: 0, Time elapsed: 0 sec
Running microsoft.exchange.webservices.data.sync.ChangeCollectionTest
Tests run: 6, Failures: 0, Errors: 0, Skipped: 0, Time elapsed: 0.022 sec
Running microsoft.exchange.webservices.data.dns.DnsClientTest
Tests run: 3, Failures: 0, Errors: 0, Skipped: 0, Time elapsed: 0.001 sec
Running microsoft.exchange.webservices.data.misc.TimeSpanTest
Tests run: 1, Failures: 0, Errors: 0, Skipped: 0, Time elapsed: 0.005 sec
Running microsoft.exchange.webservices.data.misc.IFunctionsTest
Tests run: 8, Failures: 0, Errors: 0, Skipped: 0, Time elapsed: 0.002 sec
Running microsoft.exchange.webservices.data.misc.availability.TimeWindowTest
Tests run: 1, Failures: 0, Errors: 0, Skipped: 0, Time elapsed: 0.048 sec
Running microsoft.exchange.webservices.data.util.TimeZoneUtilsTest
Tests run: 3, Failures: 0, Errors: 0, Skipped: 0, Time elapsed: 0.001 sec
Running microsoft.exchange.webservices.data.util.DateTimeUtilsTest
Tests run: 18, Failures: 0, Errors: 0, Skipped: 0, Time elapsed: 0.006 sec
Running microsoft.exchange.webservices.data.core.PropertyBagTest
Tests run: 2, Failures: 0, Errors: 0, Skipped: 0, Time elapsed: 0.017 sec
Running microsoft.exchange.webservices.data.core.EwsUtilitiesTest
Tests run: 15, Failures: 0, Errors: 0, Skipped: 0, Time elapsed: 0.015 sec
Running microsoft.exchange.webservices.data.core.XSDurationTest
Tests run: 6, Failures: 0, Errors: 0, Skipped: 0, Time elapsed: 0.017 sec
Running microsoft.exchange.webservices.data.core.EwsXmlReaderTest
Tests run: 2, Failures: 0, Errors: 0, Skipped: 0, Time elapsed: 0.014 sec
Running microsoft.exchange.webservices.data.core.LazyMemberTest
Tests run: 2, Failures: 0, Errors: 0, Skipped: 0, Time elapsed: 0.006 sec
Running microsoft.exchange.webservices.data.core.service.items.TaskTest
Tests run: 8, Failures: 0, Errors: 0, Skipped: 0, Time elapsed: 0.01 sec
Running microsoft.exchange.webservices.data.core.service.items.AppointmentTest
Tests run: 1, Failures: 0, Errors: 0, Skipped: 0, Time elapsed: 0.042 sec

Results :

Failed tests:   testOlsonTimeZoneConversion(microsoft.exchange.webservices.data.property.complex.OlsonTimeZoneTest)

Tests run: 131, Failures: 1, Errors: 0, Skipped: 0

[INFO] ------------------------------------------------------------------------
[INFO] BUILD FAILURE
[INFO] ------------------------------------------------------------------------
[INFO] Total time: 6.298 s
[INFO] Finished at: 2019-08-20T16:54:46+08:00
[INFO] ------------------------------------------------------------------------
[ERROR] Failed to execute goal org.apache.maven.plugins:maven-surefire-plugin:2.12.4:test (default-test) on project ews-java-api: There are test failures.
[ERROR] 
[ERROR] Please refer to /home/cgzhu/projects/gitslice/resources/facts/upgrade_jars_exp/_downloads/ews-java-api/target/surefire-reports for the individual test results.
[ERROR] -> [Help 1]
[ERROR] 
[ERROR] To see the full stack trace of the errors, re-run Maven with the -e switch.
[ERROR] Re-run Maven using the -X switch to enable full debug logging.
[ERROR] 
[ERROR] For more information about the errors and possible solutions, please read the following articles:
[ERROR] [Help 1] http://cwiki.apache.org/confluence/display/MAVEN/MojoFailureException
[INFO] Build failures were ignored.
