[VERSION]: 9.8.0-10
[INFO] Scanning for projects...
[INFO] Inspecting build with total of 1 modules...
[INFO] Installing Nexus Staging features:
[INFO]   ... total of 1 executions of maven-deploy-plugin replaced with nexus-staging-maven-plugin
[INFO] 
[INFO] ------------------< com.puppycrawl.tools:checkstyle >-------------------
[INFO] Building checkstyle 8.9
[INFO] --------------------------------[ jar ]---------------------------------
Downloading from sonatype-nexus-snapshots: https://oss.sonatype.org/content/repositories/snapshots/junit/junit-dep/maven-metadata.xml
Downloading from central: https://repo.maven.apache.org/maven2/junit/junit-dep/maven-metadata.xml
Progress (1): 563 B
                   
Downloaded from central: https://repo.maven.apache.org/maven2/junit/junit-dep/maven-metadata.xml (563 B at 540 B/s)
[INFO] 
[INFO] --- maven-clean-plugin:3.0.0:clean (default-clean) @ checkstyle ---
[INFO] 
[INFO] --- maven-dependency-plugin:3.0.2:list (default-cli) @ checkstyle ---
[INFO] 
[INFO] The following files have been resolved:
[INFO]    antlr:antlr:jar:2.7.7:compile
[INFO]    org.antlr:antlr4-runtime:jar:4.7.1:compile
[INFO]    commons-beanutils:commons-beanutils:jar:1.9.3:compile
[INFO]    commons-logging:commons-logging:jar:1.2:compile
[INFO]    commons-collections:commons-collections:jar:3.2.2:compile
[INFO]    commons-cli:commons-cli:jar:1.4:compile
[INFO]    com.google.guava:guava:jar:24.1-jre:compile
[INFO]    com.google.code.findbugs:jsr305:jar:1.3.9:compile
[INFO]    org.checkerframework:checker-compat-qual:jar:2.0.0:compile
[INFO]    com.google.errorprone:error_prone_annotations:jar:2.1.3:compile
[INFO]    com.google.j2objc:j2objc-annotations:jar:1.1:compile
[INFO]    org.codehaus.mojo:animal-sniffer-annotations:jar:1.14:compile
[INFO]    org.apache.ant:ant:jar:1.10.3:provided
[INFO]    org.apache.ant:ant-launcher:jar:1.10.3:provided
[INFO]    junit:junit:jar:4.12:test
[INFO]    org.hamcrest:hamcrest-core:jar:1.3:test
[INFO]    com.github.stefanbirkner:system-rules:jar:1.17.1:test
[INFO]    nl.jqno.equalsverifier:equalsverifier:jar:2.4.5:test
[INFO]    org.powermock:powermock-api-mockito2:jar:2.0.0-beta.5:test
[INFO]    org.powermock:powermock-api-support:jar:2.0.0-beta.5:test
[INFO]    org.powermock:powermock-reflect:jar:2.0.0-beta.5:test
[INFO]    org.powermock:powermock-core:jar:2.0.0-beta.5:test
[INFO]    org.javassist:javassist:jar:3.22.0-CR2:test
[INFO]    org.mockito:mockito-core:jar:2.10.0:test
[INFO]    net.bytebuddy:byte-buddy:jar:1.7.4:test
[INFO]    net.bytebuddy:byte-buddy-agent:jar:1.7.4:test
[INFO]    org.objenesis:objenesis:jar:2.6:test
[INFO]    org.powermock:powermock-module-junit4:jar:2.0.0-beta.5:test
[INFO]    org.powermock:powermock-module-junit4-common:jar:2.0.0-beta.5:test
[INFO]    commons-io:commons-io:jar:2.6:test
[INFO]    org.eclipse.jgit:org.eclipse.jgit:jar:4.11.0.201803080745-r:test
[INFO]    com.jcraft:jsch:jar:0.1.54:test
[INFO]    com.jcraft:jzlib:jar:1.1.1:test
[INFO]    com.googlecode.javaewah:JavaEWAH:jar:1.1.6:test
[INFO]    org.apache.httpcomponents:httpclient:jar:4.5.2:test
[INFO]    org.apache.httpcomponents:httpcore:jar:4.4.4:test
[INFO]    commons-codec:commons-codec:jar:1.9:test
[INFO]    org.slf4j:slf4j-api:jar:1.7.2:test
[INFO]    org.slf4j:slf4j-simple:jar:1.7.25:test
[INFO]    org.jacoco:org.jacoco.agent:jar:runtime:0.8.1:test
[INFO]    net.sf.saxon:Saxon-HE:jar:9.8.0-10:compile
[INFO] 
[INFO] 
[INFO] --- maven-enforcer-plugin:1.4.1:enforce (enforce-maven) @ checkstyle ---
[INFO] 
[INFO] --- maven-enforcer-plugin:1.4.1:enforce (enforce-versions) @ checkstyle ---
[INFO] 
[INFO] --- antlr-maven-plugin:2.2:generate (default) @ checkstyle ---
[INFO] performing grammar generation [java.g]
ANTLR Parser Generator   Version 2.7.7 (20060906)   1989-2005
/home/cgzhu/projects/gitslice/resources/facts/upgrade_jars_exp/_downloads/checkstyle/src/main/resources/com/puppycrawl/tools/checkstyle/grammars/java.g:633:9: warning:nondeterminism between alts 1 and 2 of block upon
/home/cgzhu/projects/gitslice/resources/facts/upgrade_jars_exp/_downloads/checkstyle/src/main/resources/com/puppycrawl/tools/checkstyle/grammars/java.g:633:9:     k==1:AT
/home/cgzhu/projects/gitslice/resources/facts/upgrade_jars_exp/_downloads/checkstyle/src/main/resources/com/puppycrawl/tools/checkstyle/grammars/java.g:633:9:     k==2:IDENT
/home/cgzhu/projects/gitslice/resources/facts/upgrade_jars_exp/_downloads/checkstyle/src/main/resources/com/puppycrawl/tools/checkstyle/grammars/java.g:780:16: warning:nondeterminism between alts 1 and 2 of block upon
/home/cgzhu/projects/gitslice/resources/facts/upgrade_jars_exp/_downloads/checkstyle/src/main/resources/com/puppycrawl/tools/checkstyle/grammars/java.g:780:16:     k==1:AT
/home/cgzhu/projects/gitslice/resources/facts/upgrade_jars_exp/_downloads/checkstyle/src/main/resources/com/puppycrawl/tools/checkstyle/grammars/java.g:780:16:     k==2:IDENT
/home/cgzhu/projects/gitslice/resources/facts/upgrade_jars_exp/_downloads/checkstyle/src/main/resources/com/puppycrawl/tools/checkstyle/grammars/java.g:816:61: warning:nondeterminism between alts 1 and 2 of block upon
/home/cgzhu/projects/gitslice/resources/facts/upgrade_jars_exp/_downloads/checkstyle/src/main/resources/com/puppycrawl/tools/checkstyle/grammars/java.g:816:61:     k==1:SEMI
/home/cgzhu/projects/gitslice/resources/facts/upgrade_jars_exp/_downloads/checkstyle/src/main/resources/com/puppycrawl/tools/checkstyle/grammars/java.g:816:61:     k==2:"final","abstract","strictfp",SEMI,"void","boolean","byte","char","short","int","float","long","double",IDENT,"private","public","protected","static","transient","native","synchronized","volatile","class","interface",LCURLY,RCURLY,"default",LT,ENUM,AT
/home/cgzhu/projects/gitslice/resources/facts/upgrade_jars_exp/_downloads/checkstyle/src/main/resources/com/puppycrawl/tools/checkstyle/grammars/java.g:705:9: warning:nondeterminism between alts 1 and 2 of block upon
/home/cgzhu/projects/gitslice/resources/facts/upgrade_jars_exp/_downloads/checkstyle/src/main/resources/com/puppycrawl/tools/checkstyle/grammars/java.g:705:9:     k==1:AT
/home/cgzhu/projects/gitslice/resources/facts/upgrade_jars_exp/_downloads/checkstyle/src/main/resources/com/puppycrawl/tools/checkstyle/grammars/java.g:705:9:     k==2:IDENT
/home/cgzhu/projects/gitslice/resources/facts/upgrade_jars_exp/_downloads/checkstyle/src/main/resources/com/puppycrawl/tools/checkstyle/grammars/java.g:961: warning:Syntactic predicate superfluous for single alternative
/home/cgzhu/projects/gitslice/resources/facts/upgrade_jars_exp/_downloads/checkstyle/src/main/resources/com/puppycrawl/tools/checkstyle/grammars/java.g:987:31: warning:nondeterminism between alts 1 and 2 of block upon
/home/cgzhu/projects/gitslice/resources/facts/upgrade_jars_exp/_downloads/checkstyle/src/main/resources/com/puppycrawl/tools/checkstyle/grammars/java.g:987:31:     k==1:IDENT
/home/cgzhu/projects/gitslice/resources/facts/upgrade_jars_exp/_downloads/checkstyle/src/main/resources/com/puppycrawl/tools/checkstyle/grammars/java.g:987:31:     k==2:LBRACK,DOT
/home/cgzhu/projects/gitslice/resources/facts/upgrade_jars_exp/_downloads/checkstyle/src/main/resources/com/puppycrawl/tools/checkstyle/grammars/java.g:1048:84: warning:nondeterminism between alts 1 and 2 of block upon
/home/cgzhu/projects/gitslice/resources/facts/upgrade_jars_exp/_downloads/checkstyle/src/main/resources/com/puppycrawl/tools/checkstyle/grammars/java.g:1048:84:     k==1:SEMI
/home/cgzhu/projects/gitslice/resources/facts/upgrade_jars_exp/_downloads/checkstyle/src/main/resources/com/puppycrawl/tools/checkstyle/grammars/java.g:1048:84:     k==2:"final","abstract","strictfp",SEMI,"void","boolean","byte","char","short","int","float","long","double",IDENT,STAR,"private","public","protected","static","transient","native","synchronized","volatile","class",LCURLY,RCURLY,LPAREN,RPAREN,"this","super",COLON,"if","while","do","break","continue","return","switch","throw","for","else","case","default","try",LT,GT,LE,GE,"instanceof",SL,SR,BSR,PLUS,MINUS,DIV,MOD,INC,DEC,BNOT,LNOT,"true","false","null","new",NUM_INT,CHAR_LITERAL,STRING_LITERAL,NUM_FLOAT,NUM_LONG,NUM_DOUBLE,ASSERT,AT
/home/cgzhu/projects/gitslice/resources/facts/upgrade_jars_exp/_downloads/checkstyle/src/main/resources/com/puppycrawl/tools/checkstyle/grammars/java.g:1148:9: warning:nondeterminism between alts 1 and 2 of block upon
/home/cgzhu/projects/gitslice/resources/facts/upgrade_jars_exp/_downloads/checkstyle/src/main/resources/com/puppycrawl/tools/checkstyle/grammars/java.g:1148:9:     k==1:"default"
/home/cgzhu/projects/gitslice/resources/facts/upgrade_jars_exp/_downloads/checkstyle/src/main/resources/com/puppycrawl/tools/checkstyle/grammars/java.g:1148:9:     k==2:"final","abstract","strictfp",SEMI,"void","boolean","byte","char","short","int","float","long","double",IDENT,STAR,"private","public","protected","static","transient","native","synchronized","volatile","class",LCURLY,RCURLY,LPAREN,RPAREN,"this","super",COLON,"if","while","do","break","continue","return","switch","throw","for","case","default","try",LT,GT,LE,GE,"instanceof",SL,SR,BSR,PLUS,MINUS,DIV,MOD,INC,DEC,BNOT,LNOT,"true","false","null","new",NUM_INT,CHAR_LITERAL,STRING_LITERAL,NUM_FLOAT,NUM_LONG,NUM_DOUBLE,ASSERT,AT
/home/cgzhu/projects/gitslice/resources/facts/upgrade_jars_exp/_downloads/checkstyle/src/main/resources/com/puppycrawl/tools/checkstyle/grammars/java.g:1356:26: warning:nondeterminism between alts 1 and 2 of block upon
/home/cgzhu/projects/gitslice/resources/facts/upgrade_jars_exp/_downloads/checkstyle/src/main/resources/com/puppycrawl/tools/checkstyle/grammars/java.g:1356:26:     k==1:"instanceof"
/home/cgzhu/projects/gitslice/resources/facts/upgrade_jars_exp/_downloads/checkstyle/src/main/resources/com/puppycrawl/tools/checkstyle/grammars/java.g:1356:26:     k==2:"void","boolean","byte","char","short","int","float","long","double",IDENT,AT
/home/cgzhu/projects/gitslice/resources/facts/upgrade_jars_exp/_downloads/checkstyle/src/main/resources/com/puppycrawl/tools/checkstyle/grammars/java.g:1371: warning:nondeterminism upon
/home/cgzhu/projects/gitslice/resources/facts/upgrade_jars_exp/_downloads/checkstyle/src/main/resources/com/puppycrawl/tools/checkstyle/grammars/java.g:1371:     k==1:SL,SR,BSR
/home/cgzhu/projects/gitslice/resources/facts/upgrade_jars_exp/_downloads/checkstyle/src/main/resources/com/puppycrawl/tools/checkstyle/grammars/java.g:1371:     k==2:"void","boolean","byte","char","short","int","float","long","double",IDENT,LPAREN,"this","super",PLUS,MINUS,INC,DEC,BNOT,LNOT,"true","false","null","new",NUM_INT,CHAR_LITERAL,STRING_LITERAL,NUM_FLOAT,NUM_LONG,NUM_DOUBLE,AT
/home/cgzhu/projects/gitslice/resources/facts/upgrade_jars_exp/_downloads/checkstyle/src/main/resources/com/puppycrawl/tools/checkstyle/grammars/java.g:1371:     between alt 1 and exit branch of block
/home/cgzhu/projects/gitslice/resources/facts/upgrade_jars_exp/_downloads/checkstyle/src/main/resources/com/puppycrawl/tools/checkstyle/grammars/java.g:1384: warning:nondeterminism upon
/home/cgzhu/projects/gitslice/resources/facts/upgrade_jars_exp/_downloads/checkstyle/src/main/resources/com/puppycrawl/tools/checkstyle/grammars/java.g:1384:     k==1:STAR,DIV,MOD
/home/cgzhu/projects/gitslice/resources/facts/upgrade_jars_exp/_downloads/checkstyle/src/main/resources/com/puppycrawl/tools/checkstyle/grammars/java.g:1384:     k==2:"void","boolean","byte","char","short","int","float","long","double",IDENT,LPAREN,"this","super",PLUS,MINUS,INC,DEC,BNOT,LNOT,"true","false","null","new",NUM_INT,CHAR_LITERAL,STRING_LITERAL,NUM_FLOAT,NUM_LONG,NUM_DOUBLE,AT
/home/cgzhu/projects/gitslice/resources/facts/upgrade_jars_exp/_downloads/checkstyle/src/main/resources/com/puppycrawl/tools/checkstyle/grammars/java.g:1384:     between alt 1 and exit branch of block
/home/cgzhu/projects/gitslice/resources/facts/upgrade_jars_exp/_downloads/checkstyle/src/main/resources/com/puppycrawl/tools/checkstyle/grammars/java.g:1482:9: warning:nondeterminism between alts 1 and 3 of block upon
/home/cgzhu/projects/gitslice/resources/facts/upgrade_jars_exp/_downloads/checkstyle/src/main/resources/com/puppycrawl/tools/checkstyle/grammars/java.g:1482:9:     k==1:INC
/home/cgzhu/projects/gitslice/resources/facts/upgrade_jars_exp/_downloads/checkstyle/src/main/resources/com/puppycrawl/tools/checkstyle/grammars/java.g:1482:9:     k==2:"final","abstract","strictfp",SEMI,RBRACK,"void","boolean","byte","char","short","int","float","long","double",IDENT,STAR,"private","public","protected","static","transient","native","synchronized","volatile","class","interface",LCURLY,RCURLY,COMMA,LPAREN,RPAREN,"this","super",ASSIGN,COLON,"if","while","do","break","continue","return","switch","throw","for","else","case","default","try",PLUS_ASSIGN,MINUS_ASSIGN,STAR_ASSIGN,DIV_ASSIGN,MOD_ASSIGN,SR_ASSIGN,BSR_ASSIGN,SL_ASSIGN,BAND_ASSIGN,BXOR_ASSIGN,BOR_ASSIGN,QUESTION,LOR,LAND,BOR,BXOR,BAND,NOT_EQUAL,EQUAL,LT,GT,LE,GE,"instanceof",SL,SR,BSR,PLUS,MINUS,DIV,MOD,INC,DEC,BNOT,LNOT,"true","false","null","new",NUM_INT,CHAR_LITERAL,STRING_LITERAL,NUM_FLOAT,NUM_LONG,NUM_DOUBLE,ASSERT,ENUM,AT
/home/cgzhu/projects/gitslice/resources/facts/upgrade_jars_exp/_downloads/checkstyle/src/main/resources/com/puppycrawl/tools/checkstyle/grammars/java.g:1482:9: warning:nondeterminism between alts 2 and 3 of block upon
/home/cgzhu/projects/gitslice/resources/facts/upgrade_jars_exp/_downloads/checkstyle/src/main/resources/com/puppycrawl/tools/checkstyle/grammars/java.g:1482:9:     k==1:DEC
/home/cgzhu/projects/gitslice/resources/facts/upgrade_jars_exp/_downloads/checkstyle/src/main/resources/com/puppycrawl/tools/checkstyle/grammars/java.g:1482:9:     k==2:"final","abstract","strictfp",SEMI,RBRACK,"void","boolean","byte","char","short","int","float","long","double",IDENT,STAR,"private","public","protected","static","transient","native","synchronized","volatile","class","interface",LCURLY,RCURLY,COMMA,LPAREN,RPAREN,"this","super",ASSIGN,COLON,"if","while","do","break","continue","return","switch","throw","for","else","case","default","try",PLUS_ASSIGN,MINUS_ASSIGN,STAR_ASSIGN,DIV_ASSIGN,MOD_ASSIGN,SR_ASSIGN,BSR_ASSIGN,SL_ASSIGN,BAND_ASSIGN,BXOR_ASSIGN,BOR_ASSIGN,QUESTION,LOR,LAND,BOR,BXOR,BAND,NOT_EQUAL,EQUAL,LT,GT,LE,GE,"instanceof",SL,SR,BSR,PLUS,MINUS,DIV,MOD,INC,DEC,BNOT,LNOT,"true","false","null","new",NUM_INT,CHAR_LITERAL,STRING_LITERAL,NUM_FLOAT,NUM_LONG,NUM_DOUBLE,ASSERT,ENUM,AT
/home/cgzhu/projects/gitslice/resources/facts/upgrade_jars_exp/_downloads/checkstyle/src/main/resources/com/puppycrawl/tools/checkstyle/grammars/java.g:1562:36: warning:nondeterminism between alts 1 and 2 of block upon
/home/cgzhu/projects/gitslice/resources/facts/upgrade_jars_exp/_downloads/checkstyle/src/main/resources/com/puppycrawl/tools/checkstyle/grammars/java.g:1562:36:     k==1:LCURLY
/home/cgzhu/projects/gitslice/resources/facts/upgrade_jars_exp/_downloads/checkstyle/src/main/resources/com/puppycrawl/tools/checkstyle/grammars/java.g:1562:36:     k==2:"final","abstract","strictfp",SEMI,"void","boolean","byte","char","short","int","float","long","double",IDENT,"private","public","protected","static","transient","native","synchronized","volatile","class","interface",LCURLY,RCURLY,"default",LT,ENUM,AT
/home/cgzhu/projects/gitslice/resources/facts/upgrade_jars_exp/_downloads/checkstyle/src/main/resources/com/puppycrawl/tools/checkstyle/grammars/java.g:1572:33: warning:nondeterminism between alts 1 and 2 of block upon
/home/cgzhu/projects/gitslice/resources/facts/upgrade_jars_exp/_downloads/checkstyle/src/main/resources/com/puppycrawl/tools/checkstyle/grammars/java.g:1572:33:     k==1:LCURLY
/home/cgzhu/projects/gitslice/resources/facts/upgrade_jars_exp/_downloads/checkstyle/src/main/resources/com/puppycrawl/tools/checkstyle/grammars/java.g:1572:33:     k==2:"void","boolean","byte","char","short","int","float","long","double",IDENT,LCURLY,RCURLY,COMMA,LPAREN,"this","super",PLUS,MINUS,INC,DEC,BNOT,LNOT,"true","false","null","new",NUM_INT,CHAR_LITERAL,STRING_LITERAL,NUM_FLOAT,NUM_LONG,NUM_DOUBLE,AT
/home/cgzhu/projects/gitslice/resources/facts/upgrade_jars_exp/_downloads/checkstyle/src/main/resources/com/puppycrawl/tools/checkstyle/grammars/java.g:1615:17: warning:nondeterminism between alts 1 and 2 of block upon
/home/cgzhu/projects/gitslice/resources/facts/upgrade_jars_exp/_downloads/checkstyle/src/main/resources/com/puppycrawl/tools/checkstyle/grammars/java.g:1615:17:     k==1:RPAREN
/home/cgzhu/projects/gitslice/resources/facts/upgrade_jars_exp/_downloads/checkstyle/src/main/resources/com/puppycrawl/tools/checkstyle/grammars/java.g:1615:17:     k==2:LAMBDA

[INFO] 
[INFO] --- antlr4-maven-plugin:4.7.1:antlr4 (default) @ checkstyle ---
[INFO] ANTLR 4: Processing source directory /home/cgzhu/projects/gitslice/resources/facts/upgrade_jars_exp/_downloads/checkstyle/src/main/resources
[INFO] Processing grammar: com/puppycrawl/tools/checkstyle/grammars/javadoc/JavadocLexer.g4
[INFO] Processing grammar: com/puppycrawl/tools/checkstyle/grammars/javadoc/JavadocParser.g4
[INFO] 
[INFO] --- build-helper-maven-plugin:3.0.0:add-source (add-source) @ checkstyle ---
[INFO] Source directory: /home/cgzhu/projects/gitslice/resources/facts/upgrade_jars_exp/_downloads/checkstyle/target/generated-sources/antlr added.
[INFO] 
[INFO] --- maven-resources-plugin:3.0.2:resources (default-resources) @ checkstyle ---
[INFO] Using 'UTF-8' encoding to copy filtered resources.
[INFO] Copying 165 resources
[INFO] Copying 1 resource
[INFO] 
[INFO] --- build-helper-maven-plugin:3.0.0:add-test-source (add-test-source) @ checkstyle ---
[INFO] Test Source directory: /home/cgzhu/projects/gitslice/resources/facts/upgrade_jars_exp/_downloads/checkstyle/src/test/resources added.
[INFO] 
[INFO] --- build-helper-maven-plugin:3.0.0:add-test-source (add-it-test-source) @ checkstyle ---
[INFO] Test Source directory: /home/cgzhu/projects/gitslice/resources/facts/upgrade_jars_exp/_downloads/checkstyle/src/it/java added.
[INFO] 
[INFO] --- build-helper-maven-plugin:3.0.0:add-test-source (add-it-test-resource) @ checkstyle ---
[INFO] Test Source directory: /home/cgzhu/projects/gitslice/resources/facts/upgrade_jars_exp/_downloads/checkstyle/src/it/resources added.
[INFO] 
[INFO] --- maven-compiler-plugin:3.7.0:compile (default-compile) @ checkstyle ---
[INFO] Changes detected - recompiling the module!
[INFO] Compiling 362 source files to /home/cgzhu/projects/gitslice/resources/facts/upgrade_jars_exp/_downloads/checkstyle/target/classes
[INFO] /home/cgzhu/projects/gitslice/resources/facts/upgrade_jars_exp/_downloads/checkstyle/src/main/java/com/puppycrawl/tools/checkstyle/JavadocDetailNodeParser.java: Some input files use or override a deprecated API.
[INFO] /home/cgzhu/projects/gitslice/resources/facts/upgrade_jars_exp/_downloads/checkstyle/src/main/java/com/puppycrawl/tools/checkstyle/JavadocDetailNodeParser.java: Recompile with -Xlint:deprecation for details.
[INFO] /home/cgzhu/projects/gitslice/resources/facts/upgrade_jars_exp/_downloads/checkstyle/src/main/java/com/puppycrawl/tools/checkstyle/api/AutomaticBean.java: Some input files use unchecked or unsafe operations.
[INFO] /home/cgzhu/projects/gitslice/resources/facts/upgrade_jars_exp/_downloads/checkstyle/src/main/java/com/puppycrawl/tools/checkstyle/api/AutomaticBean.java: Recompile with -Xlint:unchecked for details.
[INFO] 
[INFO] --- maven-antrun-plugin:1.8:run (ant-phase-compile) @ checkstyle ---
[INFO] Executing tasks

main:

execute:
[propertyfile] Creating new property file: /home/cgzhu/projects/gitslice/resources/facts/upgrade_jars_exp/_downloads/checkstyle/target/classes/checkstylecompilation.properties
[INFO] Executed tasks
[INFO] 
[INFO] --- exec-maven-plugin:1.6.0:java (default) @ checkstyle ---
[INFO] 
[INFO] --- maven-resources-plugin:3.0.2:testResources (default-testResources) @ checkstyle ---
[INFO] Using 'UTF-8' encoding to copy filtered resources.
[INFO] Copying 1145 resources
[INFO] 
[INFO] --- maven-compiler-plugin:3.7.0:testCompile (default-testCompile) @ checkstyle ---
[INFO] Changes detected - recompiling the module!
[INFO] Compiling 1338 source files to /home/cgzhu/projects/gitslice/resources/facts/upgrade_jars_exp/_downloads/checkstyle/target/test-classes
[INFO] /home/cgzhu/projects/gitslice/resources/facts/upgrade_jars_exp/_downloads/checkstyle/src/test/java/com/puppycrawl/tools/checkstyle/filters/SuppressionCommentFilterTest.java: Some input files use or override a deprecated API.
[INFO] /home/cgzhu/projects/gitslice/resources/facts/upgrade_jars_exp/_downloads/checkstyle/src/test/java/com/puppycrawl/tools/checkstyle/filters/SuppressionCommentFilterTest.java: Recompile with -Xlint:deprecation for details.
[INFO] /home/cgzhu/projects/gitslice/resources/facts/upgrade_jars_exp/_downloads/checkstyle/src/test/resources/com/puppycrawl/tools/checkstyle/checks/annotation/annotationonsameline/InputAnnotationOnSameLineCheckOnDifferentTokens.java: Some input files use unchecked or unsafe operations.
[INFO] /home/cgzhu/projects/gitslice/resources/facts/upgrade_jars_exp/_downloads/checkstyle/src/test/resources/com/puppycrawl/tools/checkstyle/checks/annotation/annotationonsameline/InputAnnotationOnSameLineCheckOnDifferentTokens.java: Recompile with -Xlint:unchecked for details.
[INFO] 
[INFO] --- jacoco-maven-plugin:0.8.1:instrument (default-instrument) @ checkstyle ---
[INFO] 
[INFO] --- maven-surefire-plugin:2.20.1:test (default-test) @ checkstyle ---
[INFO] 
[INFO] -------------------------------------------------------
[INFO]  T E S T S
[INFO] -------------------------------------------------------
[INFO] Running com.puppycrawl.tools.checkstyle.AstTreeStringPrinterTest
[INFO] Tests run: 12, Failures: 0, Errors: 0, Skipped: 0, Time elapsed: 0.15 s - in com.puppycrawl.tools.checkstyle.AstTreeStringPrinterTest
[INFO] Running com.puppycrawl.tools.checkstyle.DefinitionsTest
[INFO] Tests run: 1, Failures: 0, Errors: 0, Skipped: 0, Time elapsed: 0.001 s - in com.puppycrawl.tools.checkstyle.DefinitionsTest
[INFO] Running com.puppycrawl.tools.checkstyle.gui.ParseTreeTablePresentationTest
[INFO] Tests run: 16, Failures: 0, Errors: 0, Skipped: 0, Time elapsed: 0.001 s - in com.puppycrawl.tools.checkstyle.gui.ParseTreeTablePresentationTest
[INFO] Running com.puppycrawl.tools.checkstyle.gui.MainFrameModelTest
[INFO] Tests run: 9, Failures: 0, Errors: 0, Skipped: 0, Time elapsed: 1.577 s - in com.puppycrawl.tools.checkstyle.gui.MainFrameModelTest
[INFO] Running com.puppycrawl.tools.checkstyle.gui.CodeSelectorPresentationTest
[INFO] Tests run: 5, Failures: 0, Errors: 0, Skipped: 0, Time elapsed: 0.003 s - in com.puppycrawl.tools.checkstyle.gui.CodeSelectorPresentationTest
[INFO] Running com.puppycrawl.tools.checkstyle.MainTest
[INFO] Tests run: 53, Failures: 0, Errors: 0, Skipped: 0, Time elapsed: 4.14 s - in com.puppycrawl.tools.checkstyle.MainTest
[INFO] Running com.puppycrawl.tools.checkstyle.api.ScopeTest
[INFO] Tests run: 10, Failures: 0, Errors: 0, Skipped: 0, Time elapsed: 0 s - in com.puppycrawl.tools.checkstyle.api.ScopeTest
[INFO] Running com.puppycrawl.tools.checkstyle.api.FileSetCheckTest
[INFO] Tests run: 2, Failures: 0, Errors: 0, Skipped: 0, Time elapsed: 0.012 s - in com.puppycrawl.tools.checkstyle.api.FileSetCheckTest
[INFO] Running com.puppycrawl.tools.checkstyle.api.SeverityLevelTest
[INFO] Tests run: 4, Failures: 0, Errors: 0, Skipped: 0, Time elapsed: 0.001 s - in com.puppycrawl.tools.checkstyle.api.SeverityLevelTest
[INFO] Running com.puppycrawl.tools.checkstyle.api.SeverityLevelCounterTest
[INFO] Tests run: 4, Failures: 0, Errors: 0, Skipped: 0, Time elapsed: 0.001 s - in com.puppycrawl.tools.checkstyle.api.SeverityLevelCounterTest
[INFO] Running com.puppycrawl.tools.checkstyle.api.FileTextTest
[INFO] Tests run: 5, Failures: 0, Errors: 0, Skipped: 0, Time elapsed: 0.479 s - in com.puppycrawl.tools.checkstyle.api.FileTextTest
[INFO] Running com.puppycrawl.tools.checkstyle.api.LocalizedMessageTest
[INFO] Tests run: 15, Failures: 0, Errors: 0, Skipped: 0, Time elapsed: 0.608 s - in com.puppycrawl.tools.checkstyle.api.LocalizedMessageTest
[INFO] Running com.puppycrawl.tools.checkstyle.api.FullIdentTest
[INFO] Tests run: 4, Failures: 0, Errors: 0, Skipped: 0, Time elapsed: 0 s - in com.puppycrawl.tools.checkstyle.api.FullIdentTest
[INFO] Running com.puppycrawl.tools.checkstyle.api.TokenTypesTest
[INFO] Tests run: 4, Failures: 0, Errors: 0, Skipped: 0, Time elapsed: 0 s - in com.puppycrawl.tools.checkstyle.api.TokenTypesTest
[INFO] Running com.puppycrawl.tools.checkstyle.api.FilterSetTest
[INFO] Tests run: 4, Failures: 0, Errors: 0, Skipped: 0, Time elapsed: 0.142 s - in com.puppycrawl.tools.checkstyle.api.FilterSetTest
[INFO] Running com.puppycrawl.tools.checkstyle.api.BeforeExecutionFileFilterSetTest
[INFO] Tests run: 5, Failures: 0, Errors: 0, Skipped: 0, Time elapsed: 0.001 s - in com.puppycrawl.tools.checkstyle.api.BeforeExecutionFileFilterSetTest
[INFO] Running com.puppycrawl.tools.checkstyle.api.AutomaticBeanTest
[INFO] Tests run: 8, Failures: 0, Errors: 0, Skipped: 0, Time elapsed: 0.001 s - in com.puppycrawl.tools.checkstyle.api.AutomaticBeanTest
[INFO] Running com.puppycrawl.tools.checkstyle.api.AbstractFileSetCheckTest
[INFO] Tests run: 5, Failures: 0, Errors: 0, Skipped: 0, Time elapsed: 0.001 s - in com.puppycrawl.tools.checkstyle.api.AbstractFileSetCheckTest
[INFO] Running com.puppycrawl.tools.checkstyle.api.AbstractViolationReporterTest
[INFO] Tests run: 6, Failures: 0, Errors: 0, Skipped: 0, Time elapsed: 0 s - in com.puppycrawl.tools.checkstyle.api.AbstractViolationReporterTest
[INFO] Running com.puppycrawl.tools.checkstyle.api.LineColumnTest
[INFO] Tests run: 5, Failures: 0, Errors: 0, Skipped: 0, Time elapsed: 0.012 s - in com.puppycrawl.tools.checkstyle.api.LineColumnTest
[INFO] Running com.puppycrawl.tools.checkstyle.api.JavadocTokenTypesTest
[INFO] Tests run: 3, Failures: 0, Errors: 0, Skipped: 0, Time elapsed: 0 s - in com.puppycrawl.tools.checkstyle.api.JavadocTokenTypesTest
[INFO] Running com.puppycrawl.tools.checkstyle.api.AbstractCheckTest
[INFO] Tests run: 8, Failures: 0, Errors: 0, Skipped: 0, Time elapsed: 0.022 s - in com.puppycrawl.tools.checkstyle.api.AbstractCheckTest
[INFO] Running com.puppycrawl.tools.checkstyle.api.DetailASTTest
[INFO] Tests run: 10, Failures: 0, Errors: 0, Skipped: 0, Time elapsed: 4.812 s - in com.puppycrawl.tools.checkstyle.api.DetailASTTest
[INFO] Running com.puppycrawl.tools.checkstyle.api.FileContentsTest
[INFO] Tests run: 11, Failures: 0, Errors: 0, Skipped: 0, Time elapsed: 0 s - in com.puppycrawl.tools.checkstyle.api.FileContentsTest
[INFO] Running com.puppycrawl.tools.checkstyle.PackageNamesLoaderTest
[INFO] Tests run: 6, Failures: 0, Errors: 0, Skipped: 0, Time elapsed: 0.646 s - in com.puppycrawl.tools.checkstyle.PackageNamesLoaderTest
[INFO] Running com.puppycrawl.tools.checkstyle.DefaultConfigurationTest
[INFO] Tests run: 8, Failures: 0, Errors: 0, Skipped: 0, Time elapsed: 0 s - in com.puppycrawl.tools.checkstyle.DefaultConfigurationTest
[INFO] Running com.puppycrawl.tools.checkstyle.CheckerTest
[INFO] Tests run: 38, Failures: 0, Errors: 0, Skipped: 0, Time elapsed: 0.132 s - in com.puppycrawl.tools.checkstyle.CheckerTest
[INFO] Running com.puppycrawl.tools.checkstyle.XMLLoggerTest
[INFO] Tests run: 18, Failures: 0, Errors: 0, Skipped: 0, Time elapsed: 0.02 s - in com.puppycrawl.tools.checkstyle.XMLLoggerTest
[INFO] Running com.puppycrawl.tools.checkstyle.grammars.UnicodeEscapeTest
[INFO] Tests run: 1, Failures: 0, Errors: 0, Skipped: 0, Time elapsed: 0.003 s - in com.puppycrawl.tools.checkstyle.grammars.UnicodeEscapeTest
[INFO] Running com.puppycrawl.tools.checkstyle.grammars.comments.AllSinglelineCommentsTest
[INFO] Tests run: 1, Failures: 0, Errors: 0, Skipped: 0, Time elapsed: 0.003 s - in com.puppycrawl.tools.checkstyle.grammars.comments.AllSinglelineCommentsTest
[INFO] Running com.puppycrawl.tools.checkstyle.grammars.comments.AllBlockCommentsTest
[INFO] Tests run: 1, Failures: 0, Errors: 0, Skipped: 0, Time elapsed: 0.004 s - in com.puppycrawl.tools.checkstyle.grammars.comments.AllBlockCommentsTest
[INFO] Running com.puppycrawl.tools.checkstyle.grammars.comments.CommentsTest
[INFO] Tests run: 5, Failures: 0, Errors: 0, Skipped: 0, Time elapsed: 0 s - in com.puppycrawl.tools.checkstyle.grammars.comments.CommentsTest
[INFO] Running com.puppycrawl.tools.checkstyle.grammars.MultiDimensionalArraysInGenericsTest
[INFO] Tests run: 1, Failures: 0, Errors: 0, Skipped: 0, Time elapsed: 0.002 s - in com.puppycrawl.tools.checkstyle.grammars.MultiDimensionalArraysInGenericsTest
[INFO] Running com.puppycrawl.tools.checkstyle.grammars.GeneratedJavaTokenTypesTest
[INFO] Tests run: 1, Failures: 0, Errors: 0, Skipped: 0, Time elapsed: 0 s - in com.puppycrawl.tools.checkstyle.grammars.GeneratedJavaTokenTypesTest
[INFO] Running com.puppycrawl.tools.checkstyle.grammars.Java7NumericalLiteralsTest
[INFO] Tests run: 1, Failures: 0, Errors: 0, Skipped: 0, Time elapsed: 0.004 s - in com.puppycrawl.tools.checkstyle.grammars.Java7NumericalLiteralsTest
[INFO] Running com.puppycrawl.tools.checkstyle.grammars.AstRegressionTest
[INFO] Tests run: 16, Failures: 0, Errors: 0, Skipped: 0, Time elapsed: 0.025 s - in com.puppycrawl.tools.checkstyle.grammars.AstRegressionTest
[INFO] Running com.puppycrawl.tools.checkstyle.grammars.Java9TryWithResourcesTest
[INFO] Tests run: 1, Failures: 0, Errors: 0, Skipped: 0, Time elapsed: 0.001 s - in com.puppycrawl.tools.checkstyle.grammars.Java9TryWithResourcesTest
[INFO] Running com.puppycrawl.tools.checkstyle.grammars.VarargTest
[INFO] Tests run: 1, Failures: 0, Errors: 0, Skipped: 0, Time elapsed: 0.002 s - in com.puppycrawl.tools.checkstyle.grammars.VarargTest
[INFO] Running com.puppycrawl.tools.checkstyle.grammars.java8.AnnotationTest
[INFO] Tests run: 11, Failures: 0, Errors: 0, Skipped: 0, Time elapsed: 0.025 s - in com.puppycrawl.tools.checkstyle.grammars.java8.AnnotationTest
[INFO] Running com.puppycrawl.tools.checkstyle.grammars.java8.LambdaTest
[INFO] Tests run: 18, Failures: 0, Errors: 0, Skipped: 0, Time elapsed: 0.047 s - in com.puppycrawl.tools.checkstyle.grammars.java8.LambdaTest
[INFO] Running com.puppycrawl.tools.checkstyle.grammars.java8.MethodReferencesTest
[INFO] Tests run: 7, Failures: 0, Errors: 0, Skipped: 0, Time elapsed: 0.015 s - in com.puppycrawl.tools.checkstyle.grammars.java8.MethodReferencesTest
[INFO] Running com.puppycrawl.tools.checkstyle.grammars.java8.AnnotationsOnArrayTest
[INFO] Tests run: 1, Failures: 0, Errors: 0, Skipped: 0, Time elapsed: 0.001 s - in com.puppycrawl.tools.checkstyle.grammars.java8.AnnotationsOnArrayTest
[INFO] Running com.puppycrawl.tools.checkstyle.grammars.java8.ReceiverParameterTest
[INFO] Tests run: 1, Failures: 0, Errors: 0, Skipped: 0, Time elapsed: 0.001 s - in com.puppycrawl.tools.checkstyle.grammars.java8.ReceiverParameterTest
[INFO] Running com.puppycrawl.tools.checkstyle.grammars.java8.TypeUseAnnotationsOnQualifiedTypesTest
[INFO] Tests run: 1, Failures: 0, Errors: 0, Skipped: 0, Time elapsed: 0.001 s - in com.puppycrawl.tools.checkstyle.grammars.java8.TypeUseAnnotationsOnQualifiedTypesTest
[INFO] Running com.puppycrawl.tools.checkstyle.grammars.java8.DefaultMethodsTest
[INFO] Tests run: 2, Failures: 0, Errors: 0, Skipped: 0, Time elapsed: 0.003 s - in com.puppycrawl.tools.checkstyle.grammars.java8.DefaultMethodsTest
[INFO] Running com.puppycrawl.tools.checkstyle.grammars.EmbeddedNullCharTest
[INFO] Tests run: 1, Failures: 0, Errors: 0, Skipped: 0, Time elapsed: 0 s - in com.puppycrawl.tools.checkstyle.grammars.EmbeddedNullCharTest
[INFO] Running com.puppycrawl.tools.checkstyle.grammars.LineCommentAtTheEndOfFileTest
[INFO] Tests run: 1, Failures: 0, Errors: 0, Skipped: 0, Time elapsed: 0.001 s - in com.puppycrawl.tools.checkstyle.grammars.LineCommentAtTheEndOfFileTest
[INFO] Running com.puppycrawl.tools.checkstyle.grammars.GeneratedJava14LexerTest
[INFO] Tests run: 2, Failures: 0, Errors: 0, Skipped: 0, Time elapsed: 0.004 s - in com.puppycrawl.tools.checkstyle.grammars.GeneratedJava14LexerTest
[INFO] Running com.puppycrawl.tools.checkstyle.grammars.Java7MultiCatchTest
[INFO] Tests run: 1, Failures: 0, Errors: 0, Skipped: 0, Time elapsed: 0.002 s - in com.puppycrawl.tools.checkstyle.grammars.Java7MultiCatchTest
[INFO] Running com.puppycrawl.tools.checkstyle.grammars.javadoc.GeneratedJavadocTokenTypesTest
[INFO] Tests run: 2, Failures: 0, Errors: 0, Skipped: 0, Time elapsed: 0 s - in com.puppycrawl.tools.checkstyle.grammars.javadoc.GeneratedJavadocTokenTypesTest
[INFO] Running com.puppycrawl.tools.checkstyle.grammars.javadoc.JavadocParseTreeTest
[INFO] Tests run: 47, Failures: 0, Errors: 0, Skipped: 0, Time elapsed: 0.497 s - in com.puppycrawl.tools.checkstyle.grammars.javadoc.JavadocParseTreeTest
[INFO] Running com.puppycrawl.tools.checkstyle.grammars.HexFloatsTest
[INFO] Tests run: 1, Failures: 0, Errors: 0, Skipped: 0, Time elapsed: 0.002 s - in com.puppycrawl.tools.checkstyle.grammars.HexFloatsTest
[INFO] Running com.puppycrawl.tools.checkstyle.grammars.Java7TryWithResourcesTest
[INFO] Tests run: 1, Failures: 0, Errors: 0, Skipped: 0, Time elapsed: 0.002 s - in com.puppycrawl.tools.checkstyle.grammars.Java7TryWithResourcesTest
[INFO] Running com.puppycrawl.tools.checkstyle.grammars.Java7StringSwitchTest
[INFO] Tests run: 1, Failures: 0, Errors: 0, Skipped: 0, Time elapsed: 0.001 s - in com.puppycrawl.tools.checkstyle.grammars.Java7StringSwitchTest
[INFO] Running com.puppycrawl.tools.checkstyle.grammars.Java7DiamondTest
[INFO] Tests run: 1, Failures: 0, Errors: 0, Skipped: 0, Time elapsed: 0.001 s - in com.puppycrawl.tools.checkstyle.grammars.Java7DiamondTest
[INFO] Running com.puppycrawl.tools.checkstyle.utils.JavadocUtilsTest
[INFO] Tests run: 25, Failures: 0, Errors: 0, Skipped: 0, Time elapsed: 0.006 s - in com.puppycrawl.tools.checkstyle.utils.JavadocUtilsTest
[INFO] Running com.puppycrawl.tools.checkstyle.utils.CommonUtilsTest
[INFO] Tests run: 45, Failures: 0, Errors: 0, Skipped: 0, Time elapsed: 0.678 s - in com.puppycrawl.tools.checkstyle.utils.CommonUtilsTest
[INFO] Running com.puppycrawl.tools.checkstyle.utils.BlockCommentPositionTest
[INFO] Tests run: 2, Failures: 0, Errors: 0, Skipped: 0, Time elapsed: 0.003 s - in com.puppycrawl.tools.checkstyle.utils.BlockCommentPositionTest
[INFO] Running com.puppycrawl.tools.checkstyle.utils.AnnotationUtilityTest
[INFO] Tests run: 13, Failures: 0, Errors: 0, Skipped: 0, Time elapsed: 0 s - in com.puppycrawl.tools.checkstyle.utils.AnnotationUtilityTest
[INFO] Running com.puppycrawl.tools.checkstyle.utils.ScopeUtilsTest
[INFO] Tests run: 19, Failures: 0, Errors: 0, Skipped: 0, Time elapsed: 0.001 s - in com.puppycrawl.tools.checkstyle.utils.ScopeUtilsTest
[INFO] Running com.puppycrawl.tools.checkstyle.utils.ModuleReflectionUtilsTest
[INFO] Tests run: 11, Failures: 0, Errors: 0, Skipped: 0, Time elapsed: 0.001 s - in com.puppycrawl.tools.checkstyle.utils.ModuleReflectionUtilsTest
[INFO] Running com.puppycrawl.tools.checkstyle.utils.CheckUtilsTest
[INFO] Tests run: 22, Failures: 0, Errors: 0, Skipped: 0, Time elapsed: 0.017 s - in com.puppycrawl.tools.checkstyle.utils.CheckUtilsTest
[INFO] Running com.puppycrawl.tools.checkstyle.utils.FilterUtilsTest
[INFO] Tests run: 4, Failures: 0, Errors: 0, Skipped: 0, Time elapsed: 0.725 s - in com.puppycrawl.tools.checkstyle.utils.FilterUtilsTest
[INFO] Running com.puppycrawl.tools.checkstyle.utils.TokenUtilsTest
[INFO] Tests run: 17, Failures: 0, Errors: 0, Skipped: 0, Time elapsed: 0 s - in com.puppycrawl.tools.checkstyle.utils.TokenUtilsTest
[INFO] Running com.puppycrawl.tools.checkstyle.DefaultLoggerTest
[INFO] Tests run: 5, Failures: 0, Errors: 0, Skipped: 0, Time elapsed: 0.017 s - in com.puppycrawl.tools.checkstyle.DefaultLoggerTest
[INFO] Running com.puppycrawl.tools.checkstyle.DetailNodeTreeStringPrinterTest
[INFO] Tests run: 12, Failures: 0, Errors: 0, Skipped: 0, Time elapsed: 0.009 s - in com.puppycrawl.tools.checkstyle.DetailNodeTreeStringPrinterTest
[INFO] Running com.puppycrawl.tools.checkstyle.TreeWalkerTest
[INFO] Tests run: 25, Failures: 0, Errors: 0, Skipped: 0, Time elapsed: 0.051 s - in com.puppycrawl.tools.checkstyle.TreeWalkerTest
[INFO] Running com.puppycrawl.tools.checkstyle.filefilters.BeforeExecutionExclusionFileFilterTest
[INFO] Tests run: 4, Failures: 0, Errors: 0, Skipped: 0, Time elapsed: 0 s - in com.puppycrawl.tools.checkstyle.filefilters.BeforeExecutionExclusionFileFilterTest
[INFO] Running com.puppycrawl.tools.checkstyle.internal.AllTestsTest
[INFO] Tests run: 2, Failures: 0, Errors: 0, Skipped: 0, Time elapsed: 0.08 s - in com.puppycrawl.tools.checkstyle.internal.AllTestsTest
[INFO] Running com.puppycrawl.tools.checkstyle.internal.AllChecksTest
[INFO] Tests run: 11, Failures: 0, Errors: 0, Skipped: 0, Time elapsed: 1.377 s - in com.puppycrawl.tools.checkstyle.internal.AllChecksTest
[INFO] Running com.puppycrawl.tools.checkstyle.internal.CommitValidationTest
[INFO] Tests run: 3, Failures: 0, Errors: 0, Skipped: 0, Time elapsed: 0.134 s - in com.puppycrawl.tools.checkstyle.internal.CommitValidationTest
[INFO] Running com.puppycrawl.tools.checkstyle.internal.XdocsPagesTest
[INFO] Tests run: 5, Failures: 0, Errors: 0, Skipped: 0, Time elapsed: 1.051 s - in com.puppycrawl.tools.checkstyle.internal.XdocsPagesTest
[INFO] Running com.puppycrawl.tools.checkstyle.checks.TrailingCommentCheckTest
[INFO] Tests run: 6, Failures: 0, Errors: 0, Skipped: 0, Time elapsed: 0.004 s - in com.puppycrawl.tools.checkstyle.checks.TrailingCommentCheckTest
[INFO] Running com.puppycrawl.tools.checkstyle.checks.modifier.ModifierOrderCheckTest
[INFO] Tests run: 7, Failures: 0, Errors: 0, Skipped: 0, Time elapsed: 0.007 s - in com.puppycrawl.tools.checkstyle.checks.modifier.ModifierOrderCheckTest
[INFO] Running com.puppycrawl.tools.checkstyle.checks.modifier.RedundantModifierCheckTest
[INFO] Tests run: 17, Failures: 0, Errors: 0, Skipped: 0, Time elapsed: 0.023 s - in com.puppycrawl.tools.checkstyle.checks.modifier.RedundantModifierCheckTest
[INFO] Running com.puppycrawl.tools.checkstyle.checks.TodoCommentCheckTest
[INFO] Tests run: 3, Failures: 0, Errors: 0, Skipped: 0, Time elapsed: 0.001 s - in com.puppycrawl.tools.checkstyle.checks.TodoCommentCheckTest
[INFO] Running com.puppycrawl.tools.checkstyle.checks.sizes.FileLengthCheckTest
[INFO] Tests run: 6, Failures: 0, Errors: 0, Skipped: 0, Time elapsed: 0.003 s - in com.puppycrawl.tools.checkstyle.checks.sizes.FileLengthCheckTest
[INFO] Running com.puppycrawl.tools.checkstyle.checks.sizes.ParameterNumberCheckTest
[INFO] Tests run: 7, Failures: 0, Errors: 0, Skipped: 0, Time elapsed: 0.009 s - in com.puppycrawl.tools.checkstyle.checks.sizes.ParameterNumberCheckTest
[INFO] Running com.puppycrawl.tools.checkstyle.checks.sizes.LineLengthCheckTest
[INFO] Tests run: 6, Failures: 0, Errors: 0, Skipped: 0, Time elapsed: 0.007 s - in com.puppycrawl.tools.checkstyle.checks.sizes.LineLengthCheckTest
[INFO] Running com.puppycrawl.tools.checkstyle.checks.sizes.MethodLengthCheckTest
[INFO] Tests run: 6, Failures: 0, Errors: 0, Skipped: 0, Time elapsed: 0.007 s - in com.puppycrawl.tools.checkstyle.checks.sizes.MethodLengthCheckTest
[INFO] Running com.puppycrawl.tools.checkstyle.checks.sizes.MethodCountCheckTest
[INFO] Tests run: 10, Failures: 0, Errors: 0, Skipped: 0, Time elapsed: 0.013 s - in com.puppycrawl.tools.checkstyle.checks.sizes.MethodCountCheckTest
[INFO] Running com.puppycrawl.tools.checkstyle.checks.sizes.AnonInnerLengthCheckTest
[INFO] Tests run: 4, Failures: 0, Errors: 0, Skipped: 0, Time elapsed: 0.01 s - in com.puppycrawl.tools.checkstyle.checks.sizes.AnonInnerLengthCheckTest
[INFO] Running com.puppycrawl.tools.checkstyle.checks.sizes.OuterTypeNumberCheckTest
[INFO] Tests run: 5, Failures: 0, Errors: 0, Skipped: 0, Time elapsed: 0.005 s - in com.puppycrawl.tools.checkstyle.checks.sizes.OuterTypeNumberCheckTest
[INFO] Running com.puppycrawl.tools.checkstyle.checks.sizes.ExecutableStatementCountCheckTest
[INFO] Tests run: 9, Failures: 0, Errors: 0, Skipped: 0, Time elapsed: 0.014 s - in com.puppycrawl.tools.checkstyle.checks.sizes.ExecutableStatementCountCheckTest
[INFO] Running com.puppycrawl.tools.checkstyle.checks.metrics.BooleanExpressionComplexityCheckTest
[INFO] Tests run: 4, Failures: 0, Errors: 0, Skipped: 0, Time elapsed: 0.007 s - in com.puppycrawl.tools.checkstyle.checks.metrics.BooleanExpressionComplexityCheckTest
[INFO] Running com.puppycrawl.tools.checkstyle.checks.metrics.CyclomaticComplexityCheckTest
[INFO] Tests run: 6, Failures: 0, Errors: 0, Skipped: 0, Time elapsed: 0.009 s - in com.puppycrawl.tools.checkstyle.checks.metrics.CyclomaticComplexityCheckTest
[INFO] Running com.puppycrawl.tools.checkstyle.checks.metrics.ClassDataAbstractionCouplingCheckTest
[INFO] Tests run: 10, Failures: 0, Errors: 0, Skipped: 0, Time elapsed: 0.015 s - in com.puppycrawl.tools.checkstyle.checks.metrics.ClassDataAbstractionCouplingCheckTest
[INFO] Running com.puppycrawl.tools.checkstyle.checks.metrics.ClassFanOutComplexityCheckTest
[INFO] Tests run: 12, Failures: 0, Errors: 0, Skipped: 0, Time elapsed: 0.021 s - in com.puppycrawl.tools.checkstyle.checks.metrics.ClassFanOutComplexityCheckTest
[INFO] Running com.puppycrawl.tools.checkstyle.checks.metrics.JavaNCSSCheckTest
[INFO] Tests run: 5, Failures: 0, Errors: 0, Skipped: 0, Time elapsed: 0.006 s - in com.puppycrawl.tools.checkstyle.checks.metrics.JavaNCSSCheckTest
[INFO] Running com.puppycrawl.tools.checkstyle.checks.metrics.NPathComplexityCheckTest
[INFO] Tests run: 12, Failures: 0, Errors: 0, Skipped: 0, Time elapsed: 0.018 s - in com.puppycrawl.tools.checkstyle.checks.metrics.NPathComplexityCheckTest
[INFO] Running com.puppycrawl.tools.checkstyle.checks.UncommentedMainCheckTest
[INFO] Tests run: 8, Failures: 0, Errors: 0, Skipped: 0, Time elapsed: 0.009 s - in com.puppycrawl.tools.checkstyle.checks.UncommentedMainCheckTest
[INFO] Running com.puppycrawl.tools.checkstyle.checks.blocks.NeedBracesCheckTest
[INFO] Tests run: 10, Failures: 0, Errors: 0, Skipped: 0, Time elapsed: 0.02 s - in com.puppycrawl.tools.checkstyle.checks.blocks.NeedBracesCheckTest
[INFO] Running com.puppycrawl.tools.checkstyle.checks.blocks.RightCurlyCheckTest
[INFO] Tests run: 24, Failures: 0, Errors: 0, Skipped: 0, Time elapsed: 0.059 s - in com.puppycrawl.tools.checkstyle.checks.blocks.RightCurlyCheckTest
[INFO] Running com.puppycrawl.tools.checkstyle.checks.blocks.EmptyCatchBlockCheckTest
[INFO] Tests run: 4, Failures: 0, Errors: 0, Skipped: 0, Time elapsed: 0.004 s - in com.puppycrawl.tools.checkstyle.checks.blocks.EmptyCatchBlockCheckTest
[INFO] Running com.puppycrawl.tools.checkstyle.checks.blocks.AvoidNestedBlocksCheckTest
[INFO] Tests run: 4, Failures: 0, Errors: 0, Skipped: 0, Time elapsed: 0.002 s - in com.puppycrawl.tools.checkstyle.checks.blocks.AvoidNestedBlocksCheckTest
[INFO] Running com.puppycrawl.tools.checkstyle.checks.blocks.LeftCurlyCheckTest
[INFO] Tests run: 21, Failures: 0, Errors: 0, Skipped: 0, Time elapsed: 0.034 s - in com.puppycrawl.tools.checkstyle.checks.blocks.LeftCurlyCheckTest
[INFO] Running com.puppycrawl.tools.checkstyle.checks.blocks.EmptyBlockCheckTest
[INFO] Tests run: 12, Failures: 0, Errors: 0, Skipped: 0, Time elapsed: 0.02 s - in com.puppycrawl.tools.checkstyle.checks.blocks.EmptyBlockCheckTest
[INFO] Running com.puppycrawl.tools.checkstyle.checks.NewlineAtEndOfFileCheckTest
[INFO] Tests run: 12, Failures: 0, Errors: 0, Skipped: 0, Time elapsed: 0.643 s - in com.puppycrawl.tools.checkstyle.checks.NewlineAtEndOfFileCheckTest
[INFO] Running com.puppycrawl.tools.checkstyle.checks.TranslationCheckTest
[INFO] Tests run: 21, Failures: 0, Errors: 0, Skipped: 0, Time elapsed: 0.827 s - in com.puppycrawl.tools.checkstyle.checks.TranslationCheckTest
[INFO] Running com.puppycrawl.tools.checkstyle.checks.SuppressWarningsHolderTest
[INFO] Tests run: 20, Failures: 0, Errors: 0, Skipped: 0, Time elapsed: 0.843 s - in com.puppycrawl.tools.checkstyle.checks.SuppressWarningsHolderTest
[INFO] Running com.puppycrawl.tools.checkstyle.checks.indentation.LineSetTest
[INFO] Tests run: 1, Failures: 0, Errors: 0, Skipped: 0, Time elapsed: 0 s - in com.puppycrawl.tools.checkstyle.checks.indentation.LineSetTest
[INFO] Running com.puppycrawl.tools.checkstyle.checks.indentation.IndentationCheckTest
[INFO] Tests run: 82, Failures: 0, Errors: 0, Skipped: 0, Time elapsed: 0.316 s - in com.puppycrawl.tools.checkstyle.checks.indentation.IndentationCheckTest
[INFO] Running com.puppycrawl.tools.checkstyle.checks.indentation.CommentsIndentationCheckTest
[INFO] Tests run: 11, Failures: 0, Errors: 0, Skipped: 0, Time elapsed: 0.04 s - in com.puppycrawl.tools.checkstyle.checks.indentation.CommentsIndentationCheckTest
[INFO] Running com.puppycrawl.tools.checkstyle.checks.coding.ExplicitInitializationCheckTest
[INFO] Tests run: 3, Failures: 0, Errors: 0, Skipped: 0, Time elapsed: 0.003 s - in com.puppycrawl.tools.checkstyle.checks.coding.ExplicitInitializationCheckTest
[INFO] Running com.puppycrawl.tools.checkstyle.checks.coding.IllegalInstantiationCheckTest
[INFO] Tests run: 8, Failures: 0, Errors: 0, Skipped: 0, Time elapsed: 0.007 s - in com.puppycrawl.tools.checkstyle.checks.coding.IllegalInstantiationCheckTest
[INFO] Running com.puppycrawl.tools.checkstyle.checks.coding.MissingCtorCheckTest
[INFO] Tests run: 2, Failures: 0, Errors: 0, Skipped: 0, Time elapsed: 0 s - in com.puppycrawl.tools.checkstyle.checks.coding.MissingCtorCheckTest
[INFO] Running com.puppycrawl.tools.checkstyle.checks.coding.NestedTryDepthCheckTest
[INFO] Tests run: 3, Failures: 0, Errors: 0, Skipped: 0, Time elapsed: 0.002 s - in com.puppycrawl.tools.checkstyle.checks.coding.NestedTryDepthCheckTest
[INFO] Running com.puppycrawl.tools.checkstyle.checks.coding.DefaultComesLastCheckTest
[INFO] Tests run: 4, Failures: 0, Errors: 0, Skipped: 0, Time elapsed: 0.005 s - in com.puppycrawl.tools.checkstyle.checks.coding.DefaultComesLastCheckTest
[INFO] Running com.puppycrawl.tools.checkstyle.checks.coding.EqualsAvoidNullCheckTest
[INFO] Tests run: 5, Failures: 0, Errors: 0, Skipped: 0, Time elapsed: 0.025 s - in com.puppycrawl.tools.checkstyle.checks.coding.EqualsAvoidNullCheckTest
[INFO] Running com.puppycrawl.tools.checkstyle.checks.coding.ArrayTrailingCommaCheckTest
[INFO] Tests run: 2, Failures: 0, Errors: 0, Skipped: 0, Time elapsed: 0 s - in com.puppycrawl.tools.checkstyle.checks.coding.ArrayTrailingCommaCheckTest
[INFO] Running com.puppycrawl.tools.checkstyle.checks.coding.SuperFinalizeCheckTest
[INFO] Tests run: 1, Failures: 0, Errors: 0, Skipped: 0, Time elapsed: 0 s - in com.puppycrawl.tools.checkstyle.checks.coding.SuperFinalizeCheckTest
[INFO] Running com.puppycrawl.tools.checkstyle.checks.coding.ReturnCountCheckTest
[INFO] Tests run: 9, Failures: 0, Errors: 0, Skipped: 0, Time elapsed: 0.013 s - in com.puppycrawl.tools.checkstyle.checks.coding.ReturnCountCheckTest
[INFO] Running com.puppycrawl.tools.checkstyle.checks.coding.MissingSwitchDefaultCheckTest
[INFO] Tests run: 2, Failures: 0, Errors: 0, Skipped: 0, Time elapsed: 0.001 s - in com.puppycrawl.tools.checkstyle.checks.coding.MissingSwitchDefaultCheckTest
[INFO] Running com.puppycrawl.tools.checkstyle.checks.coding.OneStatementPerLineCheckTest
[INFO] Tests run: 4, Failures: 0, Errors: 0, Skipped: 0, Time elapsed: 0.006 s - in com.puppycrawl.tools.checkstyle.checks.coding.OneStatementPerLineCheckTest
[INFO] Running com.puppycrawl.tools.checkstyle.checks.coding.IllegalThrowsCheckTest
[INFO] Tests run: 7, Failures: 0, Errors: 0, Skipped: 0, Time elapsed: 0.008 s - in com.puppycrawl.tools.checkstyle.checks.coding.IllegalThrowsCheckTest
[INFO] Running com.puppycrawl.tools.checkstyle.checks.coding.NestedForDepthCheckTest
[INFO] Tests run: 3, Failures: 0, Errors: 0, Skipped: 0, Time elapsed: 0.003 s - in com.puppycrawl.tools.checkstyle.checks.coding.NestedForDepthCheckTest
[INFO] Running com.puppycrawl.tools.checkstyle.checks.coding.VariableDeclarationUsageDistanceCheckTest
[INFO] Tests run: 9, Failures: 0, Errors: 0, Skipped: 0, Time elapsed: 0.098 s - in com.puppycrawl.tools.checkstyle.checks.coding.VariableDeclarationUsageDistanceCheckTest
[INFO] Running com.puppycrawl.tools.checkstyle.checks.coding.NoFinalizerCheckTest
[INFO] Tests run: 3, Failures: 0, Errors: 0, Skipped: 0, Time elapsed: 0.005 s - in com.puppycrawl.tools.checkstyle.checks.coding.NoFinalizerCheckTest
[INFO] Running com.puppycrawl.tools.checkstyle.checks.coding.NoCloneCheckTest
[INFO] Tests run: 2, Failures: 0, Errors: 0, Skipped: 0, Time elapsed: 0 s - in com.puppycrawl.tools.checkstyle.checks.coding.NoCloneCheckTest
[INFO] Running com.puppycrawl.tools.checkstyle.checks.coding.MultipleStringLiteralsCheckTest
[INFO] Tests run: 8, Failures: 0, Errors: 0, Skipped: 0, Time elapsed: 0.014 s - in com.puppycrawl.tools.checkstyle.checks.coding.MultipleStringLiteralsCheckTest
[INFO] Running com.puppycrawl.tools.checkstyle.checks.coding.FinalLocalVariableCheckTest
[INFO] Tests run: 17, Failures: 0, Errors: 0, Skipped: 0, Time elapsed: 0.064 s - in com.puppycrawl.tools.checkstyle.checks.coding.FinalLocalVariableCheckTest
[INFO] Running com.puppycrawl.tools.checkstyle.checks.coding.IllegalCatchCheckTest
[INFO] Tests run: 5, Failures: 0, Errors: 0, Skipped: 0, Time elapsed: 0.003 s - in com.puppycrawl.tools.checkstyle.checks.coding.IllegalCatchCheckTest
[INFO] Running com.puppycrawl.tools.checkstyle.checks.coding.SimplifyBooleanReturnCheckTest
[INFO] Tests run: 2, Failures: 0, Errors: 0, Skipped: 0, Time elapsed: 0.001 s - in com.puppycrawl.tools.checkstyle.checks.coding.SimplifyBooleanReturnCheckTest
[INFO] Running com.puppycrawl.tools.checkstyle.checks.coding.MultipleVariableDeclarationsCheckTest
[INFO] Tests run: 2, Failures: 0, Errors: 0, Skipped: 0, Time elapsed: 0.001 s - in com.puppycrawl.tools.checkstyle.checks.coding.MultipleVariableDeclarationsCheckTest
[INFO] Running com.puppycrawl.tools.checkstyle.checks.coding.EqualsHashCodeCheckTest
[INFO] Tests run: 6, Failures: 0, Errors: 0, Skipped: 0, Time elapsed: 0.007 s - in com.puppycrawl.tools.checkstyle.checks.coding.EqualsHashCodeCheckTest
[INFO] Running com.puppycrawl.tools.checkstyle.checks.coding.IllegalTokenCheckTest
[INFO] Tests run: 7, Failures: 0, Errors: 0, Skipped: 0, Time elapsed: 0.009 s - in com.puppycrawl.tools.checkstyle.checks.coding.IllegalTokenCheckTest
[INFO] Running com.puppycrawl.tools.checkstyle.checks.coding.ModifiedControlVariableCheckTest
[INFO] Tests run: 7, Failures: 0, Errors: 0, Skipped: 0, Time elapsed: 0.008 s - in com.puppycrawl.tools.checkstyle.checks.coding.ModifiedControlVariableCheckTest
[INFO] Running com.puppycrawl.tools.checkstyle.checks.coding.PackageDeclarationCheckTest
[INFO] Tests run: 10, Failures: 0, Errors: 0, Skipped: 0, Time elapsed: 0.01 s - in com.puppycrawl.tools.checkstyle.checks.coding.PackageDeclarationCheckTest
[INFO] Running com.puppycrawl.tools.checkstyle.checks.coding.UnnecessaryParenthesesCheckTest
[INFO] Tests run: 4, Failures: 0, Errors: 0, Skipped: 0, Time elapsed: 0.008 s - in com.puppycrawl.tools.checkstyle.checks.coding.UnnecessaryParenthesesCheckTest
[INFO] Running com.puppycrawl.tools.checkstyle.checks.coding.RequireThisCheckTest
[INFO] Tests run: 23, Failures: 0, Errors: 0, Skipped: 0, Time elapsed: 0.068 s - in com.puppycrawl.tools.checkstyle.checks.coding.RequireThisCheckTest
[INFO] Running com.puppycrawl.tools.checkstyle.checks.coding.AvoidInlineConditionalsCheckTest
[INFO] Tests run: 2, Failures: 0, Errors: 0, Skipped: 0, Time elapsed: 0 s - in com.puppycrawl.tools.checkstyle.checks.coding.AvoidInlineConditionalsCheckTest
[INFO] Running com.puppycrawl.tools.checkstyle.checks.coding.SimplifyBooleanExpressionCheckTest
[INFO] Tests run: 2, Failures: 0, Errors: 0, Skipped: 0, Time elapsed: 0 s - in com.puppycrawl.tools.checkstyle.checks.coding.SimplifyBooleanExpressionCheckTest
[INFO] Running com.puppycrawl.tools.checkstyle.checks.coding.FallThroughCheckTest
[INFO] Tests run: 5, Failures: 0, Errors: 0, Skipped: 0, Time elapsed: 0.017 s - in com.puppycrawl.tools.checkstyle.checks.coding.FallThroughCheckTest
[INFO] Running com.puppycrawl.tools.checkstyle.checks.coding.SuperCloneCheckTest
[INFO] Tests run: 4, Failures: 0, Errors: 0, Skipped: 0, Time elapsed: 0.003 s - in com.puppycrawl.tools.checkstyle.checks.coding.SuperCloneCheckTest
[INFO] Running com.puppycrawl.tools.checkstyle.checks.coding.MagicNumberCheckTest
[INFO] Tests run: 8, Failures: 0, Errors: 0, Skipped: 0, Time elapsed: 0.032 s - in com.puppycrawl.tools.checkstyle.checks.coding.MagicNumberCheckTest
[INFO] Running com.puppycrawl.tools.checkstyle.checks.coding.OverloadMethodsDeclarationOrderCheckTest
[INFO] Tests run: 2, Failures: 0, Errors: 0, Skipped: 0, Time elapsed: 0 s - in com.puppycrawl.tools.checkstyle.checks.coding.OverloadMethodsDeclarationOrderCheckTest
[INFO] Running com.puppycrawl.tools.checkstyle.checks.coding.NestedIfDepthCheckTest
[INFO] Tests run: 3, Failures: 0, Errors: 0, Skipped: 0, Time elapsed: 0 s - in com.puppycrawl.tools.checkstyle.checks.coding.NestedIfDepthCheckTest
[INFO] Running com.puppycrawl.tools.checkstyle.checks.coding.StringLiteralEqualityCheckTest
[INFO] Tests run: 2, Failures: 0, Errors: 0, Skipped: 0, Time elapsed: 0.001 s - in com.puppycrawl.tools.checkstyle.checks.coding.StringLiteralEqualityCheckTest
[INFO] Running com.puppycrawl.tools.checkstyle.checks.coding.DeclarationOrderCheckTest
[INFO] Tests run: 8, Failures: 0, Errors: 0, Skipped: 0, Time elapsed: 0.01 s - in com.puppycrawl.tools.checkstyle.checks.coding.DeclarationOrderCheckTest
[INFO] Running com.puppycrawl.tools.checkstyle.checks.coding.CovariantEqualsCheckTest
[INFO] Tests run: 2, Failures: 0, Errors: 0, Skipped: 0, Time elapsed: 0.001 s - in com.puppycrawl.tools.checkstyle.checks.coding.CovariantEqualsCheckTest
[INFO] Running com.puppycrawl.tools.checkstyle.checks.coding.EmptyStatementCheckTest
[INFO] Tests run: 2, Failures: 0, Errors: 0, Skipped: 0, Time elapsed: 0 s - in com.puppycrawl.tools.checkstyle.checks.coding.EmptyStatementCheckTest
[INFO] Running com.puppycrawl.tools.checkstyle.checks.coding.HiddenFieldCheckTest
[INFO] Tests run: 11, Failures: 0, Errors: 0, Skipped: 0, Time elapsed: 0.03 s - in com.puppycrawl.tools.checkstyle.checks.coding.HiddenFieldCheckTest
[INFO] Running com.puppycrawl.tools.checkstyle.checks.coding.ParameterAssignmentCheckTest
[INFO] Tests run: 5, Failures: 0, Errors: 0, Skipped: 0, Time elapsed: 0.003 s - in com.puppycrawl.tools.checkstyle.checks.coding.ParameterAssignmentCheckTest
[INFO] Running com.puppycrawl.tools.checkstyle.checks.coding.InnerAssignmentCheckTest
[INFO] Tests run: 3, Failures: 0, Errors: 0, Skipped: 0, Time elapsed: 0.002 s - in com.puppycrawl.tools.checkstyle.checks.coding.InnerAssignmentCheckTest
[INFO] Running com.puppycrawl.tools.checkstyle.checks.coding.IllegalTypeCheckTest
[INFO] Tests run: 16, Failures: 0, Errors: 0, Skipped: 0, Time elapsed: 0.021 s - in com.puppycrawl.tools.checkstyle.checks.coding.IllegalTypeCheckTest
[INFO] Running com.puppycrawl.tools.checkstyle.checks.coding.IllegalTokenTextCheckTest
[INFO] Tests run: 8, Failures: 0, Errors: 0, Skipped: 0, Time elapsed: 0.008 s - in com.puppycrawl.tools.checkstyle.checks.coding.IllegalTokenTextCheckTest
[INFO] Running com.puppycrawl.tools.checkstyle.checks.UniquePropertiesCheckTest
[INFO] Tests run: 8, Failures: 0, Errors: 0, Skipped: 0, Time elapsed: 0.595 s - in com.puppycrawl.tools.checkstyle.checks.UniquePropertiesCheckTest
[INFO] Running com.puppycrawl.tools.checkstyle.checks.ArrayTypeStyleCheckTest
[INFO] Tests run: 4, Failures: 0, Errors: 0, Skipped: 0, Time elapsed: 0.002 s - in com.puppycrawl.tools.checkstyle.checks.ArrayTypeStyleCheckTest
[INFO] Running com.puppycrawl.tools.checkstyle.checks.header.RegexpHeaderCheckTest
[INFO] Tests run: 27, Failures: 0, Errors: 0, Skipped: 0, Time elapsed: 0.595 s - in com.puppycrawl.tools.checkstyle.checks.header.RegexpHeaderCheckTest
[INFO] Running com.puppycrawl.tools.checkstyle.checks.header.HeaderCheckTest
[INFO] Tests run: 16, Failures: 0, Errors: 0, Skipped: 0, Time elapsed: 0.827 s - in com.puppycrawl.tools.checkstyle.checks.header.HeaderCheckTest
[INFO] Running com.puppycrawl.tools.checkstyle.checks.naming.MethodNameCheckTest
[INFO] Tests run: 8, Failures: 0, Errors: 0, Skipped: 0, Time elapsed: 0.009 s - in com.puppycrawl.tools.checkstyle.checks.naming.MethodNameCheckTest
[INFO] Running com.puppycrawl.tools.checkstyle.checks.naming.AbbreviationAsWordInNameCheckTest
[INFO] Tests run: 12, Failures: 0, Errors: 0, Skipped: 0, Time elapsed: 0.021 s - in com.puppycrawl.tools.checkstyle.checks.naming.AbbreviationAsWordInNameCheckTest
[INFO] Running com.puppycrawl.tools.checkstyle.checks.naming.TypeNameCheckTest
[INFO] Tests run: 6, Failures: 0, Errors: 0, Skipped: 0, Time elapsed: 0.006 s - in com.puppycrawl.tools.checkstyle.checks.naming.TypeNameCheckTest
[INFO] Running com.puppycrawl.tools.checkstyle.checks.naming.ConstantNameCheckTest
[INFO] Tests run: 9, Failures: 0, Errors: 0, Skipped: 0, Time elapsed: 0.009 s - in com.puppycrawl.tools.checkstyle.checks.naming.ConstantNameCheckTest
[INFO] Running com.puppycrawl.tools.checkstyle.checks.naming.CatchParameterNameCheckTest
[INFO] Tests run: 5, Failures: 0, Errors: 0, Skipped: 0, Time elapsed: 0.005 s - in com.puppycrawl.tools.checkstyle.checks.naming.CatchParameterNameCheckTest
[INFO] Running com.puppycrawl.tools.checkstyle.checks.naming.MethodTypeParameterNameCheckTest
[INFO] Tests run: 4, Failures: 0, Errors: 0, Skipped: 0, Time elapsed: 0.001 s - in com.puppycrawl.tools.checkstyle.checks.naming.MethodTypeParameterNameCheckTest
[INFO] Running com.puppycrawl.tools.checkstyle.checks.naming.PackageNameCheckTest
[INFO] Tests run: 4, Failures: 0, Errors: 0, Skipped: 0, Time elapsed: 0.002 s - in com.puppycrawl.tools.checkstyle.checks.naming.PackageNameCheckTest
[INFO] Running com.puppycrawl.tools.checkstyle.checks.naming.InterfaceTypeParameterNameCheckTest
[INFO] Tests run: 4, Failures: 0, Errors: 0, Skipped: 0, Time elapsed: 0.001 s - in com.puppycrawl.tools.checkstyle.checks.naming.InterfaceTypeParameterNameCheckTest
[INFO] Running com.puppycrawl.tools.checkstyle.checks.naming.StaticVariableNameCheckTest
[INFO] Tests run: 5, Failures: 0, Errors: 0, Skipped: 0, Time elapsed: 0.005 s - in com.puppycrawl.tools.checkstyle.checks.naming.StaticVariableNameCheckTest
[INFO] Running com.puppycrawl.tools.checkstyle.checks.naming.MemberNameCheckTest
[INFO] Tests run: 12, Failures: 0, Errors: 0, Skipped: 0, Time elapsed: 0.015 s - in com.puppycrawl.tools.checkstyle.checks.naming.MemberNameCheckTest
[INFO] Running com.puppycrawl.tools.checkstyle.checks.naming.ParameterNameCheckTest
[INFO] Tests run: 10, Failures: 0, Errors: 0, Skipped: 0, Time elapsed: 0.012 s - in com.puppycrawl.tools.checkstyle.checks.naming.ParameterNameCheckTest
[INFO] Running com.puppycrawl.tools.checkstyle.checks.naming.ClassTypeParameterNameCheckTest
[INFO] Tests run: 4, Failures: 0, Errors: 0, Skipped: 0, Time elapsed: 0.001 s - in com.puppycrawl.tools.checkstyle.checks.naming.ClassTypeParameterNameCheckTest
[INFO] Running com.puppycrawl.tools.checkstyle.checks.naming.LocalFinalVariableNameCheckTest
[INFO] Tests run: 6, Failures: 0, Errors: 0, Skipped: 0, Time elapsed: 0.005 s - in com.puppycrawl.tools.checkstyle.checks.naming.LocalFinalVariableNameCheckTest
[INFO] Running com.puppycrawl.tools.checkstyle.checks.naming.LocalVariableNameCheckTest
[INFO] Tests run: 4, Failures: 0, Errors: 0, Skipped: 0, Time elapsed: 0.004 s - in com.puppycrawl.tools.checkstyle.checks.naming.LocalVariableNameCheckTest
[INFO] Running com.puppycrawl.tools.checkstyle.checks.naming.AbstractClassNameCheckTest
[INFO] Tests run: 7, Failures: 0, Errors: 0, Skipped: 0, Time elapsed: 0.006 s - in com.puppycrawl.tools.checkstyle.checks.naming.AbstractClassNameCheckTest
[INFO] Running com.puppycrawl.tools.checkstyle.checks.design.MutableExceptionCheckTest
[INFO] Tests run: 7, Failures: 0, Errors: 0, Skipped: 0, Time elapsed: 0.005 s - in com.puppycrawl.tools.checkstyle.checks.design.MutableExceptionCheckTest
[INFO] Running com.puppycrawl.tools.checkstyle.checks.design.ThrowsCountCheckTest
[INFO] Tests run: 7, Failures: 0, Errors: 0, Skipped: 0, Time elapsed: 0.005 s - in com.puppycrawl.tools.checkstyle.checks.design.ThrowsCountCheckTest
[INFO] Running com.puppycrawl.tools.checkstyle.checks.design.VisibilityModifierCheckTest
[INFO] Tests run: 26, Failures: 0, Errors: 0, Skipped: 0, Time elapsed: 0.035 s - in com.puppycrawl.tools.checkstyle.checks.design.VisibilityModifierCheckTest
[INFO] Running com.puppycrawl.tools.checkstyle.checks.design.FinalClassCheckTest
[INFO] Tests run: 6, Failures: 0, Errors: 0, Skipped: 0, Time elapsed: 0.003 s - in com.puppycrawl.tools.checkstyle.checks.design.FinalClassCheckTest
[INFO] Running com.puppycrawl.tools.checkstyle.checks.design.OneTopLevelClassCheckTest
[INFO] Tests run: 12, Failures: 0, Errors: 0, Skipped: 0, Time elapsed: 0.011 s - in com.puppycrawl.tools.checkstyle.checks.design.OneTopLevelClassCheckTest
[INFO] Running com.puppycrawl.tools.checkstyle.checks.design.InterfaceIsTypeCheckTest
[INFO] Tests run: 4, Failures: 0, Errors: 0, Skipped: 0, Time elapsed: 0.001 s - in com.puppycrawl.tools.checkstyle.checks.design.InterfaceIsTypeCheckTest
[INFO] Running com.puppycrawl.tools.checkstyle.checks.design.InnerTypeLastCheckTest
[INFO] Tests run: 4, Failures: 0, Errors: 0, Skipped: 0, Time elapsed: 0.003 s - in com.puppycrawl.tools.checkstyle.checks.design.InnerTypeLastCheckTest
[INFO] Running com.puppycrawl.tools.checkstyle.checks.design.HideUtilityClassConstructorCheckTest
[INFO] Tests run: 12, Failures: 0, Errors: 0, Skipped: 0, Time elapsed: 0.011 s - in com.puppycrawl.tools.checkstyle.checks.design.HideUtilityClassConstructorCheckTest
[INFO] Running com.puppycrawl.tools.checkstyle.checks.design.DesignForExtensionCheckTest
[INFO] Tests run: 7, Failures: 0, Errors: 0, Skipped: 0, Time elapsed: 0.009 s - in com.puppycrawl.tools.checkstyle.checks.design.DesignForExtensionCheckTest
[INFO] Running com.puppycrawl.tools.checkstyle.checks.DescendantTokenCheckTest
[INFO] Tests run: 20, Failures: 0, Errors: 0, Skipped: 0, Time elapsed: 0.032 s - in com.puppycrawl.tools.checkstyle.checks.DescendantTokenCheckTest
[INFO] Running com.puppycrawl.tools.checkstyle.checks.OuterTypeFilenameCheckTest
[INFO] Tests run: 10, Failures: 0, Errors: 0, Skipped: 0, Time elapsed: 0.008 s - in com.puppycrawl.tools.checkstyle.checks.OuterTypeFilenameCheckTest
[INFO] Running com.puppycrawl.tools.checkstyle.checks.UpperEllCheckTest
[INFO] Tests run: 3, Failures: 0, Errors: 0, Skipped: 0, Time elapsed: 0 s - in com.puppycrawl.tools.checkstyle.checks.UpperEllCheckTest
[INFO] Running com.puppycrawl.tools.checkstyle.checks.FinalParametersCheckTest
[INFO] Tests run: 7, Failures: 0, Errors: 0, Skipped: 0, Time elapsed: 0.011 s - in com.puppycrawl.tools.checkstyle.checks.FinalParametersCheckTest
[INFO] Running com.puppycrawl.tools.checkstyle.checks.AvoidEscapedUnicodeCharactersCheckTest
[INFO] Tests run: 10, Failures: 0, Errors: 0, Skipped: 0, Time elapsed: 0.617 s - in com.puppycrawl.tools.checkstyle.checks.AvoidEscapedUnicodeCharactersCheckTest
[INFO] Running com.puppycrawl.tools.checkstyle.checks.annotation.MissingOverrideCheckTest
[INFO] Tests run: 14, Failures: 0, Errors: 0, Skipped: 0, Time elapsed: 0.017 s - in com.puppycrawl.tools.checkstyle.checks.annotation.MissingOverrideCheckTest
[INFO] Running com.puppycrawl.tools.checkstyle.checks.annotation.PackageAnnotationCheckTest
[INFO] Tests run: 4, Failures: 0, Errors: 0, Skipped: 0, Time elapsed: 0.003 s - in com.puppycrawl.tools.checkstyle.checks.annotation.PackageAnnotationCheckTest
[INFO] Running com.puppycrawl.tools.checkstyle.checks.annotation.MissingDeprecatedCheckTest
[INFO] Tests run: 9, Failures: 0, Errors: 0, Skipped: 0, Time elapsed: 0.008 s - in com.puppycrawl.tools.checkstyle.checks.annotation.MissingDeprecatedCheckTest
[INFO] Running com.puppycrawl.tools.checkstyle.checks.annotation.AnnotationOnSameLineCheckTest
[INFO] Tests run: 6, Failures: 0, Errors: 0, Skipped: 0, Time elapsed: 0.005 s - in com.puppycrawl.tools.checkstyle.checks.annotation.AnnotationOnSameLineCheckTest
[INFO] Running com.puppycrawl.tools.checkstyle.checks.annotation.AnnotationUseStyleCheckTest
[INFO] Tests run: 17, Failures: 0, Errors: 0, Skipped: 0, Time elapsed: 0.021 s - in com.puppycrawl.tools.checkstyle.checks.annotation.AnnotationUseStyleCheckTest
[INFO] Running com.puppycrawl.tools.checkstyle.checks.annotation.AnnotationLocationCheckTest
[INFO] Tests run: 9, Failures: 0, Errors: 0, Skipped: 0, Time elapsed: 0.009 s - in com.puppycrawl.tools.checkstyle.checks.annotation.AnnotationLocationCheckTest
[INFO] Running com.puppycrawl.tools.checkstyle.checks.annotation.SuppressWarningsCheckTest
[INFO] Tests run: 24, Failures: 0, Errors: 0, Skipped: 0, Time elapsed: 0.04 s - in com.puppycrawl.tools.checkstyle.checks.annotation.SuppressWarningsCheckTest
[INFO] Running com.puppycrawl.tools.checkstyle.checks.regexp.RegexpCheckTest
[INFO] Tests run: 26, Failures: 0, Errors: 0, Skipped: 0, Time elapsed: 0.045 s - in com.puppycrawl.tools.checkstyle.checks.regexp.RegexpCheckTest
[INFO] Running com.puppycrawl.tools.checkstyle.checks.regexp.RegexpOnFilenameCheckTest
[INFO] Tests run: 21, Failures: 0, Errors: 0, Skipped: 0, Time elapsed: 0.018 s - in com.puppycrawl.tools.checkstyle.checks.regexp.RegexpOnFilenameCheckTest
[INFO] Running com.puppycrawl.tools.checkstyle.checks.regexp.RegexpMultilineCheckTest
[INFO] Tests run: 15, Failures: 0, Errors: 0, Skipped: 0, Time elapsed: 0.021 s - in com.puppycrawl.tools.checkstyle.checks.regexp.RegexpMultilineCheckTest
[INFO] Running com.puppycrawl.tools.checkstyle.checks.regexp.RegexpSinglelineJavaCheckTest
[INFO] Tests run: 20, Failures: 0, Errors: 0, Skipped: 0, Time elapsed: 0.029 s - in com.puppycrawl.tools.checkstyle.checks.regexp.RegexpSinglelineJavaCheckTest
[INFO] Running com.puppycrawl.tools.checkstyle.checks.regexp.RegexpSinglelineCheckTest
[INFO] Tests run: 8, Failures: 0, Errors: 0, Skipped: 0, Time elapsed: 0.006 s - in com.puppycrawl.tools.checkstyle.checks.regexp.RegexpSinglelineCheckTest
[INFO] Running com.puppycrawl.tools.checkstyle.checks.javadoc.AbstractTypeAwareCheckTest
[INFO] Tests run: 6, Failures: 0, Errors: 0, Skipped: 0, Time elapsed: 0.006 s - in com.puppycrawl.tools.checkstyle.checks.javadoc.AbstractTypeAwareCheckTest
[INFO] Running com.puppycrawl.tools.checkstyle.checks.javadoc.JavadocStyleCheckTest
[INFO] Tests run: 19, Failures: 0, Errors: 0, Skipped: 0, Time elapsed: 0.04 s - in com.puppycrawl.tools.checkstyle.checks.javadoc.JavadocStyleCheckTest
[INFO] Running com.puppycrawl.tools.checkstyle.checks.javadoc.JavadocTypeCheckTest
[INFO] Tests run: 25, Failures: 0, Errors: 0, Skipped: 0, Time elapsed: 0.032 s - in com.puppycrawl.tools.checkstyle.checks.javadoc.JavadocTypeCheckTest
[INFO] Running com.puppycrawl.tools.checkstyle.checks.javadoc.ClassResolverTest
[INFO] Tests run: 8, Failures: 0, Errors: 0, Skipped: 0, Time elapsed: 0.417 s - in com.puppycrawl.tools.checkstyle.checks.javadoc.ClassResolverTest
[INFO] Running com.puppycrawl.tools.checkstyle.checks.javadoc.JavadocVariableCheckTest
[INFO] Tests run: 13, Failures: 0, Errors: 0, Skipped: 0, Time elapsed: 0.016 s - in com.puppycrawl.tools.checkstyle.checks.javadoc.JavadocVariableCheckTest
[INFO] Running com.puppycrawl.tools.checkstyle.checks.javadoc.utils.BlockTagUtilsTest
[INFO] Tests run: 4, Failures: 0, Errors: 0, Skipped: 0, Time elapsed: 0 s - in com.puppycrawl.tools.checkstyle.checks.javadoc.utils.BlockTagUtilsTest
[INFO] Running com.puppycrawl.tools.checkstyle.checks.javadoc.utils.InlineTagUtilsTest
[INFO] Tests run: 7, Failures: 0, Errors: 0, Skipped: 0, Time elapsed: 0.001 s - in com.puppycrawl.tools.checkstyle.checks.javadoc.utils.InlineTagUtilsTest
[INFO] Running com.puppycrawl.tools.checkstyle.checks.javadoc.SingleLineJavadocCheckTest
[INFO] Tests run: 4, Failures: 0, Errors: 0, Skipped: 0, Time elapsed: 0.001 s - in com.puppycrawl.tools.checkstyle.checks.javadoc.SingleLineJavadocCheckTest
[INFO] Running com.puppycrawl.tools.checkstyle.checks.javadoc.SummaryJavadocCheckTest
[INFO] Tests run: 7, Failures: 0, Errors: 0, Skipped: 0, Time elapsed: 0.033 s - in com.puppycrawl.tools.checkstyle.checks.javadoc.SummaryJavadocCheckTest
[INFO] Running com.puppycrawl.tools.checkstyle.checks.javadoc.JavadocParagraphCheckTest
[INFO] Tests run: 4, Failures: 0, Errors: 0, Skipped: 0, Time elapsed: 0.017 s - in com.puppycrawl.tools.checkstyle.checks.javadoc.JavadocParagraphCheckTest
[INFO] Running com.puppycrawl.tools.checkstyle.checks.javadoc.JavadocTagContinuationIndentationCheckTest
[INFO] Tests run: 4, Failures: 0, Errors: 0, Skipped: 0, Time elapsed: 0.019 s - in com.puppycrawl.tools.checkstyle.checks.javadoc.JavadocTagContinuationIndentationCheckTest
[INFO] Running com.puppycrawl.tools.checkstyle.checks.javadoc.AtclauseOrderCheckTest
[INFO] Tests run: 5, Failures: 0, Errors: 0, Skipped: 0, Time elapsed: 0.044 s - in com.puppycrawl.tools.checkstyle.checks.javadoc.AtclauseOrderCheckTest
[INFO] Running com.puppycrawl.tools.checkstyle.checks.javadoc.AbstractJavadocCheckTest
[INFO] Tests run: 22, Failures: 0, Errors: 0, Skipped: 0, Time elapsed: 0.456 s - in com.puppycrawl.tools.checkstyle.checks.javadoc.AbstractJavadocCheckTest
[INFO] Running com.puppycrawl.tools.checkstyle.checks.javadoc.WriteTagCheckTest
[INFO] Tests run: 13, Failures: 0, Errors: 0, Skipped: 0, Time elapsed: 0.015 s - in com.puppycrawl.tools.checkstyle.checks.javadoc.WriteTagCheckTest
[INFO] Running com.puppycrawl.tools.checkstyle.checks.javadoc.JavadocNodeImplTest
[INFO] Tests run: 2, Failures: 0, Errors: 0, Skipped: 0, Time elapsed: 0.001 s - in com.puppycrawl.tools.checkstyle.checks.javadoc.JavadocNodeImplTest
[INFO] Running com.puppycrawl.tools.checkstyle.checks.javadoc.JavadocPackageCheckTest
[INFO] Tests run: 9, Failures: 0, Errors: 0, Skipped: 0, Time elapsed: 0.003 s - in com.puppycrawl.tools.checkstyle.checks.javadoc.JavadocPackageCheckTest
[INFO] Running com.puppycrawl.tools.checkstyle.checks.javadoc.JavadocTagInfoTest
[INFO] Tests run: 15, Failures: 0, Errors: 0, Skipped: 0, Time elapsed: 0.001 s - in com.puppycrawl.tools.checkstyle.checks.javadoc.JavadocTagInfoTest
[INFO] Running com.puppycrawl.tools.checkstyle.checks.javadoc.JavadocTagTest
[INFO] Tests run: 3, Failures: 0, Errors: 0, Skipped: 0, Time elapsed: 0 s - in com.puppycrawl.tools.checkstyle.checks.javadoc.JavadocTagTest
[INFO] Running com.puppycrawl.tools.checkstyle.checks.javadoc.NonEmptyAtclauseDescriptionCheckTest
[INFO] Tests run: 3, Failures: 0, Errors: 0, Skipped: 0, Time elapsed: 0 s - in com.puppycrawl.tools.checkstyle.checks.javadoc.NonEmptyAtclauseDescriptionCheckTest
[INFO] Running com.puppycrawl.tools.checkstyle.checks.javadoc.JavadocMethodCheckTest
[INFO] Tests run: 37, Failures: 0, Errors: 0, Skipped: 0, Time elapsed: 0.081 s - in com.puppycrawl.tools.checkstyle.checks.javadoc.JavadocMethodCheckTest
[INFO] Running com.puppycrawl.tools.checkstyle.checks.imports.IllegalImportCheckTest
[INFO] Tests run: 8, Failures: 0, Errors: 0, Skipped: 0, Time elapsed: 0.01 s - in com.puppycrawl.tools.checkstyle.checks.imports.IllegalImportCheckTest
[INFO] Running com.puppycrawl.tools.checkstyle.checks.imports.UnusedImportsCheckTest
[INFO] Tests run: 13, Failures: 0, Errors: 0, Skipped: 0, Time elapsed: 0.016 s - in com.puppycrawl.tools.checkstyle.checks.imports.UnusedImportsCheckTest
[INFO] Running com.puppycrawl.tools.checkstyle.checks.imports.ImportControlCheckTest
[INFO] Tests run: 30, Failures: 0, Errors: 0, Skipped: 0, Time elapsed: 0.14 s - in com.puppycrawl.tools.checkstyle.checks.imports.ImportControlCheckTest
[INFO] Running com.puppycrawl.tools.checkstyle.checks.imports.CustomImportOrderCheckTest
[INFO] Tests run: 35, Failures: 0, Errors: 0, Skipped: 0, Time elapsed: 0.071 s - in com.puppycrawl.tools.checkstyle.checks.imports.CustomImportOrderCheckTest
[INFO] Running com.puppycrawl.tools.checkstyle.checks.imports.RedundantImportCheckTest
[INFO] Tests run: 5, Failures: 0, Errors: 0, Skipped: 0, Time elapsed: 0.007 s - in com.puppycrawl.tools.checkstyle.checks.imports.RedundantImportCheckTest
[INFO] Running com.puppycrawl.tools.checkstyle.checks.imports.AccessResultTest
[INFO] Tests run: 2, Failures: 0, Errors: 0, Skipped: 0, Time elapsed: 0.001 s - in com.puppycrawl.tools.checkstyle.checks.imports.AccessResultTest
[INFO] Running com.puppycrawl.tools.checkstyle.checks.imports.AvoidStarImportCheckTest
[INFO] Tests run: 6, Failures: 0, Errors: 0, Skipped: 0, Time elapsed: 0.006 s - in com.puppycrawl.tools.checkstyle.checks.imports.AvoidStarImportCheckTest
[INFO] Running com.puppycrawl.tools.checkstyle.checks.imports.ImportOrderCheckTest
[INFO] Tests run: 49, Failures: 0, Errors: 0, Skipped: 0, Time elapsed: 0.81 s - in com.puppycrawl.tools.checkstyle.checks.imports.ImportOrderCheckTest
[INFO] Running com.puppycrawl.tools.checkstyle.checks.imports.ClassImportRuleTest
[INFO] Tests run: 3, Failures: 0, Errors: 0, Skipped: 0, Time elapsed: 0 s - in com.puppycrawl.tools.checkstyle.checks.imports.ClassImportRuleTest
[INFO] Running com.puppycrawl.tools.checkstyle.checks.imports.ImportControlLoaderTest
[INFO] Tests run: 7, Failures: 0, Errors: 0, Skipped: 0, Time elapsed: 0.624 s - in com.puppycrawl.tools.checkstyle.checks.imports.ImportControlLoaderTest
[INFO] Running com.puppycrawl.tools.checkstyle.checks.imports.AvoidStaticImportCheckTest
[INFO] Tests run: 7, Failures: 0, Errors: 0, Skipped: 0, Time elapsed: 0.009 s - in com.puppycrawl.tools.checkstyle.checks.imports.AvoidStaticImportCheckTest
[INFO] Running com.puppycrawl.tools.checkstyle.checks.imports.PkgImportRuleTest
[INFO] Tests run: 6, Failures: 0, Errors: 0, Skipped: 0, Time elapsed: 0.001 s - in com.puppycrawl.tools.checkstyle.checks.imports.PkgImportRuleTest
[INFO] Running com.puppycrawl.tools.checkstyle.checks.imports.ImportControlTest
[INFO] Tests run: 14, Failures: 0, Errors: 0, Skipped: 0, Time elapsed: 0 s - in com.puppycrawl.tools.checkstyle.checks.imports.ImportControlTest
[INFO] Running com.puppycrawl.tools.checkstyle.checks.whitespace.EmptyForInitializerPadCheckTest
[INFO] Tests run: 7, Failures: 0, Errors: 0, Skipped: 0, Time elapsed: 0.002 s - in com.puppycrawl.tools.checkstyle.checks.whitespace.EmptyForInitializerPadCheckTest
[INFO] Running com.puppycrawl.tools.checkstyle.checks.whitespace.WhitespaceAfterCheckTest
[INFO] Tests run: 14, Failures: 0, Errors: 0, Skipped: 0, Time elapsed: 0.02 s - in com.puppycrawl.tools.checkstyle.checks.whitespace.WhitespaceAfterCheckTest
[INFO] Running com.puppycrawl.tools.checkstyle.checks.whitespace.OperatorWrapCheckTest
[INFO] Tests run: 6, Failures: 0, Errors: 0, Skipped: 0, Time elapsed: 0.008 s - in com.puppycrawl.tools.checkstyle.checks.whitespace.OperatorWrapCheckTest
[INFO] Running com.puppycrawl.tools.checkstyle.checks.whitespace.NoWhitespaceBeforeCheckTest
[INFO] Tests run: 7, Failures: 0, Errors: 0, Skipped: 0, Time elapsed: 0.013 s - in com.puppycrawl.tools.checkstyle.checks.whitespace.NoWhitespaceBeforeCheckTest
[INFO] Running com.puppycrawl.tools.checkstyle.checks.whitespace.SingleSpaceSeparatorCheckTest
[INFO] Tests run: 8, Failures: 0, Errors: 0, Skipped: 0, Time elapsed: 0.008 s - in com.puppycrawl.tools.checkstyle.checks.whitespace.SingleSpaceSeparatorCheckTest
[INFO] Running com.puppycrawl.tools.checkstyle.checks.whitespace.TypecastParenPadCheckTest
[INFO] Tests run: 4, Failures: 0, Errors: 0, Skipped: 0, Time elapsed: 0.005 s - in com.puppycrawl.tools.checkstyle.checks.whitespace.TypecastParenPadCheckTest
[INFO] Running com.puppycrawl.tools.checkstyle.checks.whitespace.WhitespaceAroundCheckTest
[INFO] Tests run: 24, Failures: 0, Errors: 0, Skipped: 0, Time elapsed: 0.034 s - in com.puppycrawl.tools.checkstyle.checks.whitespace.WhitespaceAroundCheckTest
[INFO] Running com.puppycrawl.tools.checkstyle.checks.whitespace.EmptyForIteratorPadCheckTest
[INFO] Tests run: 5, Failures: 0, Errors: 0, Skipped: 0, Time elapsed: 0.003 s - in com.puppycrawl.tools.checkstyle.checks.whitespace.EmptyForIteratorPadCheckTest
[INFO] Running com.puppycrawl.tools.checkstyle.checks.whitespace.FileTabCharacterCheckTest
[INFO] Tests run: 3, Failures: 0, Errors: 0, Skipped: 0, Time elapsed: 0.001 s - in com.puppycrawl.tools.checkstyle.checks.whitespace.FileTabCharacterCheckTest
[INFO] Running com.puppycrawl.tools.checkstyle.checks.whitespace.ParenPadCheckTest
[INFO] Tests run: 17, Failures: 0, Errors: 0, Skipped: 0, Time elapsed: 0.038 s - in com.puppycrawl.tools.checkstyle.checks.whitespace.ParenPadCheckTest
[INFO] Running com.puppycrawl.tools.checkstyle.checks.whitespace.NoLineWrapCheckTest
[INFO] Tests run: 3, Failures: 0, Errors: 0, Skipped: 0, Time elapsed: 0.003 s - in com.puppycrawl.tools.checkstyle.checks.whitespace.NoLineWrapCheckTest
[INFO] Running com.puppycrawl.tools.checkstyle.checks.whitespace.MethodParamPadCheckTest
[INFO] Tests run: 7, Failures: 0, Errors: 0, Skipped: 0, Time elapsed: 0.007 s - in com.puppycrawl.tools.checkstyle.checks.whitespace.MethodParamPadCheckTest
[INFO] Running com.puppycrawl.tools.checkstyle.checks.whitespace.EmptyLineSeparatorCheckTest
[INFO] Tests run: 18, Failures: 0, Errors: 0, Skipped: 0, Time elapsed: 0.021 s - in com.puppycrawl.tools.checkstyle.checks.whitespace.EmptyLineSeparatorCheckTest
[INFO] Running com.puppycrawl.tools.checkstyle.checks.whitespace.NoWhitespaceAfterCheckTest
[INFO] Tests run: 11, Failures: 0, Errors: 0, Skipped: 0, Time elapsed: 0.019 s - in com.puppycrawl.tools.checkstyle.checks.whitespace.NoWhitespaceAfterCheckTest
[INFO] Running com.puppycrawl.tools.checkstyle.checks.whitespace.GenericWhitespaceCheckTest
[INFO] Tests run: 11, Failures: 0, Errors: 0, Skipped: 0, Time elapsed: 0.01 s - in com.puppycrawl.tools.checkstyle.checks.whitespace.GenericWhitespaceCheckTest
[INFO] Running com.puppycrawl.tools.checkstyle.checks.whitespace.SeparatorWrapCheckTest
[INFO] Tests run: 7, Failures: 0, Errors: 0, Skipped: 0, Time elapsed: 0.008 s - in com.puppycrawl.tools.checkstyle.checks.whitespace.SeparatorWrapCheckTest
[INFO] Running com.puppycrawl.tools.checkstyle.PackageObjectFactoryTest
[INFO] Tests run: 21, Failures: 0, Errors: 0, Skipped: 0, Time elapsed: 0.432 s - in com.puppycrawl.tools.checkstyle.PackageObjectFactoryTest
[INFO] Running com.puppycrawl.tools.checkstyle.JavadocDetailNodeParserTest
[INFO] Tests run: 1, Failures: 0, Errors: 0, Skipped: 0, Time elapsed: 0.002 s - in com.puppycrawl.tools.checkstyle.JavadocDetailNodeParserTest
[INFO] Running com.puppycrawl.tools.checkstyle.filters.SuppressWarningsFilterTest
[INFO] Tests run: 3, Failures: 0, Errors: 0, Skipped: 0, Time elapsed: 0.013 s - in com.puppycrawl.tools.checkstyle.filters.SuppressWarningsFilterTest
[INFO] Running com.puppycrawl.tools.checkstyle.filters.SuppressWithPlainTextCommentFilterTest
[INFO] Tests run: 15, Failures: 0, Errors: 0, Skipped: 0, Time elapsed: 0.136 s - in com.puppycrawl.tools.checkstyle.filters.SuppressWithPlainTextCommentFilterTest
[INFO] Running com.puppycrawl.tools.checkstyle.filters.SeverityMatchFilterTest
[INFO] Tests run: 4, Failures: 0, Errors: 0, Skipped: 0, Time elapsed: 0 s - in com.puppycrawl.tools.checkstyle.filters.SeverityMatchFilterTest
[INFO] Running com.puppycrawl.tools.checkstyle.filters.SuppressionFilterTest
[ERROR] Tests run: 10, Failures: 0, Errors: 2, Skipped: 0, Time elapsed: 2.187 s <<< FAILURE! - in com.puppycrawl.tools.checkstyle.filters.SuppressionFilterTest
[ERROR] testNonExistentSuppressionUrlWithTrueOptional(com.puppycrawl.tools.checkstyle.filters.SuppressionFilterTest)  Time elapsed: 1.114 s  <<< ERROR!
com.puppycrawl.tools.checkstyle.api.CheckstyleException: Unable to parse http://checkstyle.sourceforge.net/non_existent_suppression.xml - White spaces are required between publicId and systemId.
	at com.puppycrawl.tools.checkstyle.filters.SuppressionFilterTest.createSuppressionFilter(SuppressionFilterTest.java:273)
	at com.puppycrawl.tools.checkstyle.filters.SuppressionFilterTest.testNonExistentSuppressionUrlWithTrueOptional(SuppressionFilterTest.java:145)
Caused by: org.xml.sax.SAXParseException: White spaces are required between publicId and systemId.
	at com.puppycrawl.tools.checkstyle.filters.SuppressionFilterTest.createSuppressionFilter(SuppressionFilterTest.java:273)
	at com.puppycrawl.tools.checkstyle.filters.SuppressionFilterTest.testNonExistentSuppressionUrlWithTrueOptional(SuppressionFilterTest.java:145)

[ERROR] testRemoteFileExternalResourceContentDoesNotChange(com.puppycrawl.tools.checkstyle.filters.SuppressionFilterTest)  Time elapsed: 1.019 s  <<< ERROR!
com.puppycrawl.tools.checkstyle.api.CheckstyleException: cannot initialize module com.puppycrawl.tools.checkstyle.filters.SuppressionFilter - Unable to parse http://checkstyle.sourceforge.net/files/suppressions_none.xml - White spaces are required between publicId and systemId.
	at com.puppycrawl.tools.checkstyle.filters.SuppressionFilterTest.testRemoteFileExternalResourceContentDoesNotChange(SuppressionFilterTest.java:203)
Caused by: com.puppycrawl.tools.checkstyle.api.CheckstyleException: Unable to parse http://checkstyle.sourceforge.net/files/suppressions_none.xml - White spaces are required between publicId and systemId.
	at com.puppycrawl.tools.checkstyle.filters.SuppressionFilterTest.testRemoteFileExternalResourceContentDoesNotChange(SuppressionFilterTest.java:203)
Caused by: org.xml.sax.SAXParseException: White spaces are required between publicId and systemId.
	at com.puppycrawl.tools.checkstyle.filters.SuppressionFilterTest.testRemoteFileExternalResourceContentDoesNotChange(SuppressionFilterTest.java:203)

[INFO] Running com.puppycrawl.tools.checkstyle.filters.XpathFilterTest
[INFO] Tests run: 18, Failures: 0, Errors: 0, Skipped: 0, Time elapsed: 0.337 s - in com.puppycrawl.tools.checkstyle.filters.XpathFilterTest
[INFO] Running com.puppycrawl.tools.checkstyle.filters.IntMatchFilterTest
[INFO] Tests run: 3, Failures: 0, Errors: 0, Skipped: 0, Time elapsed: 0.01 s - in com.puppycrawl.tools.checkstyle.filters.IntMatchFilterTest
[INFO] Running com.puppycrawl.tools.checkstyle.filters.SuppressionCommentFilterTest
[INFO] Tests run: 17, Failures: 0, Errors: 0, Skipped: 0, Time elapsed: 0.094 s - in com.puppycrawl.tools.checkstyle.filters.SuppressionCommentFilterTest
[INFO] Running com.puppycrawl.tools.checkstyle.filters.SuppressWithNearbyCommentFilterTest
[INFO] Tests run: 17, Failures: 0, Errors: 0, Skipped: 0, Time elapsed: 0.083 s - in com.puppycrawl.tools.checkstyle.filters.SuppressWithNearbyCommentFilterTest
[INFO] Running com.puppycrawl.tools.checkstyle.filters.SuppressionXpathFilterTest
[INFO] Tests run: 10, Failures: 0, Errors: 0, Skipped: 0, Time elapsed: 0.033 s - in com.puppycrawl.tools.checkstyle.filters.SuppressionXpathFilterTest
[INFO] Running com.puppycrawl.tools.checkstyle.filters.IntRangeFilterTest
[INFO] Tests run: 4, Failures: 0, Errors: 0, Skipped: 0, Time elapsed: 0.011 s - in com.puppycrawl.tools.checkstyle.filters.IntRangeFilterTest
[INFO] Running com.puppycrawl.tools.checkstyle.filters.CsvFilterTest
[INFO] Tests run: 10, Failures: 0, Errors: 0, Skipped: 0, Time elapsed: 0.014 s - in com.puppycrawl.tools.checkstyle.filters.CsvFilterTest
[INFO] Running com.puppycrawl.tools.checkstyle.filters.SuppressionsLoaderTest
[ERROR] Tests run: 19, Failures: 0, Errors: 1, Skipped: 0, Time elapsed: 1.011 s <<< FAILURE! - in com.puppycrawl.tools.checkstyle.filters.SuppressionsLoaderTest
[ERROR] testLoadFromUrl(com.puppycrawl.tools.checkstyle.filters.SuppressionsLoaderTest)  Time elapsed: 0.535 s  <<< ERROR!
com.puppycrawl.tools.checkstyle.api.CheckstyleException: Unable to parse http://checkstyle.sourceforge.net/files/suppressions_none.xml - White spaces are required between publicId and systemId.
	at com.puppycrawl.tools.checkstyle.filters.SuppressionsLoaderTest.loadFilterSet(SuppressionsLoaderTest.java:203)
	at com.puppycrawl.tools.checkstyle.filters.SuppressionsLoaderTest.testLoadFromUrl(SuppressionsLoaderTest.java:83)
Caused by: org.xml.sax.SAXParseException: White spaces are required between publicId and systemId.
	at com.puppycrawl.tools.checkstyle.filters.SuppressionsLoaderTest.loadFilterSet(SuppressionsLoaderTest.java:203)
	at com.puppycrawl.tools.checkstyle.filters.SuppressionsLoaderTest.testLoadFromUrl(SuppressionsLoaderTest.java:83)

[INFO] Running com.puppycrawl.tools.checkstyle.filters.SuppressElementTest
[INFO] Tests run: 17, Failures: 0, Errors: 0, Skipped: 0, Time elapsed: 0.068 s - in com.puppycrawl.tools.checkstyle.filters.SuppressElementTest
[INFO] Running com.puppycrawl.tools.checkstyle.ThreadModeSettingsTest
[INFO] Tests run: 6, Failures: 0, Errors: 0, Skipped: 0, Time elapsed: 0.067 s - in com.puppycrawl.tools.checkstyle.ThreadModeSettingsTest
[INFO] Running com.puppycrawl.tools.checkstyle.xpath.ElementNodeTest
[INFO] Tests run: 2, Failures: 0, Errors: 0, Skipped: 0, Time elapsed: 0 s - in com.puppycrawl.tools.checkstyle.xpath.ElementNodeTest
[INFO] Running com.puppycrawl.tools.checkstyle.xpath.XpathQueryGeneratorTest
[INFO] Tests run: 22, Failures: 0, Errors: 0, Skipped: 0, Time elapsed: 0.022 s - in com.puppycrawl.tools.checkstyle.xpath.XpathQueryGeneratorTest
[INFO] Running com.puppycrawl.tools.checkstyle.xpath.XpathMapperTest
[INFO] Tests run: 38, Failures: 0, Errors: 0, Skipped: 0, Time elapsed: 0.03 s - in com.puppycrawl.tools.checkstyle.xpath.XpathMapperTest
[INFO] Running com.puppycrawl.tools.checkstyle.xpath.RootNodeTest
[INFO] Tests run: 32, Failures: 0, Errors: 0, Skipped: 0, Time elapsed: 0.006 s - in com.puppycrawl.tools.checkstyle.xpath.RootNodeTest
[INFO] Running com.puppycrawl.tools.checkstyle.xpath.AttributeNodeTest
[INFO] Tests run: 9, Failures: 0, Errors: 0, Skipped: 0, Time elapsed: 0 s - in com.puppycrawl.tools.checkstyle.xpath.AttributeNodeTest
[INFO] Running com.puppycrawl.tools.checkstyle.ant.CheckstyleAntTaskTest
[INFO] Tests run: 39, Failures: 0, Errors: 0, Skipped: 0, Time elapsed: 1.4 s - in com.puppycrawl.tools.checkstyle.ant.CheckstyleAntTaskTest
[INFO] Running com.puppycrawl.tools.checkstyle.JavadocPropertiesGeneratorTest
[INFO] Tests run: 13, Failures: 0, Errors: 0, Skipped: 0, Time elapsed: 0.011 s - in com.puppycrawl.tools.checkstyle.JavadocPropertiesGeneratorTest
[INFO] Running com.puppycrawl.tools.checkstyle.AuditEventDefaultFormatterTest
[INFO] Tests run: 6, Failures: 0, Errors: 0, Skipped: 0, Time elapsed: 0.44 s - in com.puppycrawl.tools.checkstyle.AuditEventDefaultFormatterTest
[INFO] Running com.puppycrawl.tools.checkstyle.PropertiesExpanderTest
[INFO] Tests run: 2, Failures: 0, Errors: 0, Skipped: 0, Time elapsed: 0 s - in com.puppycrawl.tools.checkstyle.PropertiesExpanderTest
[INFO] Running com.puppycrawl.tools.checkstyle.JavaParserTest
[INFO] Tests run: 4, Failures: 0, Errors: 0, Skipped: 0, Time elapsed: 0 s - in com.puppycrawl.tools.checkstyle.JavaParserTest
[INFO] Running com.puppycrawl.tools.checkstyle.PropertyCacheFileTest
[INFO] Tests run: 16, Failures: 0, Errors: 0, Skipped: 0, Time elapsed: 0.681 s - in com.puppycrawl.tools.checkstyle.PropertyCacheFileTest
[INFO] Running com.puppycrawl.tools.checkstyle.XmlLoaderTest
[INFO] Tests run: 2, Failures: 0, Errors: 0, Skipped: 0, Time elapsed: 0 s - in com.puppycrawl.tools.checkstyle.XmlLoaderTest
[INFO] Running com.puppycrawl.tools.checkstyle.ConfigurationLoaderTest
[INFO] Tests run: 31, Failures: 0, Errors: 0, Skipped: 0, Time elapsed: 0.657 s - in com.puppycrawl.tools.checkstyle.ConfigurationLoaderTest
[INFO] 
[INFO] Results:
[INFO] 
[ERROR] Errors: 
[ERROR]   SuppressionFilterTest.testNonExistentSuppressionUrlWithTrueOptional:145->createSuppressionFilter:273 » Checkstyle
[ERROR]   SuppressionFilterTest.testRemoteFileExternalResourceContentDoesNotChange:203->AbstractModuleTestSupport.verify:220->AbstractModuleTestSupport.createChecker:118->AbstractModuleTestSupport.createChecker:140 » Checkstyle
[ERROR]   SuppressionsLoaderTest.testLoadFromUrl:83->loadFilterSet:203 » Checkstyle Unab...
[INFO] 
[ERROR] Tests run: 2639, Failures: 0, Errors: 3, Skipped: 0
[INFO] 
[INFO] ------------------------------------------------------------------------
[INFO] BUILD FAILURE
[INFO] ------------------------------------------------------------------------
[INFO] Total time: 51.429 s
[INFO] Finished at: 2019-08-15T01:20:58+08:00
[INFO] ------------------------------------------------------------------------
[ERROR] Failed to execute goal org.apache.maven.plugins:maven-surefire-plugin:2.20.1:test (default-test) on project checkstyle: There are test failures.
[ERROR] 
[ERROR] Please refer to /home/cgzhu/projects/gitslice/resources/facts/upgrade_jars_exp/_downloads/checkstyle/target/surefire-reports for the individual test results.
[ERROR] Please refer to dump files (if any exist) [date]-jvmRun[N].dump, [date].dumpstream and [date]-jvmRun[N].dumpstream.
[ERROR] -> [Help 1]
[ERROR] 
[ERROR] To see the full stack trace of the errors, re-run Maven with the -e switch.
[ERROR] Re-run Maven using the -X switch to enable full debug logging.
[ERROR] 
[ERROR] For more information about the errors and possible solutions, please read the following articles:
[ERROR] [Help 1] http://cwiki.apache.org/confluence/display/MAVEN/MojoFailureException
[INFO] Build failures were ignored.
