[VERSION]: 4.4.1
[INFO] Scanning for projects...
Downloading from central: https://repo.maven.apache.org/maven2/org/sonatype/plugins/nexus-staging-maven-plugin/1.6.5/nexus-staging-maven-plugin-1.6.5.pom
Progress (1): 2.2/12 kB
Progress (1): 5.0/12 kB
Progress (1): 7.8/12 kB
Progress (1): 11/12 kB 
Progress (1): 12 kB   
                   
Downloaded from central: https://repo.maven.apache.org/maven2/org/sonatype/plugins/nexus-staging-maven-plugin/1.6.5/nexus-staging-maven-plugin-1.6.5.pom (12 kB at 11 kB/s)
Downloading from central: https://repo.maven.apache.org/maven2/org/sonatype/nexus/maven/nexus-staging/1.6.5/nexus-staging-1.6.5.pom
Progress (1): 2.2/2.8 kB
Progress (1): 2.8 kB    
                    
Downloaded from central: https://repo.maven.apache.org/maven2/org/sonatype/nexus/maven/nexus-staging/1.6.5/nexus-staging-1.6.5.pom (2.8 kB at 7.5 kB/s)
Downloading from central: https://repo.maven.apache.org/maven2/org/sonatype/nexus/maven/nexus-maven-plugins/1.6.5/nexus-maven-plugins-1.6.5.pom
Progress (1): 2.2/18 kB
Progress (1): 5.0/18 kB
Progress (1): 7.8/18 kB
Progress (1): 11/18 kB 
Progress (1): 13/18 kB
Progress (1): 16/18 kB
Progress (1): 18 kB   
                   
Downloaded from central: https://repo.maven.apache.org/maven2/org/sonatype/nexus/maven/nexus-maven-plugins/1.6.5/nexus-maven-plugins-1.6.5.pom (18 kB at 47 kB/s)
Downloading from central: https://repo.maven.apache.org/maven2/org/sonatype/buildsupport/public-parent/6/public-parent-6.pom
Progress (1): 760 B
                   
Downloaded from central: https://repo.maven.apache.org/maven2/org/sonatype/buildsupport/public-parent/6/public-parent-6.pom (760 B at 2.1 kB/s)
Downloading from central: https://repo.maven.apache.org/maven2/org/sonatype/buildsupport/buildsupport/6/buildsupport-6.pom
Progress (1): 2.2/23 kB
Progress (1): 5.0/23 kB
Progress (1): 7.8/23 kB
Progress (1): 11/23 kB 
Progress (1): 13/23 kB
Progress (1): 16/23 kB
Progress (1): 19/23 kB
Progress (1): 21/23 kB
Progress (1): 23 kB   
                   
Downloaded from central: https://repo.maven.apache.org/maven2/org/sonatype/buildsupport/buildsupport/6/buildsupport-6.pom (23 kB at 61 kB/s)
Downloading from central: https://repo.maven.apache.org/maven2/org/sonatype/nexus/maven/nexus-common/1.6.5/nexus-common-1.6.5.pom
Progress (1): 2.2 kB
                    
Downloaded from central: https://repo.maven.apache.org/maven2/org/sonatype/nexus/maven/nexus-common/1.6.5/nexus-common-1.6.5.pom (2.2 kB at 6.1 kB/s)
Downloading from central: https://repo.maven.apache.org/maven2/org/sonatype/nexus/nexus-client-core/2.9.1-02/nexus-client-core-2.9.1-02.pom
Progress (1): 2.2/4.9 kB
Progress (1): 4.9 kB    
                    
Downloaded from central: https://repo.maven.apache.org/maven2/org/sonatype/nexus/nexus-client-core/2.9.1-02/nexus-client-core-2.9.1-02.pom (4.9 kB at 13 kB/s)
Downloading from central: https://repo.maven.apache.org/maven2/org/sonatype/nexus/nexus-components/2.9.1-02/nexus-components-2.9.1-02.pom
Progress (1): 2.2/2.6 kB
Progress (1): 2.6 kB    
                    
Downloaded from central: https://repo.maven.apache.org/maven2/org/sonatype/nexus/nexus-components/2.9.1-02/nexus-components-2.9.1-02.pom (2.6 kB at 7.1 kB/s)
Downloading from central: https://repo.maven.apache.org/maven2/org/sonatype/nexus/nexus-oss/2.9.1-02/nexus-oss-2.9.1-02.pom
Progress (1): 2.2/37 kB
Progress (1): 5.0/37 kB
Progress (1): 7.8/37 kB
Progress (1): 11/37 kB 
Progress (1): 13/37 kB
Progress (1): 16/37 kB
Progress (1): 19/37 kB
Progress (1): 21/37 kB
Progress (1): 24/37 kB
Progress (1): 27/37 kB
Progress (1): 30/37 kB
Progress (1): 32/37 kB
Progress (1): 35/37 kB
Progress (1): 37 kB   
                   
Downloaded from central: https://repo.maven.apache.org/maven2/org/sonatype/nexus/nexus-oss/2.9.1-02/nexus-oss-2.9.1-02.pom (37 kB at 98 kB/s)
Downloading from central: https://repo.maven.apache.org/maven2/org/sonatype/nexus/buildsupport/nexus-buildsupport-all/2.9.1-02/nexus-buildsupport-all-2.9.1-02.pom
Progress (1): 2.2/5.7 kB
Progress (1): 5.0/5.7 kB
Progress (1): 5.7 kB    
                    
Downloaded from central: https://repo.maven.apache.org/maven2/org/sonatype/nexus/buildsupport/nexus-buildsupport-all/2.9.1-02/nexus-buildsupport-all-2.9.1-02.pom (5.7 kB at 16 kB/s)
Downloading from central: https://repo.maven.apache.org/maven2/org/sonatype/nexus/buildsupport/nexus-buildsupport/2.9.1-02/nexus-buildsupport-2.9.1-02.pom
Progress (1): 2.0 kB
                    
Downloaded from central: https://repo.maven.apache.org/maven2/org/sonatype/nexus/buildsupport/nexus-buildsupport/2.9.1-02/nexus-buildsupport-2.9.1-02.pom (2.0 kB at 5.4 kB/s)
Downloading from rso-public-grid: https://repository.sonatype.org/content/groups/sonatype-public-grid/org/sonatype/nexus/buildsupport/nexus-buildsupport-commons/2.9.1-02/nexus-buildsupport-commons-2.9.1-02.pom
Progress (1): 3.0 kB
                    
Downloaded from rso-public-grid: https://repository.sonatype.org/content/groups/sonatype-public-grid/org/sonatype/nexus/buildsupport/nexus-buildsupport-commons/2.9.1-02/nexus-buildsupport-commons-2.9.1-02.pom (3.0 kB at 2.4 kB/s)
Downloading from rso-public-grid: https://repository.sonatype.org/content/groups/sonatype-public-grid/org/sonatype/nexus/buildsupport/nexus-buildsupport-db/2.9.1-02/nexus-buildsupport-db-2.9.1-02.pom
Progress (1): 2.0 kB
                    
Downloaded from rso-public-grid: https://repository.sonatype.org/content/groups/sonatype-public-grid/org/sonatype/nexus/buildsupport/nexus-buildsupport-db/2.9.1-02/nexus-buildsupport-db-2.9.1-02.pom (2.0 kB at 4.1 kB/s)
Downloading from rso-public-grid: https://repository.sonatype.org/content/groups/sonatype-public-grid/org/sonatype/nexus/buildsupport/nexus-buildsupport-httpclient/2.9.1-02/nexus-buildsupport-httpclient-2.9.1-02.pom
Progress (1): 2.1 kB
                    
Downloaded from rso-public-grid: https://repository.sonatype.org/content/groups/sonatype-public-grid/org/sonatype/nexus/buildsupport/nexus-buildsupport-httpclient/2.9.1-02/nexus-buildsupport-httpclient-2.9.1-02.pom (2.1 kB at 4.3 kB/s)
Downloading from rso-public-grid: https://repository.sonatype.org/content/groups/sonatype-public-grid/org/sonatype/nexus/buildsupport/nexus-buildsupport-maven/2.9.1-02/nexus-buildsupport-maven-2.9.1-02.pom
Progress (1): 4.1/6.2 kB
Progress (1): 6.2 kB    
                    
Downloaded from rso-public-grid: https://repository.sonatype.org/content/groups/sonatype-public-grid/org/sonatype/nexus/buildsupport/nexus-buildsupport-maven/2.9.1-02/nexus-buildsupport-maven-2.9.1-02.pom (6.2 kB at 12 kB/s)
Downloading from rso-public-grid: https://repository.sonatype.org/content/groups/sonatype-public-grid/org/sonatype/nexus/buildsupport/nexus-buildsupport-shiro/2.9.1-02/nexus-buildsupport-shiro-2.9.1-02.pom
Progress (1): 3.4 kB
                    
Downloaded from rso-public-grid: https://repository.sonatype.org/content/groups/sonatype-public-grid/org/sonatype/nexus/buildsupport/nexus-buildsupport-shiro/2.9.1-02/nexus-buildsupport-shiro-2.9.1-02.pom (3.4 kB at 7.0 kB/s)
Downloading from rso-public-grid: https://repository.sonatype.org/content/groups/sonatype-public-grid/org/sonatype/nexus/buildsupport/nexus-buildsupport-bouncycastle/2.9.1-02/nexus-buildsupport-bouncycastle-2.9.1-02.pom
Progress (1): 2.1 kB
                    
Downloaded from rso-public-grid: https://repository.sonatype.org/content/groups/sonatype-public-grid/org/sonatype/nexus/buildsupport/nexus-buildsupport-bouncycastle/2.9.1-02/nexus-buildsupport-bouncycastle-2.9.1-02.pom (2.1 kB at 4.2 kB/s)
Downloading from rso-public-grid: https://repository.sonatype.org/content/groups/sonatype-public-grid/org/sonatype/nexus/buildsupport/nexus-buildsupport-jetty/2.9.1-02/nexus-buildsupport-jetty-2.9.1-02.pom
Progress (1): 4.1/4.5 kB
Progress (1): 4.5 kB    
                    
Downloaded from rso-public-grid: https://repository.sonatype.org/content/groups/sonatype-public-grid/org/sonatype/nexus/buildsupport/nexus-buildsupport-jetty/2.9.1-02/nexus-buildsupport-jetty-2.9.1-02.pom (4.5 kB at 9.0 kB/s)
Downloading from rso-public-grid: https://repository.sonatype.org/content/groups/sonatype-public-grid/org/sonatype/nexus/buildsupport/nexus-buildsupport-goodies/2.9.1-02/nexus-buildsupport-goodies-2.9.1-02.pom
Progress (1): 3.6 kB
                    
Downloaded from rso-public-grid: https://repository.sonatype.org/content/groups/sonatype-public-grid/org/sonatype/nexus/buildsupport/nexus-buildsupport-goodies/2.9.1-02/nexus-buildsupport-goodies-2.9.1-02.pom (3.6 kB at 7.2 kB/s)
Downloading from rso-public-grid: https://repository.sonatype.org/content/groups/sonatype-public-grid/org/sonatype/nexus/buildsupport/nexus-buildsupport-groovy/2.9.1-02/nexus-buildsupport-groovy-2.9.1-02.pom
Progress (1): 2.6 kB
                    
Downloaded from rso-public-grid: https://repository.sonatype.org/content/groups/sonatype-public-grid/org/sonatype/nexus/buildsupport/nexus-buildsupport-groovy/2.9.1-02/nexus-buildsupport-groovy-2.9.1-02.pom (2.6 kB at 5.3 kB/s)
Downloading from rso-public-grid: https://repository.sonatype.org/content/groups/sonatype-public-grid/org/sonatype/nexus/buildsupport/nexus-buildsupport-guice/2.9.1-02/nexus-buildsupport-guice-2.9.1-02.pom
Progress (1): 3.6 kB
                    
Downloaded from rso-public-grid: https://repository.sonatype.org/content/groups/sonatype-public-grid/org/sonatype/nexus/buildsupport/nexus-buildsupport-guice/2.9.1-02/nexus-buildsupport-guice-2.9.1-02.pom (3.6 kB at 7.4 kB/s)
Downloading from rso-public-grid: https://repository.sonatype.org/content/groups/sonatype-public-grid/org/sonatype/nexus/buildsupport/nexus-buildsupport-logging/2.9.1-02/nexus-buildsupport-logging-2.9.1-02.pom
Progress (1): 3.3 kB
                    
Downloaded from rso-public-grid: https://repository.sonatype.org/content/groups/sonatype-public-grid/org/sonatype/nexus/buildsupport/nexus-buildsupport-logging/2.9.1-02/nexus-buildsupport-logging-2.9.1-02.pom (3.3 kB at 6.7 kB/s)
Downloading from rso-public-grid: https://repository.sonatype.org/content/groups/sonatype-public-grid/org/sonatype/nexus/buildsupport/nexus-buildsupport-osgi/2.9.1-02/nexus-buildsupport-osgi-2.9.1-02.pom
Progress (1): 2.0 kB
                    
Downloaded from rso-public-grid: https://repository.sonatype.org/content/groups/sonatype-public-grid/org/sonatype/nexus/buildsupport/nexus-buildsupport-osgi/2.9.1-02/nexus-buildsupport-osgi-2.9.1-02.pom (2.0 kB at 4.1 kB/s)
Downloading from rso-public-grid: https://repository.sonatype.org/content/groups/sonatype-public-grid/org/sonatype/nexus/buildsupport/nexus-buildsupport-other/2.9.1-02/nexus-buildsupport-other-2.9.1-02.pom
Progress (1): 4.1/4.2 kB
Progress (1): 4.2 kB    
                    
Downloaded from rso-public-grid: https://repository.sonatype.org/content/groups/sonatype-public-grid/org/sonatype/nexus/buildsupport/nexus-buildsupport-other/2.9.1-02/nexus-buildsupport-other-2.9.1-02.pom (4.2 kB at 8.6 kB/s)
Downloading from rso-public-grid: https://repository.sonatype.org/content/groups/sonatype-public-grid/org/sonatype/nexus/buildsupport/nexus-buildsupport-plexus/2.9.1-02/nexus-buildsupport-plexus-2.9.1-02.pom
Progress (1): 4.1/4.3 kB
Progress (1): 4.3 kB    
                    
Downloaded from rso-public-grid: https://repository.sonatype.org/content/groups/sonatype-public-grid/org/sonatype/nexus/buildsupport/nexus-buildsupport-plexus/2.9.1-02/nexus-buildsupport-plexus-2.9.1-02.pom (4.3 kB at 8.7 kB/s)
Downloading from rso-public-grid: https://repository.sonatype.org/content/groups/sonatype-public-grid/org/sonatype/nexus/buildsupport/nexus-buildsupport-rest/2.9.1-02/nexus-buildsupport-rest-2.9.1-02.pom
Progress (1): 4.1/4.5 kB
Progress (1): 4.5 kB    
                    
Downloaded from rso-public-grid: https://repository.sonatype.org/content/groups/sonatype-public-grid/org/sonatype/nexus/buildsupport/nexus-buildsupport-rest/2.9.1-02/nexus-buildsupport-rest-2.9.1-02.pom (4.5 kB at 9.2 kB/s)
Downloading from rso-public-grid: https://repository.sonatype.org/content/groups/sonatype-public-grid/org/sonatype/nexus/buildsupport/nexus-buildsupport-testing/2.9.1-02/nexus-buildsupport-testing-2.9.1-02.pom
Progress (1): 4.1/4.7 kB
Progress (1): 4.7 kB    
                    
Downloaded from rso-public-grid: https://repository.sonatype.org/content/groups/sonatype-public-grid/org/sonatype/nexus/buildsupport/nexus-buildsupport-testing/2.9.1-02/nexus-buildsupport-testing-2.9.1-02.pom (4.7 kB at 9.5 kB/s)
Downloading from rso-public-grid: https://repository.sonatype.org/content/groups/sonatype-public-grid/org/sonatype/nexus/buildsupport/nexus-buildsupport-metrics/2.9.1-02/nexus-buildsupport-metrics-2.9.1-02.pom
Progress (1): 3.0 kB
                    
Downloaded from rso-public-grid: https://repository.sonatype.org/content/groups/sonatype-public-grid/org/sonatype/nexus/buildsupport/nexus-buildsupport-metrics/2.9.1-02/nexus-buildsupport-metrics-2.9.1-02.pom (3.0 kB at 6.1 kB/s)
Downloading from central: https://repo.maven.apache.org/maven2/org/sonatype/nexus/plugins/nexus-restlet1x-model/2.9.1-02/nexus-restlet1x-model-2.9.1-02.pom
Progress (1): 2.2/3.5 kB
Progress (1): 3.5 kB    
                    
Downloaded from central: https://repo.maven.apache.org/maven2/org/sonatype/nexus/plugins/nexus-restlet1x-model/2.9.1-02/nexus-restlet1x-model-2.9.1-02.pom (3.5 kB at 9.4 kB/s)
Downloading from central: https://repo.maven.apache.org/maven2/org/sonatype/nexus/plugins/nexus-plugins-restlet1x/2.9.1-02/nexus-plugins-restlet1x-2.9.1-02.pom
Progress (1): 1.3/6.0 kB
Progress (1): 4.1/6.0 kB
Progress (1): 6.0 kB    
                    
Downloaded from central: https://repo.maven.apache.org/maven2/org/sonatype/nexus/plugins/nexus-plugins-restlet1x/2.9.1-02/nexus-plugins-restlet1x-2.9.1-02.pom (6.0 kB at 16 kB/s)
Downloading from central: https://repo.maven.apache.org/maven2/org/sonatype/nexus/plugins/nexus-plugins/2.9.1-02/nexus-plugins-2.9.1-02.pom
Progress (1): 2.2/27 kB
Progress (1): 5.0/27 kB
Progress (1): 7.8/27 kB
Progress (1): 11/27 kB 
Progress (1): 13/27 kB
Progress (1): 16/27 kB
Progress (1): 19/27 kB
Progress (1): 21/27 kB
Progress (1): 24/27 kB
Progress (1): 27 kB   
                   
Downloaded from central: https://repo.maven.apache.org/maven2/org/sonatype/nexus/plugins/nexus-plugins/2.9.1-02/nexus-plugins-2.9.1-02.pom (27 kB at 73 kB/s)
Downloading from central: https://repo.maven.apache.org/maven2/com/thoughtworks/xstream/xstream/1.4.7/xstream-1.4.7.pom
Progress (1): 2.2/11 kB
Progress (1): 5.0/11 kB
Progress (1): 7.8/11 kB
Progress (1): 11/11 kB 
Progress (1): 11 kB   
                   
Downloaded from central: https://repo.maven.apache.org/maven2/com/thoughtworks/xstream/xstream/1.4.7/xstream-1.4.7.pom (11 kB at 31 kB/s)
Downloading from central: https://repo.maven.apache.org/maven2/com/thoughtworks/xstream/xstream-parent/1.4.7/xstream-parent-1.4.7.pom
Progress (1): 2.2/26 kB
Progress (1): 5.0/26 kB
Progress (1): 7.8/26 kB
Progress (1): 11/26 kB 
Progress (1): 13/26 kB
Progress (1): 16/26 kB
Progress (1): 19/26 kB
Progress (1): 21/26 kB
Progress (1): 24/26 kB
Progress (1): 26 kB   
                   
Downloaded from central: https://repo.maven.apache.org/maven2/com/thoughtworks/xstream/xstream-parent/1.4.7/xstream-parent-1.4.7.pom (26 kB at 71 kB/s)
Downloading from central: https://repo.maven.apache.org/maven2/org/sonatype/sisu/siesta/siesta-client/1.7/siesta-client-1.7.pom
Progress (1): 1.8 kB
                    
Downloaded from central: https://repo.maven.apache.org/maven2/org/sonatype/sisu/siesta/siesta-client/1.7/siesta-client-1.7.pom (1.8 kB at 5.0 kB/s)
Downloading from central: https://repo.maven.apache.org/maven2/org/sonatype/sisu/siesta/siesta/1.7/siesta-1.7.pom
Progress (1): 2.2/12 kB
Progress (1): 5.0/12 kB
Progress (1): 7.8/12 kB
Progress (1): 11/12 kB 
Progress (1): 12 kB   
                   
Downloaded from central: https://repo.maven.apache.org/maven2/org/sonatype/sisu/siesta/siesta/1.7/siesta-1.7.pom (12 kB at 33 kB/s)
Downloading from central: https://repo.maven.apache.org/maven2/org/sonatype/sisu/siesta/siesta-common/1.7/siesta-common-1.7.pom
Progress (1): 2.1 kB
                    
Downloaded from central: https://repo.maven.apache.org/maven2/org/sonatype/sisu/siesta/siesta-common/1.7/siesta-common-1.7.pom (2.1 kB at 5.9 kB/s)
Downloading from central: https://repo.maven.apache.org/maven2/org/slf4j/jcl-over-slf4j/1.7.7/jcl-over-slf4j-1.7.7.pom
Progress (1): 1.9 kB
                    
Downloaded from central: https://repo.maven.apache.org/maven2/org/slf4j/jcl-over-slf4j/1.7.7/jcl-over-slf4j-1.7.7.pom (1.9 kB at 5.1 kB/s)
Downloading from central: https://repo.maven.apache.org/maven2/org/sonatype/sisu/siesta/siesta-jackson/1.7/siesta-jackson-1.7.pom
Progress (1): 2.2/2.6 kB
Progress (1): 2.6 kB    
                    
Downloaded from central: https://repo.maven.apache.org/maven2/org/sonatype/sisu/siesta/siesta-jackson/1.7/siesta-jackson-1.7.pom (2.6 kB at 7.0 kB/s)
Downloading from central: https://repo.maven.apache.org/maven2/com/fasterxml/jackson/core/jackson-annotations/2.3.1/jackson-annotations-2.3.1.pom
Progress (1): 1.7 kB
                    
Downloaded from central: https://repo.maven.apache.org/maven2/com/fasterxml/jackson/core/jackson-annotations/2.3.1/jackson-annotations-2.3.1.pom (1.7 kB at 4.7 kB/s)
Downloading from central: https://repo.maven.apache.org/maven2/com/fasterxml/jackson/core/jackson-core/2.3.1/jackson-core-2.3.1.pom
Progress (1): 2.2/6.0 kB
Progress (1): 5.0/6.0 kB
Progress (1): 6.0 kB    
                    
Downloaded from central: https://repo.maven.apache.org/maven2/com/fasterxml/jackson/core/jackson-core/2.3.1/jackson-core-2.3.1.pom (6.0 kB at 16 kB/s)
Downloading from central: https://repo.maven.apache.org/maven2/com/fasterxml/oss-parent/12/oss-parent-12.pom
Progress (1): 2.2/23 kB
Progress (1): 5.0/23 kB
Progress (1): 7.8/23 kB
Progress (1): 11/23 kB 
Progress (1): 13/23 kB
Progress (1): 16/23 kB
Progress (1): 19/23 kB
Progress (1): 21/23 kB
Progress (1): 23 kB   
                   
Downloaded from central: https://repo.maven.apache.org/maven2/com/fasterxml/oss-parent/12/oss-parent-12.pom (23 kB at 64 kB/s)
Downloading from central: https://repo.maven.apache.org/maven2/com/fasterxml/jackson/core/jackson-databind/2.3.1/jackson-databind-2.3.1.pom
Progress (1): 2.2/5.9 kB
Progress (1): 5.0/5.9 kB
Progress (1): 5.9 kB    
                    
Downloaded from central: https://repo.maven.apache.org/maven2/com/fasterxml/jackson/core/jackson-databind/2.3.1/jackson-databind-2.3.1.pom (5.9 kB at 16 kB/s)
Downloading from central: https://repo.maven.apache.org/maven2/com/fasterxml/jackson/core/jackson-annotations/2.3.0/jackson-annotations-2.3.0.pom
Progress (1): 1.3 kB
                    
Downloaded from central: https://repo.maven.apache.org/maven2/com/fasterxml/jackson/core/jackson-annotations/2.3.0/jackson-annotations-2.3.0.pom (1.3 kB at 3.5 kB/s)
Downloading from central: https://repo.maven.apache.org/maven2/com/fasterxml/jackson/jaxrs/jackson-jaxrs-json-provider/2.3.1/jackson-jaxrs-json-provider-2.3.1.pom
Progress (1): 2.2/3.2 kB
Progress (1): 3.2 kB    
                    
Downloaded from central: https://repo.maven.apache.org/maven2/com/fasterxml/jackson/jaxrs/jackson-jaxrs-json-provider/2.3.1/jackson-jaxrs-json-provider-2.3.1.pom (3.2 kB at 8.7 kB/s)
Downloading from central: https://repo.maven.apache.org/maven2/com/fasterxml/jackson/jaxrs/jackson-jaxrs-providers/2.3.1/jackson-jaxrs-providers-2.3.1.pom
Progress (1): 2.2/3.8 kB
Progress (1): 3.8 kB    
                    
Downloaded from central: https://repo.maven.apache.org/maven2/com/fasterxml/jackson/jaxrs/jackson-jaxrs-providers/2.3.1/jackson-jaxrs-providers-2.3.1.pom (3.8 kB at 10 kB/s)
Downloading from central: https://repo.maven.apache.org/maven2/com/fasterxml/jackson/jaxrs/jackson-jaxrs-base/2.3.1/jackson-jaxrs-base-2.3.1.pom
Progress (1): 1.9 kB
                    
Downloaded from central: https://repo.maven.apache.org/maven2/com/fasterxml/jackson/jaxrs/jackson-jaxrs-base/2.3.1/jackson-jaxrs-base-2.3.1.pom (1.9 kB at 5.3 kB/s)
Downloading from central: https://repo.maven.apache.org/maven2/com/fasterxml/jackson/module/jackson-module-jaxb-annotations/2.3.1/jackson-module-jaxb-annotations-2.3.1.pom
Progress (1): 2.2/4.5 kB
Progress (1): 4.5 kB    
                    
Downloaded from central: https://repo.maven.apache.org/maven2/com/fasterxml/jackson/module/jackson-module-jaxb-annotations/2.3.1/jackson-module-jaxb-annotations-2.3.1.pom (4.5 kB at 12 kB/s)
Downloading from central: https://repo.maven.apache.org/maven2/org/sonatype/spice/zapper/spice-zapper/1.3/spice-zapper-1.3.pom
Progress (1): 2.2/4.6 kB
Progress (1): 4.6 kB    
                    
Downloaded from central: https://repo.maven.apache.org/maven2/org/sonatype/spice/zapper/spice-zapper/1.3/spice-zapper-1.3.pom (4.6 kB at 13 kB/s)
Downloading from central: https://repo.maven.apache.org/maven2/org/fusesource/hawtbuf/hawtbuf-proto/1.9/hawtbuf-proto-1.9.pom
Progress (1): 2.2/4.5 kB
Progress (1): 4.5 kB    
                    
Downloaded from central: https://repo.maven.apache.org/maven2/org/fusesource/hawtbuf/hawtbuf-proto/1.9/hawtbuf-proto-1.9.pom (4.5 kB at 12 kB/s)
Downloading from central: https://repo.maven.apache.org/maven2/org/fusesource/hawtbuf/hawtbuf-project/1.9/hawtbuf-project-1.9.pom
Progress (1): 2.2/11 kB
Progress (1): 5.0/11 kB
Progress (1): 7.8/11 kB
Progress (1): 11/11 kB 
Progress (1): 11 kB   
                   
Downloaded from central: https://repo.maven.apache.org/maven2/org/fusesource/hawtbuf/hawtbuf-project/1.9/hawtbuf-project-1.9.pom (11 kB at 29 kB/s)
Downloading from central: https://repo.maven.apache.org/maven2/org/fusesource/fusesource-pom/1.9/fusesource-pom-1.9.pom
Progress (1): 2.2/15 kB
Progress (1): 5.0/15 kB
Progress (1): 7.8/15 kB
Progress (1): 11/15 kB 
Progress (1): 13/15 kB
Progress (1): 15 kB   
                   
Downloaded from central: https://repo.maven.apache.org/maven2/org/fusesource/fusesource-pom/1.9/fusesource-pom-1.9.pom (15 kB at 41 kB/s)
Downloading from central: https://repo.maven.apache.org/maven2/org/fusesource/hawtbuf/hawtbuf/1.9/hawtbuf-1.9.pom
Progress (1): 2.2/2.6 kB
Progress (1): 2.6 kB    
                    
Downloaded from central: https://repo.maven.apache.org/maven2/org/fusesource/hawtbuf/hawtbuf/1.9/hawtbuf-1.9.pom (2.6 kB at 7.1 kB/s)
Downloading from central: https://repo.maven.apache.org/maven2/ch/qos/logback/logback-core/1.1.2/logback-core-1.1.2.pom
Progress (1): 2.2/5.0 kB
Progress (1): 5.0/5.0 kB
Progress (1): 5.0 kB    
                    
Downloaded from central: https://repo.maven.apache.org/maven2/ch/qos/logback/logback-core/1.1.2/logback-core-1.1.2.pom (5.0 kB at 14 kB/s)
Downloading from central: https://repo.maven.apache.org/maven2/ch/qos/logback/logback-parent/1.1.2/logback-parent-1.1.2.pom
Progress (1): 2.2/15 kB
Progress (1): 5.0/15 kB
Progress (1): 7.8/15 kB
Progress (1): 11/15 kB 
Progress (1): 13/15 kB
Progress (1): 15 kB   
                   
Downloaded from central: https://repo.maven.apache.org/maven2/ch/qos/logback/logback-parent/1.1.2/logback-parent-1.1.2.pom (15 kB at 41 kB/s)
Downloading from central: https://repo.maven.apache.org/maven2/ch/qos/logback/logback-classic/1.1.2/logback-classic-1.1.2.pom
Progress (1): 2.2/12 kB
Progress (1): 5.0/12 kB
Progress (1): 7.8/12 kB
Progress (1): 11/12 kB 
Progress (1): 12 kB   
                   
Downloaded from central: https://repo.maven.apache.org/maven2/ch/qos/logback/logback-classic/1.1.2/logback-classic-1.1.2.pom (12 kB at 33 kB/s)
Downloading from central: https://repo.maven.apache.org/maven2/org/sonatype/plugins/nexus-staging-maven-plugin/1.6.5/nexus-staging-maven-plugin-1.6.5.jar
Downloading from central: https://repo.maven.apache.org/maven2/org/sonatype/nexus/nexus-client-core/2.9.1-02/nexus-client-core-2.9.1-02.jar
Downloading from central: https://repo.maven.apache.org/maven2/com/thoughtworks/xstream/xstream/1.4.7/xstream-1.4.7.jar
Downloading from central: https://repo.maven.apache.org/maven2/org/sonatype/nexus/plugins/nexus-restlet1x-model/2.9.1-02/nexus-restlet1x-model-2.9.1-02.jar
Downloading from central: https://repo.maven.apache.org/maven2/org/sonatype/nexus/maven/nexus-common/1.6.5/nexus-common-1.6.5.jar
Progress (1): 2.2/248 kB
Progress (1): 5.0/248 kB
Progress (1): 7.7/248 kB
Progress (1): 10/248 kB 
Progress (1): 13/248 kB
Progress (1): 16/248 kB
Progress (1): 19/248 kB
Progress (1): 21/248 kB
Progress (1): 24/248 kB
Progress (1): 27/248 kB
Progress (1): 30/248 kB
Progress (1): 32/248 kB
Progress (1): 36/248 kB
Progress (1): 40/248 kB
Progress (1): 45/248 kB
Progress (1): 49/248 kB
Progress (1): 53/248 kB
Progress (1): 57/248 kB
Progress (1): 61/248 kB
Progress (1): 65/248 kB
Progress (1): 69/248 kB
Progress (1): 73/248 kB
Progress (1): 77/248 kB
Progress (1): 81/248 kB
Progress (1): 85/248 kB
Progress (1): 90/248 kB
Progress (1): 94/248 kB
Progress (1): 98/248 kB
Progress (1): 102/248 kB
Progress (1): 106/248 kB
Progress (1): 110/248 kB
Progress (1): 114/248 kB
Progress (1): 118/248 kB
Progress (1): 122/248 kB
Progress (1): 126/248 kB
Progress (1): 131/248 kB
Progress (1): 135/248 kB
Progress (1): 139/248 kB
Progress (1): 143/248 kB
Progress (1): 147/248 kB
Progress (1): 151/248 kB
Progress (1): 155/248 kB
Progress (1): 159/248 kB
Progress (1): 163/248 kB
Progress (1): 167/248 kB
Progress (1): 171/248 kB
Progress (1): 176/248 kB
Progress (1): 180/248 kB
Progress (2): 180/248 kB | 2.2/16 kB
Progress (2): 180/248 kB | 5.0/16 kB
Progress (2): 180/248 kB | 7.7/16 kB
Progress (2): 180/248 kB | 10/16 kB 
Progress (2): 180/248 kB | 13/16 kB
Progress (3): 180/248 kB | 13/16 kB | 2.2/211 kB
Progress (3): 180/248 kB | 13/16 kB | 5.0/211 kB
Progress (3): 180/248 kB | 13/16 kB | 7.7/211 kB
Progress (3): 180/248 kB | 13/16 kB | 10/211 kB 
Progress (3): 180/248 kB | 13/16 kB | 13/211 kB
Progress (3): 184/248 kB | 13/16 kB | 13/211 kB
Progress (3): 188/248 kB | 13/16 kB | 13/211 kB
Progress (3): 192/248 kB | 13/16 kB | 13/211 kB
Progress (3): 196/248 kB | 13/16 kB | 13/211 kB
Progress (3): 200/248 kB | 13/16 kB | 13/211 kB
Progress (3): 204/248 kB | 13/16 kB | 13/211 kB
Progress (3): 208/248 kB | 13/16 kB | 13/211 kB
Progress (3): 212/248 kB | 13/16 kB | 13/211 kB
Progress (3): 217/248 kB | 13/16 kB | 13/211 kB
Progress (3): 221/248 kB | 13/16 kB | 13/211 kB
Progress (3): 225/248 kB | 13/16 kB | 13/211 kB
Progress (3): 229/248 kB | 13/16 kB | 13/211 kB
Progress (3): 233/248 kB | 13/16 kB | 13/211 kB
Progress (3): 237/248 kB | 13/16 kB | 13/211 kB
Progress (3): 241/248 kB | 13/16 kB | 13/211 kB
Progress (3): 245/248 kB | 13/16 kB | 13/211 kB
Progress (3): 248 kB | 13/16 kB | 13/211 kB    
Progress (4): 248 kB | 13/16 kB | 13/211 kB | 2.2/532 kB
Progress (4): 248 kB | 13/16 kB | 13/211 kB | 5.0/532 kB
Progress (4): 248 kB | 13/16 kB | 13/211 kB | 7.7/532 kB
Progress (4): 248 kB | 13/16 kB | 13/211 kB | 10/532 kB 
Progress (4): 248 kB | 13/16 kB | 13/211 kB | 13/532 kB
Progress (4): 248 kB | 16/16 kB | 13/211 kB | 13/532 kB
Progress (4): 248 kB | 16 kB | 13/211 kB | 13/532 kB   
Progress (4): 248 kB | 16 kB | 16/211 kB | 13/532 kB
Progress (4): 248 kB | 16 kB | 19/211 kB | 13/532 kB
Progress (4): 248 kB | 16 kB | 21/211 kB | 13/532 kB
Progress (4): 248 kB | 16 kB | 24/211 kB | 13/532 kB
Progress (4): 248 kB | 16 kB | 27/211 kB | 13/532 kB
Progress (4): 248 kB | 16 kB | 30/211 kB | 13/532 kB
Progress (4): 248 kB | 16 kB | 32/211 kB | 13/532 kB
                                                    
Downloaded from central: https://repo.maven.apache.org/maven2/org/sonatype/plugins/nexus-staging-maven-plugin/1.6.5/nexus-staging-maven-plugin-1.6.5.jar (248 kB at 338 kB/s)
Downloading from central: https://repo.maven.apache.org/maven2/org/sonatype/sisu/siesta/siesta-client/1.7/siesta-client-1.7.jar
Progress (3): 16 kB | 32/211 kB | 16/532 kB
Progress (3): 16 kB | 32/211 kB | 19/532 kB
Progress (3): 16 kB | 32/211 kB | 21/532 kB
Progress (3): 16 kB | 32/211 kB | 24/532 kB
Progress (3): 16 kB | 32/211 kB | 27/532 kB
Progress (3): 16 kB | 32/211 kB | 30/532 kB
Progress (3): 16 kB | 32/211 kB | 32/532 kB
                                           
Downloaded from central: https://repo.maven.apache.org/maven2/org/sonatype/nexus/maven/nexus-common/1.6.5/nexus-common-1.6.5.jar (16 kB at 18 kB/s)
Downloading from central: https://repo.maven.apache.org/maven2/org/sonatype/sisu/siesta/siesta-common/1.7/siesta-common-1.7.jar
Progress (2): 36/211 kB | 32/532 kB
Progress (2): 40/211 kB | 32/532 kB
Progress (2): 45/211 kB | 32/532 kB
Progress (2): 49/211 kB | 32/532 kB
Progress (2): 53/211 kB | 32/532 kB
Progress (2): 57/211 kB | 32/532 kB
Progress (2): 61/211 kB | 32/532 kB
Progress (2): 65/211 kB | 32/532 kB
Progress (2): 69/211 kB | 32/532 kB
Progress (2): 73/211 kB | 32/532 kB
Progress (2): 77/211 kB | 32/532 kB
Progress (2): 81/211 kB | 32/532 kB
Progress (3): 81/211 kB | 32/532 kB | 4.1/20 kB
Progress (3): 81/211 kB | 32/532 kB | 7.7/20 kB
Progress (3): 81/211 kB | 32/532 kB | 12/20 kB 
Progress (3): 81/211 kB | 32/532 kB | 16/20 kB
Progress (3): 81/211 kB | 32/532 kB | 20/20 kB
Progress (3): 81/211 kB | 32/532 kB | 20 kB   
Progress (3): 81/211 kB | 36/532 kB | 20 kB
Progress (3): 81/211 kB | 40/532 kB | 20 kB
Progress (3): 81/211 kB | 45/532 kB | 20 kB
Progress (3): 81/211 kB | 49/532 kB | 20 kB
Progress (3): 81/211 kB | 53/532 kB | 20 kB
Progress (3): 81/211 kB | 57/532 kB | 20 kB
Progress (3): 81/211 kB | 61/532 kB | 20 kB
Progress (3): 81/211 kB | 65/532 kB | 20 kB
Progress (3): 81/211 kB | 69/532 kB | 20 kB
Progress (3): 81/211 kB | 73/532 kB | 20 kB
Progress (3): 81/211 kB | 77/532 kB | 20 kB
Progress (3): 81/211 kB | 81/532 kB | 20 kB
Progress (4): 81/211 kB | 81/532 kB | 20 kB | 2.2/11 kB
Progress (4): 81/211 kB | 81/532 kB | 20 kB | 5.0/11 kB
Progress (4): 81/211 kB | 81/532 kB | 20 kB | 7.7/11 kB
Progress (4): 81/211 kB | 81/532 kB | 20 kB | 10/11 kB 
Progress (4): 81/211 kB | 81/532 kB | 20 kB | 11 kB   
Progress (4): 85/211 kB | 81/532 kB | 20 kB | 11 kB
Progress (4): 90/211 kB | 81/532 kB | 20 kB | 11 kB
Progress (4): 94/211 kB | 81/532 kB | 20 kB | 11 kB
Progress (4): 98/211 kB | 81/532 kB | 20 kB | 11 kB
Progress (4): 102/211 kB | 81/532 kB | 20 kB | 11 kB
Progress (4): 106/211 kB | 81/532 kB | 20 kB | 11 kB
Progress (4): 110/211 kB | 81/532 kB | 20 kB | 11 kB
Progress (4): 114/211 kB | 81/532 kB | 20 kB | 11 kB
Progress (4): 118/211 kB | 81/532 kB | 20 kB | 11 kB
Progress (4): 122/211 kB | 81/532 kB | 20 kB | 11 kB
Progress (4): 126/211 kB | 81/532 kB | 20 kB | 11 kB
Progress (4): 131/211 kB | 81/532 kB | 20 kB | 11 kB
Progress (4): 135/211 kB | 81/532 kB | 20 kB | 11 kB
Progress (4): 139/211 kB | 81/532 kB | 20 kB | 11 kB
Progress (4): 143/211 kB | 81/532 kB | 20 kB | 11 kB
Progress (4): 147/211 kB | 81/532 kB | 20 kB | 11 kB
Progress (4): 151/211 kB | 81/532 kB | 20 kB | 11 kB
Progress (4): 155/211 kB | 81/532 kB | 20 kB | 11 kB
Progress (4): 159/211 kB | 81/532 kB | 20 kB | 11 kB
Progress (4): 163/211 kB | 81/532 kB | 20 kB | 11 kB
Progress (4): 167/211 kB | 81/532 kB | 20 kB | 11 kB
Progress (4): 171/211 kB | 81/532 kB | 20 kB | 11 kB
Progress (4): 176/211 kB | 81/532 kB | 20 kB | 11 kB
Progress (4): 180/211 kB | 81/532 kB | 20 kB | 11 kB
                                                    
Downloaded from central: https://repo.maven.apache.org/maven2/org/sonatype/sisu/siesta/siesta-client/1.7/siesta-client-1.7.jar (20 kB at 18 kB/s)
Downloading from central: https://repo.maven.apache.org/maven2/org/sonatype/sisu/siesta/siesta-jackson/1.7/siesta-jackson-1.7.jar
Progress (4): 180/211 kB | 81/532 kB | 11 kB | 2.2/160 kB
Progress (4): 180/211 kB | 81/532 kB | 11 kB | 5.0/160 kB
Progress (4): 180/211 kB | 81/532 kB | 11 kB | 7.7/160 kB
Progress (4): 180/211 kB | 81/532 kB | 11 kB | 10/160 kB 
Progress (4): 180/211 kB | 81/532 kB | 11 kB | 13/160 kB
Progress (4): 180/211 kB | 85/532 kB | 11 kB | 13/160 kB
Progress (4): 180/211 kB | 90/532 kB | 11 kB | 13/160 kB
Progress (4): 180/211 kB | 94/532 kB | 11 kB | 13/160 kB
Progress (4): 180/211 kB | 98/532 kB | 11 kB | 13/160 kB
Progress (4): 180/211 kB | 102/532 kB | 11 kB | 13/160 kB
Progress (4): 180/211 kB | 106/532 kB | 11 kB | 13/160 kB
Progress (4): 180/211 kB | 110/532 kB | 11 kB | 13/160 kB
Progress (4): 180/211 kB | 114/532 kB | 11 kB | 13/160 kB
Progress (4): 180/211 kB | 118/532 kB | 11 kB | 13/160 kB
Progress (4): 180/211 kB | 122/532 kB | 11 kB | 13/160 kB
Progress (4): 180/211 kB | 126/532 kB | 11 kB | 13/160 kB
Progress (4): 180/211 kB | 131/532 kB | 11 kB | 13/160 kB
Progress (4): 180/211 kB | 135/532 kB | 11 kB | 13/160 kB
Progress (4): 180/211 kB | 139/532 kB | 11 kB | 13/160 kB
Progress (4): 180/211 kB | 143/532 kB | 11 kB | 13/160 kB
Progress (4): 180/211 kB | 147/532 kB | 11 kB | 13/160 kB
Progress (4): 180/211 kB | 151/532 kB | 11 kB | 13/160 kB
Progress (4): 180/211 kB | 155/532 kB | 11 kB | 13/160 kB
Progress (4): 180/211 kB | 159/532 kB | 11 kB | 13/160 kB
Progress (4): 180/211 kB | 163/532 kB | 11 kB | 13/160 kB
Progress (4): 180/211 kB | 167/532 kB | 11 kB | 13/160 kB
Progress (4): 180/211 kB | 171/532 kB | 11 kB | 13/160 kB
Progress (4): 180/211 kB | 176/532 kB | 11 kB | 13/160 kB
Progress (4): 180/211 kB | 180/532 kB | 11 kB | 13/160 kB
                                                         
Downloaded from central: https://repo.maven.apache.org/maven2/org/sonatype/sisu/siesta/siesta-common/1.7/siesta-common-1.7.jar (11 kB at 8.7 kB/s)
Downloading from central: https://repo.maven.apache.org/maven2/com/fasterxml/jackson/core/jackson-annotations/2.3.1/jackson-annotations-2.3.1.jar
Progress (3): 184/211 kB | 180/532 kB | 13/160 kB
Progress (3): 188/211 kB | 180/532 kB | 13/160 kB
Progress (3): 192/211 kB | 180/532 kB | 13/160 kB
Progress (3): 196/211 kB | 180/532 kB | 13/160 kB
Progress (3): 200/211 kB | 180/532 kB | 13/160 kB
Progress (3): 204/211 kB | 180/532 kB | 13/160 kB
Progress (3): 208/211 kB | 180/532 kB | 13/160 kB
Progress (3): 211 kB | 180/532 kB | 13/160 kB    
Progress (4): 211 kB | 180/532 kB | 13/160 kB | 2.8/6.3 kB
Progress (4): 211 kB | 180/532 kB | 13/160 kB | 5.5/6.3 kB
Progress (4): 211 kB | 180/532 kB | 13/160 kB | 6.3 kB    
Progress (4): 211 kB | 180/532 kB | 16/160 kB | 6.3 kB
Progress (4): 211 kB | 180/532 kB | 19/160 kB | 6.3 kB
Progress (4): 211 kB | 180/532 kB | 21/160 kB | 6.3 kB
Progress (4): 211 kB | 180/532 kB | 24/160 kB | 6.3 kB
Progress (4): 211 kB | 180/532 kB | 27/160 kB | 6.3 kB
Progress (4): 211 kB | 180/532 kB | 30/160 kB | 6.3 kB
Progress (4): 211 kB | 184/532 kB | 30/160 kB | 6.3 kB
Progress (4): 211 kB | 188/532 kB | 30/160 kB | 6.3 kB
Progress (4): 211 kB | 192/532 kB | 30/160 kB | 6.3 kB
Progress (4): 211 kB | 196/532 kB | 30/160 kB | 6.3 kB
Progress (4): 211 kB | 200/532 kB | 30/160 kB | 6.3 kB
Progress (4): 211 kB | 204/532 kB | 30/160 kB | 6.3 kB
Progress (4): 211 kB | 208/532 kB | 30/160 kB | 6.3 kB
Progress (4): 211 kB | 212/532 kB | 30/160 kB | 6.3 kB
Progress (4): 211 kB | 217/532 kB | 30/160 kB | 6.3 kB
Progress (4): 211 kB | 221/532 kB | 30/160 kB | 6.3 kB
Progress (4): 211 kB | 225/532 kB | 30/160 kB | 6.3 kB
Progress (4): 211 kB | 229/532 kB | 30/160 kB | 6.3 kB
Progress (4): 211 kB | 233/532 kB | 30/160 kB | 6.3 kB
Progress (4): 211 kB | 237/532 kB | 30/160 kB | 6.3 kB
Progress (4): 211 kB | 241/532 kB | 30/160 kB | 6.3 kB
Progress (4): 211 kB | 245/532 kB | 30/160 kB | 6.3 kB
Progress (4): 211 kB | 249/532 kB | 30/160 kB | 6.3 kB
Progress (4): 211 kB | 253/532 kB | 30/160 kB | 6.3 kB
Progress (4): 211 kB | 258/532 kB | 30/160 kB | 6.3 kB
Progress (4): 211 kB | 262/532 kB | 30/160 kB | 6.3 kB
Progress (4): 211 kB | 266/532 kB | 30/160 kB | 6.3 kB
Progress (4): 211 kB | 270/532 kB | 30/160 kB | 6.3 kB
Progress (4): 211 kB | 274/532 kB | 30/160 kB | 6.3 kB
Progress (4): 211 kB | 278/532 kB | 30/160 kB | 6.3 kB
Progress (4): 211 kB | 282/532 kB | 30/160 kB | 6.3 kB
Progress (4): 211 kB | 286/532 kB | 30/160 kB | 6.3 kB
Progress (4): 211 kB | 290/532 kB | 30/160 kB | 6.3 kB
Progress (4): 211 kB | 294/532 kB | 30/160 kB | 6.3 kB
Progress (4): 211 kB | 298/532 kB | 30/160 kB | 6.3 kB
Progress (4): 211 kB | 303/532 kB | 30/160 kB | 6.3 kB
Progress (4): 211 kB | 307/532 kB | 30/160 kB | 6.3 kB
Progress (4): 211 kB | 311/532 kB | 30/160 kB | 6.3 kB
Progress (5): 211 kB | 311/532 kB | 30/160 kB | 6.3 kB | 2.2/37 kB
Progress (5): 211 kB | 311/532 kB | 30/160 kB | 6.3 kB | 5.0/37 kB
Progress (5): 211 kB | 311/532 kB | 30/160 kB | 6.3 kB | 7.7/37 kB
Progress (5): 211 kB | 311/532 kB | 30/160 kB | 6.3 kB | 10/37 kB 
Progress (5): 211 kB | 311/532 kB | 30/160 kB | 6.3 kB | 13/37 kB
Progress (5): 211 kB | 311/532 kB | 30/160 kB | 6.3 kB | 16/37 kB
Progress (5): 211 kB | 311/532 kB | 30/160 kB | 6.3 kB | 19/37 kB
Progress (5): 211 kB | 311/532 kB | 30/160 kB | 6.3 kB | 21/37 kB
Progress (5): 211 kB | 311/532 kB | 30/160 kB | 6.3 kB | 24/37 kB
Progress (5): 211 kB | 311/532 kB | 30/160 kB | 6.3 kB | 27/37 kB
                                                                 
Downloaded from central: https://repo.maven.apache.org/maven2/org/sonatype/nexus/nexus-client-core/2.9.1-02/nexus-client-core-2.9.1-02.jar (211 kB at 149 kB/s)
Downloading from central: https://repo.maven.apache.org/maven2/com/fasterxml/jackson/core/jackson-core/2.3.1/jackson-core-2.3.1.jar
Downloaded from central: https://repo.maven.apache.org/maven2/org/sonatype/sisu/siesta/siesta-jackson/1.7/siesta-jackson-1.7.jar (6.3 kB at 4.3 kB/s)
Downloading from central: https://repo.maven.apache.org/maven2/com/fasterxml/jackson/core/jackson-databind/2.3.1/jackson-databind-2.3.1.jar
Progress (3): 311/532 kB | 32/160 kB | 27/37 kB
Progress (3): 311/532 kB | 36/160 kB | 27/37 kB
Progress (3): 311/532 kB | 40/160 kB | 27/37 kB
Progress (3): 311/532 kB | 45/160 kB | 27/37 kB
Progress (3): 311/532 kB | 49/160 kB | 27/37 kB
Progress (3): 311/532 kB | 53/160 kB | 27/37 kB
Progress (3): 311/532 kB | 57/160 kB | 27/37 kB
Progress (3): 311/532 kB | 61/160 kB | 27/37 kB
Progress (3): 311/532 kB | 65/160 kB | 27/37 kB
Progress (3): 315/532 kB | 65/160 kB | 27/37 kB
Progress (3): 319/532 kB | 65/160 kB | 27/37 kB
Progress (3): 323/532 kB | 65/160 kB | 27/37 kB
Progress (3): 327/532 kB | 65/160 kB | 27/37 kB
Progress (3): 331/532 kB | 65/160 kB | 27/37 kB
Progress (3): 335/532 kB | 65/160 kB | 27/37 kB
Progress (3): 339/532 kB | 65/160 kB | 27/37 kB
Progress (3): 344/532 kB | 65/160 kB | 27/37 kB
Progress (3): 348/532 kB | 65/160 kB | 27/37 kB
Progress (3): 352/532 kB | 65/160 kB | 27/37 kB
Progress (3): 356/532 kB | 65/160 kB | 27/37 kB
Progress (3): 360/532 kB | 65/160 kB | 27/37 kB
Progress (3): 364/532 kB | 65/160 kB | 27/37 kB
Progress (3): 368/532 kB | 65/160 kB | 27/37 kB
Progress (3): 372/532 kB | 65/160 kB | 27/37 kB
Progress (3): 376/532 kB | 65/160 kB | 27/37 kB
Progress (3): 376/532 kB | 65/160 kB | 30/37 kB
Progress (3): 376/532 kB | 65/160 kB | 32/37 kB
Progress (3): 380/532 kB | 65/160 kB | 32/37 kB
Progress (3): 380/532 kB | 65/160 kB | 35/37 kB
Progress (3): 384/532 kB | 65/160 kB | 35/37 kB
Progress (3): 384/532 kB | 65/160 kB | 37 kB   
Progress (3): 389/532 kB | 65/160 kB | 37 kB
Progress (3): 393/532 kB | 65/160 kB | 37 kB
Progress (3): 397/532 kB | 65/160 kB | 37 kB
Progress (3): 401/532 kB | 65/160 kB | 37 kB
Progress (3): 405/532 kB | 65/160 kB | 37 kB
Progress (3): 409/532 kB | 65/160 kB | 37 kB
Progress (3): 413/532 kB | 65/160 kB | 37 kB
Progress (3): 417/532 kB | 65/160 kB | 37 kB
Progress (3): 421/532 kB | 65/160 kB | 37 kB
Progress (3): 425/532 kB | 65/160 kB | 37 kB
Progress (3): 430/532 kB | 65/160 kB | 37 kB
Progress (3): 434/532 kB | 65/160 kB | 37 kB
Progress (3): 438/532 kB | 65/160 kB | 37 kB
Progress (3): 442/532 kB | 65/160 kB | 37 kB
Progress (3): 446/532 kB | 65/160 kB | 37 kB
Progress (3): 450/532 kB | 65/160 kB | 37 kB
Progress (3): 454/532 kB | 65/160 kB | 37 kB
Progress (3): 458/532 kB | 65/160 kB | 37 kB
Progress (3): 462/532 kB | 65/160 kB | 37 kB
Progress (3): 466/532 kB | 65/160 kB | 37 kB
Progress (3): 470/532 kB | 65/160 kB | 37 kB
Progress (3): 475/532 kB | 65/160 kB | 37 kB
Progress (3): 479/532 kB | 65/160 kB | 37 kB
Progress (3): 483/532 kB | 65/160 kB | 37 kB
Progress (3): 487/532 kB | 65/160 kB | 37 kB
Progress (3): 491/532 kB | 65/160 kB | 37 kB
Progress (3): 495/532 kB | 65/160 kB | 37 kB
Progress (3): 499/532 kB | 65/160 kB | 37 kB
Progress (3): 503/532 kB | 65/160 kB | 37 kB
Progress (3): 507/532 kB | 65/160 kB | 37 kB
Progress (3): 511/532 kB | 65/160 kB | 37 kB
Progress (3): 516/532 kB | 65/160 kB | 37 kB
Progress (3): 520/532 kB | 65/160 kB | 37 kB
Progress (3): 524/532 kB | 65/160 kB | 37 kB
Progress (3): 528/532 kB | 65/160 kB | 37 kB
Progress (3): 532 kB | 65/160 kB | 37 kB    
Progress (4): 532 kB | 65/160 kB | 37 kB | 4.1/198 kB
Progress (4): 532 kB | 65/160 kB | 37 kB | 7.7/198 kB
Progress (4): 532 kB | 65/160 kB | 37 kB | 12/198 kB 
Progress (4): 532 kB | 65/160 kB | 37 kB | 16/198 kB
Progress (4): 532 kB | 65/160 kB | 37 kB | 20/198 kB
Progress (4): 532 kB | 65/160 kB | 37 kB | 24/198 kB
Progress (4): 532 kB | 65/160 kB | 37 kB | 28/198 kB
Progress (4): 532 kB | 65/160 kB | 37 kB | 32/198 kB
Progress (4): 532 kB | 65/160 kB | 37 kB | 36/198 kB
Progress (4): 532 kB | 65/160 kB | 37 kB | 40/198 kB
Progress (4): 532 kB | 65/160 kB | 37 kB | 45/198 kB
Progress (4): 532 kB | 65/160 kB | 37 kB | 49/198 kB
Progress (4): 532 kB | 65/160 kB | 37 kB | 53/198 kB
Progress (4): 532 kB | 65/160 kB | 37 kB | 57/198 kB
Progress (4): 532 kB | 65/160 kB | 37 kB | 61/198 kB
Progress (4): 532 kB | 65/160 kB | 37 kB | 65/198 kB
Progress (4): 532 kB | 65/160 kB | 37 kB | 69/198 kB
Progress (4): 532 kB | 65/160 kB | 37 kB | 73/198 kB
Progress (4): 532 kB | 65/160 kB | 37 kB | 77/198 kB
Progress (4): 532 kB | 65/160 kB | 37 kB | 81/198 kB
Progress (4): 532 kB | 65/160 kB | 37 kB | 85/198 kB
Progress (4): 532 kB | 65/160 kB | 37 kB | 90/198 kB
Progress (4): 532 kB | 65/160 kB | 37 kB | 94/198 kB
Progress (4): 532 kB | 65/160 kB | 37 kB | 98/198 kB
Progress (4): 532 kB | 65/160 kB | 37 kB | 102/198 kB
Progress (4): 532 kB | 65/160 kB | 37 kB | 106/198 kB
Progress (4): 532 kB | 65/160 kB | 37 kB | 110/198 kB
Progress (4): 532 kB | 65/160 kB | 37 kB | 114/198 kB
Progress (4): 532 kB | 65/160 kB | 37 kB | 118/198 kB
Progress (4): 532 kB | 65/160 kB | 37 kB | 122/198 kB
Progress (4): 532 kB | 65/160 kB | 37 kB | 126/198 kB
Progress (4): 532 kB | 65/160 kB | 37 kB | 131/198 kB
Progress (4): 532 kB | 65/160 kB | 37 kB | 135/198 kB
Progress (4): 532 kB | 65/160 kB | 37 kB | 139/198 kB
Progress (4): 532 kB | 65/160 kB | 37 kB | 143/198 kB
Progress (4): 532 kB | 65/160 kB | 37 kB | 147/198 kB
Progress (4): 532 kB | 65/160 kB | 37 kB | 151/198 kB
Progress (4): 532 kB | 65/160 kB | 37 kB | 155/198 kB
Progress (4): 532 kB | 65/160 kB | 37 kB | 159/198 kB
Progress (4): 532 kB | 65/160 kB | 37 kB | 163/198 kB
Progress (5): 532 kB | 65/160 kB | 37 kB | 163/198 kB | 2.2/914 kB
Progress (5): 532 kB | 65/160 kB | 37 kB | 163/198 kB | 5.0/914 kB
Progress (5): 532 kB | 65/160 kB | 37 kB | 163/198 kB | 7.7/914 kB
Progress (5): 532 kB | 65/160 kB | 37 kB | 163/198 kB | 10/914 kB 
Progress (5): 532 kB | 65/160 kB | 37 kB | 163/198 kB | 13/914 kB
Progress (5): 532 kB | 65/160 kB | 37 kB | 163/198 kB | 16/914 kB
Progress (5): 532 kB | 65/160 kB | 37 kB | 163/198 kB | 19/914 kB
Progress (5): 532 kB | 65/160 kB | 37 kB | 163/198 kB | 21/914 kB
Progress (5): 532 kB | 65/160 kB | 37 kB | 163/198 kB | 24/914 kB
Progress (5): 532 kB | 65/160 kB | 37 kB | 163/198 kB | 27/914 kB
Progress (5): 532 kB | 65/160 kB | 37 kB | 163/198 kB | 30/914 kB
Progress (5): 532 kB | 65/160 kB | 37 kB | 163/198 kB | 32/914 kB
Progress (5): 532 kB | 65/160 kB | 37 kB | 163/198 kB | 36/914 kB
Progress (5): 532 kB | 65/160 kB | 37 kB | 163/198 kB | 40/914 kB
Progress (5): 532 kB | 65/160 kB | 37 kB | 163/198 kB | 45/914 kB
Progress (5): 532 kB | 65/160 kB | 37 kB | 163/198 kB | 49/914 kB
Progress (5): 532 kB | 65/160 kB | 37 kB | 163/198 kB | 53/914 kB
Progress (5): 532 kB | 65/160 kB | 37 kB | 163/198 kB | 57/914 kB
Progress (5): 532 kB | 65/160 kB | 37 kB | 163/198 kB | 61/914 kB
Progress (5): 532 kB | 65/160 kB | 37 kB | 163/198 kB | 65/914 kB
Progress (5): 532 kB | 65/160 kB | 37 kB | 163/198 kB | 69/914 kB
Progress (5): 532 kB | 65/160 kB | 37 kB | 163/198 kB | 73/914 kB
Progress (5): 532 kB | 65/160 kB | 37 kB | 163/198 kB | 77/914 kB
Progress (5): 532 kB | 65/160 kB | 37 kB | 163/198 kB | 81/914 kB
Progress (5): 532 kB | 69/160 kB | 37 kB | 163/198 kB | 81/914 kB
Progress (5): 532 kB | 73/160 kB | 37 kB | 163/198 kB | 81/914 kB
Progress (5): 532 kB | 77/160 kB | 37 kB | 163/198 kB | 81/914 kB
Progress (5): 532 kB | 81/160 kB | 37 kB | 163/198 kB | 81/914 kB
Progress (5): 532 kB | 85/160 kB | 37 kB | 163/198 kB | 81/914 kB
Progress (5): 532 kB | 90/160 kB | 37 kB | 163/198 kB | 81/914 kB
Progress (5): 532 kB | 94/160 kB | 37 kB | 163/198 kB | 81/914 kB
Progress (5): 532 kB | 98/160 kB | 37 kB | 163/198 kB | 81/914 kB
Progress (5): 532 kB | 102/160 kB | 37 kB | 163/198 kB | 81/914 kB
Progress (5): 532 kB | 106/160 kB | 37 kB | 163/198 kB | 81/914 kB
Progress (5): 532 kB | 110/160 kB | 37 kB | 163/198 kB | 81/914 kB
Progress (5): 532 kB | 114/160 kB | 37 kB | 163/198 kB | 81/914 kB
Progress (5): 532 kB | 118/160 kB | 37 kB | 163/198 kB | 81/914 kB
Progress (5): 532 kB | 122/160 kB | 37 kB | 163/198 kB | 81/914 kB
Progress (5): 532 kB | 126/160 kB | 37 kB | 163/198 kB | 81/914 kB
Progress (5): 532 kB | 131/160 kB | 37 kB | 163/198 kB | 81/914 kB
                                                                  
Downloaded from central: https://repo.maven.apache.org/maven2/com/fasterxml/jackson/core/jackson-annotations/2.3.1/jackson-annotations-2.3.1.jar (37 kB at 21 kB/s)
Downloading from central: https://repo.maven.apache.org/maven2/com/fasterxml/jackson/jaxrs/jackson-jaxrs-json-provider/2.3.1/jackson-jaxrs-json-provider-2.3.1.jar
Progress (4): 532 kB | 131/160 kB | 167/198 kB | 81/914 kB
Progress (4): 532 kB | 131/160 kB | 171/198 kB | 81/914 kB
Progress (4): 532 kB | 131/160 kB | 176/198 kB | 81/914 kB
Progress (4): 532 kB | 131/160 kB | 180/198 kB | 81/914 kB
Progress (4): 532 kB | 131/160 kB | 184/198 kB | 81/914 kB
Progress (4): 532 kB | 131/160 kB | 188/198 kB | 81/914 kB
Progress (4): 532 kB | 131/160 kB | 192/198 kB | 81/914 kB
Progress (4): 532 kB | 131/160 kB | 196/198 kB | 81/914 kB
Progress (4): 532 kB | 131/160 kB | 198 kB | 81/914 kB    
                                                      
Downloaded from central: https://repo.maven.apache.org/maven2/com/thoughtworks/xstream/xstream/1.4.7/xstream-1.4.7.jar (532 kB at 296 kB/s)
Downloading from central: https://repo.maven.apache.org/maven2/com/fasterxml/jackson/jaxrs/jackson-jaxrs-base/2.3.1/jackson-jaxrs-base-2.3.1.jar
Progress (3): 135/160 kB | 198 kB | 81/914 kB
Progress (3): 139/160 kB | 198 kB | 81/914 kB
Progress (3): 143/160 kB | 198 kB | 81/914 kB
Progress (3): 147/160 kB | 198 kB | 81/914 kB
Progress (3): 151/160 kB | 198 kB | 81/914 kB
Progress (3): 155/160 kB | 198 kB | 81/914 kB
Progress (3): 159/160 kB | 198 kB | 81/914 kB
Progress (3): 160 kB | 198 kB | 81/914 kB    
Progress (4): 160 kB | 198 kB | 81/914 kB | 2.2/16 kB
Progress (4): 160 kB | 198 kB | 81/914 kB | 5.0/16 kB
Progress (4): 160 kB | 198 kB | 81/914 kB | 7.7/16 kB
Progress (4): 160 kB | 198 kB | 81/914 kB | 10/16 kB 
Progress (4): 160 kB | 198 kB | 81/914 kB | 13/16 kB
Progress (4): 160 kB | 198 kB | 81/914 kB | 16/16 kB
Progress (4): 160 kB | 198 kB | 81/914 kB | 16 kB   
                                                 
Downloaded from central: https://repo.maven.apache.org/maven2/com/fasterxml/jackson/core/jackson-core/2.3.1/jackson-core-2.3.1.jar (198 kB at 102 kB/s)
Downloading from central: https://repo.maven.apache.org/maven2/com/fasterxml/jackson/module/jackson-module-jaxb-annotations/2.3.1/jackson-module-jaxb-annotations-2.3.1.jar
Progress (4): 160 kB | 81/914 kB | 16 kB | 4.1/28 kB
Progress (4): 160 kB | 81/914 kB | 16 kB | 7.7/28 kB
Progress (4): 160 kB | 81/914 kB | 16 kB | 12/28 kB 
Progress (4): 160 kB | 81/914 kB | 16 kB | 16/28 kB
Progress (4): 160 kB | 81/914 kB | 16 kB | 20/28 kB
Progress (4): 160 kB | 81/914 kB | 16 kB | 24/28 kB
Progress (4): 160 kB | 81/914 kB | 16 kB | 28 kB   
Progress (4): 160 kB | 85/914 kB | 16 kB | 28 kB
Progress (4): 160 kB | 90/914 kB | 16 kB | 28 kB
Progress (4): 160 kB | 94/914 kB | 16 kB | 28 kB
Progress (4): 160 kB | 98/914 kB | 16 kB | 28 kB
                                                
Downloaded from central: https://repo.maven.apache.org/maven2/org/sonatype/nexus/plugins/nexus-restlet1x-model/2.9.1-02/nexus-restlet1x-model-2.9.1-02.jar (160 kB at 79 kB/s)
Downloading from central: https://repo.maven.apache.org/maven2/org/slf4j/jcl-over-slf4j/1.7.7/jcl-over-slf4j-1.7.7.jar
Downloaded from central: https://repo.maven.apache.org/maven2/com/fasterxml/jackson/jaxrs/jackson-jaxrs-json-provider/2.3.1/jackson-jaxrs-json-provider-2.3.1.jar (16 kB at 7.8 kB/s)
Downloading from central: https://repo.maven.apache.org/maven2/org/sonatype/spice/zapper/spice-zapper/1.3/spice-zapper-1.3.jar
Progress (3): 98/914 kB | 28 kB | 1.3/32 kB
Progress (3): 98/914 kB | 28 kB | 4.1/32 kB
Progress (3): 98/914 kB | 28 kB | 5.4/32 kB
Progress (3): 98/914 kB | 28 kB | 8.2/32 kB
Progress (3): 98/914 kB | 28 kB | 9.5/32 kB
Progress (3): 98/914 kB | 28 kB | 12/32 kB 
Progress (3): 98/914 kB | 28 kB | 14/32 kB
Progress (3): 98/914 kB | 28 kB | 16/32 kB
Progress (3): 98/914 kB | 28 kB | 18/32 kB
Progress (3): 98/914 kB | 28 kB | 20/32 kB
Progress (3): 98/914 kB | 28 kB | 22/32 kB
Progress (3): 98/914 kB | 28 kB | 25/32 kB
Progress (3): 98/914 kB | 28 kB | 27/32 kB
Progress (3): 98/914 kB | 28 kB | 30/32 kB
Progress (3): 98/914 kB | 28 kB | 32 kB   
Progress (3): 102/914 kB | 28 kB | 32 kB
Progress (3): 106/914 kB | 28 kB | 32 kB
Progress (3): 110/914 kB | 28 kB | 32 kB
Progress (3): 114/914 kB | 28 kB | 32 kB
Progress (3): 118/914 kB | 28 kB | 32 kB
Progress (3): 122/914 kB | 28 kB | 32 kB
Progress (3): 126/914 kB | 28 kB | 32 kB
Progress (3): 131/914 kB | 28 kB | 32 kB
                                        
Downloaded from central: https://repo.maven.apache.org/maven2/com/fasterxml/jackson/jaxrs/jackson-jaxrs-base/2.3.1/jackson-jaxrs-base-2.3.1.jar (28 kB at 13 kB/s)
Downloading from central: https://repo.maven.apache.org/maven2/org/fusesource/hawtbuf/hawtbuf-proto/1.9/hawtbuf-proto-1.9.jar
Progress (3): 131/914 kB | 32 kB | 4.1/17 kB
Progress (3): 131/914 kB | 32 kB | 7.7/17 kB
Progress (3): 131/914 kB | 32 kB | 12/17 kB 
Progress (3): 131/914 kB | 32 kB | 16/17 kB
Progress (3): 131/914 kB | 32 kB | 17 kB   
Progress (4): 131/914 kB | 32 kB | 17 kB | 2.2/121 kB
Progress (4): 131/914 kB | 32 kB | 17 kB | 5.0/121 kB
Progress (4): 131/914 kB | 32 kB | 17 kB | 7.7/121 kB
Progress (4): 131/914 kB | 32 kB | 17 kB | 10/121 kB 
Progress (4): 131/914 kB | 32 kB | 17 kB | 13/121 kB
Progress (4): 131/914 kB | 32 kB | 17 kB | 16/121 kB
Progress (4): 131/914 kB | 32 kB | 17 kB | 19/121 kB
Progress (4): 131/914 kB | 32 kB | 17 kB | 21/121 kB
Progress (4): 131/914 kB | 32 kB | 17 kB | 24/121 kB
Progress (4): 131/914 kB | 32 kB | 17 kB | 27/121 kB
Progress (4): 131/914 kB | 32 kB | 17 kB | 30/121 kB
Progress (4): 131/914 kB | 32 kB | 17 kB | 32/121 kB
Progress (4): 131/914 kB | 32 kB | 17 kB | 36/121 kB
Progress (4): 131/914 kB | 32 kB | 17 kB | 40/121 kB
Progress (4): 131/914 kB | 32 kB | 17 kB | 45/121 kB
Progress (4): 131/914 kB | 32 kB | 17 kB | 49/121 kB
                                                    
Downloaded from central: https://repo.maven.apache.org/maven2/com/fasterxml/jackson/module/jackson-module-jaxb-annotations/2.3.1/jackson-module-jaxb-annotations-2.3.1.jar (32 kB at 14 kB/s)
Downloading from central: https://repo.maven.apache.org/maven2/org/fusesource/hawtbuf/hawtbuf/1.9/hawtbuf-1.9.jar
Progress (3): 135/914 kB | 17 kB | 49/121 kB
Progress (3): 139/914 kB | 17 kB | 49/121 kB
Progress (3): 143/914 kB | 17 kB | 49/121 kB
Progress (3): 147/914 kB | 17 kB | 49/121 kB
                                            
Downloaded from central: https://repo.maven.apache.org/maven2/org/slf4j/jcl-over-slf4j/1.7.7/jcl-over-slf4j-1.7.7.jar (17 kB at 7.0 kB/s)
Downloading from central: https://repo.maven.apache.org/maven2/ch/qos/logback/logback-core/1.1.2/logback-core-1.1.2.jar
Progress (3): 147/914 kB | 49/121 kB | 4.1/27 kB
Progress (3): 147/914 kB | 49/121 kB | 7.7/27 kB
Progress (3): 147/914 kB | 49/121 kB | 12/27 kB 
Progress (3): 147/914 kB | 49/121 kB | 16/27 kB
Progress (3): 147/914 kB | 49/121 kB | 20/27 kB
Progress (3): 147/914 kB | 49/121 kB | 24/27 kB
Progress (3): 147/914 kB | 49/121 kB | 27 kB   
Progress (3): 147/914 kB | 53/121 kB | 27 kB
Progress (3): 147/914 kB | 57/121 kB | 27 kB
Progress (3): 147/914 kB | 61/121 kB | 27 kB
Progress (3): 147/914 kB | 65/121 kB | 27 kB
Progress (3): 147/914 kB | 69/121 kB | 27 kB
Progress (3): 147/914 kB | 73/121 kB | 27 kB
Progress (3): 147/914 kB | 77/121 kB | 27 kB
Progress (3): 147/914 kB | 81/121 kB | 27 kB
Progress (3): 147/914 kB | 85/121 kB | 27 kB
Progress (3): 147/914 kB | 90/121 kB | 27 kB
Progress (3): 147/914 kB | 94/121 kB | 27 kB
Progress (3): 147/914 kB | 98/121 kB | 27 kB
Progress (3): 147/914 kB | 102/121 kB | 27 kB
Progress (3): 147/914 kB | 106/121 kB | 27 kB
Progress (3): 147/914 kB | 110/121 kB | 27 kB
Progress (3): 147/914 kB | 114/121 kB | 27 kB
Progress (3): 147/914 kB | 118/121 kB | 27 kB
Progress (3): 147/914 kB | 121 kB | 27 kB    
Progress (4): 147/914 kB | 121 kB | 27 kB | 2.2/50 kB
Progress (4): 147/914 kB | 121 kB | 27 kB | 5.0/50 kB
Progress (4): 147/914 kB | 121 kB | 27 kB | 7.7/50 kB
Progress (4): 147/914 kB | 121 kB | 27 kB | 10/50 kB 
Progress (4): 147/914 kB | 121 kB | 27 kB | 13/50 kB
Progress (4): 147/914 kB | 121 kB | 27 kB | 16/50 kB
Progress (4): 147/914 kB | 121 kB | 27 kB | 19/50 kB
Progress (4): 147/914 kB | 121 kB | 27 kB | 21/50 kB
Progress (4): 147/914 kB | 121 kB | 27 kB | 24/50 kB
Progress (4): 147/914 kB | 121 kB | 27 kB | 27/50 kB
Progress (4): 147/914 kB | 121 kB | 27 kB | 30/50 kB
Progress (4): 147/914 kB | 121 kB | 27 kB | 32/50 kB
Progress (4): 147/914 kB | 121 kB | 27 kB | 36/50 kB
Progress (4): 147/914 kB | 121 kB | 27 kB | 40/50 kB
Progress (4): 147/914 kB | 121 kB | 27 kB | 45/50 kB
Progress (4): 147/914 kB | 121 kB | 27 kB | 49/50 kB
Progress (4): 147/914 kB | 121 kB | 27 kB | 50 kB   
Progress (4): 151/914 kB | 121 kB | 27 kB | 50 kB
Progress (4): 155/914 kB | 121 kB | 27 kB | 50 kB
Progress (4): 159/914 kB | 121 kB | 27 kB | 50 kB
Progress (4): 163/914 kB | 121 kB | 27 kB | 50 kB
Progress (4): 167/914 kB | 121 kB | 27 kB | 50 kB
Progress (4): 171/914 kB | 121 kB | 27 kB | 50 kB
Progress (4): 176/914 kB | 121 kB | 27 kB | 50 kB
Progress (4): 180/914 kB | 121 kB | 27 kB | 50 kB
Progress (5): 180/914 kB | 121 kB | 27 kB | 50 kB | 4.1/428 kB
Progress (5): 180/914 kB | 121 kB | 27 kB | 50 kB | 7.7/428 kB
Progress (5): 180/914 kB | 121 kB | 27 kB | 50 kB | 12/428 kB 
Progress (5): 180/914 kB | 121 kB | 27 kB | 50 kB | 16/428 kB
Progress (5): 180/914 kB | 121 kB | 27 kB | 50 kB | 20/428 kB
Progress (5): 180/914 kB | 121 kB | 27 kB | 50 kB | 24/428 kB
Progress (5): 180/914 kB | 121 kB | 27 kB | 50 kB | 28/428 kB
Progress (5): 180/914 kB | 121 kB | 27 kB | 50 kB | 32/428 kB
Progress (5): 180/914 kB | 121 kB | 27 kB | 50 kB | 36/428 kB
Progress (5): 180/914 kB | 121 kB | 27 kB | 50 kB | 40/428 kB
Progress (5): 180/914 kB | 121 kB | 27 kB | 50 kB | 45/428 kB
Progress (5): 180/914 kB | 121 kB | 27 kB | 50 kB | 49/428 kB
Progress (5): 180/914 kB | 121 kB | 27 kB | 50 kB | 53/428 kB
Progress (5): 180/914 kB | 121 kB | 27 kB | 50 kB | 57/428 kB
Progress (5): 180/914 kB | 121 kB | 27 kB | 50 kB | 61/428 kB
Progress (5): 180/914 kB | 121 kB | 27 kB | 50 kB | 65/428 kB
Progress (5): 180/914 kB | 121 kB | 27 kB | 50 kB | 69/428 kB
Progress (5): 180/914 kB | 121 kB | 27 kB | 50 kB | 73/428 kB
Progress (5): 180/914 kB | 121 kB | 27 kB | 50 kB | 77/428 kB
Progress (5): 180/914 kB | 121 kB | 27 kB | 50 kB | 81/428 kB
Progress (5): 180/914 kB | 121 kB | 27 kB | 50 kB | 85/428 kB
Progress (5): 180/914 kB | 121 kB | 27 kB | 50 kB | 90/428 kB
Progress (5): 180/914 kB | 121 kB | 27 kB | 50 kB | 94/428 kB
Progress (5): 180/914 kB | 121 kB | 27 kB | 50 kB | 98/428 kB
Progress (5): 180/914 kB | 121 kB | 27 kB | 50 kB | 102/428 kB
Progress (5): 180/914 kB | 121 kB | 27 kB | 50 kB | 106/428 kB
Progress (5): 180/914 kB | 121 kB | 27 kB | 50 kB | 110/428 kB
Progress (5): 180/914 kB | 121 kB | 27 kB | 50 kB | 114/428 kB
Progress (5): 180/914 kB | 121 kB | 27 kB | 50 kB | 118/428 kB
Progress (5): 180/914 kB | 121 kB | 27 kB | 50 kB | 122/428 kB
Progress (5): 180/914 kB | 121 kB | 27 kB | 50 kB | 126/428 kB
Progress (5): 180/914 kB | 121 kB | 27 kB | 50 kB | 131/428 kB
Progress (5): 180/914 kB | 121 kB | 27 kB | 50 kB | 135/428 kB
Progress (5): 180/914 kB | 121 kB | 27 kB | 50 kB | 139/428 kB
Progress (5): 180/914 kB | 121 kB | 27 kB | 50 kB | 143/428 kB
Progress (5): 180/914 kB | 121 kB | 27 kB | 50 kB | 147/428 kB
                                                              
Downloaded from central: https://repo.maven.apache.org/maven2/org/fusesource/hawtbuf/hawtbuf-proto/1.9/hawtbuf-proto-1.9.jar (27 kB at 10 kB/s)
Downloading from central: https://repo.maven.apache.org/maven2/ch/qos/logback/logback-classic/1.1.2/logback-classic-1.1.2.jar
Downloaded from central: https://repo.maven.apache.org/maven2/org/sonatype/spice/zapper/spice-zapper/1.3/spice-zapper-1.3.jar (121 kB at 46 kB/s)
Downloaded from central: https://repo.maven.apache.org/maven2/org/fusesource/hawtbuf/hawtbuf/1.9/hawtbuf-1.9.jar (50 kB at 19 kB/s)
Progress (2): 184/914 kB | 147/428 kB
Progress (2): 188/914 kB | 147/428 kB
Progress (2): 192/914 kB | 147/428 kB
Progress (2): 196/914 kB | 147/428 kB
Progress (2): 200/914 kB | 147/428 kB
Progress (2): 204/914 kB | 147/428 kB
Progress (2): 208/914 kB | 147/428 kB
Progress (2): 212/914 kB | 147/428 kB
Progress (2): 217/914 kB | 147/428 kB
Progress (2): 221/914 kB | 147/428 kB
Progress (2): 225/914 kB | 147/428 kB
Progress (2): 229/914 kB | 147/428 kB
Progress (2): 229/914 kB | 151/428 kB
Progress (2): 229/914 kB | 155/428 kB
Progress (2): 229/914 kB | 159/428 kB
Progress (2): 229/914 kB | 163/428 kB
Progress (2): 229/914 kB | 167/428 kB
Progress (2): 229/914 kB | 171/428 kB
Progress (2): 229/914 kB | 176/428 kB
Progress (2): 229/914 kB | 180/428 kB
Progress (2): 229/914 kB | 184/428 kB
Progress (2): 229/914 kB | 188/428 kB
Progress (2): 229/914 kB | 192/428 kB
Progress (2): 229/914 kB | 196/428 kB
Progress (2): 229/914 kB | 200/428 kB
Progress (2): 229/914 kB | 204/428 kB
Progress (2): 229/914 kB | 208/428 kB
Progress (2): 229/914 kB | 212/428 kB
Progress (2): 229/914 kB | 217/428 kB
Progress (2): 229/914 kB | 221/428 kB
Progress (2): 229/914 kB | 225/428 kB
Progress (2): 229/914 kB | 229/428 kB
Progress (2): 229/914 kB | 233/428 kB
Progress (2): 229/914 kB | 237/428 kB
Progress (2): 229/914 kB | 241/428 kB
Progress (2): 229/914 kB | 245/428 kB
Progress (2): 229/914 kB | 249/428 kB
Progress (2): 229/914 kB | 253/428 kB
Progress (2): 229/914 kB | 258/428 kB
Progress (2): 229/914 kB | 262/428 kB
Progress (2): 229/914 kB | 266/428 kB
Progress (2): 229/914 kB | 270/428 kB
Progress (2): 229/914 kB | 274/428 kB
Progress (2): 229/914 kB | 278/428 kB
Progress (2): 229/914 kB | 282/428 kB
Progress (2): 229/914 kB | 286/428 kB
Progress (2): 229/914 kB | 290/428 kB
Progress (2): 229/914 kB | 294/428 kB
Progress (3): 229/914 kB | 294/428 kB | 4.1/271 kB
Progress (3): 229/914 kB | 294/428 kB | 7.7/271 kB
Progress (3): 229/914 kB | 294/428 kB | 12/271 kB 
Progress (3): 229/914 kB | 294/428 kB | 16/271 kB
Progress (3): 229/914 kB | 294/428 kB | 20/271 kB
Progress (3): 229/914 kB | 294/428 kB | 24/271 kB
Progress (3): 229/914 kB | 294/428 kB | 28/271 kB
Progress (3): 229/914 kB | 294/428 kB | 32/271 kB
Progress (3): 229/914 kB | 294/428 kB | 36/271 kB
Progress (3): 229/914 kB | 294/428 kB | 40/271 kB
Progress (3): 229/914 kB | 294/428 kB | 45/271 kB
Progress (3): 229/914 kB | 294/428 kB | 49/271 kB
Progress (3): 229/914 kB | 294/428 kB | 53/271 kB
Progress (3): 229/914 kB | 294/428 kB | 57/271 kB
Progress (3): 229/914 kB | 294/428 kB | 61/271 kB
Progress (3): 229/914 kB | 294/428 kB | 65/271 kB
Progress (3): 229/914 kB | 294/428 kB | 69/271 kB
Progress (3): 229/914 kB | 294/428 kB | 73/271 kB
Progress (3): 229/914 kB | 294/428 kB | 77/271 kB
Progress (3): 229/914 kB | 294/428 kB | 81/271 kB
Progress (3): 229/914 kB | 294/428 kB | 85/271 kB
Progress (3): 229/914 kB | 294/428 kB | 90/271 kB
Progress (3): 229/914 kB | 294/428 kB | 94/271 kB
Progress (3): 229/914 kB | 294/428 kB | 98/271 kB
Progress (3): 229/914 kB | 294/428 kB | 102/271 kB
Progress (3): 229/914 kB | 294/428 kB | 106/271 kB
Progress (3): 229/914 kB | 294/428 kB | 110/271 kB
Progress (3): 229/914 kB | 294/428 kB | 114/271 kB
Progress (3): 229/914 kB | 294/428 kB | 118/271 kB
Progress (3): 229/914 kB | 294/428 kB | 122/271 kB
Progress (3): 229/914 kB | 294/428 kB | 126/271 kB
Progress (3): 229/914 kB | 294/428 kB | 131/271 kB
Progress (3): 229/914 kB | 294/428 kB | 135/271 kB
Progress (3): 229/914 kB | 294/428 kB | 139/271 kB
Progress (3): 229/914 kB | 294/428 kB | 143/271 kB
Progress (3): 229/914 kB | 294/428 kB | 147/271 kB
Progress (3): 229/914 kB | 294/428 kB | 151/271 kB
Progress (3): 229/914 kB | 294/428 kB | 155/271 kB
Progress (3): 229/914 kB | 294/428 kB | 159/271 kB
Progress (3): 229/914 kB | 294/428 kB | 163/271 kB
Progress (3): 229/914 kB | 294/428 kB | 167/271 kB
Progress (3): 229/914 kB | 294/428 kB | 171/271 kB
Progress (3): 229/914 kB | 294/428 kB | 176/271 kB
Progress (3): 229/914 kB | 294/428 kB | 180/271 kB
Progress (3): 229/914 kB | 294/428 kB | 184/271 kB
Progress (3): 229/914 kB | 294/428 kB | 188/271 kB
Progress (3): 229/914 kB | 294/428 kB | 192/271 kB
Progress (3): 229/914 kB | 294/428 kB | 196/271 kB
Progress (3): 229/914 kB | 294/428 kB | 200/271 kB
Progress (3): 229/914 kB | 294/428 kB | 204/271 kB
Progress (3): 229/914 kB | 294/428 kB | 208/271 kB
Progress (3): 229/914 kB | 294/428 kB | 212/271 kB
Progress (3): 229/914 kB | 294/428 kB | 217/271 kB
Progress (3): 229/914 kB | 294/428 kB | 221/271 kB
Progress (3): 229/914 kB | 294/428 kB | 225/271 kB
Progress (3): 229/914 kB | 294/428 kB | 229/271 kB
Progress (3): 229/914 kB | 294/428 kB | 233/271 kB
Progress (3): 229/914 kB | 294/428 kB | 237/271 kB
Progress (3): 229/914 kB | 294/428 kB | 241/271 kB
Progress (3): 229/914 kB | 294/428 kB | 245/271 kB
Progress (3): 229/914 kB | 294/428 kB | 249/271 kB
Progress (3): 229/914 kB | 294/428 kB | 253/271 kB
Progress (3): 229/914 kB | 294/428 kB | 258/271 kB
Progress (3): 229/914 kB | 294/428 kB | 262/271 kB
Progress (3): 229/914 kB | 294/428 kB | 266/271 kB
Progress (3): 229/914 kB | 294/428 kB | 270/271 kB
Progress (3): 229/914 kB | 294/428 kB | 271 kB    
Progress (3): 233/914 kB | 294/428 kB | 271 kB
Progress (3): 237/914 kB | 294/428 kB | 271 kB
Progress (3): 237/914 kB | 298/428 kB | 271 kB
Progress (3): 241/914 kB | 298/428 kB | 271 kB
Progress (3): 241/914 kB | 303/428 kB | 271 kB
Progress (3): 245/914 kB | 303/428 kB | 271 kB
Progress (3): 245/914 kB | 307/428 kB | 271 kB
Progress (3): 245/914 kB | 311/428 kB | 271 kB
Progress (3): 249/914 kB | 311/428 kB | 271 kB
Progress (3): 249/914 kB | 315/428 kB | 271 kB
Progress (3): 253/914 kB | 315/428 kB | 271 kB
Progress (3): 253/914 kB | 319/428 kB | 271 kB
Progress (3): 258/914 kB | 319/428 kB | 271 kB
Progress (3): 258/914 kB | 323/428 kB | 271 kB
Progress (3): 262/914 kB | 323/428 kB | 271 kB
Progress (3): 262/914 kB | 327/428 kB | 271 kB
Progress (3): 266/914 kB | 327/428 kB | 271 kB
Progress (3): 266/914 kB | 331/428 kB | 271 kB
Progress (3): 270/914 kB | 331/428 kB | 271 kB
Progress (3): 270/914 kB | 335/428 kB | 271 kB
Progress (3): 274/914 kB | 335/428 kB | 271 kB
Progress (3): 274/914 kB | 339/428 kB | 271 kB
Progress (3): 278/914 kB | 339/428 kB | 271 kB
Progress (3): 278/914 kB | 344/428 kB | 271 kB
Progress (3): 282/914 kB | 344/428 kB | 271 kB
Progress (3): 282/914 kB | 348/428 kB | 271 kB
Progress (3): 286/914 kB | 348/428 kB | 271 kB
Progress (3): 286/914 kB | 352/428 kB | 271 kB
Progress (3): 290/914 kB | 352/428 kB | 271 kB
Progress (3): 290/914 kB | 356/428 kB | 271 kB
Progress (3): 294/914 kB | 356/428 kB | 271 kB
Progress (3): 294/914 kB | 360/428 kB | 271 kB
Progress (3): 298/914 kB | 360/428 kB | 271 kB
Progress (3): 298/914 kB | 364/428 kB | 271 kB
Progress (3): 303/914 kB | 364/428 kB | 271 kB
Progress (3): 303/914 kB | 368/428 kB | 271 kB
Progress (3): 307/914 kB | 368/428 kB | 271 kB
Progress (3): 307/914 kB | 372/428 kB | 271 kB
Progress (3): 311/914 kB | 372/428 kB | 271 kB
Progress (3): 311/914 kB | 376/428 kB | 271 kB
Progress (3): 315/914 kB | 376/428 kB | 271 kB
Progress (3): 315/914 kB | 380/428 kB | 271 kB
Progress (3): 319/914 kB | 380/428 kB | 271 kB
Progress (3): 319/914 kB | 384/428 kB | 271 kB
Progress (3): 323/914 kB | 384/428 kB | 271 kB
Progress (3): 323/914 kB | 389/428 kB | 271 kB
Progress (3): 327/914 kB | 389/428 kB | 271 kB
Progress (3): 327/914 kB | 393/428 kB | 271 kB
Progress (3): 331/914 kB | 393/428 kB | 271 kB
Progress (3): 331/914 kB | 397/428 kB | 271 kB
Progress (3): 335/914 kB | 397/428 kB | 271 kB
Progress (3): 335/914 kB | 401/428 kB | 271 kB
Progress (3): 339/914 kB | 401/428 kB | 271 kB
Progress (3): 339/914 kB | 405/428 kB | 271 kB
Progress (3): 344/914 kB | 405/428 kB | 271 kB
Progress (3): 344/914 kB | 409/428 kB | 271 kB
Progress (3): 348/914 kB | 409/428 kB | 271 kB
Progress (3): 348/914 kB | 413/428 kB | 271 kB
Progress (3): 352/914 kB | 413/428 kB | 271 kB
Progress (3): 352/914 kB | 417/428 kB | 271 kB
Progress (3): 356/914 kB | 417/428 kB | 271 kB
Progress (3): 356/914 kB | 421/428 kB | 271 kB
Progress (3): 360/914 kB | 421/428 kB | 271 kB
Progress (3): 360/914 kB | 425/428 kB | 271 kB
Progress (3): 360/914 kB | 428 kB | 271 kB    
Progress (3): 364/914 kB | 428 kB | 271 kB
Progress (3): 368/914 kB | 428 kB | 271 kB
Progress (3): 372/914 kB | 428 kB | 271 kB
Progress (3): 376/914 kB | 428 kB | 271 kB
Progress (3): 380/914 kB | 428 kB | 271 kB
Progress (3): 384/914 kB | 428 kB | 271 kB
Progress (3): 389/914 kB | 428 kB | 271 kB
Progress (3): 393/914 kB | 428 kB | 271 kB
Progress (3): 397/914 kB | 428 kB | 271 kB
Progress (3): 401/914 kB | 428 kB | 271 kB
Progress (3): 405/914 kB | 428 kB | 271 kB
Progress (3): 409/914 kB | 428 kB | 271 kB
Progress (3): 413/914 kB | 428 kB | 271 kB
Progress (3): 417/914 kB | 428 kB | 271 kB
Progress (3): 421/914 kB | 428 kB | 271 kB
Progress (3): 425/914 kB | 428 kB | 271 kB
Progress (3): 430/914 kB | 428 kB | 271 kB
Progress (3): 434/914 kB | 428 kB | 271 kB
Progress (3): 438/914 kB | 428 kB | 271 kB
Progress (3): 442/914 kB | 428 kB | 271 kB
Progress (3): 446/914 kB | 428 kB | 271 kB
Progress (3): 450/914 kB | 428 kB | 271 kB
Progress (3): 454/914 kB | 428 kB | 271 kB
Progress (3): 458/914 kB | 428 kB | 271 kB
Progress (3): 462/914 kB | 428 kB | 271 kB
Progress (3): 466/914 kB | 428 kB | 271 kB
Progress (3): 471/914 kB | 428 kB | 271 kB
Progress (3): 475/914 kB | 428 kB | 271 kB
Progress (3): 479/914 kB | 428 kB | 271 kB
Progress (3): 483/914 kB | 428 kB | 271 kB
Progress (3): 487/914 kB | 428 kB | 271 kB
Progress (3): 491/914 kB | 428 kB | 271 kB
Progress (3): 495/914 kB | 428 kB | 271 kB
Progress (3): 499/914 kB | 428 kB | 271 kB
Progress (3): 503/914 kB | 428 kB | 271 kB
Progress (3): 507/914 kB | 428 kB | 271 kB
                                          
Downloaded from central: https://repo.maven.apache.org/maven2/ch/qos/logback/logback-classic/1.1.2/logback-classic-1.1.2.jar (271 kB at 90 kB/s)
Progress (2): 511/914 kB | 428 kB
Progress (2): 516/914 kB | 428 kB
Progress (2): 520/914 kB | 428 kB
Progress (2): 524/914 kB | 428 kB
Progress (2): 528/914 kB | 428 kB
Progress (2): 532/914 kB | 428 kB
Progress (2): 536/914 kB | 428 kB
Progress (2): 540/914 kB | 428 kB
Progress (2): 544/914 kB | 428 kB
Progress (2): 548/914 kB | 428 kB
Progress (2): 552/914 kB | 428 kB
Progress (2): 557/914 kB | 428 kB
Progress (2): 561/914 kB | 428 kB
Progress (2): 565/914 kB | 428 kB
Progress (2): 569/914 kB | 428 kB
Progress (2): 573/914 kB | 428 kB
Progress (2): 577/914 kB | 428 kB
Progress (2): 581/914 kB | 428 kB
Progress (2): 585/914 kB | 428 kB
Progress (2): 589/914 kB | 428 kB
Progress (2): 593/914 kB | 428 kB
Progress (2): 597/914 kB | 428 kB
Progress (2): 602/914 kB | 428 kB
Progress (2): 606/914 kB | 428 kB
Progress (2): 610/914 kB | 428 kB
Progress (2): 614/914 kB | 428 kB
Progress (2): 618/914 kB | 428 kB
Progress (2): 622/914 kB | 428 kB
                                 
Downloaded from central: https://repo.maven.apache.org/maven2/ch/qos/logback/logback-core/1.1.2/logback-core-1.1.2.jar (428 kB at 138 kB/s)
Progress (1): 626/914 kB
Progress (1): 630/914 kB
Progress (1): 634/914 kB
Progress (1): 638/914 kB
Progress (1): 643/914 kB
Progress (1): 647/914 kB
Progress (1): 651/914 kB
Progress (1): 655/914 kB
Progress (1): 659/914 kB
Progress (1): 663/914 kB
Progress (1): 667/914 kB
Progress (1): 671/914 kB
Progress (1): 675/914 kB
Progress (1): 679/914 kB
Progress (1): 683/914 kB
Progress (1): 688/914 kB
Progress (1): 692/914 kB
Progress (1): 696/914 kB
Progress (1): 700/914 kB
Progress (1): 704/914 kB
Progress (1): 708/914 kB
Progress (1): 712/914 kB
Progress (1): 716/914 kB
Progress (1): 720/914 kB
Progress (1): 724/914 kB
Progress (1): 729/914 kB
Progress (1): 733/914 kB
Progress (1): 737/914 kB
Progress (1): 741/914 kB
Progress (1): 745/914 kB
Progress (1): 749/914 kB
Progress (1): 753/914 kB
Progress (1): 757/914 kB
Progress (1): 761/914 kB
Progress (1): 765/914 kB
Progress (1): 770/914 kB
Progress (1): 774/914 kB
Progress (1): 778/914 kB
Progress (1): 782/914 kB
Progress (1): 786/914 kB
Progress (1): 790/914 kB
Progress (1): 794/914 kB
Progress (1): 798/914 kB
Progress (1): 802/914 kB
Progress (1): 806/914 kB
Progress (1): 810/914 kB
Progress (1): 815/914 kB
Progress (1): 819/914 kB
Progress (1): 823/914 kB
Progress (1): 827/914 kB
Progress (1): 831/914 kB
Progress (1): 835/914 kB
Progress (1): 839/914 kB
Progress (1): 843/914 kB
Progress (1): 847/914 kB
Progress (1): 851/914 kB
Progress (1): 856/914 kB
Progress (1): 860/914 kB
Progress (1): 864/914 kB
Progress (1): 868/914 kB
Progress (1): 872/914 kB
Progress (1): 876/914 kB
Progress (1): 880/914 kB
Progress (1): 884/914 kB
Progress (1): 888/914 kB
Progress (1): 892/914 kB
Progress (1): 896/914 kB
Progress (1): 901/914 kB
Progress (1): 905/914 kB
Progress (1): 909/914 kB
Progress (1): 913/914 kB
Progress (1): 914 kB    
                    
Downloaded from central: https://repo.maven.apache.org/maven2/com/fasterxml/jackson/core/jackson-databind/2.3.1/jackson-databind-2.3.1.jar (914 kB at 264 kB/s)
[INFO] Inspecting build with total of 1 modules...
[INFO] Installing Nexus Staging features:
[INFO]   ... total of 1 executions of maven-deploy-plugin replaced with nexus-staging-maven-plugin
[WARNING] The project com.microsoft.ews-java-api:ews-java-api:jar:2.0 uses prerequisites which is only intended for maven-plugin projects but not for non maven-plugin projects. For such purposes you should use the maven-enforcer-plugin. See https://maven.apache.org/enforcer/enforcer-rules/requireMavenVersion.html
Downloading from central: https://repo.maven.apache.org/maven2/org/codehaus/mojo/animal-sniffer-maven-plugin/1.14/animal-sniffer-maven-plugin-1.14.pom
Progress (1): 2.2/5.8 kB
Progress (1): 5.0/5.8 kB
Progress (1): 5.8 kB    
                    
Downloaded from central: https://repo.maven.apache.org/maven2/org/codehaus/mojo/animal-sniffer-maven-plugin/1.14/animal-sniffer-maven-plugin-1.14.pom (5.8 kB at 16 kB/s)
Downloading from central: https://repo.maven.apache.org/maven2/org/codehaus/mojo/animal-sniffer-maven-plugin/1.14/animal-sniffer-maven-plugin-1.14.jar
Progress (1): 2.2/32 kB
Progress (1): 5.0/32 kB
Progress (1): 7.7/32 kB
Progress (1): 10/32 kB 
Progress (1): 13/32 kB
Progress (1): 16/32 kB
Progress (1): 19/32 kB
Progress (1): 21/32 kB
Progress (1): 24/32 kB
Progress (1): 27/32 kB
Progress (1): 30/32 kB
Progress (1): 32 kB   
                   
Downloaded from central: https://repo.maven.apache.org/maven2/org/codehaus/mojo/animal-sniffer-maven-plugin/1.14/animal-sniffer-maven-plugin-1.14.jar (32 kB at 84 kB/s)
[INFO] 
[INFO] --------------< com.microsoft.ews-java-api:ews-java-api >---------------
[INFO] Building Exchange Web Services Java API 2.0
[INFO] --------------------------------[ jar ]---------------------------------
Downloading from central: https://repo.maven.apache.org/maven2/org/apache/httpcomponents/httpclient/4.4.1/httpclient-4.4.1.pom
Progress (1): 2.2/6.4 kB
Progress (1): 5.0/6.4 kB
Progress (1): 6.4 kB    
                    
Downloaded from central: https://repo.maven.apache.org/maven2/org/apache/httpcomponents/httpclient/4.4.1/httpclient-4.4.1.pom (6.4 kB at 18 kB/s)
Downloading from central: https://repo.maven.apache.org/maven2/org/apache/httpcomponents/httpcomponents-client/4.4.1/httpcomponents-client-4.4.1.pom
Progress (1): 2.2/16 kB
Progress (1): 5.0/16 kB
Progress (1): 7.8/16 kB
Progress (1): 11/16 kB 
Progress (1): 13/16 kB
Progress (1): 16 kB   
                   
Downloaded from central: https://repo.maven.apache.org/maven2/org/apache/httpcomponents/httpcomponents-client/4.4.1/httpcomponents-client-4.4.1.pom (16 kB at 43 kB/s)
Downloading from central: https://repo.maven.apache.org/maven2/org/apache/httpcomponents/httpcore/4.4.1/httpcore-4.4.1.pom
Progress (1): 2.2/4.6 kB
Progress (1): 4.6 kB    
                    
Downloaded from central: https://repo.maven.apache.org/maven2/org/apache/httpcomponents/httpcore/4.4.1/httpcore-4.4.1.pom (4.6 kB at 13 kB/s)
Downloading from central: https://repo.maven.apache.org/maven2/org/apache/httpcomponents/httpcomponents-core/4.4.1/httpcomponents-core-4.4.1.pom
Progress (1): 2.2/13 kB
Progress (1): 5.0/13 kB
Progress (1): 7.8/13 kB
Progress (1): 11/13 kB 
Progress (1): 13 kB   
                   
Downloaded from central: https://repo.maven.apache.org/maven2/org/apache/httpcomponents/httpcomponents-core/4.4.1/httpcomponents-core-4.4.1.pom (13 kB at 35 kB/s)
Downloading from central: https://repo.maven.apache.org/maven2/org/hamcrest/hamcrest-all/1.3/hamcrest-all-1.3.pom
Progress (1): 650 B
                   
Downloaded from central: https://repo.maven.apache.org/maven2/org/hamcrest/hamcrest-all/1.3/hamcrest-all-1.3.pom (650 B at 1.8 kB/s)
Downloading from central: https://repo.maven.apache.org/maven2/org/apache/httpcomponents/httpclient/4.4.1/httpclient-4.4.1.jar
Downloading from central: https://repo.maven.apache.org/maven2/org/hamcrest/hamcrest-all/1.3/hamcrest-all-1.3.jar
Downloading from central: https://repo.maven.apache.org/maven2/org/apache/httpcomponents/httpcore/4.4.1/httpcore-4.4.1.jar
Progress (1): 2.2/307 kB
Progress (1): 5.0/307 kB
Progress (1): 7.7/307 kB
Progress (1): 10/307 kB 
Progress (1): 13/307 kB
Progress (1): 16/307 kB
Progress (1): 19/307 kB
Progress (1): 21/307 kB
Progress (1): 24/307 kB
Progress (1): 27/307 kB
Progress (1): 30/307 kB
Progress (1): 32/307 kB
Progress (1): 36/307 kB
Progress (2): 36/307 kB | 2.2/721 kB
Progress (2): 40/307 kB | 2.2/721 kB
Progress (2): 40/307 kB | 5.0/721 kB
Progress (2): 45/307 kB | 5.0/721 kB
Progress (2): 45/307 kB | 7.7/721 kB
Progress (2): 49/307 kB | 7.7/721 kB
Progress (2): 49/307 kB | 10/721 kB 
Progress (2): 49/307 kB | 13/721 kB
Progress (2): 49/307 kB | 16/721 kB
Progress (2): 53/307 kB | 16/721 kB
Progress (2): 53/307 kB | 19/721 kB
Progress (2): 57/307 kB | 19/721 kB
Progress (2): 57/307 kB | 21/721 kB
Progress (2): 61/307 kB | 21/721 kB
Progress (2): 61/307 kB | 24/721 kB
Progress (2): 65/307 kB | 24/721 kB
Progress (2): 65/307 kB | 27/721 kB
Progress (2): 65/307 kB | 30/721 kB
Progress (2): 69/307 kB | 30/721 kB
Progress (2): 69/307 kB | 32/721 kB
Progress (2): 73/307 kB | 32/721 kB
Progress (2): 77/307 kB | 32/721 kB
Progress (2): 81/307 kB | 32/721 kB
Progress (2): 81/307 kB | 36/721 kB
Progress (2): 81/307 kB | 40/721 kB
Progress (2): 81/307 kB | 45/721 kB
Progress (2): 85/307 kB | 45/721 kB
Progress (2): 85/307 kB | 49/721 kB
Progress (2): 90/307 kB | 49/721 kB
Progress (2): 94/307 kB | 49/721 kB
Progress (2): 98/307 kB | 49/721 kB
Progress (2): 98/307 kB | 53/721 kB
Progress (2): 98/307 kB | 57/721 kB
Progress (2): 98/307 kB | 61/721 kB
Progress (2): 102/307 kB | 61/721 kB
Progress (2): 102/307 kB | 65/721 kB
Progress (2): 106/307 kB | 65/721 kB
Progress (2): 110/307 kB | 65/721 kB
Progress (2): 114/307 kB | 65/721 kB
Progress (2): 114/307 kB | 69/721 kB
Progress (2): 114/307 kB | 73/721 kB
Progress (2): 114/307 kB | 77/721 kB
Progress (2): 118/307 kB | 77/721 kB
Progress (2): 118/307 kB | 81/721 kB
Progress (2): 122/307 kB | 81/721 kB
Progress (2): 126/307 kB | 81/721 kB
Progress (2): 131/307 kB | 81/721 kB
Progress (2): 131/307 kB | 85/721 kB
Progress (2): 131/307 kB | 90/721 kB
Progress (2): 131/307 kB | 94/721 kB
Progress (2): 135/307 kB | 94/721 kB
Progress (2): 135/307 kB | 98/721 kB
Progress (2): 139/307 kB | 98/721 kB
Progress (2): 143/307 kB | 98/721 kB
Progress (2): 147/307 kB | 98/721 kB
Progress (2): 147/307 kB | 102/721 kB
Progress (2): 147/307 kB | 106/721 kB
Progress (2): 147/307 kB | 110/721 kB
Progress (2): 151/307 kB | 110/721 kB
Progress (2): 151/307 kB | 114/721 kB
Progress (2): 155/307 kB | 114/721 kB
Progress (2): 159/307 kB | 114/721 kB
Progress (2): 163/307 kB | 114/721 kB
Progress (2): 163/307 kB | 118/721 kB
Progress (2): 163/307 kB | 122/721 kB
Progress (2): 163/307 kB | 126/721 kB
Progress (2): 167/307 kB | 126/721 kB
Progress (2): 167/307 kB | 131/721 kB
Progress (2): 171/307 kB | 131/721 kB
Progress (2): 176/307 kB | 131/721 kB
Progress (2): 180/307 kB | 131/721 kB
Progress (2): 180/307 kB | 135/721 kB
Progress (2): 180/307 kB | 139/721 kB
Progress (2): 180/307 kB | 143/721 kB
Progress (2): 184/307 kB | 143/721 kB
Progress (2): 184/307 kB | 147/721 kB
Progress (2): 188/307 kB | 147/721 kB
Progress (2): 192/307 kB | 147/721 kB
Progress (2): 196/307 kB | 147/721 kB
Progress (2): 196/307 kB | 151/721 kB
Progress (2): 196/307 kB | 155/721 kB
Progress (2): 196/307 kB | 159/721 kB
Progress (2): 200/307 kB | 159/721 kB
Progress (2): 200/307 kB | 163/721 kB
Progress (2): 204/307 kB | 163/721 kB
Progress (2): 208/307 kB | 163/721 kB
Progress (2): 212/307 kB | 163/721 kB
Progress (2): 212/307 kB | 167/721 kB
Progress (2): 212/307 kB | 171/721 kB
Progress (2): 212/307 kB | 176/721 kB
Progress (2): 217/307 kB | 176/721 kB
Progress (2): 217/307 kB | 180/721 kB
Progress (2): 221/307 kB | 180/721 kB
Progress (2): 225/307 kB | 180/721 kB
Progress (2): 229/307 kB | 180/721 kB
Progress (2): 229/307 kB | 184/721 kB
Progress (2): 229/307 kB | 188/721 kB
Progress (2): 229/307 kB | 192/721 kB
Progress (2): 233/307 kB | 192/721 kB
Progress (2): 233/307 kB | 196/721 kB
Progress (2): 237/307 kB | 196/721 kB
Progress (2): 241/307 kB | 196/721 kB
Progress (2): 245/307 kB | 196/721 kB
Progress (2): 245/307 kB | 200/721 kB
Progress (2): 245/307 kB | 204/721 kB
Progress (2): 249/307 kB | 204/721 kB
Progress (2): 249/307 kB | 208/721 kB
Progress (2): 253/307 kB | 208/721 kB
Progress (2): 253/307 kB | 212/721 kB
Progress (2): 258/307 kB | 212/721 kB
Progress (2): 262/307 kB | 212/721 kB
Progress (2): 262/307 kB | 217/721 kB
Progress (2): 266/307 kB | 217/721 kB
Progress (2): 266/307 kB | 221/721 kB
Progress (2): 270/307 kB | 221/721 kB
Progress (2): 270/307 kB | 225/721 kB
Progress (2): 274/307 kB | 225/721 kB
Progress (2): 274/307 kB | 229/721 kB
Progress (2): 278/307 kB | 229/721 kB
Progress (3): 278/307 kB | 229/721 kB | 2.2/322 kB
Progress (3): 278/307 kB | 229/721 kB | 5.0/322 kB
Progress (3): 282/307 kB | 229/721 kB | 5.0/322 kB
Progress (3): 282/307 kB | 233/721 kB | 5.0/322 kB
Progress (3): 286/307 kB | 233/721 kB | 5.0/322 kB
Progress (3): 286/307 kB | 233/721 kB | 7.7/322 kB
Progress (3): 290/307 kB | 233/721 kB | 7.7/322 kB
Progress (3): 290/307 kB | 237/721 kB | 7.7/322 kB
Progress (3): 294/307 kB | 237/721 kB | 7.7/322 kB
Progress (3): 294/307 kB | 237/721 kB | 10/322 kB 
Progress (3): 294/307 kB | 241/721 kB | 10/322 kB
Progress (3): 298/307 kB | 241/721 kB | 10/322 kB
Progress (3): 298/307 kB | 241/721 kB | 13/322 kB
Progress (3): 303/307 kB | 241/721 kB | 13/322 kB
Progress (3): 303/307 kB | 245/721 kB | 13/322 kB
Progress (3): 307 kB | 245/721 kB | 13/322 kB    
Progress (3): 307 kB | 245/721 kB | 16/322 kB
Progress (3): 307 kB | 245/721 kB | 19/322 kB
Progress (3): 307 kB | 249/721 kB | 19/322 kB
Progress (3): 307 kB | 249/721 kB | 21/322 kB
Progress (3): 307 kB | 253/721 kB | 21/322 kB
Progress (3): 307 kB | 253/721 kB | 24/322 kB
Progress (3): 307 kB | 258/721 kB | 24/322 kB
Progress (3): 307 kB | 258/721 kB | 27/322 kB
Progress (3): 307 kB | 262/721 kB | 27/322 kB
Progress (3): 307 kB | 262/721 kB | 30/322 kB
Progress (3): 307 kB | 262/721 kB | 32/322 kB
Progress (3): 307 kB | 266/721 kB | 32/322 kB
Progress (3): 307 kB | 266/721 kB | 36/322 kB
Progress (3): 307 kB | 270/721 kB | 36/322 kB
Progress (3): 307 kB | 270/721 kB | 40/322 kB
Progress (3): 307 kB | 274/721 kB | 40/322 kB
Progress (3): 307 kB | 274/721 kB | 45/322 kB
Progress (3): 307 kB | 278/721 kB | 45/322 kB
Progress (3): 307 kB | 278/721 kB | 49/322 kB
Progress (3): 307 kB | 278/721 kB | 53/322 kB
Progress (3): 307 kB | 282/721 kB | 53/322 kB
Progress (3): 307 kB | 282/721 kB | 57/322 kB
Progress (3): 307 kB | 286/721 kB | 57/322 kB
Progress (3): 307 kB | 286/721 kB | 61/322 kB
Progress (3): 307 kB | 290/721 kB | 61/322 kB
Progress (3): 307 kB | 290/721 kB | 65/322 kB
Progress (3): 307 kB | 294/721 kB | 65/322 kB
Progress (3): 307 kB | 294/721 kB | 69/322 kB
Progress (3): 307 kB | 294/721 kB | 73/322 kB
Progress (3): 307 kB | 294/721 kB | 77/322 kB
Progress (3): 307 kB | 294/721 kB | 81/322 kB
Progress (3): 307 kB | 294/721 kB | 85/322 kB
Progress (3): 307 kB | 294/721 kB | 90/322 kB
Progress (3): 307 kB | 294/721 kB | 94/322 kB
Progress (3): 307 kB | 294/721 kB | 98/322 kB
Progress (3): 307 kB | 294/721 kB | 102/322 kB
Progress (3): 307 kB | 294/721 kB | 106/322 kB
Progress (3): 307 kB | 294/721 kB | 110/322 kB
Progress (3): 307 kB | 294/721 kB | 114/322 kB
Progress (3): 307 kB | 294/721 kB | 118/322 kB
Progress (3): 307 kB | 294/721 kB | 122/322 kB
Progress (3): 307 kB | 294/721 kB | 126/322 kB
Progress (3): 307 kB | 294/721 kB | 131/322 kB
Progress (3): 307 kB | 294/721 kB | 135/322 kB
Progress (3): 307 kB | 294/721 kB | 139/322 kB
Progress (3): 307 kB | 294/721 kB | 143/322 kB
Progress (3): 307 kB | 294/721 kB | 147/322 kB
Progress (3): 307 kB | 298/721 kB | 147/322 kB
Progress (3): 307 kB | 303/721 kB | 147/322 kB
Progress (3): 307 kB | 307/721 kB | 147/322 kB
Progress (3): 307 kB | 311/721 kB | 147/322 kB
Progress (3): 307 kB | 315/721 kB | 147/322 kB
Progress (3): 307 kB | 319/721 kB | 147/322 kB
Progress (3): 307 kB | 323/721 kB | 147/322 kB
Progress (3): 307 kB | 327/721 kB | 147/322 kB
Progress (3): 307 kB | 331/721 kB | 147/322 kB
Progress (3): 307 kB | 335/721 kB | 147/322 kB
Progress (3): 307 kB | 339/721 kB | 147/322 kB
Progress (3): 307 kB | 344/721 kB | 147/322 kB
Progress (3): 307 kB | 348/721 kB | 147/322 kB
Progress (3): 307 kB | 352/721 kB | 147/322 kB
Progress (3): 307 kB | 356/721 kB | 147/322 kB
Progress (3): 307 kB | 360/721 kB | 147/322 kB
Progress (3): 307 kB | 364/721 kB | 147/322 kB
Progress (3): 307 kB | 368/721 kB | 147/322 kB
Progress (3): 307 kB | 372/721 kB | 147/322 kB
Progress (3): 307 kB | 376/721 kB | 147/322 kB
Progress (3): 307 kB | 380/721 kB | 147/322 kB
Progress (3): 307 kB | 384/721 kB | 147/322 kB
Progress (3): 307 kB | 389/721 kB | 147/322 kB
Progress (3): 307 kB | 393/721 kB | 147/322 kB
Progress (3): 307 kB | 397/721 kB | 147/322 kB
Progress (3): 307 kB | 401/721 kB | 147/322 kB
Progress (3): 307 kB | 405/721 kB | 147/322 kB
Progress (3): 307 kB | 409/721 kB | 147/322 kB
Progress (3): 307 kB | 413/721 kB | 147/322 kB
Progress (3): 307 kB | 417/721 kB | 147/322 kB
Progress (3): 307 kB | 421/721 kB | 147/322 kB
Progress (3): 307 kB | 425/721 kB | 147/322 kB
Progress (3): 307 kB | 430/721 kB | 147/322 kB
Progress (3): 307 kB | 434/721 kB | 147/322 kB
Progress (3): 307 kB | 438/721 kB | 147/322 kB
Progress (3): 307 kB | 442/721 kB | 147/322 kB
Progress (3): 307 kB | 446/721 kB | 147/322 kB
Progress (3): 307 kB | 450/721 kB | 147/322 kB
Progress (3): 307 kB | 454/721 kB | 147/322 kB
Progress (3): 307 kB | 458/721 kB | 147/322 kB
Progress (3): 307 kB | 462/721 kB | 147/322 kB
Progress (3): 307 kB | 466/721 kB | 147/322 kB
Progress (3): 307 kB | 470/721 kB | 147/322 kB
Progress (3): 307 kB | 475/721 kB | 147/322 kB
Progress (3): 307 kB | 479/721 kB | 147/322 kB
Progress (3): 307 kB | 483/721 kB | 147/322 kB
Progress (3): 307 kB | 487/721 kB | 147/322 kB
Progress (3): 307 kB | 491/721 kB | 147/322 kB
Progress (3): 307 kB | 495/721 kB | 147/322 kB
Progress (3): 307 kB | 499/721 kB | 147/322 kB
Progress (3): 307 kB | 503/721 kB | 147/322 kB
Progress (3): 307 kB | 507/721 kB | 147/322 kB
Progress (3): 307 kB | 511/721 kB | 147/322 kB
Progress (3): 307 kB | 516/721 kB | 147/322 kB
                                              
Downloaded from central: https://repo.maven.apache.org/maven2/org/hamcrest/hamcrest-all/1.3/hamcrest-all-1.3.jar (307 kB at 803 kB/s)
Progress (2): 520/721 kB | 147/322 kB
Progress (2): 524/721 kB | 147/322 kB
Progress (2): 528/721 kB | 147/322 kB
Progress (2): 532/721 kB | 147/322 kB
Progress (2): 536/721 kB | 147/322 kB
Progress (2): 540/721 kB | 147/322 kB
Progress (2): 544/721 kB | 147/322 kB
Progress (2): 548/721 kB | 147/322 kB
Progress (2): 552/721 kB | 147/322 kB
Progress (2): 557/721 kB | 147/322 kB
Progress (2): 561/721 kB | 147/322 kB
Progress (2): 565/721 kB | 147/322 kB
Progress (2): 569/721 kB | 147/322 kB
Progress (2): 573/721 kB | 147/322 kB
Progress (2): 577/721 kB | 147/322 kB
Progress (2): 581/721 kB | 147/322 kB
Progress (2): 585/721 kB | 147/322 kB
Progress (2): 589/721 kB | 147/322 kB
Progress (2): 593/721 kB | 147/322 kB
Progress (2): 597/721 kB | 147/322 kB
Progress (2): 602/721 kB | 147/322 kB
Progress (2): 606/721 kB | 147/322 kB
Progress (2): 610/721 kB | 147/322 kB
Progress (2): 614/721 kB | 147/322 kB
Progress (2): 618/721 kB | 147/322 kB
Progress (2): 622/721 kB | 147/322 kB
Progress (2): 626/721 kB | 147/322 kB
Progress (2): 630/721 kB | 147/322 kB
Progress (2): 634/721 kB | 147/322 kB
Progress (2): 638/721 kB | 147/322 kB
Progress (2): 643/721 kB | 147/322 kB
Progress (2): 647/721 kB | 147/322 kB
Progress (2): 651/721 kB | 147/322 kB
Progress (2): 655/721 kB | 147/322 kB
Progress (2): 659/721 kB | 147/322 kB
Progress (2): 663/721 kB | 147/322 kB
Progress (2): 667/721 kB | 147/322 kB
Progress (2): 671/721 kB | 147/322 kB
Progress (2): 675/721 kB | 147/322 kB
Progress (2): 679/721 kB | 147/322 kB
Progress (2): 683/721 kB | 147/322 kB
Progress (2): 688/721 kB | 147/322 kB
Progress (2): 692/721 kB | 147/322 kB
Progress (2): 696/721 kB | 147/322 kB
Progress (2): 700/721 kB | 147/322 kB
Progress (2): 704/721 kB | 147/322 kB
Progress (2): 708/721 kB | 147/322 kB
Progress (2): 712/721 kB | 147/322 kB
Progress (2): 716/721 kB | 147/322 kB
Progress (2): 720/721 kB | 147/322 kB
Progress (2): 721 kB | 147/322 kB    
Progress (2): 721 kB | 151/322 kB
Progress (2): 721 kB | 155/322 kB
Progress (2): 721 kB | 159/322 kB
Progress (2): 721 kB | 163/322 kB
                                 
Downloaded from central: https://repo.maven.apache.org/maven2/org/apache/httpcomponents/httpclient/4.4.1/httpclient-4.4.1.jar (721 kB at 977 kB/s)
Progress (1): 167/322 kB
Progress (1): 171/322 kB
Progress (1): 176/322 kB
Progress (1): 180/322 kB
Progress (1): 184/322 kB
Progress (1): 188/322 kB
Progress (1): 192/322 kB
Progress (1): 196/322 kB
Progress (1): 200/322 kB
Progress (1): 204/322 kB
Progress (1): 208/322 kB
Progress (1): 212/322 kB
Progress (1): 217/322 kB
Progress (1): 221/322 kB
Progress (1): 225/322 kB
Progress (1): 229/322 kB
Progress (1): 233/322 kB
Progress (1): 237/322 kB
Progress (1): 241/322 kB
Progress (1): 245/322 kB
Progress (1): 249/322 kB
Progress (1): 253/322 kB
Progress (1): 258/322 kB
Progress (1): 262/322 kB
Progress (1): 266/322 kB
Progress (1): 270/322 kB
Progress (1): 274/322 kB
Progress (1): 278/322 kB
Progress (1): 282/322 kB
Progress (1): 286/322 kB
Progress (1): 290/322 kB
Progress (1): 294/322 kB
Progress (1): 298/322 kB
Progress (1): 303/322 kB
Progress (1): 307/322 kB
Progress (1): 311/322 kB
Progress (1): 315/322 kB
Progress (1): 319/322 kB
Progress (1): 322 kB    
                    
Downloaded from central: https://repo.maven.apache.org/maven2/org/apache/httpcomponents/httpcore/4.4.1/httpcore-4.4.1.jar (322 kB at 149 kB/s)
[INFO] 
[INFO] --- maven-clean-plugin:2.5:clean (default-clean) @ ews-java-api ---
[INFO] 
[INFO] --- maven-dependency-plugin:2.8:list (default-cli) @ ews-java-api ---
[INFO] 
[INFO] The following files have been resolved:
[INFO]    org.apache.commons:commons-lang3:jar:3.4:compile
[INFO]    org.apache.httpcomponents:httpcore:jar:4.4.1:compile
[INFO]    org.hamcrest:hamcrest-all:jar:1.3:test
[INFO]    joda-time:joda-time:jar:2.8:compile
[INFO]    org.hamcrest:hamcrest-core:jar:1.3:test
[INFO]    commons-codec:commons-codec:jar:1.9:compile
[INFO]    org.apache.httpcomponents:httpclient:jar:4.4.1:compile
[INFO]    ch.qos.logback:logback-core:jar:1.1.3:test
[INFO]    junit:junit:jar:4.12:test
[INFO]    org.slf4j:slf4j-api:jar:1.7.12:test
[INFO]    commons-logging:commons-logging:jar:1.2:compile
[INFO]    org.mockito:mockito-core:jar:1.10.19:test
[INFO]    org.slf4j:jcl-over-slf4j:jar:1.7.12:test
[INFO]    org.objenesis:objenesis:jar:2.1:test
[INFO]    ch.qos.logback:logback-classic:jar:1.1.3:test
[INFO] 
[INFO] 
[INFO] --- maven-resources-plugin:2.6:resources (default-resources) @ ews-java-api ---
[INFO] Using 'UTF-8' encoding to copy filtered resources.
[INFO] skip non existing resourceDirectory /home/cgzhu/projects/gitslice/resources/facts/upgrade_jars_exp/_downloads/ews-java-api/src/main/resources
[INFO] 
[INFO] --- maven-compiler-plugin:3.3:compile (default-compile) @ ews-java-api ---
[INFO] Changes detected - recompiling the module!
[INFO] Compiling 588 source files to /home/cgzhu/projects/gitslice/resources/facts/upgrade_jars_exp/_downloads/ews-java-api/target/classes
[INFO] /home/cgzhu/projects/gitslice/resources/facts/upgrade_jars_exp/_downloads/ews-java-api/src/main/java/microsoft/exchange/webservices/data/property/complex/ComplexProperty.java: Some input files use unchecked or unsafe operations.
[INFO] /home/cgzhu/projects/gitslice/resources/facts/upgrade_jars_exp/_downloads/ews-java-api/src/main/java/microsoft/exchange/webservices/data/property/complex/ComplexProperty.java: Recompile with -Xlint:unchecked for details.
[INFO] 
[INFO] --- maven-resources-plugin:2.6:testResources (default-testResources) @ ews-java-api ---
[INFO] Using 'UTF-8' encoding to copy filtered resources.
[INFO] Copying 1 resource
[INFO] 
[INFO] --- maven-compiler-plugin:3.3:testCompile (default-testCompile) @ ews-java-api ---
[INFO] Changes detected - recompiling the module!
[INFO] Compiling 31 source files to /home/cgzhu/projects/gitslice/resources/facts/upgrade_jars_exp/_downloads/ews-java-api/target/test-classes
[INFO] /home/cgzhu/projects/gitslice/resources/facts/upgrade_jars_exp/_downloads/ews-java-api/src/test/java/microsoft/exchange/webservices/data/sync/ChangeCollectionTest.java: Some input files use unchecked or unsafe operations.
[INFO] /home/cgzhu/projects/gitslice/resources/facts/upgrade_jars_exp/_downloads/ews-java-api/src/test/java/microsoft/exchange/webservices/data/sync/ChangeCollectionTest.java: Recompile with -Xlint:unchecked for details.
[INFO] 
[INFO] --- maven-surefire-plugin:2.12.4:test (default-test) @ ews-java-api ---
[INFO] Surefire report directory: /home/cgzhu/projects/gitslice/resources/facts/upgrade_jars_exp/_downloads/ews-java-api/target/surefire-reports

-------------------------------------------------------
 T E S T S
-------------------------------------------------------
Running microsoft.exchange.webservices.data.credential.WSSecurityBasedCredentialsTest
16:53:06,530 |-INFO in ch.qos.logback.classic.LoggerContext[default] - Could NOT find resource [logback.groovy]
16:53:06,530 |-INFO in ch.qos.logback.classic.LoggerContext[default] - Found resource [logback-test.xml] at [file:/home/cgzhu/projects/gitslice/resources/facts/upgrade_jars_exp/_downloads/ews-java-api/target/test-classes/logback-test.xml]
16:53:06,597 |-INFO in ReconfigureOnChangeFilter{invocationCounter=0} - Will scan for changes in [[/home/cgzhu/projects/gitslice/resources/facts/upgrade_jars_exp/_downloads/ews-java-api/target/test-classes/logback-test.xml]] every 60 seconds. 
16:53:06,598 |-INFO in ch.qos.logback.classic.joran.action.ConfigurationAction - Adding ReconfigureOnChangeFilter as a turbo filter
16:53:06,601 |-INFO in ch.qos.logback.core.joran.action.AppenderAction - About to instantiate appender of type [ch.qos.logback.core.ConsoleAppender]
16:53:06,604 |-INFO in ch.qos.logback.core.joran.action.AppenderAction - Naming appender as [STDOUT]
16:53:06,643 |-INFO in ch.qos.logback.classic.joran.action.RootLoggerAction - Setting level of ROOT logger to DEBUG
16:53:06,643 |-INFO in ch.qos.logback.core.joran.action.AppenderRefAction - Attaching appender named [STDOUT] to Logger[ROOT]
16:53:06,643 |-INFO in ch.qos.logback.classic.joran.action.ConfigurationAction - End of configuration.
16:53:06,644 |-INFO in ch.qos.logback.classic.joran.JoranConfigurator@271053e1 - Registering current configuration as safe fallback point
Tests run: 1, Failures: 0, Errors: 0, Skipped: 0, Time elapsed: 0.183 sec
Running microsoft.exchange.webservices.data.property.complex.UniqueBodyTest
Tests run: 5, Failures: 0, Errors: 0, Skipped: 0, Time elapsed: 0.121 sec
Running microsoft.exchange.webservices.data.property.complex.TimeChangeTest
Tests run: 8, Failures: 0, Errors: 0, Skipped: 0, Time elapsed: 0.011 sec
Running microsoft.exchange.webservices.data.property.complex.OlsonTimeZoneTest
Tests run: 1, Failures: 1, Errors: 0, Skipped: 0, Time elapsed: 0.024 sec <<< FAILURE!
testOlsonTimeZoneConversion(microsoft.exchange.webservices.data.property.complex.OlsonTimeZoneTest)  Time elapsed: 0.024 sec  <<< FAILURE!
java.lang.AssertionError
	at org.junit.Assert.fail(Assert.java:86)
	at org.junit.Assert.assertTrue(Assert.java:41)
	at org.junit.Assert.assertFalse(Assert.java:64)
	at org.junit.Assert.assertFalse(Assert.java:74)
	at microsoft.exchange.webservices.data.property.complex.OlsonTimeZoneTest.testOlsonTimeZoneConversion(OlsonTimeZoneTest.java:57)
	at sun.reflect.NativeMethodAccessorImpl.invoke0(Native Method)
	at sun.reflect.NativeMethodAccessorImpl.invoke(NativeMethodAccessorImpl.java:62)
	at sun.reflect.DelegatingMethodAccessorImpl.invoke(DelegatingMethodAccessorImpl.java:43)
	at java.lang.reflect.Method.invoke(Method.java:498)
	at org.junit.runners.model.FrameworkMethod$1.runReflectiveCall(FrameworkMethod.java:50)
	at org.junit.internal.runners.model.ReflectiveCallable.run(ReflectiveCallable.java:12)
	at org.junit.runners.model.FrameworkMethod.invokeExplosively(FrameworkMethod.java:47)
	at org.junit.internal.runners.statements.InvokeMethod.evaluate(InvokeMethod.java:17)
	at org.junit.runners.ParentRunner.runLeaf(ParentRunner.java:325)
	at org.junit.runners.BlockJUnit4ClassRunner.runChild(BlockJUnit4ClassRunner.java:78)
	at org.junit.runners.BlockJUnit4ClassRunner.runChild(BlockJUnit4ClassRunner.java:57)
	at org.junit.runners.ParentRunner$3.run(ParentRunner.java:290)
	at org.junit.runners.ParentRunner$1.schedule(ParentRunner.java:71)
	at org.junit.runners.ParentRunner.runChildren(ParentRunner.java:288)
	at org.junit.runners.ParentRunner.access$000(ParentRunner.java:58)
	at org.junit.runners.ParentRunner$2.evaluate(ParentRunner.java:268)
	at org.junit.runners.ParentRunner.run(ParentRunner.java:363)
	at org.apache.maven.surefire.junit4.JUnit4Provider.execute(JUnit4Provider.java:252)
	at org.apache.maven.surefire.junit4.JUnit4Provider.executeTestSet(JUnit4Provider.java:141)
	at org.apache.maven.surefire.junit4.JUnit4Provider.invoke(JUnit4Provider.java:112)
	at sun.reflect.NativeMethodAccessorImpl.invoke0(Native Method)
	at sun.reflect.NativeMethodAccessorImpl.invoke(NativeMethodAccessorImpl.java:62)
	at sun.reflect.DelegatingMethodAccessorImpl.invoke(DelegatingMethodAccessorImpl.java:43)
	at java.lang.reflect.Method.invoke(Method.java:498)
	at org.apache.maven.surefire.util.ReflectionUtils.invokeMethodWithArray(ReflectionUtils.java:189)
	at org.apache.maven.surefire.booter.ProviderFactory$ProviderProxy.invoke(ProviderFactory.java:165)
	at org.apache.maven.surefire.booter.ProviderFactory.invokeProvider(ProviderFactory.java:85)
	at org.apache.maven.surefire.booter.ForkedBooter.runSuitesInProcess(ForkedBooter.java:115)
	at org.apache.maven.surefire.booter.ForkedBooter.main(ForkedBooter.java:75)

Running microsoft.exchange.webservices.data.property.complex.TimeZoneTransitionCompareTest
Tests run: 7, Failures: 0, Errors: 0, Skipped: 0, Time elapsed: 0.017 sec
Running microsoft.exchange.webservices.data.property.complex.ExtendedPropertyCollectionTest
Tests run: 2, Failures: 0, Errors: 0, Skipped: 0, Time elapsed: 0.007 sec
Running microsoft.exchange.webservices.data.property.complex.RecurrenceReaderTest
Tests run: 2, Failures: 0, Errors: 0, Skipped: 0, Time elapsed: 0.002 sec
Running microsoft.exchange.webservices.data.property.complex.UserConfigurationDictionaryTest
Tests run: 3, Failures: 0, Errors: 0, Skipped: 0, Time elapsed: 0.263 sec
Running microsoft.exchange.webservices.data.property.complex.ComplexPropertyCollectionTest
Tests run: 2, Failures: 0, Errors: 0, Skipped: 0, Time elapsed: 0 sec
Running microsoft.exchange.webservices.data.property.complex.EmailAddressTest
Tests run: 1, Failures: 0, Errors: 0, Skipped: 0, Time elapsed: 0.001 sec
Running microsoft.exchange.webservices.data.property.definition.ByteArrayPropertyDefinitionTest
Tests run: 1, Failures: 0, Errors: 0, Skipped: 0, Time elapsed: 0.001 sec
Running microsoft.exchange.webservices.data.exception.MaximumRedirectionHopsExceededExceptionTest
Tests run: 3, Failures: 0, Errors: 0, Skipped: 0, Time elapsed: 0.001 sec
Running microsoft.exchange.webservices.data.exception.InvalidOrUnsupportedTimeZoneDefinitionExceptionTest
Tests run: 3, Failures: 0, Errors: 0, Skipped: 0, Time elapsed: 0.001 sec
Running microsoft.exchange.webservices.data.autodiscover.request.GetUserSettingsRequestTest
Tests run: 12, Failures: 0, Errors: 0, Skipped: 0, Time elapsed: 0.05 sec
Running microsoft.exchange.webservices.data.autodiscover.AutodiscoverDnsClientTest
Tests run: 4, Failures: 0, Errors: 0, Skipped: 0, Time elapsed: 0.001 sec
Running microsoft.exchange.webservices.data.sync.ChangeCollectionTest
Tests run: 6, Failures: 0, Errors: 0, Skipped: 0, Time elapsed: 0.025 sec
Running microsoft.exchange.webservices.data.dns.DnsClientTest
Tests run: 3, Failures: 0, Errors: 0, Skipped: 0, Time elapsed: 0.001 sec
Running microsoft.exchange.webservices.data.misc.TimeSpanTest
Tests run: 1, Failures: 0, Errors: 0, Skipped: 0, Time elapsed: 0.005 sec
Running microsoft.exchange.webservices.data.misc.IFunctionsTest
Tests run: 8, Failures: 0, Errors: 0, Skipped: 0, Time elapsed: 0.002 sec
Running microsoft.exchange.webservices.data.misc.availability.TimeWindowTest
Tests run: 1, Failures: 0, Errors: 0, Skipped: 0, Time elapsed: 0.048 sec
Running microsoft.exchange.webservices.data.util.TimeZoneUtilsTest
Tests run: 3, Failures: 0, Errors: 0, Skipped: 0, Time elapsed: 0.001 sec
Running microsoft.exchange.webservices.data.util.DateTimeUtilsTest
Tests run: 18, Failures: 0, Errors: 0, Skipped: 0, Time elapsed: 0.006 sec
Running microsoft.exchange.webservices.data.core.PropertyBagTest
Tests run: 2, Failures: 0, Errors: 0, Skipped: 0, Time elapsed: 0.016 sec
Running microsoft.exchange.webservices.data.core.EwsUtilitiesTest
Tests run: 15, Failures: 0, Errors: 0, Skipped: 0, Time elapsed: 0.014 sec
Running microsoft.exchange.webservices.data.core.XSDurationTest
Tests run: 6, Failures: 0, Errors: 0, Skipped: 0, Time elapsed: 0.017 sec
Running microsoft.exchange.webservices.data.core.EwsXmlReaderTest
Tests run: 2, Failures: 0, Errors: 0, Skipped: 0, Time elapsed: 0.014 sec
Running microsoft.exchange.webservices.data.core.LazyMemberTest
Tests run: 2, Failures: 0, Errors: 0, Skipped: 0, Time elapsed: 0.006 sec
Running microsoft.exchange.webservices.data.core.service.items.TaskTest
Tests run: 8, Failures: 0, Errors: 0, Skipped: 0, Time elapsed: 0.01 sec
Running microsoft.exchange.webservices.data.core.service.items.AppointmentTest
Tests run: 1, Failures: 0, Errors: 0, Skipped: 0, Time elapsed: 0.052 sec

Results :

Failed tests:   testOlsonTimeZoneConversion(microsoft.exchange.webservices.data.property.complex.OlsonTimeZoneTest)

Tests run: 131, Failures: 1, Errors: 0, Skipped: 0

[INFO] ------------------------------------------------------------------------
[INFO] BUILD FAILURE
[INFO] ------------------------------------------------------------------------
[INFO] Total time: 38.949 s
[INFO] Finished at: 2019-08-20T16:53:07+08:00
[INFO] ------------------------------------------------------------------------
[ERROR] Failed to execute goal org.apache.maven.plugins:maven-surefire-plugin:2.12.4:test (default-test) on project ews-java-api: There are test failures.
[ERROR] 
[ERROR] Please refer to /home/cgzhu/projects/gitslice/resources/facts/upgrade_jars_exp/_downloads/ews-java-api/target/surefire-reports for the individual test results.
[ERROR] -> [Help 1]
[ERROR] 
[ERROR] To see the full stack trace of the errors, re-run Maven with the -e switch.
[ERROR] Re-run Maven using the -X switch to enable full debug logging.
[ERROR] 
[ERROR] For more information about the errors and possible solutions, please read the following articles:
[ERROR] [Help 1] http://cwiki.apache.org/confluence/display/MAVEN/MojoFailureException
[INFO] Build failures were ignored.
