[VERSION]: 1.62
[INFO] Scanning for projects...
[INFO] 
[INFO] ---------------------------< org.vafer:jdeb >---------------------------
[INFO] Building jdeb 1.6
[INFO] ----------------------------[ maven-plugin ]----------------------------
Downloading from central: https://repo.maven.apache.org/maven2/org/bouncycastle/bcpg-jdk15on/1.62/bcpg-jdk15on-1.62.pom
Progress (1): 1.6 kB
                    
Downloaded from central: https://repo.maven.apache.org/maven2/org/bouncycastle/bcpg-jdk15on/1.62/bcpg-jdk15on-1.62.pom (1.6 kB at 1.5 kB/s)
Downloading from central: https://repo.maven.apache.org/maven2/org/bouncycastle/bcprov-jdk15on/1.62/bcprov-jdk15on-1.62.pom
Progress (1): 1.1 kB
                    
Downloaded from central: https://repo.maven.apache.org/maven2/org/bouncycastle/bcprov-jdk15on/1.62/bcprov-jdk15on-1.62.pom (1.1 kB at 3.2 kB/s)
Downloading from central: https://repo.maven.apache.org/maven2/org/bouncycastle/bcpg-jdk15on/1.62/bcpg-jdk15on-1.62.jar
Downloading from central: https://repo.maven.apache.org/maven2/org/bouncycastle/bcprov-jdk15on/1.62/bcprov-jdk15on-1.62.jar
Progress (1): 2.2/327 kB
Progress (1): 5.0/327 kB
Progress (1): 7.7/327 kB
Progress (1): 10/327 kB 
Progress (1): 13/327 kB
Progress (1): 16/327 kB
Progress (1): 19/327 kB
Progress (1): 21/327 kB
Progress (1): 24/327 kB
Progress (1): 27/327 kB
Progress (1): 30/327 kB
Progress (1): 32/327 kB
Progress (1): 36/327 kB
Progress (1): 40/327 kB
Progress (1): 45/327 kB
Progress (1): 49/327 kB
Progress (1): 53/327 kB
Progress (1): 57/327 kB
Progress (1): 61/327 kB
Progress (1): 65/327 kB
Progress (1): 69/327 kB
Progress (1): 73/327 kB
Progress (1): 77/327 kB
Progress (1): 81/327 kB
Progress (1): 85/327 kB
Progress (1): 90/327 kB
Progress (1): 94/327 kB
Progress (1): 98/327 kB
Progress (2): 98/327 kB | 0/4.6 MB
Progress (2): 98/327 kB | 0/4.6 MB
Progress (2): 98/327 kB | 0/4.6 MB
Progress (2): 98/327 kB | 0/4.6 MB
Progress (2): 98/327 kB | 0/4.6 MB
Progress (2): 102/327 kB | 0/4.6 MB
Progress (2): 106/327 kB | 0/4.6 MB
Progress (2): 110/327 kB | 0/4.6 MB
Progress (2): 114/327 kB | 0/4.6 MB
Progress (2): 118/327 kB | 0/4.6 MB
Progress (2): 122/327 kB | 0/4.6 MB
Progress (2): 126/327 kB | 0/4.6 MB
Progress (2): 131/327 kB | 0/4.6 MB
Progress (2): 135/327 kB | 0/4.6 MB
Progress (2): 139/327 kB | 0/4.6 MB
Progress (2): 143/327 kB | 0/4.6 MB
Progress (2): 147/327 kB | 0/4.6 MB
Progress (2): 151/327 kB | 0/4.6 MB
Progress (2): 155/327 kB | 0/4.6 MB
Progress (2): 159/327 kB | 0/4.6 MB
Progress (2): 163/327 kB | 0/4.6 MB
Progress (2): 167/327 kB | 0/4.6 MB
Progress (2): 171/327 kB | 0/4.6 MB
Progress (2): 176/327 kB | 0/4.6 MB
Progress (2): 180/327 kB | 0/4.6 MB
Progress (2): 184/327 kB | 0/4.6 MB
Progress (2): 188/327 kB | 0/4.6 MB
Progress (2): 192/327 kB | 0/4.6 MB
Progress (2): 196/327 kB | 0/4.6 MB
Progress (2): 200/327 kB | 0/4.6 MB
Progress (2): 204/327 kB | 0/4.6 MB
Progress (2): 208/327 kB | 0/4.6 MB
Progress (2): 212/327 kB | 0/4.6 MB
Progress (2): 212/327 kB | 0/4.6 MB
Progress (2): 212/327 kB | 0/4.6 MB
Progress (2): 212/327 kB | 0/4.6 MB
Progress (2): 212/327 kB | 0/4.6 MB
Progress (2): 212/327 kB | 0/4.6 MB
Progress (2): 212/327 kB | 0/4.6 MB
Progress (2): 212/327 kB | 0/4.6 MB
Progress (2): 217/327 kB | 0/4.6 MB
Progress (2): 221/327 kB | 0/4.6 MB
Progress (2): 225/327 kB | 0/4.6 MB
Progress (2): 229/327 kB | 0/4.6 MB
Progress (2): 233/327 kB | 0/4.6 MB
Progress (2): 237/327 kB | 0/4.6 MB
Progress (2): 241/327 kB | 0/4.6 MB
Progress (2): 245/327 kB | 0/4.6 MB
Progress (2): 249/327 kB | 0/4.6 MB
Progress (2): 253/327 kB | 0/4.6 MB
Progress (2): 258/327 kB | 0/4.6 MB
Progress (2): 262/327 kB | 0/4.6 MB
Progress (2): 266/327 kB | 0/4.6 MB
Progress (2): 270/327 kB | 0/4.6 MB
Progress (2): 274/327 kB | 0/4.6 MB
Progress (2): 278/327 kB | 0/4.6 MB
Progress (2): 282/327 kB | 0/4.6 MB
Progress (2): 286/327 kB | 0/4.6 MB
Progress (2): 290/327 kB | 0/4.6 MB
Progress (2): 294/327 kB | 0/4.6 MB
Progress (2): 298/327 kB | 0/4.6 MB
Progress (2): 303/327 kB | 0/4.6 MB
Progress (2): 307/327 kB | 0/4.6 MB
Progress (2): 311/327 kB | 0/4.6 MB
Progress (2): 315/327 kB | 0/4.6 MB
Progress (2): 319/327 kB | 0/4.6 MB
Progress (2): 323/327 kB | 0/4.6 MB
Progress (2): 327 kB | 0/4.6 MB    
Progress (2): 327 kB | 0/4.6 MB
Progress (2): 327 kB | 0/4.6 MB
Progress (2): 327 kB | 0/4.6 MB
Progress (2): 327 kB | 0/4.6 MB
Progress (2): 327 kB | 0.1/4.6 MB
Progress (2): 327 kB | 0.1/4.6 MB
Progress (2): 327 kB | 0.1/4.6 MB
Progress (2): 327 kB | 0.1/4.6 MB
Progress (2): 327 kB | 0.1/4.6 MB
Progress (2): 327 kB | 0.1/4.6 MB
Progress (2): 327 kB | 0.1/4.6 MB
Progress (2): 327 kB | 0.1/4.6 MB
                                 
Downloaded from central: https://repo.maven.apache.org/maven2/org/bouncycastle/bcpg-jdk15on/1.62/bcpg-jdk15on-1.62.jar (327 kB at 303 kB/s)
Progress (1): 0.1/4.6 MB
Progress (1): 0.1/4.6 MB
Progress (1): 0.1/4.6 MB
Progress (1): 0.1/4.6 MB
Progress (1): 0.1/4.6 MB
Progress (1): 0.1/4.6 MB
Progress (1): 0.1/4.6 MB
Progress (1): 0.1/4.6 MB
Progress (1): 0.1/4.6 MB
Progress (1): 0.1/4.6 MB
Progress (1): 0.1/4.6 MB
Progress (1): 0.1/4.6 MB
Progress (1): 0.1/4.6 MB
Progress (1): 0.1/4.6 MB
Progress (1): 0.1/4.6 MB
Progress (1): 0.1/4.6 MB
Progress (1): 0.2/4.6 MB
Progress (1): 0.2/4.6 MB
Progress (1): 0.2/4.6 MB
Progress (1): 0.2/4.6 MB
Progress (1): 0.2/4.6 MB
Progress (1): 0.2/4.6 MB
Progress (1): 0.2/4.6 MB
Progress (1): 0.2/4.6 MB
Progress (1): 0.2/4.6 MB
Progress (1): 0.2/4.6 MB
Progress (1): 0.2/4.6 MB
Progress (1): 0.2/4.6 MB
Progress (1): 0.2/4.6 MB
Progress (1): 0.2/4.6 MB
Progress (1): 0.2/4.6 MB
Progress (1): 0.2/4.6 MB
Progress (1): 0.2/4.6 MB
Progress (1): 0.2/4.6 MB
Progress (1): 0.2/4.6 MB
Progress (1): 0.2/4.6 MB
Progress (1): 0.2/4.6 MB
Progress (1): 0.2/4.6 MB
Progress (1): 0.2/4.6 MB
Progress (1): 0.2/4.6 MB
Progress (1): 0.2/4.6 MB
Progress (1): 0.3/4.6 MB
Progress (1): 0.3/4.6 MB
Progress (1): 0.3/4.6 MB
Progress (1): 0.3/4.6 MB
Progress (1): 0.3/4.6 MB
Progress (1): 0.3/4.6 MB
Progress (1): 0.3/4.6 MB
Progress (1): 0.3/4.6 MB
Progress (1): 0.3/4.6 MB
Progress (1): 0.3/4.6 MB
Progress (1): 0.3/4.6 MB
Progress (1): 0.3/4.6 MB
Progress (1): 0.3/4.6 MB
Progress (1): 0.3/4.6 MB
Progress (1): 0.3/4.6 MB
Progress (1): 0.3/4.6 MB
Progress (1): 0.3/4.6 MB
Progress (1): 0.3/4.6 MB
Progress (1): 0.3/4.6 MB
Progress (1): 0.3/4.6 MB
Progress (1): 0.3/4.6 MB
Progress (1): 0.3/4.6 MB
Progress (1): 0.3/4.6 MB
Progress (1): 0.3/4.6 MB
Progress (1): 0.4/4.6 MB
Progress (1): 0.4/4.6 MB
Progress (1): 0.4/4.6 MB
Progress (1): 0.4/4.6 MB
Progress (1): 0.4/4.6 MB
Progress (1): 0.4/4.6 MB
Progress (1): 0.4/4.6 MB
Progress (1): 0.4/4.6 MB
Progress (1): 0.4/4.6 MB
Progress (1): 0.4/4.6 MB
Progress (1): 0.4/4.6 MB
Progress (1): 0.4/4.6 MB
Progress (1): 0.4/4.6 MB
Progress (1): 0.4/4.6 MB
Progress (1): 0.4/4.6 MB
Progress (1): 0.4/4.6 MB
Progress (1): 0.4/4.6 MB
Progress (1): 0.4/4.6 MB
Progress (1): 0.4/4.6 MB
Progress (1): 0.4/4.6 MB
Progress (1): 0.4/4.6 MB
Progress (1): 0.4/4.6 MB
Progress (1): 0.4/4.6 MB
Progress (1): 0.4/4.6 MB
Progress (1): 0.5/4.6 MB
Progress (1): 0.5/4.6 MB
Progress (1): 0.5/4.6 MB
Progress (1): 0.5/4.6 MB
Progress (1): 0.5/4.6 MB
Progress (1): 0.5/4.6 MB
Progress (1): 0.5/4.6 MB
Progress (1): 0.5/4.6 MB
Progress (1): 0.5/4.6 MB
Progress (1): 0.5/4.6 MB
Progress (1): 0.5/4.6 MB
Progress (1): 0.5/4.6 MB
Progress (1): 0.5/4.6 MB
Progress (1): 0.5/4.6 MB
Progress (1): 0.5/4.6 MB
Progress (1): 0.5/4.6 MB
Progress (1): 0.5/4.6 MB
Progress (1): 0.5/4.6 MB
Progress (1): 0.5/4.6 MB
Progress (1): 0.5/4.6 MB
Progress (1): 0.5/4.6 MB
Progress (1): 0.5/4.6 MB
Progress (1): 0.5/4.6 MB
Progress (1): 0.5/4.6 MB
Progress (1): 0.5/4.6 MB
Progress (1): 0.6/4.6 MB
Progress (1): 0.6/4.6 MB
Progress (1): 0.6/4.6 MB
Progress (1): 0.6/4.6 MB
Progress (1): 0.6/4.6 MB
Progress (1): 0.6/4.6 MB
Progress (1): 0.6/4.6 MB
Progress (1): 0.6/4.6 MB
Progress (1): 0.6/4.6 MB
Progress (1): 0.6/4.6 MB
Progress (1): 0.6/4.6 MB
Progress (1): 0.6/4.6 MB
Progress (1): 0.6/4.6 MB
Progress (1): 0.6/4.6 MB
Progress (1): 0.6/4.6 MB
Progress (1): 0.6/4.6 MB
Progress (1): 0.6/4.6 MB
Progress (1): 0.6/4.6 MB
Progress (1): 0.6/4.6 MB
Progress (1): 0.6/4.6 MB
Progress (1): 0.6/4.6 MB
Progress (1): 0.6/4.6 MB
Progress (1): 0.6/4.6 MB
Progress (1): 0.6/4.6 MB
Progress (1): 0.7/4.6 MB
Progress (1): 0.7/4.6 MB
Progress (1): 0.7/4.6 MB
Progress (1): 0.7/4.6 MB
Progress (1): 0.7/4.6 MB
Progress (1): 0.7/4.6 MB
Progress (1): 0.7/4.6 MB
Progress (1): 0.7/4.6 MB
Progress (1): 0.7/4.6 MB
Progress (1): 0.7/4.6 MB
Progress (1): 0.7/4.6 MB
Progress (1): 0.7/4.6 MB
Progress (1): 0.7/4.6 MB
Progress (1): 0.7/4.6 MB
Progress (1): 0.7/4.6 MB
Progress (1): 0.7/4.6 MB
Progress (1): 0.7/4.6 MB
Progress (1): 0.7/4.6 MB
Progress (1): 0.7/4.6 MB
Progress (1): 0.7/4.6 MB
Progress (1): 0.7/4.6 MB
Progress (1): 0.7/4.6 MB
Progress (1): 0.7/4.6 MB
Progress (1): 0.7/4.6 MB
Progress (1): 0.7/4.6 MB
Progress (1): 0.8/4.6 MB
Progress (1): 0.8/4.6 MB
Progress (1): 0.8/4.6 MB
Progress (1): 0.8/4.6 MB
Progress (1): 0.8/4.6 MB
Progress (1): 0.8/4.6 MB
Progress (1): 0.8/4.6 MB
Progress (1): 0.8/4.6 MB
Progress (1): 0.8/4.6 MB
Progress (1): 0.8/4.6 MB
Progress (1): 0.8/4.6 MB
Progress (1): 0.8/4.6 MB
Progress (1): 0.8/4.6 MB
Progress (1): 0.8/4.6 MB
Progress (1): 0.8/4.6 MB
Progress (1): 0.8/4.6 MB
Progress (1): 0.8/4.6 MB
Progress (1): 0.8/4.6 MB
Progress (1): 0.8/4.6 MB
Progress (1): 0.8/4.6 MB
Progress (1): 0.8/4.6 MB
Progress (1): 0.8/4.6 MB
Progress (1): 0.8/4.6 MB
Progress (1): 0.8/4.6 MB
Progress (1): 0.9/4.6 MB
Progress (1): 0.9/4.6 MB
Progress (1): 0.9/4.6 MB
Progress (1): 0.9/4.6 MB
Progress (1): 0.9/4.6 MB
Progress (1): 0.9/4.6 MB
Progress (1): 0.9/4.6 MB
Progress (1): 0.9/4.6 MB
Progress (1): 0.9/4.6 MB
Progress (1): 0.9/4.6 MB
Progress (1): 0.9/4.6 MB
Progress (1): 0.9/4.6 MB
Progress (1): 0.9/4.6 MB
Progress (1): 0.9/4.6 MB
Progress (1): 0.9/4.6 MB
Progress (1): 0.9/4.6 MB
Progress (1): 0.9/4.6 MB
Progress (1): 0.9/4.6 MB
Progress (1): 0.9/4.6 MB
Progress (1): 0.9/4.6 MB
Progress (1): 0.9/4.6 MB
Progress (1): 0.9/4.6 MB
Progress (1): 0.9/4.6 MB
Progress (1): 0.9/4.6 MB
Progress (1): 0.9/4.6 MB
Progress (1): 1.0/4.6 MB
Progress (1): 1.0/4.6 MB
Progress (1): 1.0/4.6 MB
Progress (1): 1.0/4.6 MB
Progress (1): 1.0/4.6 MB
Progress (1): 1.0/4.6 MB
Progress (1): 1.0/4.6 MB
Progress (1): 1.0/4.6 MB
Progress (1): 1.0/4.6 MB
Progress (1): 1.0/4.6 MB
Progress (1): 1.0/4.6 MB
Progress (1): 1.0/4.6 MB
Progress (1): 1.0/4.6 MB
Progress (1): 1.0/4.6 MB
Progress (1): 1.0/4.6 MB
Progress (1): 1.0/4.6 MB
Progress (1): 1.0/4.6 MB
Progress (1): 1.0/4.6 MB
Progress (1): 1.0/4.6 MB
Progress (1): 1.0/4.6 MB
Progress (1): 1.0/4.6 MB
Progress (1): 1.0/4.6 MB
Progress (1): 1.0/4.6 MB
Progress (1): 1.0/4.6 MB
Progress (1): 1.1/4.6 MB
Progress (1): 1.1/4.6 MB
Progress (1): 1.1/4.6 MB
Progress (1): 1.1/4.6 MB
Progress (1): 1.1/4.6 MB
Progress (1): 1.1/4.6 MB
Progress (1): 1.1/4.6 MB
Progress (1): 1.1/4.6 MB
Progress (1): 1.1/4.6 MB
Progress (1): 1.1/4.6 MB
Progress (1): 1.1/4.6 MB
Progress (1): 1.1/4.6 MB
Progress (1): 1.1/4.6 MB
Progress (1): 1.1/4.6 MB
Progress (1): 1.1/4.6 MB
Progress (1): 1.1/4.6 MB
Progress (1): 1.1/4.6 MB
Progress (1): 1.1/4.6 MB
Progress (1): 1.1/4.6 MB
Progress (1): 1.1/4.6 MB
Progress (1): 1.1/4.6 MB
Progress (1): 1.1/4.6 MB
Progress (1): 1.1/4.6 MB
Progress (1): 1.1/4.6 MB
Progress (1): 1.2/4.6 MB
Progress (1): 1.2/4.6 MB
Progress (1): 1.2/4.6 MB
Progress (1): 1.2/4.6 MB
Progress (1): 1.2/4.6 MB
Progress (1): 1.2/4.6 MB
Progress (1): 1.2/4.6 MB
Progress (1): 1.2/4.6 MB
Progress (1): 1.2/4.6 MB
Progress (1): 1.2/4.6 MB
Progress (1): 1.2/4.6 MB
Progress (1): 1.2/4.6 MB
Progress (1): 1.2/4.6 MB
Progress (1): 1.2/4.6 MB
Progress (1): 1.2/4.6 MB
Progress (1): 1.2/4.6 MB
Progress (1): 1.2/4.6 MB
Progress (1): 1.2/4.6 MB
Progress (1): 1.2/4.6 MB
Progress (1): 1.2/4.6 MB
Progress (1): 1.2/4.6 MB
Progress (1): 1.2/4.6 MB
Progress (1): 1.2/4.6 MB
Progress (1): 1.2/4.6 MB
Progress (1): 1.2/4.6 MB
Progress (1): 1.3/4.6 MB
Progress (1): 1.3/4.6 MB
Progress (1): 1.3/4.6 MB
Progress (1): 1.3/4.6 MB
Progress (1): 1.3/4.6 MB
Progress (1): 1.3/4.6 MB
Progress (1): 1.3/4.6 MB
Progress (1): 1.3/4.6 MB
Progress (1): 1.3/4.6 MB
Progress (1): 1.3/4.6 MB
Progress (1): 1.3/4.6 MB
Progress (1): 1.3/4.6 MB
Progress (1): 1.3/4.6 MB
Progress (1): 1.3/4.6 MB
Progress (1): 1.3/4.6 MB
Progress (1): 1.3/4.6 MB
Progress (1): 1.3/4.6 MB
Progress (1): 1.3/4.6 MB
Progress (1): 1.3/4.6 MB
Progress (1): 1.3/4.6 MB
Progress (1): 1.3/4.6 MB
Progress (1): 1.3/4.6 MB
Progress (1): 1.3/4.6 MB
Progress (1): 1.3/4.6 MB
Progress (1): 1.4/4.6 MB
Progress (1): 1.4/4.6 MB
Progress (1): 1.4/4.6 MB
Progress (1): 1.4/4.6 MB
Progress (1): 1.4/4.6 MB
Progress (1): 1.4/4.6 MB
Progress (1): 1.4/4.6 MB
Progress (1): 1.4/4.6 MB
Progress (1): 1.4/4.6 MB
Progress (1): 1.4/4.6 MB
Progress (1): 1.4/4.6 MB
Progress (1): 1.4/4.6 MB
Progress (1): 1.4/4.6 MB
Progress (1): 1.4/4.6 MB
Progress (1): 1.4/4.6 MB
Progress (1): 1.4/4.6 MB
Progress (1): 1.4/4.6 MB
Progress (1): 1.4/4.6 MB
Progress (1): 1.4/4.6 MB
Progress (1): 1.4/4.6 MB
Progress (1): 1.4/4.6 MB
Progress (1): 1.4/4.6 MB
Progress (1): 1.4/4.6 MB
Progress (1): 1.4/4.6 MB
Progress (1): 1.4/4.6 MB
Progress (1): 1.5/4.6 MB
Progress (1): 1.5/4.6 MB
Progress (1): 1.5/4.6 MB
Progress (1): 1.5/4.6 MB
Progress (1): 1.5/4.6 MB
Progress (1): 1.5/4.6 MB
Progress (1): 1.5/4.6 MB
Progress (1): 1.5/4.6 MB
Progress (1): 1.5/4.6 MB
Progress (1): 1.5/4.6 MB
Progress (1): 1.5/4.6 MB
Progress (1): 1.5/4.6 MB
Progress (1): 1.5/4.6 MB
Progress (1): 1.5/4.6 MB
Progress (1): 1.5/4.6 MB
Progress (1): 1.5/4.6 MB
Progress (1): 1.5/4.6 MB
Progress (1): 1.5/4.6 MB
Progress (1): 1.5/4.6 MB
Progress (1): 1.5/4.6 MB
Progress (1): 1.5/4.6 MB
Progress (1): 1.5/4.6 MB
Progress (1): 1.5/4.6 MB
Progress (1): 1.5/4.6 MB
Progress (1): 1.6/4.6 MB
Progress (1): 1.6/4.6 MB
Progress (1): 1.6/4.6 MB
Progress (1): 1.6/4.6 MB
Progress (1): 1.6/4.6 MB
Progress (1): 1.6/4.6 MB
Progress (1): 1.6/4.6 MB
Progress (1): 1.6/4.6 MB
Progress (1): 1.6/4.6 MB
Progress (1): 1.6/4.6 MB
Progress (1): 1.6/4.6 MB
Progress (1): 1.6/4.6 MB
Progress (1): 1.6/4.6 MB
Progress (1): 1.6/4.6 MB
Progress (1): 1.6/4.6 MB
Progress (1): 1.6/4.6 MB
Progress (1): 1.6/4.6 MB
Progress (1): 1.6/4.6 MB
Progress (1): 1.6/4.6 MB
Progress (1): 1.6/4.6 MB
Progress (1): 1.6/4.6 MB
Progress (1): 1.6/4.6 MB
Progress (1): 1.6/4.6 MB
Progress (1): 1.6/4.6 MB
Progress (1): 1.7/4.6 MB
Progress (1): 1.7/4.6 MB
Progress (1): 1.7/4.6 MB
Progress (1): 1.7/4.6 MB
Progress (1): 1.7/4.6 MB
Progress (1): 1.7/4.6 MB
Progress (1): 1.7/4.6 MB
Progress (1): 1.7/4.6 MB
Progress (1): 1.7/4.6 MB
Progress (1): 1.7/4.6 MB
Progress (1): 1.7/4.6 MB
Progress (1): 1.7/4.6 MB
Progress (1): 1.7/4.6 MB
Progress (1): 1.7/4.6 MB
Progress (1): 1.7/4.6 MB
Progress (1): 1.7/4.6 MB
Progress (1): 1.7/4.6 MB
Progress (1): 1.7/4.6 MB
Progress (1): 1.7/4.6 MB
Progress (1): 1.7/4.6 MB
Progress (1): 1.7/4.6 MB
Progress (1): 1.7/4.6 MB
Progress (1): 1.7/4.6 MB
Progress (1): 1.7/4.6 MB
Progress (1): 1.7/4.6 MB
Progress (1): 1.8/4.6 MB
Progress (1): 1.8/4.6 MB
Progress (1): 1.8/4.6 MB
Progress (1): 1.8/4.6 MB
Progress (1): 1.8/4.6 MB
Progress (1): 1.8/4.6 MB
Progress (1): 1.8/4.6 MB
Progress (1): 1.8/4.6 MB
Progress (1): 1.8/4.6 MB
Progress (1): 1.8/4.6 MB
Progress (1): 1.8/4.6 MB
Progress (1): 1.8/4.6 MB
Progress (1): 1.8/4.6 MB
Progress (1): 1.8/4.6 MB
Progress (1): 1.8/4.6 MB
Progress (1): 1.8/4.6 MB
Progress (1): 1.8/4.6 MB
Progress (1): 1.8/4.6 MB
Progress (1): 1.8/4.6 MB
Progress (1): 1.8/4.6 MB
Progress (1): 1.8/4.6 MB
Progress (1): 1.8/4.6 MB
Progress (1): 1.8/4.6 MB
Progress (1): 1.8/4.6 MB
Progress (1): 1.9/4.6 MB
Progress (1): 1.9/4.6 MB
Progress (1): 1.9/4.6 MB
Progress (1): 1.9/4.6 MB
Progress (1): 1.9/4.6 MB
Progress (1): 1.9/4.6 MB
Progress (1): 1.9/4.6 MB
Progress (1): 1.9/4.6 MB
Progress (1): 1.9/4.6 MB
Progress (1): 1.9/4.6 MB
Progress (1): 1.9/4.6 MB
Progress (1): 1.9/4.6 MB
Progress (1): 1.9/4.6 MB
Progress (1): 1.9/4.6 MB
Progress (1): 1.9/4.6 MB
Progress (1): 1.9/4.6 MB
Progress (1): 1.9/4.6 MB
Progress (1): 1.9/4.6 MB
Progress (1): 1.9/4.6 MB
Progress (1): 1.9/4.6 MB
Progress (1): 1.9/4.6 MB
Progress (1): 1.9/4.6 MB
Progress (1): 1.9/4.6 MB
Progress (1): 1.9/4.6 MB
Progress (1): 1.9/4.6 MB
Progress (1): 2.0/4.6 MB
Progress (1): 2.0/4.6 MB
Progress (1): 2.0/4.6 MB
Progress (1): 2.0/4.6 MB
Progress (1): 2.0/4.6 MB
Progress (1): 2.0/4.6 MB
Progress (1): 2.0/4.6 MB
Progress (1): 2.0/4.6 MB
Progress (1): 2.0/4.6 MB
Progress (1): 2.0/4.6 MB
Progress (1): 2.0/4.6 MB
Progress (1): 2.0/4.6 MB
Progress (1): 2.0/4.6 MB
Progress (1): 2.0/4.6 MB
Progress (1): 2.0/4.6 MB
Progress (1): 2.0/4.6 MB
Progress (1): 2.0/4.6 MB
Progress (1): 2.0/4.6 MB
Progress (1): 2.0/4.6 MB
Progress (1): 2.0/4.6 MB
Progress (1): 2.0/4.6 MB
Progress (1): 2.0/4.6 MB
Progress (1): 2.0/4.6 MB
Progress (1): 2.0/4.6 MB
Progress (1): 2.1/4.6 MB
Progress (1): 2.1/4.6 MB
Progress (1): 2.1/4.6 MB
Progress (1): 2.1/4.6 MB
Progress (1): 2.1/4.6 MB
Progress (1): 2.1/4.6 MB
Progress (1): 2.1/4.6 MB
Progress (1): 2.1/4.6 MB
Progress (1): 2.1/4.6 MB
Progress (1): 2.1/4.6 MB
Progress (1): 2.1/4.6 MB
Progress (1): 2.1/4.6 MB
Progress (1): 2.1/4.6 MB
Progress (1): 2.1/4.6 MB
Progress (1): 2.1/4.6 MB
Progress (1): 2.1/4.6 MB
Progress (1): 2.1/4.6 MB
Progress (1): 2.1/4.6 MB
Progress (1): 2.1/4.6 MB
Progress (1): 2.1/4.6 MB
Progress (1): 2.1/4.6 MB
Progress (1): 2.1/4.6 MB
Progress (1): 2.1/4.6 MB
Progress (1): 2.1/4.6 MB
Progress (1): 2.1/4.6 MB
Progress (1): 2.2/4.6 MB
Progress (1): 2.2/4.6 MB
Progress (1): 2.2/4.6 MB
Progress (1): 2.2/4.6 MB
Progress (1): 2.2/4.6 MB
Progress (1): 2.2/4.6 MB
Progress (1): 2.2/4.6 MB
Progress (1): 2.2/4.6 MB
Progress (1): 2.2/4.6 MB
Progress (1): 2.2/4.6 MB
Progress (1): 2.2/4.6 MB
Progress (1): 2.2/4.6 MB
Progress (1): 2.2/4.6 MB
Progress (1): 2.2/4.6 MB
Progress (1): 2.2/4.6 MB
Progress (1): 2.2/4.6 MB
Progress (1): 2.2/4.6 MB
Progress (1): 2.2/4.6 MB
Progress (1): 2.2/4.6 MB
Progress (1): 2.2/4.6 MB
Progress (1): 2.2/4.6 MB
Progress (1): 2.2/4.6 MB
Progress (1): 2.2/4.6 MB
Progress (1): 2.2/4.6 MB
Progress (1): 2.3/4.6 MB
Progress (1): 2.3/4.6 MB
Progress (1): 2.3/4.6 MB
Progress (1): 2.3/4.6 MB
Progress (1): 2.3/4.6 MB
Progress (1): 2.3/4.6 MB
Progress (1): 2.3/4.6 MB
Progress (1): 2.3/4.6 MB
Progress (1): 2.3/4.6 MB
Progress (1): 2.3/4.6 MB
Progress (1): 2.3/4.6 MB
Progress (1): 2.3/4.6 MB
Progress (1): 2.3/4.6 MB
Progress (1): 2.3/4.6 MB
Progress (1): 2.3/4.6 MB
Progress (1): 2.3/4.6 MB
Progress (1): 2.3/4.6 MB
Progress (1): 2.3/4.6 MB
Progress (1): 2.3/4.6 MB
Progress (1): 2.3/4.6 MB
Progress (1): 2.3/4.6 MB
Progress (1): 2.3/4.6 MB
Progress (1): 2.3/4.6 MB
Progress (1): 2.3/4.6 MB
Progress (1): 2.4/4.6 MB
Progress (1): 2.4/4.6 MB
Progress (1): 2.4/4.6 MB
Progress (1): 2.4/4.6 MB
Progress (1): 2.4/4.6 MB
Progress (1): 2.4/4.6 MB
Progress (1): 2.4/4.6 MB
Progress (1): 2.4/4.6 MB
Progress (1): 2.4/4.6 MB
Progress (1): 2.4/4.6 MB
Progress (1): 2.4/4.6 MB
Progress (1): 2.4/4.6 MB
Progress (1): 2.4/4.6 MB
Progress (1): 2.4/4.6 MB
Progress (1): 2.4/4.6 MB
Progress (1): 2.4/4.6 MB
Progress (1): 2.4/4.6 MB
Progress (1): 2.4/4.6 MB
Progress (1): 2.4/4.6 MB
Progress (1): 2.4/4.6 MB
Progress (1): 2.4/4.6 MB
Progress (1): 2.4/4.6 MB
Progress (1): 2.4/4.6 MB
Progress (1): 2.4/4.6 MB
Progress (1): 2.4/4.6 MB
Progress (1): 2.5/4.6 MB
Progress (1): 2.5/4.6 MB
Progress (1): 2.5/4.6 MB
Progress (1): 2.5/4.6 MB
Progress (1): 2.5/4.6 MB
Progress (1): 2.5/4.6 MB
Progress (1): 2.5/4.6 MB
Progress (1): 2.5/4.6 MB
Progress (1): 2.5/4.6 MB
Progress (1): 2.5/4.6 MB
Progress (1): 2.5/4.6 MB
Progress (1): 2.5/4.6 MB
Progress (1): 2.5/4.6 MB
Progress (1): 2.5/4.6 MB
Progress (1): 2.5/4.6 MB
Progress (1): 2.5/4.6 MB
Progress (1): 2.5/4.6 MB
Progress (1): 2.5/4.6 MB
Progress (1): 2.5/4.6 MB
Progress (1): 2.5/4.6 MB
Progress (1): 2.5/4.6 MB
Progress (1): 2.5/4.6 MB
Progress (1): 2.5/4.6 MB
Progress (1): 2.5/4.6 MB
Progress (1): 2.6/4.6 MB
Progress (1): 2.6/4.6 MB
Progress (1): 2.6/4.6 MB
Progress (1): 2.6/4.6 MB
Progress (1): 2.6/4.6 MB
Progress (1): 2.6/4.6 MB
Progress (1): 2.6/4.6 MB
Progress (1): 2.6/4.6 MB
Progress (1): 2.6/4.6 MB
Progress (1): 2.6/4.6 MB
Progress (1): 2.6/4.6 MB
Progress (1): 2.6/4.6 MB
Progress (1): 2.6/4.6 MB
Progress (1): 2.6/4.6 MB
Progress (1): 2.6/4.6 MB
Progress (1): 2.6/4.6 MB
Progress (1): 2.6/4.6 MB
Progress (1): 2.6/4.6 MB
Progress (1): 2.6/4.6 MB
Progress (1): 2.6/4.6 MB
Progress (1): 2.6/4.6 MB
Progress (1): 2.6/4.6 MB
Progress (1): 2.6/4.6 MB
Progress (1): 2.6/4.6 MB
Progress (1): 2.6/4.6 MB
Progress (1): 2.7/4.6 MB
Progress (1): 2.7/4.6 MB
Progress (1): 2.7/4.6 MB
Progress (1): 2.7/4.6 MB
Progress (1): 2.7/4.6 MB
Progress (1): 2.7/4.6 MB
Progress (1): 2.7/4.6 MB
Progress (1): 2.7/4.6 MB
Progress (1): 2.7/4.6 MB
Progress (1): 2.7/4.6 MB
Progress (1): 2.7/4.6 MB
Progress (1): 2.7/4.6 MB
Progress (1): 2.7/4.6 MB
Progress (1): 2.7/4.6 MB
Progress (1): 2.7/4.6 MB
Progress (1): 2.7/4.6 MB
Progress (1): 2.7/4.6 MB
Progress (1): 2.7/4.6 MB
Progress (1): 2.7/4.6 MB
Progress (1): 2.7/4.6 MB
Progress (1): 2.7/4.6 MB
Progress (1): 2.7/4.6 MB
Progress (1): 2.7/4.6 MB
Progress (1): 2.7/4.6 MB
Progress (1): 2.8/4.6 MB
Progress (1): 2.8/4.6 MB
Progress (1): 2.8/4.6 MB
Progress (1): 2.8/4.6 MB
Progress (1): 2.8/4.6 MB
Progress (1): 2.8/4.6 MB
Progress (1): 2.8/4.6 MB
Progress (1): 2.8/4.6 MB
Progress (1): 2.8/4.6 MB
Progress (1): 2.8/4.6 MB
Progress (1): 2.8/4.6 MB
Progress (1): 2.8/4.6 MB
Progress (1): 2.8/4.6 MB
Progress (1): 2.8/4.6 MB
Progress (1): 2.8/4.6 MB
Progress (1): 2.8/4.6 MB
Progress (1): 2.8/4.6 MB
Progress (1): 2.8/4.6 MB
Progress (1): 2.8/4.6 MB
Progress (1): 2.8/4.6 MB
Progress (1): 2.8/4.6 MB
Progress (1): 2.8/4.6 MB
Progress (1): 2.8/4.6 MB
Progress (1): 2.8/4.6 MB
Progress (1): 2.9/4.6 MB
Progress (1): 2.9/4.6 MB
Progress (1): 2.9/4.6 MB
Progress (1): 2.9/4.6 MB
Progress (1): 2.9/4.6 MB
Progress (1): 2.9/4.6 MB
Progress (1): 2.9/4.6 MB
Progress (1): 2.9/4.6 MB
Progress (1): 2.9/4.6 MB
Progress (1): 2.9/4.6 MB
Progress (1): 2.9/4.6 MB
Progress (1): 2.9/4.6 MB
Progress (1): 2.9/4.6 MB
Progress (1): 2.9/4.6 MB
Progress (1): 2.9/4.6 MB
Progress (1): 2.9/4.6 MB
Progress (1): 2.9/4.6 MB
Progress (1): 2.9/4.6 MB
Progress (1): 2.9/4.6 MB
Progress (1): 2.9/4.6 MB
Progress (1): 2.9/4.6 MB
Progress (1): 2.9/4.6 MB
Progress (1): 2.9/4.6 MB
Progress (1): 2.9/4.6 MB
Progress (1): 2.9/4.6 MB
Progress (1): 3.0/4.6 MB
Progress (1): 3.0/4.6 MB
Progress (1): 3.0/4.6 MB
Progress (1): 3.0/4.6 MB
Progress (1): 3.0/4.6 MB
Progress (1): 3.0/4.6 MB
Progress (1): 3.0/4.6 MB
Progress (1): 3.0/4.6 MB
Progress (1): 3.0/4.6 MB
Progress (1): 3.0/4.6 MB
Progress (1): 3.0/4.6 MB
Progress (1): 3.0/4.6 MB
Progress (1): 3.0/4.6 MB
Progress (1): 3.0/4.6 MB
Progress (1): 3.0/4.6 MB
Progress (1): 3.0/4.6 MB
Progress (1): 3.0/4.6 MB
Progress (1): 3.0/4.6 MB
Progress (1): 3.0/4.6 MB
Progress (1): 3.0/4.6 MB
Progress (1): 3.0/4.6 MB
Progress (1): 3.0/4.6 MB
Progress (1): 3.0/4.6 MB
Progress (1): 3.0/4.6 MB
Progress (1): 3.1/4.6 MB
Progress (1): 3.1/4.6 MB
Progress (1): 3.1/4.6 MB
Progress (1): 3.1/4.6 MB
Progress (1): 3.1/4.6 MB
Progress (1): 3.1/4.6 MB
Progress (1): 3.1/4.6 MB
Progress (1): 3.1/4.6 MB
Progress (1): 3.1/4.6 MB
Progress (1): 3.1/4.6 MB
Progress (1): 3.1/4.6 MB
Progress (1): 3.1/4.6 MB
Progress (1): 3.1/4.6 MB
Progress (1): 3.1/4.6 MB
Progress (1): 3.1/4.6 MB
Progress (1): 3.1/4.6 MB
Progress (1): 3.1/4.6 MB
Progress (1): 3.1/4.6 MB
Progress (1): 3.1/4.6 MB
Progress (1): 3.1/4.6 MB
Progress (1): 3.1/4.6 MB
Progress (1): 3.1/4.6 MB
Progress (1): 3.1/4.6 MB
Progress (1): 3.1/4.6 MB
Progress (1): 3.1/4.6 MB
Progress (1): 3.2/4.6 MB
Progress (1): 3.2/4.6 MB
Progress (1): 3.2/4.6 MB
Progress (1): 3.2/4.6 MB
Progress (1): 3.2/4.6 MB
Progress (1): 3.2/4.6 MB
Progress (1): 3.2/4.6 MB
Progress (1): 3.2/4.6 MB
Progress (1): 3.2/4.6 MB
Progress (1): 3.2/4.6 MB
Progress (1): 3.2/4.6 MB
Progress (1): 3.2/4.6 MB
Progress (1): 3.2/4.6 MB
Progress (1): 3.2/4.6 MB
Progress (1): 3.2/4.6 MB
Progress (1): 3.2/4.6 MB
Progress (1): 3.2/4.6 MB
Progress (1): 3.2/4.6 MB
Progress (1): 3.2/4.6 MB
Progress (1): 3.2/4.6 MB
Progress (1): 3.2/4.6 MB
Progress (1): 3.2/4.6 MB
Progress (1): 3.2/4.6 MB
Progress (1): 3.2/4.6 MB
Progress (1): 3.3/4.6 MB
Progress (1): 3.3/4.6 MB
Progress (1): 3.3/4.6 MB
Progress (1): 3.3/4.6 MB
Progress (1): 3.3/4.6 MB
Progress (1): 3.3/4.6 MB
Progress (1): 3.3/4.6 MB
Progress (1): 3.3/4.6 MB
Progress (1): 3.3/4.6 MB
Progress (1): 3.3/4.6 MB
Progress (1): 3.3/4.6 MB
Progress (1): 3.3/4.6 MB
Progress (1): 3.3/4.6 MB
Progress (1): 3.3/4.6 MB
Progress (1): 3.3/4.6 MB
Progress (1): 3.3/4.6 MB
Progress (1): 3.3/4.6 MB
Progress (1): 3.3/4.6 MB
Progress (1): 3.3/4.6 MB
Progress (1): 3.3/4.6 MB
Progress (1): 3.3/4.6 MB
Progress (1): 3.3/4.6 MB
Progress (1): 3.3/4.6 MB
Progress (1): 3.3/4.6 MB
Progress (1): 3.3/4.6 MB
Progress (1): 3.4/4.6 MB
Progress (1): 3.4/4.6 MB
Progress (1): 3.4/4.6 MB
Progress (1): 3.4/4.6 MB
Progress (1): 3.4/4.6 MB
Progress (1): 3.4/4.6 MB
Progress (1): 3.4/4.6 MB
Progress (1): 3.4/4.6 MB
Progress (1): 3.4/4.6 MB
Progress (1): 3.4/4.6 MB
Progress (1): 3.4/4.6 MB
Progress (1): 3.4/4.6 MB
Progress (1): 3.4/4.6 MB
Progress (1): 3.4/4.6 MB
Progress (1): 3.4/4.6 MB
Progress (1): 3.4/4.6 MB
Progress (1): 3.4/4.6 MB
Progress (1): 3.4/4.6 MB
Progress (1): 3.4/4.6 MB
Progress (1): 3.4/4.6 MB
Progress (1): 3.4/4.6 MB
Progress (1): 3.4/4.6 MB
Progress (1): 3.4/4.6 MB
Progress (1): 3.4/4.6 MB
Progress (1): 3.5/4.6 MB
Progress (1): 3.5/4.6 MB
Progress (1): 3.5/4.6 MB
Progress (1): 3.5/4.6 MB
Progress (1): 3.5/4.6 MB
Progress (1): 3.5/4.6 MB
Progress (1): 3.5/4.6 MB
Progress (1): 3.5/4.6 MB
Progress (1): 3.5/4.6 MB
Progress (1): 3.5/4.6 MB
Progress (1): 3.5/4.6 MB
Progress (1): 3.5/4.6 MB
Progress (1): 3.5/4.6 MB
Progress (1): 3.5/4.6 MB
Progress (1): 3.5/4.6 MB
Progress (1): 3.5/4.6 MB
Progress (1): 3.5/4.6 MB
Progress (1): 3.5/4.6 MB
Progress (1): 3.5/4.6 MB
Progress (1): 3.5/4.6 MB
Progress (1): 3.5/4.6 MB
Progress (1): 3.5/4.6 MB
Progress (1): 3.5/4.6 MB
Progress (1): 3.5/4.6 MB
Progress (1): 3.6/4.6 MB
Progress (1): 3.6/4.6 MB
Progress (1): 3.6/4.6 MB
Progress (1): 3.6/4.6 MB
Progress (1): 3.6/4.6 MB
Progress (1): 3.6/4.6 MB
Progress (1): 3.6/4.6 MB
Progress (1): 3.6/4.6 MB
Progress (1): 3.6/4.6 MB
Progress (1): 3.6/4.6 MB
Progress (1): 3.6/4.6 MB
Progress (1): 3.6/4.6 MB
Progress (1): 3.6/4.6 MB
Progress (1): 3.6/4.6 MB
Progress (1): 3.6/4.6 MB
Progress (1): 3.6/4.6 MB
Progress (1): 3.6/4.6 MB
Progress (1): 3.6/4.6 MB
Progress (1): 3.6/4.6 MB
Progress (1): 3.6/4.6 MB
Progress (1): 3.6/4.6 MB
Progress (1): 3.6/4.6 MB
Progress (1): 3.6/4.6 MB
Progress (1): 3.6/4.6 MB
Progress (1): 3.6/4.6 MB
Progress (1): 3.7/4.6 MB
Progress (1): 3.7/4.6 MB
Progress (1): 3.7/4.6 MB
Progress (1): 3.7/4.6 MB
Progress (1): 3.7/4.6 MB
Progress (1): 3.7/4.6 MB
Progress (1): 3.7/4.6 MB
Progress (1): 3.7/4.6 MB
Progress (1): 3.7/4.6 MB
Progress (1): 3.7/4.6 MB
Progress (1): 3.7/4.6 MB
Progress (1): 3.7/4.6 MB
Progress (1): 3.7/4.6 MB
Progress (1): 3.7/4.6 MB
Progress (1): 3.7/4.6 MB
Progress (1): 3.7/4.6 MB
Progress (1): 3.7/4.6 MB
Progress (1): 3.7/4.6 MB
Progress (1): 3.7/4.6 MB
Progress (1): 3.7/4.6 MB
Progress (1): 3.7/4.6 MB
Progress (1): 3.7/4.6 MB
Progress (1): 3.7/4.6 MB
Progress (1): 3.7/4.6 MB
Progress (1): 3.8/4.6 MB
Progress (1): 3.8/4.6 MB
Progress (1): 3.8/4.6 MB
Progress (1): 3.8/4.6 MB
Progress (1): 3.8/4.6 MB
Progress (1): 3.8/4.6 MB
Progress (1): 3.8/4.6 MB
Progress (1): 3.8/4.6 MB
Progress (1): 3.8/4.6 MB
Progress (1): 3.8/4.6 MB
Progress (1): 3.8/4.6 MB
Progress (1): 3.8/4.6 MB
Progress (1): 3.8/4.6 MB
Progress (1): 3.8/4.6 MB
Progress (1): 3.8/4.6 MB
Progress (1): 3.8/4.6 MB
Progress (1): 3.8/4.6 MB
Progress (1): 3.8/4.6 MB
Progress (1): 3.8/4.6 MB
Progress (1): 3.8/4.6 MB
Progress (1): 3.8/4.6 MB
Progress (1): 3.8/4.6 MB
Progress (1): 3.8/4.6 MB
Progress (1): 3.8/4.6 MB
Progress (1): 3.8/4.6 MB
Progress (1): 3.9/4.6 MB
Progress (1): 3.9/4.6 MB
Progress (1): 3.9/4.6 MB
Progress (1): 3.9/4.6 MB
Progress (1): 3.9/4.6 MB
Progress (1): 3.9/4.6 MB
Progress (1): 3.9/4.6 MB
Progress (1): 3.9/4.6 MB
Progress (1): 3.9/4.6 MB
Progress (1): 3.9/4.6 MB
Progress (1): 3.9/4.6 MB
Progress (1): 3.9/4.6 MB
Progress (1): 3.9/4.6 MB
Progress (1): 3.9/4.6 MB
Progress (1): 3.9/4.6 MB
Progress (1): 3.9/4.6 MB
Progress (1): 3.9/4.6 MB
Progress (1): 3.9/4.6 MB
Progress (1): 3.9/4.6 MB
Progress (1): 3.9/4.6 MB
Progress (1): 3.9/4.6 MB
Progress (1): 3.9/4.6 MB
Progress (1): 3.9/4.6 MB
Progress (1): 3.9/4.6 MB
Progress (1): 4.0/4.6 MB
Progress (1): 4.0/4.6 MB
Progress (1): 4.0/4.6 MB
Progress (1): 4.0/4.6 MB
Progress (1): 4.0/4.6 MB
Progress (1): 4.0/4.6 MB
Progress (1): 4.0/4.6 MB
Progress (1): 4.0/4.6 MB
Progress (1): 4.0/4.6 MB
Progress (1): 4.0/4.6 MB
Progress (1): 4.0/4.6 MB
Progress (1): 4.0/4.6 MB
Progress (1): 4.0/4.6 MB
Progress (1): 4.0/4.6 MB
Progress (1): 4.0/4.6 MB
Progress (1): 4.0/4.6 MB
Progress (1): 4.0/4.6 MB
Progress (1): 4.0/4.6 MB
Progress (1): 4.0/4.6 MB
Progress (1): 4.0/4.6 MB
Progress (1): 4.0/4.6 MB
Progress (1): 4.0/4.6 MB
Progress (1): 4.0/4.6 MB
Progress (1): 4.0/4.6 MB
Progress (1): 4.1/4.6 MB
Progress (1): 4.1/4.6 MB
Progress (1): 4.1/4.6 MB
Progress (1): 4.1/4.6 MB
Progress (1): 4.1/4.6 MB
Progress (1): 4.1/4.6 MB
Progress (1): 4.1/4.6 MB
Progress (1): 4.1/4.6 MB
Progress (1): 4.1/4.6 MB
Progress (1): 4.1/4.6 MB
Progress (1): 4.1/4.6 MB
Progress (1): 4.1/4.6 MB
Progress (1): 4.1/4.6 MB
Progress (1): 4.1/4.6 MB
Progress (1): 4.1/4.6 MB
Progress (1): 4.1/4.6 MB
Progress (1): 4.1/4.6 MB
Progress (1): 4.1/4.6 MB
Progress (1): 4.1/4.6 MB
Progress (1): 4.1/4.6 MB
Progress (1): 4.1/4.6 MB
Progress (1): 4.1/4.6 MB
Progress (1): 4.1/4.6 MB
Progress (1): 4.1/4.6 MB
Progress (1): 4.1/4.6 MB
Progress (1): 4.2/4.6 MB
Progress (1): 4.2/4.6 MB
Progress (1): 4.2/4.6 MB
Progress (1): 4.2/4.6 MB
Progress (1): 4.2/4.6 MB
Progress (1): 4.2/4.6 MB
Progress (1): 4.2/4.6 MB
Progress (1): 4.2/4.6 MB
Progress (1): 4.2/4.6 MB
Progress (1): 4.2/4.6 MB
Progress (1): 4.2/4.6 MB
Progress (1): 4.2/4.6 MB
Progress (1): 4.2/4.6 MB
Progress (1): 4.2/4.6 MB
Progress (1): 4.2/4.6 MB
Progress (1): 4.2/4.6 MB
Progress (1): 4.2/4.6 MB
Progress (1): 4.2/4.6 MB
Progress (1): 4.2/4.6 MB
Progress (1): 4.2/4.6 MB
Progress (1): 4.2/4.6 MB
Progress (1): 4.2/4.6 MB
Progress (1): 4.2/4.6 MB
Progress (1): 4.2/4.6 MB
Progress (1): 4.3/4.6 MB
Progress (1): 4.3/4.6 MB
Progress (1): 4.3/4.6 MB
Progress (1): 4.3/4.6 MB
Progress (1): 4.3/4.6 MB
Progress (1): 4.3/4.6 MB
Progress (1): 4.3/4.6 MB
Progress (1): 4.3/4.6 MB
Progress (1): 4.3/4.6 MB
Progress (1): 4.3/4.6 MB
Progress (1): 4.3/4.6 MB
Progress (1): 4.3/4.6 MB
Progress (1): 4.3/4.6 MB
Progress (1): 4.3/4.6 MB
Progress (1): 4.3/4.6 MB
Progress (1): 4.3/4.6 MB
Progress (1): 4.3/4.6 MB
Progress (1): 4.3/4.6 MB
Progress (1): 4.3/4.6 MB
Progress (1): 4.3/4.6 MB
Progress (1): 4.3/4.6 MB
Progress (1): 4.3/4.6 MB
Progress (1): 4.3/4.6 MB
Progress (1): 4.3/4.6 MB
Progress (1): 4.3/4.6 MB
Progress (1): 4.4/4.6 MB
Progress (1): 4.4/4.6 MB
Progress (1): 4.4/4.6 MB
Progress (1): 4.4/4.6 MB
Progress (1): 4.4/4.6 MB
Progress (1): 4.4/4.6 MB
Progress (1): 4.4/4.6 MB
Progress (1): 4.4/4.6 MB
Progress (1): 4.4/4.6 MB
Progress (1): 4.4/4.6 MB
Progress (1): 4.4/4.6 MB
Progress (1): 4.4/4.6 MB
Progress (1): 4.4/4.6 MB
Progress (1): 4.4/4.6 MB
Progress (1): 4.4/4.6 MB
Progress (1): 4.4/4.6 MB
Progress (1): 4.4/4.6 MB
Progress (1): 4.4/4.6 MB
Progress (1): 4.4/4.6 MB
Progress (1): 4.4/4.6 MB
Progress (1): 4.4/4.6 MB
Progress (1): 4.4/4.6 MB
Progress (1): 4.4/4.6 MB
Progress (1): 4.4/4.6 MB
Progress (1): 4.5/4.6 MB
Progress (1): 4.5/4.6 MB
Progress (1): 4.5/4.6 MB
Progress (1): 4.5/4.6 MB
Progress (1): 4.5/4.6 MB
Progress (1): 4.5/4.6 MB
Progress (1): 4.5/4.6 MB
Progress (1): 4.5/4.6 MB
Progress (1): 4.5/4.6 MB
Progress (1): 4.5/4.6 MB
Progress (1): 4.5/4.6 MB
Progress (1): 4.5/4.6 MB
Progress (1): 4.5/4.6 MB
Progress (1): 4.5/4.6 MB
Progress (1): 4.5/4.6 MB
Progress (1): 4.5/4.6 MB
Progress (1): 4.5/4.6 MB
Progress (1): 4.5/4.6 MB
Progress (1): 4.5/4.6 MB
Progress (1): 4.5/4.6 MB
Progress (1): 4.5/4.6 MB
Progress (1): 4.5/4.6 MB
Progress (1): 4.5/4.6 MB
Progress (1): 4.5/4.6 MB
Progress (1): 4.6/4.6 MB
Progress (1): 4.6/4.6 MB
Progress (1): 4.6 MB    
                    
Downloaded from central: https://repo.maven.apache.org/maven2/org/bouncycastle/bcprov-jdk15on/1.62/bcprov-jdk15on-1.62.jar (4.6 MB at 1.2 MB/s)
[INFO] 
[INFO] --- maven-clean-plugin:2.5:clean (default-clean) @ jdeb ---
[INFO] Deleting /home/cgzhu/projects/gitslice/resources/facts/upgrade_jars_exp/_downloads/jdeb/target
[INFO] 
[INFO] --- maven-dependency-plugin:2.8:list (default-cli) @ jdeb ---
[INFO] 
[INFO] The following files have been resolved:
[INFO]    org.apache.maven.shared:maven-shared-utils:jar:3.1.0:compile
[INFO]    org.codehaus.plexus:plexus-interpolation:jar:1.24:compile
[INFO]    com.google.inject:guice:jar:no_aop:4.0:compile
[INFO]    org.sonatype.plexus:plexus-sec-dispatcher:jar:1.4:compile
[INFO]    org.eclipse.sisu:org.eclipse.sisu.inject:jar:0.3.3:compile
[INFO]    aopalliance:aopalliance:jar:1.0:compile
[INFO]    org.apache.maven.resolver:maven-resolver-impl:jar:1.1.0:compile
[INFO]    org.apache.maven.resolver:maven-resolver-api:jar:1.1.0:compile
[INFO]    org.apache.maven:maven-resolver-provider:jar:3.5.2:compile
[INFO]    org.mockito:mockito-core:jar:1.9.5:test
[INFO]    org.apache.maven.resolver:maven-resolver-spi:jar:1.1.0:compile
[INFO]    org.apache.maven:maven-model-builder:jar:3.5.2:compile
[INFO]    org.codehaus.plexus:plexus-classworlds:jar:2.5.2:compile
[INFO]    org.objenesis:objenesis:jar:2.6:compile
[INFO]    commons-io:commons-io:jar:2.6:compile
[INFO]    org.apache.maven:maven-artifact:jar:3.5.2:compile
[INFO]    org.eclipse.sisu:org.eclipse.sisu.plexus:jar:0.3.3:compile
[INFO]    org.bouncycastle:bcprov-jdk15on:jar:1.62:compile
[INFO]    org.apache.maven:maven-builder-support:jar:3.5.2:compile
[INFO]    javax.enterprise:cdi-api:jar:1.0:compile
[INFO]    org.apache.maven:maven-repository-metadata:jar:3.5.2:compile
[INFO]    org.apache.maven:maven-core:jar:3.5.2:compile
[INFO]    org.codehaus.plexus:plexus-component-annotations:jar:1.7.1:compile
[INFO]    org.apache.maven:maven-plugin-api:jar:3.5.2:compile
[INFO]    javax.inject:javax.inject:jar:1:compile
[INFO]    org.apache.maven.resolver:maven-resolver-util:jar:1.1.0:compile
[INFO]    javax.annotation:jsr250-api:jar:1.0:compile
[INFO]    org.apache.maven.plugin-tools:maven-plugin-annotations:jar:3.5:provided
[INFO]    org.hamcrest:hamcrest-core:jar:1.3:test
[INFO]    org.apache.maven:maven-settings-builder:jar:3.5.2:compile
[INFO]    org.apache.ant:ant-launcher:jar:1.10.1:compile
[INFO]    org.apache.commons:commons-lang3:jar:3.5:compile
[INFO]    junit:junit:jar:4.12:test
[INFO]    com.google.guava:guava:jar:20.0:compile
[INFO]    org.apache.ant:ant:jar:1.10.1:compile
[INFO]    org.codehaus.plexus:plexus-utils:jar:3.1.0:compile
[INFO]    org.tukaani:xz:jar:1.6:compile
[INFO]    org.apache.maven:maven-settings:jar:3.5.2:compile
[INFO]    org.bouncycastle:bcpg-jdk15on:jar:1.62:compile
[INFO]    org.sonatype.plexus:plexus-cipher:jar:1.4:compile
[INFO]    org.apache.commons:commons-compress:jar:1.15:compile
[INFO]    org.apache.maven:maven-model:jar:3.5.2:compile
[INFO] 
[INFO] 
[INFO] --- jacoco-maven-plugin:0.7.5.201505241946:prepare-agent (pre-unit-test) @ jdeb ---
[INFO] argLine set to -javaagent:/home/cgzhu/.m2/repository/org/jacoco/org.jacoco.agent/0.7.5.201505241946/org.jacoco.agent-0.7.5.201505241946-runtime.jar=destfile=/home/cgzhu/projects/gitslice/resources/facts/upgrade_jars_exp/_downloads/jdeb/target/jacoco.exec,append=true,includes=org/vafer/jdeb/*,excludes=org/vafer/jdeb/shaded/*
[INFO] 
[INFO] --- maven-resources-plugin:2.6:resources (default-resources) @ jdeb ---
[INFO] Using 'UTF-8' encoding to copy filtered resources.
[INFO] Copying 2 resources
[INFO] 
[INFO] --- maven-compiler-plugin:3.2:compile (default-compile) @ jdeb ---
[INFO] Changes detected - recompiling the module!
[INFO] Compiling 50 source files to /home/cgzhu/projects/gitslice/resources/facts/upgrade_jars_exp/_downloads/jdeb/target/classes
[INFO] /home/cgzhu/projects/gitslice/resources/facts/upgrade_jars_exp/_downloads/jdeb/src/main/java/org/vafer/jdeb/producers/Producers.java: Some input files use or override a deprecated API.
[INFO] /home/cgzhu/projects/gitslice/resources/facts/upgrade_jars_exp/_downloads/jdeb/src/main/java/org/vafer/jdeb/producers/Producers.java: Recompile with -Xlint:deprecation for details.
[INFO] 
[INFO] --- maven-plugin-plugin:3.5:descriptor (default-descriptor) @ jdeb ---
[INFO] Using 'UTF-8' encoding to read mojo source files.
[INFO] java-annotations mojo extractor found 1 mojo descriptor.
line 8 column 4 - Error: <build> is not recognized!
line 9 column 6 - Error: <plugins> is not recognized!
line 10 column 8 - Error: <plugin> is not recognized!
line 11 column 8 - Error: <artifactid> is not recognized!
line 12 column 8 - Error: <groupid> is not recognized!
line 14 column 8 - Error: <configuration> is not recognized!
[INFO] 
[INFO] --- maven-plugin-plugin:3.5:descriptor (mojo-descriptor) @ jdeb ---
[INFO] Using 'UTF-8' encoding to read mojo source files.
[INFO] java-annotations mojo extractor found 1 mojo descriptor.
line 8 column 4 - Error: <build> is not recognized!
line 9 column 6 - Error: <plugins> is not recognized!
line 10 column 8 - Error: <plugin> is not recognized!
line 11 column 8 - Error: <artifactid> is not recognized!
line 12 column 8 - Error: <groupid> is not recognized!
line 14 column 8 - Error: <configuration> is not recognized!
[INFO] 
[INFO] --- maven-resources-plugin:2.6:testResources (default-testResources) @ jdeb ---
[INFO] Using 'UTF-8' encoding to copy filtered resources.
[INFO] Copying 22 resources
[INFO] 
[INFO] --- maven-compiler-plugin:3.2:testCompile (default-testCompile) @ jdeb ---
[INFO] Changes detected - recompiling the module!
[INFO] Compiling 21 source files to /home/cgzhu/projects/gitslice/resources/facts/upgrade_jars_exp/_downloads/jdeb/target/test-classes
[INFO] /home/cgzhu/projects/gitslice/resources/facts/upgrade_jars_exp/_downloads/jdeb/src/test/java/org/vafer/jdeb/ArchiveWalker.java: /home/cgzhu/projects/gitslice/resources/facts/upgrade_jars_exp/_downloads/jdeb/src/test/java/org/vafer/jdeb/ArchiveWalker.java uses unchecked or unsafe operations.
[INFO] /home/cgzhu/projects/gitslice/resources/facts/upgrade_jars_exp/_downloads/jdeb/src/test/java/org/vafer/jdeb/ArchiveWalker.java: Recompile with -Xlint:unchecked for details.
[INFO] 
[INFO] --- maven-surefire-plugin:2.18.1:test (default-test) @ jdeb ---
[INFO] Surefire report directory: /home/cgzhu/projects/gitslice/resources/facts/upgrade_jars_exp/_downloads/jdeb/target/surefire-reports

-------------------------------------------------------
 T E S T S
-------------------------------------------------------
Running org.vafer.jdeb.maven.DataTestCase
Tests run: 8, Failures: 0, Errors: 0, Skipped: 0, Time elapsed: 0.002 sec - in org.vafer.jdeb.maven.DataTestCase
Running org.vafer.jdeb.mapping.LsMapperTestCase
Tests run: 4, Failures: 0, Errors: 0, Skipped: 0, Time elapsed: 0 sec - in org.vafer.jdeb.mapping.LsMapperTestCase
Running org.vafer.jdeb.utils.FilteredFileTestCase
Tests run: 3, Failures: 0, Errors: 0, Skipped: 0, Time elapsed: 0.005 sec - in org.vafer.jdeb.utils.FilteredFileTestCase
Running org.vafer.jdeb.utils.InformationInputStreamTestCase
Tests run: 7, Failures: 0, Errors: 0, Skipped: 0, Time elapsed: 0.028 sec - in org.vafer.jdeb.utils.InformationInputStreamTestCase
Running org.vafer.jdeb.utils.UtilsTestCase
Tests run: 8, Failures: 0, Errors: 0, Skipped: 0, Time elapsed: 0.018 sec - in org.vafer.jdeb.utils.UtilsTestCase
Running org.vafer.jdeb.debian.PackageControlFileTestCase
Tests run: 7, Failures: 0, Errors: 0, Skipped: 0, Time elapsed: 0.001 sec - in org.vafer.jdeb.debian.PackageControlFileTestCase
Running org.vafer.jdeb.debian.ControlFieldTestCase
Tests run: 3, Failures: 0, Errors: 0, Skipped: 0, Time elapsed: 0 sec - in org.vafer.jdeb.debian.ControlFieldTestCase
Running org.vafer.jdeb.debian.ChangesFileTestCase
Tests run: 1, Failures: 0, Errors: 0, Skipped: 0, Time elapsed: 0.002 sec - in org.vafer.jdeb.debian.ChangesFileTestCase
Running org.vafer.jdeb.producers.DataProducerPathTemplateTestCase
Tests run: 1, Failures: 0, Errors: 0, Skipped: 0, Time elapsed: 0.002 sec - in org.vafer.jdeb.producers.DataProducerPathTemplateTestCase
Running org.vafer.jdeb.producers.DataProducerFilesTestCase
Tests run: 2, Failures: 0, Errors: 0, Skipped: 0, Time elapsed: 0.08 sec - in org.vafer.jdeb.producers.DataProducerFilesTestCase
Running org.vafer.jdeb.signing.DebMakerTestCase
Tests run: 1, Failures: 0, Errors: 0, Skipped: 0, Time elapsed: 0.323 sec - in org.vafer.jdeb.signing.DebMakerTestCase
Running org.vafer.jdeb.signing.PGPSignerTestCase
Tests run: 2, Failures: 1, Errors: 0, Skipped: 0, Time elapsed: 0.011 sec <<< FAILURE! - in org.vafer.jdeb.signing.PGPSignerTestCase
testClearSign(org.vafer.jdeb.signing.PGPSignerTestCase)  Time elapsed: 0.007 sec  <<< FAILURE!
org.junit.ComparisonFailure: expected:<...--
Version: BCPG v1.[58]

??????????????????...> but was:<...--
Version: BCPG v1.[62]

??????????????????...>
	at org.junit.Assert.assertEquals(Assert.java:115)
	at org.junit.Assert.assertEquals(Assert.java:144)
	at org.vafer.jdeb.signing.PGPSignerTestCase.testClearSign(PGPSignerTestCase.java:68)

Running org.vafer.jdeb.ant.DebAntTaskTestCase
Tests run: 21, Failures: 0, Errors: 0, Skipped: 0, Time elapsed: 0.529 sec - in org.vafer.jdeb.ant.DebAntTaskTestCase
Running org.vafer.jdeb.ant.AntSelectorTestCase
Tests run: 1, Failures: 0, Errors: 0, Skipped: 0, Time elapsed: 0 sec - in org.vafer.jdeb.ant.AntSelectorTestCase
Running org.vafer.jdeb.DataBuilderTestCase
Tests run: 2, Failures: 0, Errors: 0, Skipped: 0, Time elapsed: 0.002 sec - in org.vafer.jdeb.DataBuilderTestCase
Running org.vafer.jdeb.DebMakerTestCase
Tests run: 4, Failures: 0, Errors: 0, Skipped: 0, Time elapsed: 0.016 sec - in org.vafer.jdeb.DebMakerTestCase
Running org.vafer.jdeb.changes.TextfileChangesProviderTestCase
Tests run: 2, Failures: 0, Errors: 0, Skipped: 0, Time elapsed: 0.001 sec - in org.vafer.jdeb.changes.TextfileChangesProviderTestCase

Results :

Failed tests: 
  PGPSignerTestCase.testClearSign:68->Assert.assertEquals:144->Assert.assertEquals:115 expected:<...--
Version: BCPG v1.[58]

??????????????????...> but was:<...--
Version: BCPG v1.[62]

??????????????????...>

Tests run: 77, Failures: 1, Errors: 0, Skipped: 0

[INFO] ------------------------------------------------------------------------
[INFO] BUILD FAILURE
[INFO] ------------------------------------------------------------------------
[INFO] Total time: 10.063 s
[INFO] Finished at: 2019-08-20T03:51:23+08:00
[INFO] ------------------------------------------------------------------------
[ERROR] Failed to execute goal org.apache.maven.plugins:maven-surefire-plugin:2.18.1:test (default-test) on project jdeb: There are test failures.
[ERROR] 
[ERROR] Please refer to /home/cgzhu/projects/gitslice/resources/facts/upgrade_jars_exp/_downloads/jdeb/target/surefire-reports for the individual test results.
[ERROR] -> [Help 1]
[ERROR] 
[ERROR] To see the full stack trace of the errors, re-run Maven with the -e switch.
[ERROR] Re-run Maven using the -X switch to enable full debug logging.
[ERROR] 
[ERROR] For more information about the errors and possible solutions, please read the following articles:
[ERROR] [Help 1] http://cwiki.apache.org/confluence/display/MAVEN/MojoFailureException
[INFO] Build failures were ignored.
